Log file open, 03/04/22 18:13:28
LogWindows: Failed to load 'aqProf.dll' (GetLastError=126)
LogWindows: File 'aqProf.dll' does not exist
LogWindows: Failed to load 'VtuneApi.dll' (GetLastError=126)
LogWindows: File 'VtuneApi.dll' does not exist
LogWindows: Failed to load 'VtuneApi32e.dll' (GetLastError=126)
LogWindows: File 'VtuneApi32e.dll' does not exist
LogConsoleResponse: Display: Failed to find resolution value strings in scalability ini. Falling back to default.
LogConsoleResponse: Display: Failed to find resolution value strings in scalability ini. Falling back to default.
LogInit: Display: Running engine for game: NoxIA
LogPlatformFile: Not using cached read wrapper
LogTaskGraph: Started task graph with 5 named threads and 83 total threads with 3 sets of task threads.
LogStats: Stats thread started at 0.476913
LogICUInternationalization: ICU TimeZone Detection - Raw Offset: +1:00, Platform Override: ''
LogInit: Display: Loading text-based GConfig....
LogPluginManager: Mounting plugin MeshPainting
LogPluginManager: Mounting plugin XGEController
LogPluginManager: Mounting plugin Paper2D
LogPluginManager: Mounting plugin AISupport
LogPluginManager: Mounting plugin LiveLink
LogPluginManager: Mounting plugin EnvironmentQueryEditor
LogPluginManager: Mounting plugin OodleNetwork
LogPluginManager: Mounting plugin CameraShakePreviewer
LogPluginManager: Mounting plugin OodleData
LogPluginManager: Mounting plugin AnimationSharing
LogPluginManager: Mounting plugin LightPropagationVolume
LogPluginManager: Mounting plugin CLionSourceCodeAccess
LogPluginManager: Mounting plugin GitSourceControl
LogPluginManager: Mounting plugin CodeLiteSourceCodeAccess
LogPluginManager: Mounting plugin NullSourceCodeAccess
LogPluginManager: Mounting plugin KDevelopSourceCodeAccess
LogPluginManager: Mounting plugin PlasticSourceControl
LogPluginManager: Mounting plugin PluginUtils
LogPluginManager: Mounting plugin PerforceSourceControl
LogPluginManager: Mounting plugin GameplayCameras
LogPluginManager: Mounting plugin RiderSourceCodeAccess
LogPluginManager: Mounting plugin SubversionSourceControl
LogPluginManager: Mounting plugin PropertyAccessNode
LogPluginManager: Mounting plugin TextureFormatOodle
LogPluginManager: Mounting plugin VisualStudioSourceCodeAccess
LogPluginManager: Mounting plugin UObjectPlugin
LogPluginManager: Mounting plugin XCodeSourceCodeAccess
LogPluginManager: Mounting plugin DatasmithContent
LogPluginManager: Mounting plugin PixWinPlugin
LogPluginManager: Mounting plugin VisualStudioCodeSourceCodeAccess
LogPluginManager: Mounting plugin VariantManagerContent
LogPluginManager: Mounting plugin MagicLeap
LogPluginManager: Mounting plugin MagicLeapLightEstimation
LogPluginManager: Mounting plugin Niagara
LogPluginManager: Mounting plugin MagicLeapPassableWorld
LogPluginManager: Mounting plugin MLSDK
LogPluginManager: Mounting plugin LuminPlatformFeatures
LogPluginManager: Mounting plugin MagicLeapMedia
LogPluginManager: Mounting plugin CurveEditorTools
LogPluginManager: Mounting plugin AndroidMedia
LogPluginManager: Mounting plugin CryptoKeys
LogPluginManager: Mounting plugin DataValidation
LogPluginManager: Mounting plugin AvfMedia
LogPluginManager: Mounting plugin MacGraphicsSwitching
LogPluginManager: Mounting plugin FacialAnimation
LogPluginManager: Mounting plugin GameplayTagsEditor
LogPluginManager: Mounting plugin GeometryMode
LogPluginManager: Mounting plugin AssetManagerEditor
LogPluginManager: Mounting plugin MaterialAnalyzer
LogPluginManager: Mounting plugin MobileLauncherProfileWizard
LogPluginManager: Mounting plugin PluginBrowser
LogPluginManager: Mounting plugin SpeedTreeImporter
LogPluginManager: Mounting plugin MediaCompositing
LogPluginManager: Mounting plugin MediaPlayerEditor
LogPluginManager: Mounting plugin WmfMedia
LogPluginManager: Mounting plugin ImgMedia
LogPluginManager: Mounting plugin AutomationUtils
LogPluginManager: Mounting plugin BackChannel
LogPluginManager: Mounting plugin ChaosSolverPlugin
LogPluginManager: Mounting plugin AlembicImporter
LogPluginManager: Mounting plugin ChaosClothEditor
LogPluginManager: Mounting plugin ChaosNiagara
LogPluginManager: Mounting plugin ChaosCloth
LogPluginManager: Mounting plugin CharacterAI
LogPluginManager: Mounting plugin TcpMessaging
LogPluginManager: Mounting plugin ChaosEditor
LogPluginManager: Mounting plugin UdpMessaging
LogPluginManager: Mounting plugin WebMMedia
LogPluginManager: Mounting plugin GeometryProcessing
LogPluginManager: Mounting plugin GeometryCollectionPlugin
LogPluginManager: Mounting plugin GeometryCache
LogPluginManager: Mounting plugin MotoSynth
LogPluginManager: Mounting plugin ActorSequence
LogPluginManager: Mounting plugin LauncherChunkInstaller
LogPluginManager: Mounting plugin OpenImageDenoise
LogPluginManager: Mounting plugin PythonScriptPlugin
LogPluginManager: Mounting plugin PlanarCut
LogPluginManager: Mounting plugin LevelSequenceEditor
LogPluginManager: Mounting plugin PlatformCrypto
LogPluginManager: Mounting plugin TemplateSequence
LogPluginManager: Mounting plugin ProxyLODPlugin
LogPluginManager: Mounting plugin MatineeToLevelSequence
LogPluginManager: Mounting plugin SkeletalReduction
LogPluginManager: Mounting plugin OnlineSubsystem
LogPluginManager: Mounting plugin OnlineSubsystemNull
LogPluginManager: Mounting plugin AndroidPermission
LogPluginManager: Mounting plugin ActorLayerUtilities
LogPluginManager: Mounting plugin AppleImageUtils
LogPluginManager: Mounting plugin AndroidDeviceProfileSelector
LogPluginManager: Mounting plugin AppleMoviePlayer
LogPluginManager: Mounting plugin AndroidMoviePlayer
LogPluginManager: Mounting plugin AudioSynesthesia
LogPluginManager: Mounting plugin OnlineSubsystemUtils
LogPluginManager: Mounting plugin CustomMeshComponent
LogPluginManager: Mounting plugin AssetTags
LogPluginManager: Mounting plugin ArchVisCharacter
LogPluginManager: Mounting plugin ExampleDeviceProfileSelector
LogPluginManager: Mounting plugin GoogleCloudMessaging
LogPluginManager: Mounting plugin EditableMesh
LogPluginManager: Mounting plugin CableComponent
LogPluginManager: Mounting plugin AudioCapture
LogPluginManager: Mounting plugin ChunkDownloader
LogPluginManager: Mounting plugin IOSDeviceProfileSelector
LogPluginManager: Mounting plugin OpenXREyeTracker
LogPluginManager: Mounting plugin LinuxDeviceProfileSelector
LogPluginManager: Mounting plugin OpenXRHandTracking
LogPluginManager: Mounting plugin GooglePAD
LogPluginManager: Mounting plugin OpenXR
LogPluginManager: Mounting plugin MobilePatchingUtils
LogPluginManager: Mounting plugin PostSplashScreen
LogPluginManager: Mounting plugin LocationServicesBPLibrary
LogPluginManager: Mounting plugin PropertyAccessEditor
LogPluginManager: Mounting plugin ProceduralMeshComponent
LogPluginManager: Mounting plugin PhysXVehicles
LogPluginManager: Mounting plugin ScreenshotTools
LogPluginManager: Mounting plugin SoundFields
LogPluginManager: Mounting plugin SignificanceManager
LogPluginManager: Mounting plugin Synthesis
LogPluginManager: Mounting plugin WebMMoviePlayer
LogPluginManager: Mounting plugin RuntimePhysXCooking
LogPluginManager: Mounting plugin WindowsMoviePlayer
LogPluginManager: Mounting plugin Takes
LogPluginManager: Mounting plugin ContentBrowserClassDataSource
LogPluginManager: Mounting plugin ContentBrowserAssetDataSource
LogPluginManager: Mounting plugin ContentBrowserFileDataSource
LogPluginManager: Mounting plugin OnlineSubsystemGooglePlay
LogPluginManager: Mounting plugin OnlineSubsystemIOS
LogPluginManager: Mounting plugin OculusVR
LogPluginManager: Mounting plugin SteamVR
PixWinPlugin: PIX capture plugin failed to initialize! Check that the process is launched from PIX.
LogInit: Using libcurl 7.55.1-DEV
LogInit:  - built for x86_64-pc-win32
LogInit:  - supports SSL with OpenSSL/1.1.1
LogInit:  - supports HTTP deflate (compression) using libz 1.2.8
LogInit:  - other features:
LogInit:      CURL_VERSION_SSL
LogInit:      CURL_VERSION_LIBZ
LogInit:      CURL_VERSION_IPV6
LogInit:      CURL_VERSION_ASYNCHDNS
LogInit:      CURL_VERSION_LARGEFILE
LogInit:      CURL_VERSION_IDN
LogInit:  CurlRequestOptions (configurable via config and command line):
LogInit:  - bVerifyPeer = true  - Libcurl will verify peer certificate
LogInit:  - bUseHttpProxy = false  - Libcurl will NOT use HTTP proxy
LogInit:  - bDontReuseConnections = false  - Libcurl will reuse connections
LogInit:  - MaxHostConnections = 16  - Libcurl will limit the number of connections to a host
LogInit:  - LocalHostAddr = Default
LogInit:  - BufferSize = 65536
LogOnline: OSS: Creating online subsystem instance for: NULL
LogInit: WinSock: version 1.1 (2.2), MaxSocks=32767, MaxUdp=65467
LogOnline: OSS: TryLoadSubsystemAndSetDefault: Loaded subsystem for module [NULL]
LogOculusPluginWrapper: OculusPlugin initialized successfully
LogHMD: Failed initializing OVRPlugin 1.59.0
LogInit: Build: ++UE4+Release-4.27-CL-18319896
LogInit: Engine Version: 4.27.2-18319896+++UE4+Release-4.27
LogInit: Compatible Engine Version: 4.27.0-17155196+++UE4+Release-4.27
LogInit: Net CL: 17155196
LogInit: OS: Windows 10 (Release 2009) (), CPU: Intel(R) Core(TM) i9-10980XE CPU @ 3.00GHz, GPU: NVIDIA GeForce RTX 3080
LogInit: Compiled (64-bit): Nov 30 2021 07:12:08
LogInit: Compiled with Visual C++: 19.24.28315.00
LogInit: Build Configuration: DebugGame
LogInit: Branch Name: ++UE4+Release-4.27
LogInit: Command Line:  -skipcompile
LogInit: Base Directory: C:/Program Files/Epic Games/UE_4.27_2/Engine/Binaries/Win64/
LogInit: Allocator: TBB
LogInit: Installed Engine Build: 1
LogDevObjectVersion: Number of dev versions registered: 29
LogDevObjectVersion:   Dev-Blueprints (B0D832E4-1F89-4F0D-ACCF-7EB736FD4AA2): 10
LogDevObjectVersion:   Dev-Build (E1C64328-A22C-4D53-A36C-8E866417BD8C): 0
LogDevObjectVersion:   Dev-Core (375EC13C-06E4-48FB-B500-84F0262A717E): 4
LogDevObjectVersion:   Dev-Editor (E4B068ED-F494-42E9-A231-DA0B2E46BB41): 40
LogDevObjectVersion:   Dev-Framework (CFFC743F-43B0-4480-9391-14DF171D2073): 37
LogDevObjectVersion:   Dev-Mobile (B02B49B5-BB20-44E9-A304-32B752E40360): 3
LogDevObjectVersion:   Dev-Networking (A4E4105C-59A1-49B5-A7C5-40C4547EDFEE): 0
LogDevObjectVersion:   Dev-Online (39C831C9-5AE6-47DC-9A44-9C173E1C8E7C): 0
LogDevObjectVersion:   Dev-Physics (78F01B33-EBEA-4F98-B9B4-84EACCB95AA2): 14
LogDevObjectVersion:   Dev-Platform (6631380F-2D4D-43E0-8009-CF276956A95A): 0
LogDevObjectVersion:   Dev-Rendering (12F88B9F-8875-4AFC-A67C-D90C383ABD29): 45
LogDevObjectVersion:   Dev-Sequencer (7B5AE74C-D270-4C10-A958-57980B212A5A): 13
LogDevObjectVersion:   Dev-VR (D7296918-1DD6-4BDD-9DE2-64A83CC13884): 3
LogDevObjectVersion:   Dev-LoadTimes (C2A15278-BFE7-4AFE-6C17-90FF531DF755): 1
LogDevObjectVersion:   Private-Geometry (6EACA3D4-40EC-4CC1-B786-8BED09428FC5): 3
LogDevObjectVersion:   Dev-AnimPhys (29E575DD-E0A3-4627-9D10-D276232CDCEA): 17
LogDevObjectVersion:   Dev-Anim (AF43A65D-7FD3-4947-9873-3E8ED9C1BB05): 15
LogDevObjectVersion:   Dev-ReflectionCapture (6B266CEC-1EC7-4B8F-A30B-E4D90942FC07): 1
LogDevObjectVersion:   Dev-Automation (0DF73D61-A23F-47EA-B727-89E90C41499A): 1
LogDevObjectVersion:   FortniteMain (601D1886-AC64-4F84-AA16-D3DE0DEAC7D6): 47
LogDevObjectVersion:   FortniteRelease (E7086368-6B23-4C58-8439-1B7016265E91): 1
LogDevObjectVersion:   Dev-Enterprise (9DFFBCD6-494F-0158-E221-12823C92A888): 10
LogDevObjectVersion:   Dev-Niagara (F2AED0AC-9AFE-416F-8664-AA7FFA26D6FC): 1
LogDevObjectVersion:   Dev-Destruction (174F1F0B-B4C6-45A5-B13F-2EE8D0FB917D): 10
LogDevObjectVersion:   Dev-Physics-Ext (35F94A83-E258-406C-A318-09F59610247C): 41
LogDevObjectVersion:   Dev-PhysicsMaterial-Chaos (B68FC16E-8B1B-42E2-B453-215C058844FE): 1
LogDevObjectVersion:   Dev-CineCamera (B2E18506-4273-CFC2-A54E-F4BB758BBA07): 1
LogDevObjectVersion:   Dev-VirtualProduction (64F58936-FD1B-42BA-BA96-7289D5D0FA4E): 1
LogDevObjectVersion:   Dev-MediaFramework (6F0ED827-A609-4895-9C91-998D90180EA4): 2
LogInit: Presizing for max 25165824 objects, including 0 objects not considered by GC, pre-allocating 0 bytes for permanent pool.
LogConfig: Applying CVar settings from Section [/Script/Engine.StreamingSettings] File [C:/Users/andres.perez/Documents/GitHub/PruebasNox/NoxIA/Saved/Config/Windows/Engine.ini]
LogConfig: Setting CVar [[s.MinBulkDataSizeForAsyncLoading:131072]]
LogConfig: Setting CVar [[s.AsyncLoadingThreadEnabled:0]]
LogConfig: Setting CVar [[s.EventDrivenLoaderEnabled:1]]
LogConfig: Setting CVar [[s.WarnIfTimeLimitExceeded:0]]
LogConfig: Setting CVar [[s.TimeLimitExceededMultiplier:1.5]]
LogConfig: Setting CVar [[s.TimeLimitExceededMinTime:0.005]]
LogConfig: Setting CVar [[s.UseBackgroundLevelStreaming:1]]
LogConfig: Setting CVar [[s.PriorityAsyncLoadingExtraTime:15.0]]
LogConfig: Setting CVar [[s.LevelStreamingActorsUpdateTimeLimit:5.0]]
LogConfig: Setting CVar [[s.PriorityLevelStreamingActorsUpdateExtraTime:5.0]]
LogConfig: Setting CVar [[s.LevelStreamingComponentsRegistrationGranularity:10]]
LogConfig: Setting CVar [[s.UnregisterComponentsTimeLimit:1.0]]
LogConfig: Setting CVar [[s.LevelStreamingComponentsUnregistrationGranularity:5]]
LogConfig: Setting CVar [[s.FlushStreamingOnExit:1]]
LogInit: Object subsystem initialized
LogConfig: Setting CVar [[con.DebugEarlyDefault:1]]
LogConfig: Setting CVar [[r.setres:1280x720]]
[2022.03.04-17.13.29:159][  0]LogConfig: Setting CVar [[r.VSync:0]]
[2022.03.04-17.13.29:159][  0]LogConfig: Setting CVar [[r.RHICmdBypass:0]]
[2022.03.04-17.13.29:160][  0]LogConfig: Applying CVar settings from Section [/Script/Engine.RendererSettings] File [C:/Users/andres.perez/Documents/GitHub/PruebasNox/NoxIA/Saved/Config/Windows/Engine.ini]
[2022.03.04-17.13.29:160][  0]LogConfig: Setting CVar [[r.GPUCrashDebugging:0]]
[2022.03.04-17.13.29:160][  0]LogConfig: Applying CVar settings from Section [/Script/Engine.RendererOverrideSettings] File [C:/Users/andres.perez/Documents/GitHub/PruebasNox/NoxIA/Saved/Config/Windows/Engine.ini]
[2022.03.04-17.13.29:160][  0]LogConfig: Applying CVar settings from Section [/Script/Engine.StreamingSettings] File [C:/Users/andres.perez/Documents/GitHub/PruebasNox/NoxIA/Saved/Config/Windows/Engine.ini]
[2022.03.04-17.13.29:160][  0]LogConfig: Setting CVar [[s.MinBulkDataSizeForAsyncLoading:131072]]
[2022.03.04-17.13.29:160][  0]LogConfig: Setting CVar [[s.AsyncLoadingThreadEnabled:0]]
[2022.03.04-17.13.29:161][  0]LogConfig: Setting CVar [[s.EventDrivenLoaderEnabled:1]]
[2022.03.04-17.13.29:161][  0]LogConfig: Setting CVar [[s.WarnIfTimeLimitExceeded:0]]
[2022.03.04-17.13.29:161][  0]LogConfig: Setting CVar [[s.TimeLimitExceededMultiplier:1.5]]
[2022.03.04-17.13.29:161][  0]LogConfig: Setting CVar [[s.TimeLimitExceededMinTime:0.005]]
[2022.03.04-17.13.29:161][  0]LogConfig: Setting CVar [[s.UseBackgroundLevelStreaming:1]]
[2022.03.04-17.13.29:161][  0]LogConfig: Setting CVar [[s.PriorityAsyncLoadingExtraTime:15.0]]
[2022.03.04-17.13.29:162][  0]LogConfig: Setting CVar [[s.LevelStreamingActorsUpdateTimeLimit:5.0]]
[2022.03.04-17.13.29:162][  0]LogConfig: Setting CVar [[s.PriorityLevelStreamingActorsUpdateExtraTime:5.0]]
[2022.03.04-17.13.29:162][  0]LogConfig: Setting CVar [[s.LevelStreamingComponentsRegistrationGranularity:10]]
[2022.03.04-17.13.29:162][  0]LogConfig: Setting CVar [[s.UnregisterComponentsTimeLimit:1.0]]
[2022.03.04-17.13.29:162][  0]LogConfig: Setting CVar [[s.LevelStreamingComponentsUnregistrationGranularity:5]]
[2022.03.04-17.13.29:162][  0]LogConfig: Setting CVar [[s.FlushStreamingOnExit:1]]
[2022.03.04-17.13.29:162][  0]LogConfig: Applying CVar settings from Section [/Script/Engine.GarbageCollectionSettings] File [C:/Users/andres.perez/Documents/GitHub/PruebasNox/NoxIA/Saved/Config/Windows/Engine.ini]
[2022.03.04-17.13.29:163][  0]LogConfig: Setting CVar [[gc.MaxObjectsNotConsideredByGC:1]]
[2022.03.04-17.13.29:163][  0]LogConfig: Setting CVar [[gc.SizeOfPermanentObjectPool:0]]
[2022.03.04-17.13.29:163][  0]LogConfig: Setting CVar [[gc.FlushStreamingOnGC:0]]
[2022.03.04-17.13.29:163][  0]LogConfig: Setting CVar [[gc.NumRetriesBeforeForcingGC:10]]
[2022.03.04-17.13.29:163][  0]LogConfig: Setting CVar [[gc.AllowParallelGC:1]]
[2022.03.04-17.13.29:163][  0]LogConfig: Setting CVar [[gc.TimeBetweenPurgingPendingKillObjects:61.1]]
[2022.03.04-17.13.29:164][  0]LogConfig: Setting CVar [[gc.MaxObjectsInEditor:25165824]]
[2022.03.04-17.13.29:164][  0]LogConfig: Setting CVar [[gc.IncrementalBeginDestroyEnabled:1]]
[2022.03.04-17.13.29:164][  0]LogConfig: Setting CVar [[gc.CreateGCClusters:1]]
[2022.03.04-17.13.29:164][  0]LogConfig: Setting CVar [[gc.MinGCClusterSize:5]]
[2022.03.04-17.13.29:164][  0]LogConfig: Setting CVar [[gc.ActorClusteringEnabled:0]]
[2022.03.04-17.13.29:164][  0]LogConfig: Setting CVar [[gc.BlueprintClusteringEnabled:0]]
[2022.03.04-17.13.29:165][  0]LogConfig: Setting CVar [[gc.UseDisregardForGCOnDedicatedServers:0]]
[2022.03.04-17.13.29:165][  0]LogConfig: Setting CVar [[gc.MultithreadedDestructionEnabled:1]]
[2022.03.04-17.13.29:165][  0]LogConfig: Applying CVar settings from Section [/Script/Engine.NetworkSettings] File [C:/Users/andres.perez/Documents/GitHub/PruebasNox/NoxIA/Saved/Config/Windows/Engine.ini]
[2022.03.04-17.13.29:165][  0]LogConfig: Applying CVar settings from Section [/Script/UnrealEd.CookerSettings] File [C:/Users/andres.perez/Documents/GitHub/PruebasNox/NoxIA/Saved/Config/Windows/Engine.ini]
[2022.03.04-17.13.29:176][  0]LogConfig: Applying CVar settings from Section [ViewDistanceQuality@3] File [C:/Users/andres.perez/Documents/GitHub/PruebasNox/NoxIA/Saved/Config/Windows/Scalability.ini]
[2022.03.04-17.13.29:176][  0]LogConfig: Setting CVar [[r.SkeletalMeshLODBias:0]]
[2022.03.04-17.13.29:176][  0]LogConfig: Setting CVar [[r.ViewDistanceScale:1.0]]
[2022.03.04-17.13.29:176][  0]LogConfig: Applying CVar settings from Section [AntiAliasingQuality@3] File [C:/Users/andres.perez/Documents/GitHub/PruebasNox/NoxIA/Saved/Config/Windows/Scalability.ini]
[2022.03.04-17.13.29:176][  0]LogConfig: Setting CVar [[r.PostProcessAAQuality:4]]
[2022.03.04-17.13.29:177][  0]LogConfig: Applying CVar settings from Section [ShadowQuality@3] File [C:/Users/andres.perez/Documents/GitHub/PruebasNox/NoxIA/Saved/Config/Windows/Scalability.ini]
[2022.03.04-17.13.29:177][  0]LogConfig: Setting CVar [[r.LightFunctionQuality:1]]
[2022.03.04-17.13.29:177][  0]LogConfig: Setting CVar [[r.ShadowQuality:5]]
[2022.03.04-17.13.29:177][  0]LogConfig: Setting CVar [[r.Shadow.CSM.MaxCascades:10]]
[2022.03.04-17.13.29:177][  0]LogConfig: Setting CVar [[r.Shadow.MaxResolution:2048]]
[2022.03.04-17.13.29:177][  0]LogConfig: Setting CVar [[r.Shadow.MaxCSMResolution:2048]]
[2022.03.04-17.13.29:178][  0]LogConfig: Setting CVar [[r.Shadow.RadiusThreshold:0.01]]
[2022.03.04-17.13.29:178][  0]LogConfig: Setting CVar [[r.Shadow.DistanceScale:1.0]]
[2022.03.04-17.13.29:178][  0]LogConfig: Setting CVar [[r.Shadow.CSM.TransitionScale:1.0]]
[2022.03.04-17.13.29:178][  0]LogConfig: Setting CVar [[r.Shadow.PreShadowResolutionFactor:1.0]]
[2022.03.04-17.13.29:178][  0]LogConfig: Setting CVar [[r.DistanceFieldShadowing:1]]
[2022.03.04-17.13.29:178][  0]LogConfig: Setting CVar [[r.DistanceFieldAO:1]]
[2022.03.04-17.13.29:179][  0]LogConfig: Setting CVar [[r.AOQuality:2]]
[2022.03.04-17.13.29:179][  0]LogConfig: Setting CVar [[r.VolumetricFog:1]]
[2022.03.04-17.13.29:179][  0]LogConfig: Setting CVar [[r.VolumetricFog.GridPixelSize:8]]
[2022.03.04-17.13.29:179][  0]LogConfig: Setting CVar [[r.VolumetricFog.GridSizeZ:128]]
[2022.03.04-17.13.29:179][  0]LogConfig: Setting CVar [[r.VolumetricFog.HistoryMissSupersampleCount:4]]
[2022.03.04-17.13.29:179][  0]LogConfig: Setting CVar [[r.LightMaxDrawDistanceScale:1]]
[2022.03.04-17.13.29:180][  0]LogConfig: Setting CVar [[r.CapsuleShadows:1]]
[2022.03.04-17.13.29:180][  0]LogConfig: Applying CVar settings from Section [PostProcessQuality@3] File [C:/Users/andres.perez/Documents/GitHub/PruebasNox/NoxIA/Saved/Config/Windows/Scalability.ini]
[2022.03.04-17.13.29:180][  0]LogConfig: Setting CVar [[r.MotionBlurQuality:4]]
[2022.03.04-17.13.29:180][  0]LogConfig: Setting CVar [[r.AmbientOcclusionMipLevelFactor:0.4]]
[2022.03.04-17.13.29:180][  0]LogConfig: Setting CVar [[r.AmbientOcclusionMaxQuality:100]]
[2022.03.04-17.13.29:180][  0]LogConfig: Setting CVar [[r.AmbientOcclusionLevels:-1]]
[2022.03.04-17.13.29:181][  0]LogConfig: Setting CVar [[r.AmbientOcclusionRadiusScale:1.0]]
[2022.03.04-17.13.29:181][  0]LogConfig: Setting CVar [[r.DepthOfFieldQuality:2]]
[2022.03.04-17.13.29:181][  0]LogConfig: Setting CVar [[r.RenderTargetPoolMin:400]]
[2022.03.04-17.13.29:181][  0]LogConfig: Setting CVar [[r.LensFlareQuality:2]]
[2022.03.04-17.13.29:181][  0]LogConfig: Setting CVar [[r.SceneColorFringeQuality:1]]
[2022.03.04-17.13.29:181][  0]LogConfig: Setting CVar [[r.EyeAdaptationQuality:2]]
[2022.03.04-17.13.29:181][  0]LogConfig: Setting CVar [[r.BloomQuality:5]]
[2022.03.04-17.13.29:182][  0]LogConfig: Setting CVar [[r.FastBlurThreshold:100]]
[2022.03.04-17.13.29:182][  0]LogConfig: Setting CVar [[r.Upscale.Quality:3]]
[2022.03.04-17.13.29:182][  0]LogConfig: Setting CVar [[r.Tonemapper.GrainQuantization:1]]
[2022.03.04-17.13.29:182][  0]LogConfig: Setting CVar [[r.LightShaftQuality:1]]
[2022.03.04-17.13.29:182][  0]LogConfig: Setting CVar [[r.Filter.SizeScale:1]]
[2022.03.04-17.13.29:182][  0]LogConfig: Setting CVar [[r.Tonemapper.Quality:5]]
[2022.03.04-17.13.29:183][  0]LogConfig: Setting CVar [[r.DOF.Gather.AccumulatorQuality:1        ; higher gathering accumulator quality]]
[2022.03.04-17.13.29:183][  0]LogConfig: Setting CVar [[r.DOF.Gather.PostfilterMethod:1          ; Median3x3 postfilering method]]
[2022.03.04-17.13.29:183][  0]LogConfig: Setting CVar [[r.DOF.Gather.EnableBokehSettings:0       ; no bokeh simulation when gathering]]
[2022.03.04-17.13.29:183][  0]LogConfig: Setting CVar [[r.DOF.Gather.RingCount:4                 ; medium number of samples when gathering]]
[2022.03.04-17.13.29:183][  0]LogConfig: Setting CVar [[r.DOF.Scatter.ForegroundCompositing:1    ; additive foreground scattering]]
[2022.03.04-17.13.29:183][  0]LogConfig: Setting CVar [[r.DOF.Scatter.BackgroundCompositing:2    ; additive background scattering]]
[2022.03.04-17.13.29:184][  0]LogConfig: Setting CVar [[r.DOF.Scatter.EnableBokehSettings:1      ; bokeh simulation when scattering]]
[2022.03.04-17.13.29:184][  0]LogConfig: Setting CVar [[r.DOF.Scatter.MaxSpriteRatio:0.1         ; only a maximum of 10% of scattered bokeh]]
[2022.03.04-17.13.29:184][  0]LogConfig: Setting CVar [[r.DOF.Recombine.Quality:1                ; cheap slight out of focus]]
[2022.03.04-17.13.29:184][  0]LogConfig: Setting CVar [[r.DOF.Recombine.EnableBokehSettings:0    ; no bokeh simulation on slight out of focus]]
[2022.03.04-17.13.29:184][  0]LogConfig: Setting CVar [[r.DOF.TemporalAAQuality:1                ; more stable temporal accumulation]]
[2022.03.04-17.13.29:184][  0]LogConfig: Setting CVar [[r.DOF.Kernel.MaxForegroundRadius:0.025]]
[2022.03.04-17.13.29:184][  0]LogConfig: Setting CVar [[r.DOF.Kernel.MaxBackgroundRadius:0.025]]
[2022.03.04-17.13.29:185][  0]LogConfig: Applying CVar settings from Section [TextureQuality@3] File [C:/Users/andres.perez/Documents/GitHub/PruebasNox/NoxIA/Saved/Config/Windows/Scalability.ini]
[2022.03.04-17.13.29:185][  0]LogConfig: Setting CVar [[r.Streaming.MipBias:0]]
[2022.03.04-17.13.29:185][  0]LogConfig: Setting CVar [[r.Streaming.AmortizeCPUToGPUCopy:0]]
[2022.03.04-17.13.29:185][  0]LogConfig: Setting CVar [[r.Streaming.MaxNumTexturesToStreamPerFrame:0]]
[2022.03.04-17.13.29:185][  0]LogConfig: Setting CVar [[r.Streaming.Boost:1]]
[2022.03.04-17.13.29:185][  0]LogConfig: Setting CVar [[r.MaxAnisotropy:8]]
[2022.03.04-17.13.29:185][  0]LogConfig: Setting CVar [[r.VT.MaxAnisotropy:8]]
[2022.03.04-17.13.29:185][  0]LogConfig: Setting CVar [[r.Streaming.LimitPoolSizeToVRAM:0]]
[2022.03.04-17.13.29:186][  0]LogConfig: Setting CVar [[r.Streaming.PoolSize:1000]]
[2022.03.04-17.13.29:186][  0]LogConfig: Setting CVar [[r.Streaming.MaxEffectiveScreenSize:0]]
[2022.03.04-17.13.29:186][  0]LogConfig: Applying CVar settings from Section [EffectsQuality@3] File [C:/Users/andres.perez/Documents/GitHub/PruebasNox/NoxIA/Saved/Config/Windows/Scalability.ini]
[2022.03.04-17.13.29:186][  0]LogConfig: Setting CVar [[r.TranslucencyLightingVolumeDim:64]]
[2022.03.04-17.13.29:186][  0]LogConfig: Setting CVar [[r.RefractionQuality:2]]
[2022.03.04-17.13.29:186][  0]LogConfig: Setting CVar [[r.SSR.Quality:3]]
[2022.03.04-17.13.29:186][  0]LogConfig: Setting CVar [[r.SSR.HalfResSceneColor:0]]
[2022.03.04-17.13.29:186][  0]LogConfig: Setting CVar [[r.SceneColorFormat:4]]
[2022.03.04-17.13.29:186][  0]LogConfig: Setting CVar [[r.DetailMode:2]]
[2022.03.04-17.13.29:187][  0]LogConfig: Setting CVar [[r.TranslucencyVolumeBlur:1]]
[2022.03.04-17.13.29:187][  0]LogConfig: Setting CVar [[r.MaterialQualityLevel:1 ; High quality]]
[2022.03.04-17.13.29:187][  0]LogConfig: Setting CVar [[r.AnisotropicMaterials:1]]
[2022.03.04-17.13.29:187][  0]LogConfig: Setting CVar [[r.SSS.Scale:1]]
[2022.03.04-17.13.29:187][  0]LogConfig: Setting CVar [[r.SSS.SampleSet:2]]
[2022.03.04-17.13.29:187][  0]LogConfig: Setting CVar [[r.SSS.Quality:1]]
[2022.03.04-17.13.29:187][  0]LogConfig: Setting CVar [[r.SSS.HalfRes:0]]
[2022.03.04-17.13.29:187][  0]LogConfig: Setting CVar [[r.SSGI.Quality:3]]
[2022.03.04-17.13.29:187][  0]LogConfig: Setting CVar [[r.EmitterSpawnRateScale:1.0]]
[2022.03.04-17.13.29:187][  0]LogConfig: Setting CVar [[r.ParticleLightQuality:2]]
[2022.03.04-17.13.29:188][  0]LogConfig: Setting CVar [[r.SkyAtmosphere.AerialPerspectiveLUT.FastApplyOnOpaque:1 ; Always have FastSkyLUT 1 in this case to avoid wrong sky]]
[2022.03.04-17.13.29:188][  0]LogConfig: Setting CVar [[r.SkyAtmosphere.AerialPerspectiveLUT.SampleCountMaxPerSlice:4]]
[2022.03.04-17.13.29:188][  0]LogConfig: Setting CVar [[r.SkyAtmosphere.AerialPerspectiveLUT.DepthResolution:16.0]]
[2022.03.04-17.13.29:188][  0]LogConfig: Setting CVar [[r.SkyAtmosphere.FastSkyLUT:1]]
[2022.03.04-17.13.29:188][  0]LogConfig: Setting CVar [[r.SkyAtmosphere.FastSkyLUT.SampleCountMin:4.0]]
[2022.03.04-17.13.29:188][  0]LogConfig: Setting CVar [[r.SkyAtmosphere.FastSkyLUT.SampleCountMax:128.0]]
[2022.03.04-17.13.29:188][  0]LogConfig: Setting CVar [[r.SkyAtmosphere.SampleCountMin:4.0]]
[2022.03.04-17.13.29:188][  0]LogConfig: Setting CVar [[r.SkyAtmosphere.SampleCountMax:128.0]]
[2022.03.04-17.13.29:189][  0]LogConfig: Setting CVar [[r.SkyAtmosphere.TransmittanceLUT.UseSmallFormat:0]]
[2022.03.04-17.13.29:189][  0]LogConfig: Setting CVar [[r.SkyAtmosphere.TransmittanceLUT.SampleCount:10.0]]
[2022.03.04-17.13.29:189][  0]LogConfig: Setting CVar [[r.SkyAtmosphere.MultiScatteringLUT.SampleCount:15.0]]
[2022.03.04-17.13.29:189][  0]LogConfig: Setting CVar [[r.SkyLight.RealTimeReflectionCapture:1]]
[2022.03.04-17.13.29:189][  0]LogConfig: Applying CVar settings from Section [FoliageQuality@3] File [C:/Users/andres.perez/Documents/GitHub/PruebasNox/NoxIA/Saved/Config/Windows/Scalability.ini]
[2022.03.04-17.13.29:189][  0]LogConfig: Setting CVar [[foliage.DensityScale:1.0]]
[2022.03.04-17.13.29:189][  0]LogConfig: Setting CVar [[grass.DensityScale:1.0]]
[2022.03.04-17.13.29:189][  0]LogConfig: Applying CVar settings from Section [ShadingQuality@3] File [C:/Users/andres.perez/Documents/GitHub/PruebasNox/NoxIA/Saved/Config/Windows/Scalability.ini]
[2022.03.04-17.13.29:190][  0]LogConfig: Setting CVar [[r.HairStrands.SkyLighting.IntegrationType:2]]
[2022.03.04-17.13.29:190][  0]LogConfig: Setting CVar [[r.HairStrands.SkyAO.SampleCount:4]]
[2022.03.04-17.13.29:190][  0]LogConfig: Setting CVar [[r.HairStrands.Visibility.MSAA.SamplePerPixel:4]]
[2022.03.04-17.13.29:190][  0]LogInit: Selected Device Profile: [Windows]
[2022.03.04-17.13.29:190][  0]LogInit: Applying CVar settings loaded from the selected device profile: [Windows]
[2022.03.04-17.13.29:190][  0]LogHAL: Display: Platform has ~ 32 GB [34055684096 / 34359738368 / 32], which maps to Largest [LargestMinGB=32, LargerMinGB=12, DefaultMinGB=8, SmallerMinGB=6, SmallestMinGB=0)
[2022.03.04-17.13.29:190][  0]LogInit: Going up to parent DeviceProfile []
[2022.03.04-17.13.29:191][  0]LogConfig: Applying CVar settings from Section [ViewDistanceQuality@3] File [C:/Users/andres.perez/Documents/GitHub/PruebasNox/NoxIA/Saved/Config/Windows/Scalability.ini]
[2022.03.04-17.13.29:191][  0]LogConfig: Setting CVar [[r.SkeletalMeshLODBias:0]]
[2022.03.04-17.13.29:191][  0]LogConfig: Setting CVar [[r.ViewDistanceScale:1.0]]
[2022.03.04-17.13.29:191][  0]LogConfig: Applying CVar settings from Section [AntiAliasingQuality@3] File [C:/Users/andres.perez/Documents/GitHub/PruebasNox/NoxIA/Saved/Config/Windows/Scalability.ini]
[2022.03.04-17.13.29:191][  0]LogConfig: Setting CVar [[r.PostProcessAAQuality:4]]
[2022.03.04-17.13.29:191][  0]LogConfig: Applying CVar settings from Section [ShadowQuality@3] File [C:/Users/andres.perez/Documents/GitHub/PruebasNox/NoxIA/Saved/Config/Windows/Scalability.ini]
[2022.03.04-17.13.29:191][  0]LogConfig: Setting CVar [[r.LightFunctionQuality:1]]
[2022.03.04-17.13.29:191][  0]LogConfig: Setting CVar [[r.ShadowQuality:5]]
[2022.03.04-17.13.29:191][  0]LogConfig: Setting CVar [[r.Shadow.CSM.MaxCascades:10]]
[2022.03.04-17.13.29:192][  0]LogConfig: Setting CVar [[r.Shadow.MaxResolution:2048]]
[2022.03.04-17.13.29:192][  0]LogConfig: Setting CVar [[r.Shadow.MaxCSMResolution:2048]]
[2022.03.04-17.13.29:192][  0]LogConfig: Setting CVar [[r.Shadow.RadiusThreshold:0.01]]
[2022.03.04-17.13.29:192][  0]LogConfig: Setting CVar [[r.Shadow.DistanceScale:1.0]]
[2022.03.04-17.13.29:192][  0]LogConfig: Setting CVar [[r.Shadow.CSM.TransitionScale:1.0]]
[2022.03.04-17.13.29:192][  0]LogConfig: Setting CVar [[r.Shadow.PreShadowResolutionFactor:1.0]]
[2022.03.04-17.13.29:192][  0]LogConfig: Setting CVar [[r.DistanceFieldShadowing:1]]
[2022.03.04-17.13.29:192][  0]LogConfig: Setting CVar [[r.DistanceFieldAO:1]]
[2022.03.04-17.13.29:193][  0]LogConfig: Setting CVar [[r.AOQuality:2]]
[2022.03.04-17.13.29:193][  0]LogConfig: Setting CVar [[r.VolumetricFog:1]]
[2022.03.04-17.13.29:193][  0]LogConfig: Setting CVar [[r.VolumetricFog.GridPixelSize:8]]
[2022.03.04-17.13.29:193][  0]LogConfig: Setting CVar [[r.VolumetricFog.GridSizeZ:128]]
[2022.03.04-17.13.29:193][  0]LogConfig: Setting CVar [[r.VolumetricFog.HistoryMissSupersampleCount:4]]
[2022.03.04-17.13.29:193][  0]LogConfig: Setting CVar [[r.LightMaxDrawDistanceScale:1]]
[2022.03.04-17.13.29:193][  0]LogConfig: Setting CVar [[r.CapsuleShadows:1]]
[2022.03.04-17.13.29:193][  0]LogConfig: Applying CVar settings from Section [PostProcessQuality@3] File [C:/Users/andres.perez/Documents/GitHub/PruebasNox/NoxIA/Saved/Config/Windows/Scalability.ini]
[2022.03.04-17.13.29:194][  0]LogConfig: Setting CVar [[r.MotionBlurQuality:4]]
[2022.03.04-17.13.29:194][  0]LogConfig: Setting CVar [[r.AmbientOcclusionMipLevelFactor:0.4]]
[2022.03.04-17.13.29:194][  0]LogConfig: Setting CVar [[r.AmbientOcclusionMaxQuality:100]]
[2022.03.04-17.13.29:194][  0]LogConfig: Setting CVar [[r.AmbientOcclusionLevels:-1]]
[2022.03.04-17.13.29:194][  0]LogConfig: Setting CVar [[r.AmbientOcclusionRadiusScale:1.0]]
[2022.03.04-17.13.29:194][  0]LogConfig: Setting CVar [[r.DepthOfFieldQuality:2]]
[2022.03.04-17.13.29:194][  0]LogConfig: Setting CVar [[r.RenderTargetPoolMin:400]]
[2022.03.04-17.13.29:194][  0]LogConfig: Setting CVar [[r.LensFlareQuality:2]]
[2022.03.04-17.13.29:195][  0]LogConfig: Setting CVar [[r.SceneColorFringeQuality:1]]
[2022.03.04-17.13.29:195][  0]LogConfig: Setting CVar [[r.EyeAdaptationQuality:2]]
[2022.03.04-17.13.29:195][  0]LogConfig: Setting CVar [[r.BloomQuality:5]]
[2022.03.04-17.13.29:195][  0]LogConfig: Setting CVar [[r.FastBlurThreshold:100]]
[2022.03.04-17.13.29:195][  0]LogConfig: Setting CVar [[r.Upscale.Quality:3]]
[2022.03.04-17.13.29:195][  0]LogConfig: Setting CVar [[r.Tonemapper.GrainQuantization:1]]
[2022.03.04-17.13.29:195][  0]LogConfig: Setting CVar [[r.LightShaftQuality:1]]
[2022.03.04-17.13.29:195][  0]LogConfig: Setting CVar [[r.Filter.SizeScale:1]]
[2022.03.04-17.13.29:195][  0]LogConfig: Setting CVar [[r.Tonemapper.Quality:5]]
[2022.03.04-17.13.29:196][  0]LogConfig: Setting CVar [[r.DOF.Gather.AccumulatorQuality:1        ; higher gathering accumulator quality]]
[2022.03.04-17.13.29:196][  0]LogConfig: Setting CVar [[r.DOF.Gather.PostfilterMethod:1          ; Median3x3 postfilering method]]
[2022.03.04-17.13.29:196][  0]LogConfig: Setting CVar [[r.DOF.Gather.EnableBokehSettings:0       ; no bokeh simulation when gathering]]
[2022.03.04-17.13.29:196][  0]LogConfig: Setting CVar [[r.DOF.Gather.RingCount:4                 ; medium number of samples when gathering]]
[2022.03.04-17.13.29:196][  0]LogConfig: Setting CVar [[r.DOF.Scatter.ForegroundCompositing:1    ; additive foreground scattering]]
[2022.03.04-17.13.29:196][  0]LogConfig: Setting CVar [[r.DOF.Scatter.BackgroundCompositing:2    ; additive background scattering]]
[2022.03.04-17.13.29:196][  0]LogConfig: Setting CVar [[r.DOF.Scatter.EnableBokehSettings:1      ; bokeh simulation when scattering]]
[2022.03.04-17.13.29:196][  0]LogConfig: Setting CVar [[r.DOF.Scatter.MaxSpriteRatio:0.1         ; only a maximum of 10% of scattered bokeh]]
[2022.03.04-17.13.29:196][  0]LogConfig: Setting CVar [[r.DOF.Recombine.Quality:1                ; cheap slight out of focus]]
[2022.03.04-17.13.29:197][  0]LogConfig: Setting CVar [[r.DOF.Recombine.EnableBokehSettings:0    ; no bokeh simulation on slight out of focus]]
[2022.03.04-17.13.29:197][  0]LogConfig: Setting CVar [[r.DOF.TemporalAAQuality:1                ; more stable temporal accumulation]]
[2022.03.04-17.13.29:197][  0]LogConfig: Setting CVar [[r.DOF.Kernel.MaxForegroundRadius:0.025]]
[2022.03.04-17.13.29:197][  0]LogConfig: Setting CVar [[r.DOF.Kernel.MaxBackgroundRadius:0.025]]
[2022.03.04-17.13.29:197][  0]LogConfig: Applying CVar settings from Section [TextureQuality@3] File [C:/Users/andres.perez/Documents/GitHub/PruebasNox/NoxIA/Saved/Config/Windows/Scalability.ini]
[2022.03.04-17.13.29:197][  0]LogConfig: Setting CVar [[r.Streaming.MipBias:0]]
[2022.03.04-17.13.29:197][  0]LogConfig: Setting CVar [[r.Streaming.AmortizeCPUToGPUCopy:0]]
[2022.03.04-17.13.29:197][  0]LogConfig: Setting CVar [[r.Streaming.MaxNumTexturesToStreamPerFrame:0]]
[2022.03.04-17.13.29:198][  0]LogConfig: Setting CVar [[r.Streaming.Boost:1]]
[2022.03.04-17.13.29:198][  0]LogConfig: Setting CVar [[r.MaxAnisotropy:8]]
[2022.03.04-17.13.29:198][  0]LogConfig: Setting CVar [[r.VT.MaxAnisotropy:8]]
[2022.03.04-17.13.29:198][  0]LogConfig: Setting CVar [[r.Streaming.LimitPoolSizeToVRAM:0]]
[2022.03.04-17.13.29:198][  0]LogConfig: Setting CVar [[r.Streaming.PoolSize:1000]]
[2022.03.04-17.13.29:198][  0]LogConfig: Setting CVar [[r.Streaming.MaxEffectiveScreenSize:0]]
[2022.03.04-17.13.29:198][  0]LogConfig: Applying CVar settings from Section [EffectsQuality@3] File [C:/Users/andres.perez/Documents/GitHub/PruebasNox/NoxIA/Saved/Config/Windows/Scalability.ini]
[2022.03.04-17.13.29:198][  0]LogConfig: Setting CVar [[r.TranslucencyLightingVolumeDim:64]]
[2022.03.04-17.13.29:198][  0]LogConfig: Setting CVar [[r.RefractionQuality:2]]
[2022.03.04-17.13.29:199][  0]LogConfig: Setting CVar [[r.SSR.Quality:3]]
[2022.03.04-17.13.29:199][  0]LogConfig: Setting CVar [[r.SSR.HalfResSceneColor:0]]
[2022.03.04-17.13.29:199][  0]LogConfig: Setting CVar [[r.SceneColorFormat:4]]
[2022.03.04-17.13.29:199][  0]LogConfig: Setting CVar [[r.DetailMode:2]]
[2022.03.04-17.13.29:199][  0]LogConfig: Setting CVar [[r.TranslucencyVolumeBlur:1]]
[2022.03.04-17.13.29:199][  0]LogConfig: Setting CVar [[r.MaterialQualityLevel:1 ; High quality]]
[2022.03.04-17.13.29:199][  0]LogConfig: Setting CVar [[r.AnisotropicMaterials:1]]
[2022.03.04-17.13.29:199][  0]LogConfig: Setting CVar [[r.SSS.Scale:1]]
[2022.03.04-17.13.29:199][  0]LogConfig: Setting CVar [[r.SSS.SampleSet:2]]
[2022.03.04-17.13.29:200][  0]LogConfig: Setting CVar [[r.SSS.Quality:1]]
[2022.03.04-17.13.29:200][  0]LogConfig: Setting CVar [[r.SSS.HalfRes:0]]
[2022.03.04-17.13.29:200][  0]LogConfig: Setting CVar [[r.SSGI.Quality:3]]
[2022.03.04-17.13.29:200][  0]LogConfig: Setting CVar [[r.EmitterSpawnRateScale:1.0]]
[2022.03.04-17.13.29:200][  0]LogConfig: Setting CVar [[r.ParticleLightQuality:2]]
[2022.03.04-17.13.29:200][  0]LogConfig: Setting CVar [[r.SkyAtmosphere.AerialPerspectiveLUT.FastApplyOnOpaque:1 ; Always have FastSkyLUT 1 in this case to avoid wrong sky]]
[2022.03.04-17.13.29:200][  0]LogConfig: Setting CVar [[r.SkyAtmosphere.AerialPerspectiveLUT.SampleCountMaxPerSlice:4]]
[2022.03.04-17.13.29:200][  0]LogConfig: Setting CVar [[r.SkyAtmosphere.AerialPerspectiveLUT.DepthResolution:16.0]]
[2022.03.04-17.13.29:200][  0]LogConfig: Setting CVar [[r.SkyAtmosphere.FastSkyLUT:1]]
[2022.03.04-17.13.29:201][  0]LogConfig: Setting CVar [[r.SkyAtmosphere.FastSkyLUT.SampleCountMin:4.0]]
[2022.03.04-17.13.29:201][  0]LogConfig: Setting CVar [[r.SkyAtmosphere.FastSkyLUT.SampleCountMax:128.0]]
[2022.03.04-17.13.29:201][  0]LogConfig: Setting CVar [[r.SkyAtmosphere.SampleCountMin:4.0]]
[2022.03.04-17.13.29:201][  0]LogConfig: Setting CVar [[r.SkyAtmosphere.SampleCountMax:128.0]]
[2022.03.04-17.13.29:201][  0]LogConfig: Setting CVar [[r.SkyAtmosphere.TransmittanceLUT.UseSmallFormat:0]]
[2022.03.04-17.13.29:201][  0]LogConfig: Setting CVar [[r.SkyAtmosphere.TransmittanceLUT.SampleCount:10.0]]
[2022.03.04-17.13.29:201][  0]LogConfig: Setting CVar [[r.SkyAtmosphere.MultiScatteringLUT.SampleCount:15.0]]
[2022.03.04-17.13.29:201][  0]LogConfig: Setting CVar [[r.SkyLight.RealTimeReflectionCapture:1]]
[2022.03.04-17.13.29:201][  0]LogConfig: Applying CVar settings from Section [FoliageQuality@3] File [C:/Users/andres.perez/Documents/GitHub/PruebasNox/NoxIA/Saved/Config/Windows/Scalability.ini]
[2022.03.04-17.13.29:202][  0]LogConfig: Setting CVar [[foliage.DensityScale:1.0]]
[2022.03.04-17.13.29:202][  0]LogConfig: Setting CVar [[grass.DensityScale:1.0]]
[2022.03.04-17.13.29:202][  0]LogConfig: Applying CVar settings from Section [ShadingQuality@3] File [C:/Users/andres.perez/Documents/GitHub/PruebasNox/NoxIA/Saved/Config/Windows/Scalability.ini]
[2022.03.04-17.13.29:202][  0]LogConfig: Setting CVar [[r.HairStrands.SkyLighting.IntegrationType:2]]
[2022.03.04-17.13.29:202][  0]LogConfig: Setting CVar [[r.HairStrands.SkyAO.SampleCount:4]]
[2022.03.04-17.13.29:202][  0]LogConfig: Setting CVar [[r.HairStrands.Visibility.MSAA.SamplePerPixel:4]]
[2022.03.04-17.13.29:202][  0]LogConfig: Applying CVar settings from Section [Startup] File [../../../Engine/Config/ConsoleVariables.ini]
[2022.03.04-17.13.29:203][  0]LogConfig: Setting CVar [[net.UseAdaptiveNetUpdateFrequency:0]]
[2022.03.04-17.13.29:203][  0]LogConfig: Setting CVar [[p.chaos.AllowCreatePhysxBodies:1]]
[2022.03.04-17.13.29:203][  0]LogConfig: Setting CVar [[fx.SkipVectorVMBackendOptimizations:1]]
[2022.03.04-17.13.29:203][  0]LogConfig: Applying CVar settings from Section [ConsoleVariables] File [C:/Users/andres.perez/Documents/GitHub/PruebasNox/NoxIA/Saved/Config/Windows/Engine.ini]
[2022.03.04-17.13.29:203][  0]LogConfig: Applying CVar settings from Section [ConsoleVariables] File [C:/Users/andres.perez/Documents/GitHub/PruebasNox/NoxIA/Saved/Config/Windows/Editor.ini]
[2022.03.04-17.13.29:203][  0]LogInit: Computer: UTWKS0871
[2022.03.04-17.13.29:203][  0]LogInit: User: andresperez
[2022.03.04-17.13.29:203][  0]LogInit: CPU Page size=4096, Cores=18
[2022.03.04-17.13.29:203][  0]LogInit: High frequency timer resolution =10.000000 MHz
[2022.03.04-17.13.29:204][  0]LogMemory: Memory total: Physical=31.7GB (32GB approx)
[2022.03.04-17.13.29:204][  0]LogMemory: Platform Memory Stats for Windows
[2022.03.04-17.13.29:204][  0]LogMemory: Process Physical Memory: 151.17 MB used, 151.18 MB peak
[2022.03.04-17.13.29:204][  0]LogMemory: Process Virtual Memory: 127.69 MB used, 127.69 MB peak
[2022.03.04-17.13.29:204][  0]LogMemory: Physical Memory: 10170.00 MB used,  22308.03 MB free, 32478.03 MB total
[2022.03.04-17.13.29:204][  0]LogMemory: Virtual Memory: 134193128.00 MB used,  24599.57 MB free, 134217728.00 MB total
[2022.03.04-17.13.29:214][  0]LogWindows: WindowsPlatformFeatures enabled
[2022.03.04-17.13.29:412][  0]LogInit: Physics initialised using underlying interface: PhysX
[2022.03.04-17.13.29:414][  0]LogInit: Using OS detected language (en-US).
[2022.03.04-17.13.29:414][  0]LogInit: Using OS detected locale (es-ES).
[2022.03.04-17.13.29:418][  0]LogTextLocalizationManager: No specific localization for 'en-US' exists, so the 'en' localization will be used.
[2022.03.04-17.13.29:597][  0]LogInit: Setting process to per monitor DPI aware
[2022.03.04-17.13.29:648][  0]LogWindowsTextInputMethodSystem: Display: IME system deactivated.
[2022.03.04-17.13.29:681][  0]LogSlate: New Slate User Created.  User Index 0, Is Virtual User: 0
[2022.03.04-17.13.29:681][  0]LogSlate: Slate User Registered.  User Index 0, Is Virtual User: 0
[2022.03.04-17.13.29:802][  0]LogD3D11RHI: Loaded GFSDK_Aftermath_Lib.x64.dll
[2022.03.04-17.13.29:812][  0]LogHMD: Failed to initialize OpenVR with code 110
[2022.03.04-17.13.29:812][  0]LogD3D11RHI: D3D11 min allowed feature level: 11_0
[2022.03.04-17.13.29:813][  0]LogD3D11RHI: D3D11 max allowed feature level: 11_0
[2022.03.04-17.13.29:813][  0]LogD3D11RHI: D3D11 adapters:
[2022.03.04-17.13.30:029][  0]LogD3D11RHI:    0. 'NVIDIA GeForce RTX 3080' (Feature Level 11_0)
[2022.03.04-17.13.30:029][  0]LogD3D11RHI:       10078/0/16239 MB DedicatedVideo/DedicatedSystem/SharedSystem, Outputs:1, VendorId:0x10de
[2022.03.04-17.13.30:039][  0]LogD3D11RHI:    1. 'Microsoft Basic Render Driver' (Feature Level 11_0)
[2022.03.04-17.13.30:039][  0]LogD3D11RHI:       0/0/16239 MB DedicatedVideo/DedicatedSystem/SharedSystem, Outputs:0, VendorId:0x1414
[2022.03.04-17.13.30:039][  0]LogD3D11RHI: Chosen D3D11 Adapter:
[2022.03.04-17.13.30:040][  0]LogD3D11RHI:     Description : NVIDIA GeForce RTX 3080
[2022.03.04-17.13.30:040][  0]LogD3D11RHI:     VendorId    : 10de
[2022.03.04-17.13.30:040][  0]LogD3D11RHI:     DeviceId    : 2206
[2022.03.04-17.13.30:040][  0]LogD3D11RHI:     SubSysId    : 38911028
[2022.03.04-17.13.30:040][  0]LogD3D11RHI:     Revision    : 00a1
[2022.03.04-17.13.30:040][  0]LogD3D11RHI:     DedicatedVideoMemory : 10567548928 bytes
[2022.03.04-17.13.30:041][  0]LogD3D11RHI:     DedicatedSystemMemory : 0 bytes
[2022.03.04-17.13.30:041][  0]LogD3D11RHI:     SharedSystemMemory : 17027842048 bytes
[2022.03.04-17.13.30:041][  0]LogD3D11RHI:     AdapterLuid : 0 100838
[2022.03.04-17.13.30:049][  0]LogD3D11RHI: Creating new Direct3DDevice
[2022.03.04-17.13.30:049][  0]LogD3D11RHI:     GPU DeviceId: 0x2206 (for the marketing name, search the web for "GPU Device Id")
[2022.03.04-17.13.30:049][  0]LogWindows: EnumDisplayDevices:
[2022.03.04-17.13.30:049][  0]LogWindows:    0. 'NVIDIA GeForce RTX 3080' (P:1 D:1)
[2022.03.04-17.13.30:050][  0]LogWindows:    1. 'NVIDIA GeForce RTX 3080' (P:0 D:0)
[2022.03.04-17.13.30:051][  0]LogWindows:    2. 'NVIDIA GeForce RTX 3080' (P:0 D:0)
[2022.03.04-17.13.30:051][  0]LogWindows:    3. 'NVIDIA GeForce RTX 3080' (P:0 D:0)
[2022.03.04-17.13.30:052][  0]LogWindows: DebugString: FoundDriverCount:4 
[2022.03.04-17.13.30:052][  0]LogD3D11RHI:     Adapter Name: NVIDIA GeForce RTX 3080
[2022.03.04-17.13.30:052][  0]LogD3D11RHI:   Driver Version: 462.31 (internal:27.21.14.6231, unified:462.31)
[2022.03.04-17.13.30:052][  0]LogD3D11RHI:      Driver Date: 4-8-2021
[2022.03.04-17.13.30:053][  0]LogRHI: Texture pool is 7054 MB (70% of 10078 MB)
[2022.03.04-17.13.30:053][  0]LogD3D11RHI: Creating D3DDevice using adapter:
[2022.03.04-17.13.30:053][  0]LogD3D11RHI:     Description : NVIDIA GeForce RTX 3080
[2022.03.04-17.13.30:053][  0]LogD3D11RHI:     VendorId    : 10de
[2022.03.04-17.13.30:053][  0]LogD3D11RHI:     DeviceId    : 2206
[2022.03.04-17.13.30:053][  0]LogD3D11RHI:     SubSysId    : 38911028
[2022.03.04-17.13.30:053][  0]LogD3D11RHI:     Revision    : 00a1
[2022.03.04-17.13.30:054][  0]LogD3D11RHI:     DedicatedVideoMemory : 10567548928 bytes
[2022.03.04-17.13.30:054][  0]LogD3D11RHI:     DedicatedSystemMemory : 0 bytes
[2022.03.04-17.13.30:054][  0]LogD3D11RHI:     SharedSystemMemory : 17027842048 bytes
[2022.03.04-17.13.30:054][  0]LogD3D11RHI:     AdapterLuid : 0 100838
[2022.03.04-17.13.30:213][  0]LogD3D11RHI: RHI has support for 64 bit atomics
[2022.03.04-17.13.30:213][  0]LogD3D11RHI: Async texture creation enabled
[2022.03.04-17.13.30:214][  0]LogD3D11RHI: Array index from any shader is supported
[2022.03.04-17.13.30:242][  0]LogD3D11RHI: GPU Timing Frequency: 1000.000000 (Debug: 2 1)
[2022.03.04-17.13.30:313][  0]LogRHI: GeForceNow SDK initialized: 1
[2022.03.04-17.13.30:680][  0]LogTargetPlatformManager: Display: Loaded TargetPlatform 'AllDesktop'
[2022.03.04-17.13.30:718][  0]LogTargetPlatformManager: Display: Loaded TargetPlatform 'Android'
[2022.03.04-17.13.30:718][  0]LogTargetPlatformManager: Display: Loaded TargetPlatform 'Android_ASTC'
[2022.03.04-17.13.30:718][  0]LogTargetPlatformManager: Display: Loaded TargetPlatform 'Android_DXT'
[2022.03.04-17.13.30:718][  0]LogTargetPlatformManager: Display: Loaded TargetPlatform 'Android_ETC2'
[2022.03.04-17.13.30:719][  0]LogTargetPlatformManager: Display: Loaded TargetPlatform 'AndroidClient'
[2022.03.04-17.13.30:719][  0]LogTargetPlatformManager: Display: Loaded TargetPlatform 'Android_ASTCClient'
[2022.03.04-17.13.30:719][  0]LogTargetPlatformManager: Display: Loaded TargetPlatform 'Android_DXTClient'
[2022.03.04-17.13.30:719][  0]LogTargetPlatformManager: Display: Loaded TargetPlatform 'Android_ETC2Client'
[2022.03.04-17.13.30:719][  0]LogTargetPlatformManager: Display: Loaded TargetPlatform 'Android_Multi'
[2022.03.04-17.13.30:720][  0]LogTargetPlatformManager: Display: Loaded TargetPlatform 'Android_MultiClient'
[2022.03.04-17.13.30:766][  0]LogTargetPlatformManager: Display: Loaded TargetPlatform 'IOSClient'
[2022.03.04-17.13.30:766][  0]LogTargetPlatformManager: Display: Loaded TargetPlatform 'IOS'
[2022.03.04-17.13.30:792][  0]LogTargetPlatformManager: Display: Loaded TargetPlatform 'Linux'
[2022.03.04-17.13.30:805][  0]LogTargetPlatformManager: Display: Loaded TargetPlatform 'LinuxNoEditor'
[2022.03.04-17.13.30:818][  0]LogTargetPlatformManager: Display: Loaded TargetPlatform 'LinuxClient'
[2022.03.04-17.13.30:831][  0]LogTargetPlatformManager: Display: Loaded TargetPlatform 'LinuxServer'
[2022.03.04-17.13.30:858][  0]LogTargetPlatformManager: Display: Loaded TargetPlatform 'LinuxAArch64NoEditor'
[2022.03.04-17.13.30:868][  0]LogTargetPlatformManager: Display: Loaded TargetPlatform 'LinuxAArch64Client'
[2022.03.04-17.13.30:885][  0]LogTargetPlatformManager: Display: Loaded TargetPlatform 'LinuxAArch64Server'
[2022.03.04-17.13.30:935][  0]LogTargetPlatformManager: Display: Loaded TargetPlatform 'Lumin'
[2022.03.04-17.13.30:935][  0]LogTargetPlatformManager: Display: Loaded TargetPlatform 'LuminClient'
[2022.03.04-17.13.30:951][  0]LogTargetPlatformManager: Display: Loaded TargetPlatform 'MacNoEditor'
[2022.03.04-17.13.30:963][  0]LogTargetPlatformManager: Display: Loaded TargetPlatform 'Mac'
[2022.03.04-17.13.30:975][  0]LogTargetPlatformManager: Display: Loaded TargetPlatform 'MacClient'
[2022.03.04-17.13.30:988][  0]LogTargetPlatformManager: Display: Loaded TargetPlatform 'MacServer'
[2022.03.04-17.13.31:016][  0]LogTargetPlatformManager: Display: Loaded TargetPlatform 'TVOSClient'
[2022.03.04-17.13.31:017][  0]LogTargetPlatformManager: Display: Loaded TargetPlatform 'TVOS'
[2022.03.04-17.13.31:041][  0]LogTargetPlatformManager: Display: Loaded TargetPlatform 'WindowsNoEditor'
[2022.03.04-17.13.31:054][  0]LogTargetPlatformManager: Display: Loaded TargetPlatform 'Windows'
[2022.03.04-17.13.31:067][  0]LogTargetPlatformManager: Display: Loaded TargetPlatform 'WindowsClient'
[2022.03.04-17.13.31:080][  0]LogTargetPlatformManager: Display: Loaded TargetPlatform 'WindowsServer'
[2022.03.04-17.13.31:080][  0]LogTargetPlatformManager: Display: Building Assets For Windows
[2022.03.04-17.13.31:107][  0]LogAudioDebug: Display: Lib vorbis DLL was dynamically loaded.
[2022.03.04-17.13.31:196][  0]LogTextureFormatOodle: Display: Oodle Texture 2.9.0 init RDO Off
[2022.03.04-17.13.31:303][  0]LogRendererCore: Ray tracing is disabled. Reason: r.RayTracing=0.
[2022.03.04-17.13.31:304][  0]LogShaderCompilers: Guid format shader working directory is -18 characters bigger than the processId version (../../../../../../Users/andres.perez/Documents/GitHub/PruebasNox/NoxIA/Intermediate/Shaders/WorkingDirectory/22680/).
[2022.03.04-17.13.31:304][  0]LogShaderCompilers: Cleaned the shader compiler working directory 'C:/Users/andres.perez/AppData/Local/Temp/UnrealShaderWorkingDir/81B13D534CED1270829B3BA31905875A/'.
[2022.03.04-17.13.31:305][  0]LogXGEController: Cannot use XGE Controller as Incredibuild is not installed on this machine.
[2022.03.04-17.13.31:305][  0]LogShaderCompilers: Cannot use XGE Shader Compiler as Incredibuild is not installed on this machine.
[2022.03.04-17.13.31:305][  0]LogShaderCompilers: Display: Using Local Shader Compiler.
[2022.03.04-17.13.31:991][  0]LogDerivedDataCache: Display: Max Cache Size: 512 MB
[2022.03.04-17.13.32:051][  0]LogDerivedDataCache: Loaded boot cache 0.06s 99MB C:/Users/andres.perez/AppData/Local/UnrealEngine/4.27/DerivedDataCache/Boot.ddc.
[2022.03.04-17.13.32:051][  0]LogDerivedDataCache: Display: Loaded Boot cache: C:/Users/andres.perez/AppData/Local/UnrealEngine/4.27/DerivedDataCache/Boot.ddc
[2022.03.04-17.13.32:051][  0]LogDerivedDataCache: FDerivedDataBackendGraph:  Pak pak cache file ../../../../../../Users/andres.perez/Documents/GitHub/PruebasNox/NoxIA/DerivedDataCache/DDC.ddp not found, will not use a pak cache.
[2022.03.04-17.13.32:051][  0]LogDerivedDataCache: Unable to find inner node Pak for hierarchical cache Hierarchy.
[2022.03.04-17.13.32:051][  0]LogDerivedDataCache: FDerivedDataBackendGraph:  CompressedPak pak cache file ../../../../../../Users/andres.perez/Documents/GitHub/PruebasNox/NoxIA/DerivedDataCache/Compressed.ddp not found, will not use a pak cache.
[2022.03.04-17.13.32:052][  0]LogDerivedDataCache: Unable to find inner node CompressedPak for hierarchical cache Hierarchy.
[2022.03.04-17.13.32:071][  0]LogDerivedDataCache: Display: Pak cache opened for reading ../../../Engine/DerivedDataCache/Compressed.ddp.
[2022.03.04-17.13.32:072][  0]LogDerivedDataCache: FDerivedDataBackendGraph:  EnterprisePak pak cache file ../../../Enterprise/DerivedDataCache/Compressed.ddp not found, will not use a pak cache.
[2022.03.04-17.13.32:072][  0]LogDerivedDataCache: Unable to find inner node EnterprisePak for hierarchical cache Hierarchy.
[2022.03.04-17.13.32:088][  0]LogDerivedDataCache: Speed tests for C:/Users/andres.perez/AppData/Local/UnrealEngine/Common/DerivedDataCache took 0.02 seconds
[2022.03.04-17.13.32:089][  0]LogDerivedDataCache: Display: Performance to C:/Users/andres.perez/AppData/Local/UnrealEngine/Common/DerivedDataCache: Latency=0.04ms. RandomReadSpeed=743.10MBs, RandomWriteSpeed=64.69MBs. Assigned SpeedClass 'Local'
[2022.03.04-17.13.32:092][  0]LogDerivedDataCache: Using Local data cache path C:/Users/andres.perez/AppData/Local/UnrealEngine/Common/DerivedDataCache: Writable
[2022.03.04-17.13.32:093][  0]LogDerivedDataCache: Shared data cache path not found in *engine.ini, will not use an Shared cache.
[2022.03.04-17.13.32:093][  0]LogDerivedDataCache: Unable to find inner node Shared for hierarchical cache Hierarchy.
[2022.03.04-17.13.32:145][  0]LogSlate: Using FreeType 2.10.0
[2022.03.04-17.13.32:145][  0]LogSlate: SlateFontServices - WITH_FREETYPE: 1, WITH_HARFBUZZ: 1
[2022.03.04-17.13.32:191][  0]LogAssetRegistry: FAssetRegistry took 0.0087 seconds to start up
[2022.03.04-17.13.32:425][  0]LogInit: Selected Device Profile: [Windows]
[2022.03.04-17.13.32:425][  0]LogInit: Active device profile: [000002F9D8E2D400][000002F9D9A8D640 49] Windows
[2022.03.04-17.13.32:425][  0]LogInit: Profiles: [000002F9D8E2D400][000002F9D9A8D640 49] Windows, [000002F9D8DB8100][000002F9CC33D7C0 49] WindowsNoEditor, [000002F9D8DA8200][000002F9CC341940 49] WindowsServer, [000002F9D8DBA100][000002F9D5A63AC0 49] WindowsClient, [000002F9D8DA9F00][000002F9D98F00C0 49] IOS, [000002F9D8DB8600][000002F9D5CD8240 49] iPadAir, [000002F9D8DABB00][000002F9D5CDC3C0 49] iPadAir2, [000002F9D8D40800][000002F9D975E680 49] IPadPro, [000002F9D8D40900][000002F9D5CE06C0 49] iPadAir3, [000002F9D8DA8500][000002F9CCD94800 49] iPadAir4, [000002F9D8D40600][000002F9D9766940 49] iPadMini2, [000002F9D8DAA000][000002F9D9774A80 49] iPadMini3, [000002F9D8D41500][000002F9CCD08BC0 49] iPadMini4, [000002F9D8DAA900][000002F9CCD10D40 49] iPadMini5, [000002F9D8DBB900][000002F9CCD19000 49] iPhone6, [000002F9D8DB9000][000002F9CCD15040 49] iPodTouch6, [000002F9D8D3BE00][000002F9CCD21300 49] iPhone7, [000002F9D8D3BF00][000002F9CCD1D340 49] iPodTouch7, [000002F9D8DBBE00][000002F9CCD254C0 49] iPhone5S, [000002F9D8D38800][000002F9CC2F7640 49] iPhone6Plus, [000002F9D8DB8C00][000002F9D5A1F7C0 49] iPhone6S, [000002F9D8D3B100][000002F9D5A27940 49] iPhone6SPlus, [000002F9D8DBAA00][000002F9D5A2BAC0 49] iPhone7Plus, [000002F9D8D39000][000002F9D5A2E0C0 49] iPhoneSE, [000002F9D8DBA000][000002F9CC2FE240 49] iPhone8, [000002F9D8D3A900][000002F9CC3023C0 49] iPhone8Plus, [000002F9D8DBAC00][000002F9CC306540 49] iPhoneX, [000002F9D8D39800][000002F9CC30E6C0 49] iPhoneXS, [000002F9D8DB8900][000002F9CC312840 49] iPhoneXSMax, [000002F9D8D3A100][000002F9CCD0C980 49] iPhoneXR, [000002F9D8DB9C00][000002F9CC316AC0 49] iPhone11, [000002F9D8D38600][000002F9CC31AC00 49] iPhone11Pro, [000002F9D8DBB000][000002F9CC31ED40 49] iPhone11ProMax, [000002F9D8D3BB00][000002F9CCD04EC0 49] iPhoneSE2, [000002F9D8DBB800][000002F9CC32F040 49] iPhone12Mini, [000002F9D8D38400][000002F9D5CC31C0 49] iPhone12, [000002F9D8DBA800][000002F9CC30B340 49] iPhone12Pro, [000002F9D8D3B200][000002F9CC2FB4C0 49] iPhone12ProMax, [000002F9D8DBB100][000002F9D5CC7640 49] iPadPro105, [000002F9D8D3BD00][000002F9CC3337C0 49] iPadPro129, [000002F9D8DB8B00][000002F9D5A23940 49] iPadPro97, [000002F9D8D3A600][000002F9CC337AC0 49] iPadPro2_129, [000002F9D8DBA700][000002F9D98BE0C0 49] iPad5, [000002F9D8D3A300][000002F9D98C2240 49] iPad6, [000002F9D8DB8800][000002F9D98C63C0 49] iPad7, [000002F9D8D3BA00][000002F9D98CA540 49] iPad8, [000002F9D8DB8D00][000002F9D98CE6C0 49] iPadPro11, [000002F9D8D3B900][000002F9D98D2840 49] iPadPro2_11, [000002F9D8DBA900][000002F9D98D69C0 49] iPadPro3_129, [000002F9D8D3AF00][000002F9D98DAB40 49] iPadPro4_129, [000002F9D8DBB700][000002F9CCD00C80 49] AppleTV, [000002F9D8D38A00][000002F9D98DEDC0 49] AppleTV4K, [000002F9D8DBA400][000002F9CCC9AF00 49] TVOS, [000002F9D8D39A00][000002F9CCCA3080 49] Mac, [000002F9D8DBBD00][000002F9CCCA7200 49] MacClient, [000002F9D8D39C00][000002F9CCCAB380 49] MacNoEditor, [000002F9D8DB8E00][000002F9CCCAF500 49] MacServer, [000002F9D8D38100][000002F9CCCB3680 49] Linux, [000002F9D8DB9100][000002F9CCCB7800 49] LinuxAArch64, [000002F9D8D3B600][000002F9CCCBB980 49] LinuxNoEditor, [000002F9D8DBAE00][000002F9CCCBFB00 49] LinuxAArch64NoEditor, [000002F9D8D3B300][000002F9CCCC2100 49] LinuxClient, [000002F9D8DBBC00][000002F9CCCC6280 49] LinuxAArch64Client, [000002F9D8D3A000][000002F9CCCCA400 49] LinuxServer, [000002F9D8DBB500][000002F9CCCCE580 49] LinuxAArch64Server, [000002F9D8D3BC00][000002F9CCCD2700 49] Android, [000002F9D8DB9A00][000002F9CCCD6880 49] Android_Low, [000002F9D8D3B400][000002F9CCCDAA00 49] Android_Mid, [000002F9D8DBAF00][000002F9CCCDEB80 49] Android_High, [000002F9D8D40100][000002F9CCCE2D00 49] Android_Default, [000002F9D8E2D300][000002F9CCC9EE40 49] Android_Adreno4xx, [000002F9D8D43B00][000002F9CCCE6F80 49] Android_Adreno5xx_Low, [000002F9D8E2D100][000002F9CCCEB0C0 49] Android_Adreno5xx, [000002F9D8D42E00][000002F9CCCF3240 49] Android_Adreno6xx, [000002F9D8E2DD00][000002F9CCCF73C0 49] Android_Adreno6xx_Vulkan, [000002F9D8D43200][000002F9CCCFB540 49] Android_Mali_T6xx, [000002F9D8E2E400][000002F9D96916C0 49] Android_Mali_T7xx, [000002F9D8D43400][000002F9D9695840 49] Android_Mali_T8xx, [000002F9D8E2C300][000002F9D96999C0 49] Android_Mali_G71, [000002F9D8D43E00][000002F9D969DB40 49] Android_Mali_G72, [000002F9D8E2CA00][000002F9D96A0140 49] Android_Mali_G72_Vulkan, [000002F9D8D41100][000002F9D96A42C0 49] Android_Mali_G76, [000002F9D8E2E700][000002F9D96A8440 49] Android_Mali_G76_Vulkan, [000002F9D8D42800][000002F9D96AC5C0 49] Android_Mali_G77, [000002F9D8E2EB00][000002F9D96B0740 49] Android_Mali_G77_Vulkan, [000002F9D8D41800][000002F9D96B48C0 49] Android_Mali_G78, [000002F9D8E2C900][000002F9D96B8A40 49] Android_Mali_G78_Vulkan, [000002F9D8D43000][000002F9D96BCBC0 49] Android_Mali_G710, [000002F9D8E2CD00][000002F9D96C0D40 49] Android_Mali_G710_Vulkan, [000002F9D8D40B00][000002F9D96C4EC0 49] Android_Vulkan_SM5, [000002F9D8E2D200][000002F9CCCEF000 49] Android_PowerVR_G6xxx, [000002F9D8D42700][000002F9D96C9140 49] Android_PowerVR_GT7xxx, [000002F9D8E2E200][000002F9D96CD280 49] Android_PowerVR_GE8xxx, [000002F9D8D43D00][000002F9D96D13C0 49] Android_PowerVR_GM9xxx, [000002F9D8E2E600][000002F9D96D9540 49] Android_PowerVR_GM9xxx_Vulkan, [000002F9D8D43A00][000002F9D96DD6C0 49] Android_TegraK1, [000002F9D8E2EA00][000002F9D96E1840 49] Android_Unknown_Vulkan, [000002F9D8D40700][000002F9D96E59C0 49] Lumin, [000002F9D8E2F000][000002F9D96E9B40 49] Lumin_Desktop, [000002F9D8DBA200][000002F9D96EC140 49] HoloLens, 
[2022.03.04-17.13.32:598][  0]LogMeshReduction: Using QuadricMeshReduction for automatic static mesh reduction
[2022.03.04-17.13.32:598][  0]LogMeshReduction: Using SimplygonMeshReduction for automatic skeletal mesh reduction
[2022.03.04-17.13.32:598][  0]LogMeshReduction: Using ProxyLODMeshReduction for automatic mesh merging
[2022.03.04-17.13.32:598][  0]LogMeshReduction: No distributed automatic mesh merging module available
[2022.03.04-17.13.32:598][  0]LogMeshMerging: No distributed automatic mesh merging module available
[2022.03.04-17.13.32:619][  0]LogNetVersion: NoxIA 1.0.0, NetCL: 17155196, EngineNetVer: 17, GameNetVer: 0 (Checksum: 2402441128)
[2022.03.04-17.13.33:290][  0]LogTexture: Default maximum texture size for cubemaps generated from long-lat sources has been changed from 512 to unlimited. In order to preserve old behaiour for '/Engine/MapTemplates/Sky/DaylightAmbientCubemap.DaylightAmbientCubemap', its maximum texture size has been explicitly set to 512.
[2022.03.04-17.13.33:399][  0]LogHMD: PokeAHoleMaterial loaded successfully
[2022.03.04-17.13.33:407][  0]LogUObjectArray: 17178 objects as part of root set at end of initial load.
[2022.03.04-17.13.33:407][  0]LogUObjectAllocator: 4302048 out of 0 bytes used by permanent object pool.
[2022.03.04-17.13.33:407][  0]LogUObjectArray: CloseDisregardForGC: 0/0 objects in disregard for GC pool
[2022.03.04-17.13.34:023][  0]LogNiagaraDebuggerClient: Niagara Debugger Client Initialized | Session: C444330942EF1478B4EB449EF8DB7FC5 | Instance: C3BA5535484AEE6FCAE4CDB6B9EABA94 (UTWKS0871-22680).
[2022.03.04-17.13.34:341][  0]LogTcpMessaging: Initializing TcpMessaging bridge
[2022.03.04-17.13.34:354][  0]LogUdpMessaging: Initializing bridge on interface 0.0.0.0:0 to multicast group 230.0.0.1:6666.
[2022.03.04-17.13.34:411][  0]LogPython: Using Python 3.7.7
[2022.03.04-17.13.35:425][  0]SourceControl: Source control is disabled
[2022.03.04-17.13.35:425][  0]SourceControl: Source control is disabled
[2022.03.04-17.13.35:430][  0]SourceControl: Source control is disabled
[2022.03.04-17.13.35:440][  0]SourceControl: Source control is disabled
[2022.03.04-17.13.35:450][  0]SourceControl: Source control is disabled
[2022.03.04-17.13.35:454][  0]LogUProjectInfo: Found projects:
[2022.03.04-17.13.35:889][  0]LogOpenImageDenoise: OIDN starting up
[2022.03.04-17.13.35:895][  0]LogAndroidPermission: UAndroidPermissionCallbackProxy::GetInstance
[2022.03.04-17.13.36:004][  0]LogAudioCaptureCore: Display: No Audio Capture implementations found. Audio input will be silent.
[2022.03.04-17.13.36:004][  0]LogAudioCaptureCore: Display: No Audio Capture implementations found. Audio input will be silent.
[2022.03.04-17.13.36:153][  0]LogCollectionManager: Loaded 0 collections in 0.001577 seconds
[2022.03.04-17.13.36:194][  0]LogFileCache: Scanning file cache for directory 'C:/Users/andres.perez/Documents/GitHub/PruebasNox/NoxIA/Saved/Collections/' took 0.00s
[2022.03.04-17.13.36:195][  0]LogFileCache: Scanning file cache for directory 'C:/Users/andres.perez/Documents/GitHub/PruebasNox/NoxIA/Content/Developers/andresperez/Collections/' took 0.00s
[2022.03.04-17.13.36:195][  0]LogFileCache: Scanning file cache for directory 'C:/Users/andres.perez/Documents/GitHub/PruebasNox/NoxIA/Content/Collections/' took 0.01s
[2022.03.04-17.13.36:195][  0]LogOcInput: OculusInput pre-init called
[2022.03.04-17.13.36:809][  0]LogEngine: Initializing Engine...
[2022.03.04-17.13.36:816][  0]LogHMD: Failed to enumerate extensions. Please check that you have a valid OpenXR runtime installed.
[2022.03.04-17.13.36:817][  0]LogHMD: Failed to initialize OpenVR with code 110
[2022.03.04-17.13.36:817][  0]LogMagicLeap: Warning: VR disabled because ZI is not enabled.  To enable, in the editor, Edit -> Project Settings -> Plugins -> Magic Leap Plugin -> Enable Zero Iteration
[2022.03.04-17.13.36:819][  0]LogStats: UGameplayTagsManager::InitializeManager -  0.000 s
[2022.03.04-17.13.36:979][  0]LogInit: Initializing FReadOnlyCVARCache
[2022.03.04-17.13.37:004][  0]LogAIModule: Creating AISystem for world Untitled
[2022.03.04-17.13.37:005][  0]LogAudio: Display: Initializing Audio Device Manager...
[2022.03.04-17.13.37:014][  0]LogAudio: Display: Loading Default Audio Settings Objects...
[2022.03.04-17.13.37:015][  0]LogAudio: Display: No default SoundConcurrencyObject specified (or failed to load).
[2022.03.04-17.13.37:016][  0]LogAudio: Display: Audio Device Manager Initialized
[2022.03.04-17.13.37:016][  0]LogAudio: Display: Creating Audio Device:                 Id: 1, Scope: Shared, Realtime: True
[2022.03.04-17.13.37:016][  0]LogAudioMixer: Display: Audio Mixer Platform Settings:
[2022.03.04-17.13.37:017][  0]LogAudioMixer: Display: 	Sample Rate:						  48000
[2022.03.04-17.13.37:017][  0]LogAudioMixer: Display: 	Callback Buffer Frame Size Requested: 1024
[2022.03.04-17.13.37:017][  0]LogAudioMixer: Display: 	Callback Buffer Frame Size To Use:	  1024
[2022.03.04-17.13.37:017][  0]LogAudioMixer: Display: 	Number of buffers to queue:			  2
[2022.03.04-17.13.37:017][  0]LogAudioMixer: Display: 	Max Channels (voices):				  32
[2022.03.04-17.13.37:017][  0]LogAudioMixer: Display: 	Number of Async Source Workers:		  0
[2022.03.04-17.13.37:018][  0]LogAudio: Display: AudioDevice MaxSources: 32
[2022.03.04-17.13.37:018][  0]LogAudio: Display: Audio Spatialization Plugin: None (built-in).
[2022.03.04-17.13.37:019][  0]LogAudio: Display: Audio Reverb Plugin: None (built-in).
[2022.03.04-17.13.37:019][  0]LogAudio: Display: Audio Occlusion Plugin: None (built-in).
[2022.03.04-17.13.37:019][  0]LogAudioMixer: Display: Initializing audio mixer.
[2022.03.04-17.13.37:046][  0]LogAudioMixer: Display: 0: FrontLeft
[2022.03.04-17.13.37:046][  0]LogAudioMixer: Display: 1: FrontRight
[2022.03.04-17.13.37:350][  0]LogAudioMixer: Display: Using Audio Device Speakers / Headphones (Realtek Audio)
[2022.03.04-17.13.37:356][  0]LogAudioMixer: Display: Initializing Sound Submixes...
[2022.03.04-17.13.37:361][  0]LogAudioMixer: Display: Creating Master Submix 'MasterSubmixDefault'
[2022.03.04-17.13.37:361][  0]LogAudioMixer: Display: Creating Master Submix 'MasterReverbSubmixDefault'
[2022.03.04-17.13.37:364][  0]LogAudioMixer: Display: Creating Master Submix 'MasterEQSubmixDefault'
[2022.03.04-17.13.37:365][  0]LogAudioMixer: FMixerPlatformXAudio2::StartAudioStream() called
[2022.03.04-17.13.37:365][  0]LogAudioMixer: Display: Output buffers initialized: Frames=1024, Channels=2, Samples=2048
[2022.03.04-17.13.37:370][  0]LogAudioMixer: Display: Starting AudioMixerPlatformInterface::RunInternal()
[2022.03.04-17.13.37:370][  0]LogAudioMixer: Display: FMixerPlatformXAudio2::SubmitBuffer() called for the first time
[2022.03.04-17.13.37:370][  0]LogInit: FAudioDevice initialized.
[2022.03.04-17.13.37:371][  0]LogAudio: Display: Audio Device (ID: 1) registered with world 'Untitled'.
[2022.03.04-17.13.37:371][  0]LogNetVersion: Set ProjectVersion to 1.0.0.0. Version Checksum will be recalculated on next use.
[2022.03.04-17.13.37:447][  0]LogDerivedDataCache: Saved boot cache 0.08s 99MB C:/Users/andres.perez/AppData/Local/UnrealEngine/4.27/DerivedDataCache/Boot.ddc.
[2022.03.04-17.13.37:447][  0]LogInit: Texture streaming: Enabled
[2022.03.04-17.13.37:475][  0]LogAnalytics: Display: [UEEditor.Rocket.Release] APIServer = https://datarouter.ol.epicgames.com/. AppVersion = 4.27.2-18319896+++UE4+Release-4.27
[2022.03.04-17.13.37:483][  0]LogEngineSessionManager: EngineSessionManager initialized
[2022.03.04-17.13.37:483][  0]LogEditorSessionSummary: Verbose: Initializing EditorSessionSummaryWriter for editor session tracking
[2022.03.04-17.13.37:485][  0]LogEditorSessionSummary: EditorSessionSummaryWriter initialized
[2022.03.04-17.13.37:510][  0]LogInit: Transaction tracking system initialized
[2022.03.04-17.13.37:554][  0]BlueprintLog: New page: Editor Load
[2022.03.04-17.13.37:698][  0]LocalizationService: Localization service is disabled
[2022.03.04-17.13.37:752][  0]TimingProfiler: Initialize
[2022.03.04-17.13.37:753][  0]TimingProfiler: OnSessionChanged
[2022.03.04-17.13.37:753][  0]LoadingProfiler: Initialize
[2022.03.04-17.13.37:753][  0]LoadingProfiler: OnSessionChanged
[2022.03.04-17.13.37:753][  0]NetworkingProfiler: Initialize
[2022.03.04-17.13.37:753][  0]NetworkingProfiler: OnSessionChanged
[2022.03.04-17.13.37:754][  0]MemoryProfiler: Initialize
[2022.03.04-17.13.37:754][  0]MemoryProfiler: OnSessionChanged
[2022.03.04-17.13.38:003][  0]LogCook: Display: CookSettings for Memory: MemoryMaxUsedVirtual 0MiB, MemoryMaxUsedPhysical 16384MiB, MemoryMinFreeVirtual 0MiB, MemoryMinFreePhysical 1024MiB
[2022.03.04-17.13.38:004][  0]LogCook: Display: Mobile HDR setting 1
[2022.03.04-17.13.38:375][  0]LogFileCache: Scanning file cache for directory 'C:/Users/andres.perez/Documents/GitHub/PruebasNox/NoxIA/Content/' took 0.01s
[2022.03.04-17.13.38:573][  0]LogInit: Display: Engine is initialized. Leaving FEngineLoop::Init()
[2022.03.04-17.13.38:576][  0]SourceControl: Source control is disabled
[2022.03.04-17.13.38:576][  0]LogUnrealEdMisc: Loading editor; pre map load, took 10.951
[2022.03.04-17.13.38:576][  0]Cmd: MAP LOAD FILE="../../../../../../Users/andres.perez/Documents/GitHub/PruebasNox/NoxIA/Content/FirstPersonCPP/Maps/FirstPersonExampleMap.umap" TEMPLATE=0 SHOWPROGRESS=1 FEATURELEVEL=3
[2022.03.04-17.13.38:576][  0]LightingResults: New page: Lighting Build
[2022.03.04-17.13.38:578][  0]LogWorld: UWorld::CleanupWorld for Untitled, bSessionEnded=true, bCleanupResources=true
[2022.03.04-17.13.38:578][  0]LogSlate: InvalidateAllWidgets triggered.  All widgets were invalidated
[2022.03.04-17.13.38:578][  0]MapCheck: New page: Map Check
[2022.03.04-17.13.38:578][  0]LightingResults: New page: Lighting Build
[2022.03.04-17.13.38:600][  0]LogAudio: Display: Audio Device unregistered from world 'None'.
[2022.03.04-17.13.38:608][  0]LogUObjectHash: Compacting FUObjectHashTables data took   1.19ms
[2022.03.04-17.13.38:665][  0]LogAudio: Display: Audio Device (ID: 1) registered with world 'FirstPersonExampleMap'.
[2022.03.04-17.13.38:669][  0]LogAIModule: Creating AISystem for world FirstPersonExampleMap
[2022.03.04-17.13.38:727][  0]LogEditorServer: Finished looking for orphan Actors (0.000 secs)
[2022.03.04-17.13.38:742][  0]LogUObjectHash: Compacting FUObjectHashTables data took   0.85ms
[2022.03.04-17.13.38:743][  0]Cmd: MAP CHECKDEP NOCLEARLOG
[2022.03.04-17.13.38:743][  0]MapCheck: Map check complete: 0 Error(s), 0 Warning(s), took 0,135ms to complete.
[2022.03.04-17.13.38:743][  0]LogFileHelpers: Loading map 'FirstPersonExampleMap' took 0.168
[2022.03.04-17.13.38:745][  0]LogUnrealEdMisc: Total Editor Startup Time, took 11.121
[2022.03.04-17.13.38:918][  0]LogSlate: Updating window title bar state: overlay mode, drag disabled, window buttons hidden, title bar hidden
[2022.03.04-17.13.38:924][  0]LogSlate: Updating window title bar state: overlay mode, drag disabled, window buttons hidden, title bar hidden
[2022.03.04-17.13.38:929][  0]LogSlate: Updating window title bar state: overlay mode, drag disabled, window buttons hidden, title bar hidden
[2022.03.04-17.13.38:934][  0]LogSlate: Updating window title bar state: overlay mode, drag disabled, window buttons hidden, title bar hidden
[2022.03.04-17.13.38:946][  0]LogNativeClassHierarchy: Verbose: Native class hierarchy populated in 0.0087 seconds. Added 3832 classes and 932 folders.
[2022.03.04-17.13.38:950][  0]LogNativeClassHierarchy: Verbose: Native class hierarchy updated for 'WidgetCarousel' in 0.0003 seconds. Added 0 classes and 0 folders.
[2022.03.04-17.13.38:952][  0]LogPakFile: PakFile PrimaryIndexSize=187
[2022.03.04-17.13.38:952][  0]LogPakFile: PakFile PathHashIndexSize=101
[2022.03.04-17.13.38:952][  0]LogPakFile: PakFile FullDirectoryIndexSize=148
[2022.03.04-17.13.38:952][  0]LogShaderLibrary: Display: ShaderCodeLibraryPakFileMountedCallback: PakFile 'C:/Program Files/Epic Games/UE_4.27_2/FeaturePacks/FP_FirstPerson.upack' (chunk index -1, root 'root:/') mounted
[2022.03.04-17.13.38:952][  0]LogShaderLibrary: Display: ShaderCodeLibraryPakFileMountedCallback: pending pak file info (ChunkID:-1 Root:root:/ File:C:/Program Files/Epic Games/UE_4.27_2/FeaturePacks/FP_FirstPerson.upack)
[2022.03.04-17.13.38:952][  0]LogPakFile: OnPakFileMounted2Time == 0.000380
[2022.03.04-17.13.38:953][  0]LogPakFile: PakFile PrimaryIndexSize=189
[2022.03.04-17.13.38:953][  0]LogPakFile: PakFile PathHashIndexSize=101
[2022.03.04-17.13.38:953][  0]LogPakFile: PakFile FullDirectoryIndexSize=152
[2022.03.04-17.13.38:953][  0]LogShaderLibrary: Display: ShaderCodeLibraryPakFileMountedCallback: PakFile 'C:/Program Files/Epic Games/UE_4.27_2/FeaturePacks/FP_FirstPersonBP.upack' (chunk index -1, root 'root:/') mounted
[2022.03.04-17.13.38:953][  0]LogShaderLibrary: Display: ShaderCodeLibraryPakFileMountedCallback: pending pak file info (ChunkID:-1 Root:root:/ File:C:/Program Files/Epic Games/UE_4.27_2/FeaturePacks/FP_FirstPersonBP.upack)
[2022.03.04-17.13.38:953][  0]LogPakFile: OnPakFileMounted2Time == 0.000205
[2022.03.04-17.13.38:954][  0]LogPakFile: PakFile PrimaryIndexSize=191
[2022.03.04-17.13.38:954][  0]LogPakFile: PakFile PathHashIndexSize=101
[2022.03.04-17.13.38:954][  0]LogPakFile: PakFile FullDirectoryIndexSize=160
[2022.03.04-17.13.38:954][  0]LogShaderLibrary: Display: ShaderCodeLibraryPakFileMountedCallback: PakFile 'C:/Program Files/Epic Games/UE_4.27_2/FeaturePacks/MobileStarterContent.upack' (chunk index -1, root 'root:/') mounted
[2022.03.04-17.13.38:954][  0]LogShaderLibrary: Display: ShaderCodeLibraryPakFileMountedCallback: pending pak file info (ChunkID:-1 Root:root:/ File:C:/Program Files/Epic Games/UE_4.27_2/FeaturePacks/MobileStarterContent.upack)
[2022.03.04-17.13.38:954][  0]LogPakFile: OnPakFileMounted2Time == 0.000165
[2022.03.04-17.13.38:955][  0]LogPakFile: PakFile PrimaryIndexSize=185
[2022.03.04-17.13.38:955][  0]LogPakFile: PakFile PathHashIndexSize=101
[2022.03.04-17.13.38:955][  0]LogPakFile: PakFile FullDirectoryIndexSize=148
[2022.03.04-17.13.38:955][  0]LogShaderLibrary: Display: ShaderCodeLibraryPakFileMountedCallback: PakFile 'C:/Program Files/Epic Games/UE_4.27_2/FeaturePacks/StarterContent.upack' (chunk index -1, root 'root:/') mounted
[2022.03.04-17.13.38:955][  0]LogShaderLibrary: Display: ShaderCodeLibraryPakFileMountedCallback: pending pak file info (ChunkID:-1 Root:root:/ File:C:/Program Files/Epic Games/UE_4.27_2/FeaturePacks/StarterContent.upack)
[2022.03.04-17.13.38:955][  0]LogPakFile: OnPakFileMounted2Time == 0.000166
[2022.03.04-17.13.38:956][  0]LogPakFile: PakFile PrimaryIndexSize=190
[2022.03.04-17.13.38:956][  0]LogPakFile: PakFile PathHashIndexSize=101
[2022.03.04-17.13.38:956][  0]LogPakFile: PakFile FullDirectoryIndexSize=154
[2022.03.04-17.13.38:956][  0]LogShaderLibrary: Display: ShaderCodeLibraryPakFileMountedCallback: PakFile 'C:/Program Files/Epic Games/UE_4.27_2/FeaturePacks/TP_2DSideScroller.upack' (chunk index -1, root 'root:/') mounted
[2022.03.04-17.13.38:956][  0]LogShaderLibrary: Display: ShaderCodeLibraryPakFileMountedCallback: pending pak file info (ChunkID:-1 Root:root:/ File:C:/Program Files/Epic Games/UE_4.27_2/FeaturePacks/TP_2DSideScroller.upack)
[2022.03.04-17.13.38:956][  0]LogPakFile: OnPakFileMounted2Time == 0.000179
[2022.03.04-17.13.38:957][  0]LogPakFile: PakFile PrimaryIndexSize=192
[2022.03.04-17.13.38:957][  0]LogPakFile: PakFile PathHashIndexSize=101
[2022.03.04-17.13.38:957][  0]LogPakFile: PakFile FullDirectoryIndexSize=158
[2022.03.04-17.13.38:957][  0]LogShaderLibrary: Display: ShaderCodeLibraryPakFileMountedCallback: PakFile 'C:/Program Files/Epic Games/UE_4.27_2/FeaturePacks/TP_2DSideScrollerBP.upack' (chunk index -1, root 'root:/') mounted
[2022.03.04-17.13.38:957][  0]LogShaderLibrary: Display: ShaderCodeLibraryPakFileMountedCallback: pending pak file info (ChunkID:-1 Root:root:/ File:C:/Program Files/Epic Games/UE_4.27_2/FeaturePacks/TP_2DSideScrollerBP.upack)
[2022.03.04-17.13.38:957][  0]LogPakFile: OnPakFileMounted2Time == 0.000188
[2022.03.04-17.13.38:958][  0]LogPakFile: PakFile PrimaryIndexSize=182
[2022.03.04-17.13.38:958][  0]LogPakFile: PakFile PathHashIndexSize=101
[2022.03.04-17.13.38:958][  0]LogPakFile: PakFile FullDirectoryIndexSize=138
[2022.03.04-17.13.38:958][  0]LogShaderLibrary: Display: ShaderCodeLibraryPakFileMountedCallback: PakFile 'C:/Program Files/Epic Games/UE_4.27_2/FeaturePacks/TP_Flying.upack' (chunk index -1, root 'root:/') mounted
[2022.03.04-17.13.38:958][  0]LogShaderLibrary: Display: ShaderCodeLibraryPakFileMountedCallback: pending pak file info (ChunkID:-1 Root:root:/ File:C:/Program Files/Epic Games/UE_4.27_2/FeaturePacks/TP_Flying.upack)
[2022.03.04-17.13.38:958][  0]LogPakFile: OnPakFileMounted2Time == 0.000165
[2022.03.04-17.13.38:959][  0]LogPakFile: PakFile PrimaryIndexSize=184
[2022.03.04-17.13.38:959][  0]LogPakFile: PakFile PathHashIndexSize=101
[2022.03.04-17.13.38:959][  0]LogPakFile: PakFile FullDirectoryIndexSize=142
[2022.03.04-17.13.38:959][  0]LogShaderLibrary: Display: ShaderCodeLibraryPakFileMountedCallback: PakFile 'C:/Program Files/Epic Games/UE_4.27_2/FeaturePacks/TP_FlyingBP.upack' (chunk index -1, root 'root:/') mounted
[2022.03.04-17.13.38:959][  0]LogShaderLibrary: Display: ShaderCodeLibraryPakFileMountedCallback: pending pak file info (ChunkID:-1 Root:root:/ File:C:/Program Files/Epic Games/UE_4.27_2/FeaturePacks/TP_FlyingBP.upack)
[2022.03.04-17.13.38:959][  0]LogPakFile: OnPakFileMounted2Time == 0.000175
[2022.03.04-17.13.38:960][  0]LogPakFile: PakFile PrimaryIndexSize=188
[2022.03.04-17.13.38:960][  0]LogPakFile: PakFile PathHashIndexSize=101
[2022.03.04-17.13.38:960][  0]LogPakFile: PakFile FullDirectoryIndexSize=150
[2022.03.04-17.13.38:960][  0]LogShaderLibrary: Display: ShaderCodeLibraryPakFileMountedCallback: PakFile 'C:/Program Files/Epic Games/UE_4.27_2/FeaturePacks/TP_HandheldARBP.upack' (chunk index -1, root 'root:/') mounted
[2022.03.04-17.13.38:960][  0]LogShaderLibrary: Display: ShaderCodeLibraryPakFileMountedCallback: pending pak file info (ChunkID:-1 Root:root:/ File:C:/Program Files/Epic Games/UE_4.27_2/FeaturePacks/TP_HandheldARBP.upack)
[2022.03.04-17.13.38:960][  0]LogPakFile: OnPakFileMounted2Time == 0.000302
[2022.03.04-17.13.38:962][  0]LogPakFile: PakFile PrimaryIndexSize=182
[2022.03.04-17.13.38:962][  0]LogPakFile: PakFile PathHashIndexSize=101
[2022.03.04-17.13.38:962][  0]LogPakFile: PakFile FullDirectoryIndexSize=138
[2022.03.04-17.13.38:962][  0]LogShaderLibrary: Display: ShaderCodeLibraryPakFileMountedCallback: PakFile 'C:/Program Files/Epic Games/UE_4.27_2/FeaturePacks/TP_Puzzle.upack' (chunk index -1, root 'root:/') mounted
[2022.03.04-17.13.38:962][  0]LogShaderLibrary: Display: ShaderCodeLibraryPakFileMountedCallback: pending pak file info (ChunkID:-1 Root:root:/ File:C:/Program Files/Epic Games/UE_4.27_2/FeaturePacks/TP_Puzzle.upack)
[2022.03.04-17.13.38:962][  0]LogPakFile: OnPakFileMounted2Time == 0.000182
[2022.03.04-17.13.38:963][  0]LogPakFile: PakFile PrimaryIndexSize=184
[2022.03.04-17.13.38:963][  0]LogPakFile: PakFile PathHashIndexSize=101
[2022.03.04-17.13.38:963][  0]LogPakFile: PakFile FullDirectoryIndexSize=142
[2022.03.04-17.13.38:963][  0]LogShaderLibrary: Display: ShaderCodeLibraryPakFileMountedCallback: PakFile 'C:/Program Files/Epic Games/UE_4.27_2/FeaturePacks/TP_PuzzleBP.upack' (chunk index -1, root 'root:/') mounted
[2022.03.04-17.13.38:963][  0]LogShaderLibrary: Display: ShaderCodeLibraryPakFileMountedCallback: pending pak file info (ChunkID:-1 Root:root:/ File:C:/Program Files/Epic Games/UE_4.27_2/FeaturePacks/TP_PuzzleBP.upack)
[2022.03.04-17.13.38:963][  0]LogPakFile: OnPakFileMounted2Time == 0.000162
[2022.03.04-17.13.38:964][  0]LogPakFile: PakFile PrimaryIndexSize=183
[2022.03.04-17.13.38:964][  0]LogPakFile: PakFile PathHashIndexSize=101
[2022.03.04-17.13.38:964][  0]LogPakFile: PakFile FullDirectoryIndexSize=140
[2022.03.04-17.13.38:964][  0]LogShaderLibrary: Display: ShaderCodeLibraryPakFileMountedCallback: PakFile 'C:/Program Files/Epic Games/UE_4.27_2/FeaturePacks/TP_Rolling.upack' (chunk index -1, root 'root:/') mounted
[2022.03.04-17.13.38:964][  0]LogShaderLibrary: Display: ShaderCodeLibraryPakFileMountedCallback: pending pak file info (ChunkID:-1 Root:root:/ File:C:/Program Files/Epic Games/UE_4.27_2/FeaturePacks/TP_Rolling.upack)
[2022.03.04-17.13.38:964][  0]LogPakFile: OnPakFileMounted2Time == 0.000165
[2022.03.04-17.13.38:964][  0]LogPakFile: PakFile PrimaryIndexSize=185
[2022.03.04-17.13.38:965][  0]LogPakFile: PakFile PathHashIndexSize=101
[2022.03.04-17.13.38:965][  0]LogPakFile: PakFile FullDirectoryIndexSize=144
[2022.03.04-17.13.38:965][  0]LogShaderLibrary: Display: ShaderCodeLibraryPakFileMountedCallback: PakFile 'C:/Program Files/Epic Games/UE_4.27_2/FeaturePacks/TP_RollingBP.upack' (chunk index -1, root 'root:/') mounted
[2022.03.04-17.13.38:965][  0]LogShaderLibrary: Display: ShaderCodeLibraryPakFileMountedCallback: pending pak file info (ChunkID:-1 Root:root:/ File:C:/Program Files/Epic Games/UE_4.27_2/FeaturePacks/TP_RollingBP.upack)
[2022.03.04-17.13.38:965][  0]LogPakFile: OnPakFileMounted2Time == 0.000166
[2022.03.04-17.13.38:965][  0]LogPakFile: PakFile PrimaryIndexSize=188
[2022.03.04-17.13.38:966][  0]LogPakFile: PakFile PathHashIndexSize=101
[2022.03.04-17.13.38:966][  0]LogPakFile: PakFile FullDirectoryIndexSize=150
[2022.03.04-17.13.38:966][  0]LogShaderLibrary: Display: ShaderCodeLibraryPakFileMountedCallback: PakFile 'C:/Program Files/Epic Games/UE_4.27_2/FeaturePacks/TP_SideScroller.upack' (chunk index -1, root 'root:/') mounted
[2022.03.04-17.13.38:966][  0]LogShaderLibrary: Display: ShaderCodeLibraryPakFileMountedCallback: pending pak file info (ChunkID:-1 Root:root:/ File:C:/Program Files/Epic Games/UE_4.27_2/FeaturePacks/TP_SideScroller.upack)
[2022.03.04-17.13.38:966][  0]LogPakFile: OnPakFileMounted2Time == 0.000178
[2022.03.04-17.13.38:966][  0]LogPakFile: PakFile PrimaryIndexSize=190
[2022.03.04-17.13.38:966][  0]LogPakFile: PakFile PathHashIndexSize=101
[2022.03.04-17.13.38:966][  0]LogPakFile: PakFile FullDirectoryIndexSize=154
[2022.03.04-17.13.38:967][  0]LogShaderLibrary: Display: ShaderCodeLibraryPakFileMountedCallback: PakFile 'C:/Program Files/Epic Games/UE_4.27_2/FeaturePacks/TP_SideScrollerBP.upack' (chunk index -1, root 'root:/') mounted
[2022.03.04-17.13.38:967][  0]LogShaderLibrary: Display: ShaderCodeLibraryPakFileMountedCallback: pending pak file info (ChunkID:-1 Root:root:/ File:C:/Program Files/Epic Games/UE_4.27_2/FeaturePacks/TP_SideScrollerBP.upack)
[2022.03.04-17.13.38:967][  0]LogPakFile: OnPakFileMounted2Time == 0.000168
[2022.03.04-17.13.38:967][  0]LogPakFile: PakFile PrimaryIndexSize=187
[2022.03.04-17.13.38:967][  0]LogPakFile: PakFile PathHashIndexSize=101
[2022.03.04-17.13.38:967][  0]LogPakFile: PakFile FullDirectoryIndexSize=148
[2022.03.04-17.13.38:967][  0]LogShaderLibrary: Display: ShaderCodeLibraryPakFileMountedCallback: PakFile 'C:/Program Files/Epic Games/UE_4.27_2/FeaturePacks/TP_ThirdPerson.upack' (chunk index -1, root 'root:/') mounted
[2022.03.04-17.13.38:967][  0]LogShaderLibrary: Display: ShaderCodeLibraryPakFileMountedCallback: pending pak file info (ChunkID:-1 Root:root:/ File:C:/Program Files/Epic Games/UE_4.27_2/FeaturePacks/TP_ThirdPerson.upack)
[2022.03.04-17.13.38:968][  0]LogPakFile: OnPakFileMounted2Time == 0.000166
[2022.03.04-17.13.38:968][  0]LogPakFile: PakFile PrimaryIndexSize=189
[2022.03.04-17.13.38:968][  0]LogPakFile: PakFile PathHashIndexSize=101
[2022.03.04-17.13.38:968][  0]LogPakFile: PakFile FullDirectoryIndexSize=152
[2022.03.04-17.13.38:968][  0]LogShaderLibrary: Display: ShaderCodeLibraryPakFileMountedCallback: PakFile 'C:/Program Files/Epic Games/UE_4.27_2/FeaturePacks/TP_ThirdPersonBP.upack' (chunk index -1, root 'root:/') mounted
[2022.03.04-17.13.38:968][  0]LogShaderLibrary: Display: ShaderCodeLibraryPakFileMountedCallback: pending pak file info (ChunkID:-1 Root:root:/ File:C:/Program Files/Epic Games/UE_4.27_2/FeaturePacks/TP_ThirdPersonBP.upack)
[2022.03.04-17.13.38:968][  0]LogPakFile: OnPakFileMounted2Time == 0.000159
[2022.03.04-17.13.38:969][  0]LogPakFile: PakFile PrimaryIndexSize=183
[2022.03.04-17.13.38:969][  0]LogPakFile: PakFile PathHashIndexSize=101
[2022.03.04-17.13.38:969][  0]LogPakFile: PakFile FullDirectoryIndexSize=140
[2022.03.04-17.13.38:969][  0]LogShaderLibrary: Display: ShaderCodeLibraryPakFileMountedCallback: PakFile 'C:/Program Files/Epic Games/UE_4.27_2/FeaturePacks/TP_TopDown.upack' (chunk index -1, root 'root:/') mounted
[2022.03.04-17.13.38:969][  0]LogShaderLibrary: Display: ShaderCodeLibraryPakFileMountedCallback: pending pak file info (ChunkID:-1 Root:root:/ File:C:/Program Files/Epic Games/UE_4.27_2/FeaturePacks/TP_TopDown.upack)
[2022.03.04-17.13.38:969][  0]LogPakFile: OnPakFileMounted2Time == 0.000209
[2022.03.04-17.13.38:970][  0]LogPakFile: PakFile PrimaryIndexSize=185
[2022.03.04-17.13.38:970][  0]LogPakFile: PakFile PathHashIndexSize=101
[2022.03.04-17.13.38:970][  0]LogPakFile: PakFile FullDirectoryIndexSize=144
[2022.03.04-17.13.38:970][  0]LogShaderLibrary: Display: ShaderCodeLibraryPakFileMountedCallback: PakFile 'C:/Program Files/Epic Games/UE_4.27_2/FeaturePacks/TP_TopDownBP.upack' (chunk index -1, root 'root:/') mounted
[2022.03.04-17.13.38:970][  0]LogShaderLibrary: Display: ShaderCodeLibraryPakFileMountedCallback: pending pak file info (ChunkID:-1 Root:root:/ File:C:/Program Files/Epic Games/UE_4.27_2/FeaturePacks/TP_TopDownBP.upack)
[2022.03.04-17.13.38:970][  0]LogPakFile: OnPakFileMounted2Time == 0.000169
[2022.03.04-17.13.38:971][  0]LogPakFile: PakFile PrimaryIndexSize=185
[2022.03.04-17.13.38:971][  0]LogPakFile: PakFile PathHashIndexSize=101
[2022.03.04-17.13.38:971][  0]LogPakFile: PakFile FullDirectoryIndexSize=144
[2022.03.04-17.13.38:971][  0]LogShaderLibrary: Display: ShaderCodeLibraryPakFileMountedCallback: PakFile 'C:/Program Files/Epic Games/UE_4.27_2/FeaturePacks/TP_TwinStick.upack' (chunk index -1, root 'root:/') mounted
[2022.03.04-17.13.38:971][  0]LogShaderLibrary: Display: ShaderCodeLibraryPakFileMountedCallback: pending pak file info (ChunkID:-1 Root:root:/ File:C:/Program Files/Epic Games/UE_4.27_2/FeaturePacks/TP_TwinStick.upack)
[2022.03.04-17.13.38:971][  0]LogPakFile: OnPakFileMounted2Time == 0.000179
[2022.03.04-17.13.38:972][  0]LogPakFile: PakFile PrimaryIndexSize=187
[2022.03.04-17.13.38:972][  0]LogPakFile: PakFile PathHashIndexSize=101
[2022.03.04-17.13.38:972][  0]LogPakFile: PakFile FullDirectoryIndexSize=148
[2022.03.04-17.13.38:972][  0]LogShaderLibrary: Display: ShaderCodeLibraryPakFileMountedCallback: PakFile 'C:/Program Files/Epic Games/UE_4.27_2/FeaturePacks/TP_TwinStickBP.upack' (chunk index -1, root 'root:/') mounted
[2022.03.04-17.13.38:972][  0]LogShaderLibrary: Display: ShaderCodeLibraryPakFileMountedCallback: pending pak file info (ChunkID:-1 Root:root:/ File:C:/Program Files/Epic Games/UE_4.27_2/FeaturePacks/TP_TwinStickBP.upack)
[2022.03.04-17.13.38:972][  0]LogPakFile: OnPakFileMounted2Time == 0.000165
[2022.03.04-17.13.38:973][  0]LogPakFile: PakFile PrimaryIndexSize=183
[2022.03.04-17.13.38:973][  0]LogPakFile: PakFile PathHashIndexSize=101
[2022.03.04-17.13.38:973][  0]LogPakFile: PakFile FullDirectoryIndexSize=140
[2022.03.04-17.13.38:973][  0]LogShaderLibrary: Display: ShaderCodeLibraryPakFileMountedCallback: PakFile 'C:/Program Files/Epic Games/UE_4.27_2/FeaturePacks/TP_Vehicle.upack' (chunk index -1, root 'root:/') mounted
[2022.03.04-17.13.38:973][  0]LogShaderLibrary: Display: ShaderCodeLibraryPakFileMountedCallback: pending pak file info (ChunkID:-1 Root:root:/ File:C:/Program Files/Epic Games/UE_4.27_2/FeaturePacks/TP_Vehicle.upack)
[2022.03.04-17.13.38:973][  0]LogPakFile: OnPakFileMounted2Time == 0.000172
[2022.03.04-17.13.38:973][  0]LogPakFile: PakFile PrimaryIndexSize=186
[2022.03.04-17.13.38:974][  0]LogPakFile: PakFile PathHashIndexSize=101
[2022.03.04-17.13.38:974][  0]LogPakFile: PakFile FullDirectoryIndexSize=146
[2022.03.04-17.13.38:974][  0]LogShaderLibrary: Display: ShaderCodeLibraryPakFileMountedCallback: PakFile 'C:/Program Files/Epic Games/UE_4.27_2/FeaturePacks/TP_VehicleAdv.upack' (chunk index -1, root 'root:/') mounted
[2022.03.04-17.13.38:974][  0]LogShaderLibrary: Display: ShaderCodeLibraryPakFileMountedCallback: pending pak file info (ChunkID:-1 Root:root:/ File:C:/Program Files/Epic Games/UE_4.27_2/FeaturePacks/TP_VehicleAdv.upack)
[2022.03.04-17.13.38:974][  0]LogPakFile: OnPakFileMounted2Time == 0.000171
[2022.03.04-17.13.38:974][  0]LogPakFile: PakFile PrimaryIndexSize=188
[2022.03.04-17.13.38:975][  0]LogPakFile: PakFile PathHashIndexSize=101
[2022.03.04-17.13.38:975][  0]LogPakFile: PakFile FullDirectoryIndexSize=150
[2022.03.04-17.13.38:975][  0]LogShaderLibrary: Display: ShaderCodeLibraryPakFileMountedCallback: PakFile 'C:/Program Files/Epic Games/UE_4.27_2/FeaturePacks/TP_VehicleAdvBP.upack' (chunk index -1, root 'root:/') mounted
[2022.03.04-17.13.38:975][  0]LogShaderLibrary: Display: ShaderCodeLibraryPakFileMountedCallback: pending pak file info (ChunkID:-1 Root:root:/ File:C:/Program Files/Epic Games/UE_4.27_2/FeaturePacks/TP_VehicleAdvBP.upack)
[2022.03.04-17.13.38:975][  0]LogPakFile: OnPakFileMounted2Time == 0.000159
[2022.03.04-17.13.38:975][  0]LogPakFile: PakFile PrimaryIndexSize=185
[2022.03.04-17.13.38:975][  0]LogPakFile: PakFile PathHashIndexSize=101
[2022.03.04-17.13.38:975][  0]LogPakFile: PakFile FullDirectoryIndexSize=144
[2022.03.04-17.13.38:976][  0]LogShaderLibrary: Display: ShaderCodeLibraryPakFileMountedCallback: PakFile 'C:/Program Files/Epic Games/UE_4.27_2/FeaturePacks/TP_VehicleBP.upack' (chunk index -1, root 'root:/') mounted
[2022.03.04-17.13.38:976][  0]LogShaderLibrary: Display: ShaderCodeLibraryPakFileMountedCallback: pending pak file info (ChunkID:-1 Root:root:/ File:C:/Program Files/Epic Games/UE_4.27_2/FeaturePacks/TP_VehicleBP.upack)
[2022.03.04-17.13.38:976][  0]LogPakFile: OnPakFileMounted2Time == 0.000160
[2022.03.04-17.13.38:976][  0]LogPakFile: PakFile PrimaryIndexSize=192
[2022.03.04-17.13.38:976][  0]LogPakFile: PakFile PathHashIndexSize=101
[2022.03.04-17.13.38:976][  0]LogPakFile: PakFile FullDirectoryIndexSize=158
[2022.03.04-17.13.38:976][  0]LogShaderLibrary: Display: ShaderCodeLibraryPakFileMountedCallback: PakFile 'C:/Program Files/Epic Games/UE_4.27_2/FeaturePacks/TP_VirtualRealityBP.upack' (chunk index -1, root 'root:/') mounted
[2022.03.04-17.13.38:977][  0]LogShaderLibrary: Display: ShaderCodeLibraryPakFileMountedCallback: pending pak file info (ChunkID:-1 Root:root:/ File:C:/Program Files/Epic Games/UE_4.27_2/FeaturePacks/TP_VirtualRealityBP.upack)
[2022.03.04-17.13.38:977][  0]LogPakFile: OnPakFileMounted2Time == 0.000158
[2022.03.04-17.13.39:000][  0]LogNativeClassHierarchy: Verbose: Native class hierarchy updated for 'AddContentDialog' in 0.0003 seconds. Added 0 classes and 0 folders.
[2022.03.04-17.13.39:001][  0]LogNativeClassHierarchy: Verbose: Native class hierarchy updated for 'SceneOutliner' in 0.0003 seconds. Added 2 classes and 0 folders.
[2022.03.04-17.13.39:293][  0]LogSlate: Only BGRA pngs, bmps or icos are supported in by External Image Picker
[2022.03.04-17.13.39:370][  0]LogSlate: Took 0.000143 seconds to synchronously load lazily loaded font '../../../Engine/Content/Slate/Fonts/Roboto-Regular.ttf' (155K)
[2022.03.04-17.13.39:371][  0]LogSlate: Took 0.000109 seconds to synchronously load lazily loaded font '../../../Engine/Content/Editor/Slate/Fonts/FontAwesome.ttf' (139K)
[2022.03.04-17.13.39:372][  0]LogSlate: Took 0.000101 seconds to synchronously load lazily loaded font '../../../Engine/Content/Slate/Fonts/Roboto-Bold.ttf' (160K)
[2022.03.04-17.13.39:449][  0]LogRenderer: Reallocating scene render targets to support 1208x652 Format 10 NumSamples 1 (Frame:1).
[2022.03.04-17.13.39:810][  0]LogSlate: Took 0.000173 seconds to synchronously load lazily loaded font '../../../Engine/Content/Slate/Fonts/Roboto-Light.ttf' (167K)
[2022.03.04-17.13.39:892][  0]LogNativeClassHierarchy: Verbose: Native class hierarchy updated for 'HierarchicalLODOutliner' in 0.0003 seconds. Added 0 classes and 0 folders.
[2022.03.04-17.13.39:893][  0]LogLoad: (Engine Initialization) Total time: 12.27 seconds
[2022.03.04-17.13.39:893][  0]LogLoad: (Engine Initialization) Total Blueprint compile time: 0.00 seconds
[2022.03.04-17.13.39:982][  0]LogAssetRegistry: Asset discovery search completed in 7.7976 seconds
[2022.03.04-17.13.39:987][  0]LogCollectionManager: Fixed up redirectors for 0 collections in 0.000003 seconds (updated 0 objects)
[2022.03.04-17.13.39:988][  0]LogContentStreaming: Texture pool size now 1000 MB
[2022.03.04-17.13.40:895][ 68]LogEditorViewport: Clicking on Actor (LMB): StaticMeshActor (Floor)
[2022.03.04-17.13.42:092][203]LogTemp: Repeating last play command: Selected Viewport
[2022.03.04-17.13.42:096][203]LogPlayLevel: PlayLevel: No blueprints needed recompiling
[2022.03.04-17.13.42:096][203]PIE: New page: PIE session: FirstPersonExampleMap (4 mar. 2022 19:13:42)
[2022.03.04-17.13.42:123][203]LogOnline: OSS: Creating online subsystem instance for: NULL
[2022.03.04-17.13.42:129][203]LogOnline: OSS: TryLoadSubsystemAndSetDefault: Loaded subsystem for module [NULL]
[2022.03.04-17.13.42:129][203]LogPlayLevel: Creating play world package: /Game/FirstPersonCPP/Maps/UEDPIE_0_FirstPersonExampleMap
[2022.03.04-17.13.42:158][203]LogPlayLevel: PIE: StaticDuplicateObject took: (0.028369s)
[2022.03.04-17.13.42:159][203]LogAIModule: Creating AISystem for world FirstPersonExampleMap
[2022.03.04-17.13.42:159][203]LogPlayLevel: PIE: World Init took: (0.001593s)
[2022.03.04-17.13.42:160][203]LogPlayLevel: PIE: Created PIE world by copying editor world from /Game/FirstPersonCPP/Maps/FirstPersonExampleMap.FirstPersonExampleMap to /Game/FirstPersonCPP/Maps/UEDPIE_0_FirstPersonExampleMap.FirstPersonExampleMap (0.030793s)
[2022.03.04-17.13.42:180][203]LogUObjectHash: Compacting FUObjectHashTables data took   1.76ms
[2022.03.04-17.13.42:181][203]LogAudio: Display: Creating Audio Device:                 Id: 2, Scope: Unique, Realtime: True
[2022.03.04-17.13.42:181][203]LogAudioMixer: Display: Audio Mixer Platform Settings:
[2022.03.04-17.13.42:182][203]LogAudioMixer: Display: 	Sample Rate:						  48000
[2022.03.04-17.13.42:182][203]LogAudioMixer: Display: 	Callback Buffer Frame Size Requested: 1024
[2022.03.04-17.13.42:182][203]LogAudioMixer: Display: 	Callback Buffer Frame Size To Use:	  1024
[2022.03.04-17.13.42:182][203]LogAudioMixer: Display: 	Number of buffers to queue:			  2
[2022.03.04-17.13.42:182][203]LogAudioMixer: Display: 	Max Channels (voices):				  32
[2022.03.04-17.13.42:183][203]LogAudioMixer: Display: 	Number of Async Source Workers:		  0
[2022.03.04-17.13.42:183][203]LogAudio: Display: AudioDevice MaxSources: 32
[2022.03.04-17.13.42:184][203]LogAudio: Display: Audio Spatialization Plugin: None (built-in).
[2022.03.04-17.13.42:184][203]LogAudio: Display: Audio Reverb Plugin: None (built-in).
[2022.03.04-17.13.42:184][203]LogAudio: Display: Audio Occlusion Plugin: None (built-in).
[2022.03.04-17.13.42:184][203]LogAudioMixer: Display: Initializing audio mixer.
[2022.03.04-17.13.42:187][203]LogAudioMixer: Display: 0: FrontLeft
[2022.03.04-17.13.42:187][203]LogAudioMixer: Display: 1: FrontRight
[2022.03.04-17.13.42:295][203]LogAudioMixer: Display: Using Audio Device Speakers / Headphones (Realtek Audio)
[2022.03.04-17.13.42:298][203]LogAudioMixer: Display: Initializing Sound Submixes...
[2022.03.04-17.13.42:298][203]LogAudioMixer: Display: Creating Master Submix 'MasterSubmixDefault'
[2022.03.04-17.13.42:299][203]LogAudioMixer: Display: Creating Master Submix 'MasterReverbSubmixDefault'
[2022.03.04-17.13.42:299][203]LogAudioMixer: Display: Creating Master Submix 'MasterEQSubmixDefault'
[2022.03.04-17.13.42:299][203]LogAudioMixer: FMixerPlatformXAudio2::StartAudioStream() called
[2022.03.04-17.13.42:300][203]LogAudioMixer: Display: Output buffers initialized: Frames=1024, Channels=2, Samples=2048
[2022.03.04-17.13.42:304][203]LogAudioMixer: Display: Starting AudioMixerPlatformInterface::RunInternal()
[2022.03.04-17.13.42:305][203]LogAudioMixer: Display: FMixerPlatformXAudio2::SubmitBuffer() called for the first time
[2022.03.04-17.13.42:305][203]LogInit: FAudioDevice initialized.
[2022.03.04-17.13.42:305][203]LogAudio: Display: Audio Device (ID: 2) registered with world 'FirstPersonExampleMap'.
[2022.03.04-17.13.42:325][203]LogLoad: Game class is 'NoxIAGameMode'
[2022.03.04-17.13.42:329][203]LogWorld: Bringing World /Game/FirstPersonCPP/Maps/UEDPIE_0_FirstPersonExampleMap.FirstPersonExampleMap up for play (max tick rate 0) at 2022.03.04-18.13.42
[2022.03.04-17.13.42:330][203]LogWorld: Bringing up level for play took: 0.002962
[2022.03.04-17.13.42:331][203]LogOnline: OSS: Creating online subsystem instance for: :Context_3
[2022.03.04-17.13.42:340][203]LogNativeClassHierarchy: Verbose: Native class hierarchy updated for 'MovieSceneCapture' in 0.0007 seconds. Added 20 classes and 0 folders.
[2022.03.04-17.13.42:342][203]PIE: Server logged in
[2022.03.04-17.13.42:345][203]PIE: Play in editor total start time 0,25 seconds.
[2022.03.04-17.13.48:302][901]LogSlate: Updating window title bar state: overlay mode, drag disabled, window buttons hidden, title bar hidden
[2022.03.04-17.13.48:302][901]LogWorld: BeginTearingDown for /Game/FirstPersonCPP/Maps/UEDPIE_0_FirstPersonExampleMap
[2022.03.04-17.13.48:303][901]LogWorld: UWorld::CleanupWorld for FirstPersonExampleMap, bSessionEnded=true, bCleanupResources=true
[2022.03.04-17.13.48:304][901]LogSlate: InvalidateAllWidgets triggered.  All widgets were invalidated
[2022.03.04-17.13.48:328][901]LogPlayLevel: Display: Shutting down PIE online subsystems
[2022.03.04-17.13.48:357][901]LogSlate: InvalidateAllWidgets triggered.  All widgets were invalidated
[2022.03.04-17.13.48:371][901]LogAudio: Display: Audio Device unregistered from world 'None'.
[2022.03.04-17.13.48:371][901]LogAudioMixer: FMixerPlatformXAudio2::StopAudioStream() called
[2022.03.04-17.13.48:374][901]LogAudioMixer: FMixerPlatformXAudio2::StopAudioStream() called
[2022.03.04-17.13.48:407][901]LogSlate: Updating window title bar state: overlay mode, drag disabled, window buttons hidden, title bar hidden
[2022.03.04-17.13.48:410][901]LogUObjectHash: Compacting FUObjectHashTables data took   0.77ms
[2022.03.04-17.13.48:447][902]LogPlayLevel: Display: Destroying online subsystem :Context_3
