Log file open, 03/04/22 18:19:11
LogWindows: Failed to load 'aqProf.dll' (GetLastError=126)
LogWindows: File 'aqProf.dll' does not exist
LogWindows: Failed to load 'VtuneApi.dll' (GetLastError=126)
LogWindows: File 'VtuneApi.dll' does not exist
LogWindows: Failed to load 'VtuneApi32e.dll' (GetLastError=126)
LogWindows: File 'VtuneApi32e.dll' does not exist
LogConsoleResponse: Display: Failed to find resolution value strings in scalability ini. Falling back to default.
LogConsoleResponse: Display: Failed to find resolution value strings in scalability ini. Falling back to default.
LogInit: Display: Running engine for game: NoxIA
LogPlatformFile: Not using cached read wrapper
LogTaskGraph: Started task graph with 5 named threads and 83 total threads with 3 sets of task threads.
LogStats: Stats thread started at 0.455840
LogICUInternationalization: ICU TimeZone Detection - Raw Offset: +1:00, Platform Override: ''
LogInit: Display: Loading text-based GConfig....
LogPluginManager: Mounting plugin MeshPainting
LogPluginManager: Mounting plugin XGEController
LogPluginManager: Mounting plugin Paper2D
LogPluginManager: Mounting plugin AISupport
LogPluginManager: Mounting plugin EnvironmentQueryEditor
LogPluginManager: Mounting plugin LiveLink
LogPluginManager: Mounting plugin OodleData
LogPluginManager: Mounting plugin CameraShakePreviewer
LogPluginManager: Mounting plugin LightPropagationVolume
LogPluginManager: Mounting plugin AnimationSharing
LogPluginManager: Mounting plugin GameplayCameras
LogPluginManager: Mounting plugin CLionSourceCodeAccess
LogPluginManager: Mounting plugin OodleNetwork
LogPluginManager: Mounting plugin GitSourceControl
LogPluginManager: Mounting plugin KDevelopSourceCodeAccess
LogPluginManager: Mounting plugin PerforceSourceControl
LogPluginManager: Mounting plugin NullSourceCodeAccess
LogPluginManager: Mounting plugin PluginUtils
LogPluginManager: Mounting plugin PropertyAccessNode
LogPluginManager: Mounting plugin PixWinPlugin
LogPluginManager: Mounting plugin CodeLiteSourceCodeAccess
LogPluginManager: Mounting plugin SubversionSourceControl
LogPluginManager: Mounting plugin TextureFormatOodle
LogPluginManager: Mounting plugin RiderSourceCodeAccess
LogPluginManager: Mounting plugin VisualStudioCodeSourceCodeAccess
LogPluginManager: Mounting plugin UObjectPlugin
LogPluginManager: Mounting plugin PlasticSourceControl
LogPluginManager: Mounting plugin VisualStudioSourceCodeAccess
LogPluginManager: Mounting plugin XCodeSourceCodeAccess
LogPluginManager: Mounting plugin AlembicImporter
LogPluginManager: Mounting plugin AutomationUtils
LogPluginManager: Mounting plugin BackChannel
LogPluginManager: Mounting plugin ChaosClothEditor
LogPluginManager: Mounting plugin ChaosNiagara
LogPluginManager: Mounting plugin ChaosEditor
LogPluginManager: Mounting plugin ChaosSolverPlugin
LogPluginManager: Mounting plugin ChaosCloth
LogPluginManager: Mounting plugin GeometryCache
LogPluginManager: Mounting plugin GeometryProcessing
LogPluginManager: Mounting plugin CharacterAI
LogPluginManager: Mounting plugin GeometryCollectionPlugin
LogPluginManager: Mounting plugin MotoSynth
LogPluginManager: Mounting plugin DatasmithContent
LogPluginManager: Mounting plugin ProxyLODPlugin
LogPluginManager: Mounting plugin OpenImageDenoise
LogPluginManager: Mounting plugin PythonScriptPlugin
LogPluginManager: Mounting plugin PlanarCut
LogPluginManager: Mounting plugin PlatformCrypto
LogPluginManager: Mounting plugin SkeletalReduction
LogPluginManager: Mounting plugin VariantManagerContent
LogPluginManager: Mounting plugin AssetManagerEditor
LogPluginManager: Mounting plugin CryptoKeys
LogPluginManager: Mounting plugin CurveEditorTools
LogPluginManager: Mounting plugin MobileLauncherProfileWizard
LogPluginManager: Mounting plugin GameplayTagsEditor
LogPluginManager: Mounting plugin DataValidation
LogPluginManager: Mounting plugin GeometryMode
LogPluginManager: Mounting plugin MaterialAnalyzer
LogPluginManager: Mounting plugin FacialAnimation
LogPluginManager: Mounting plugin MacGraphicsSwitching
LogPluginManager: Mounting plugin LuminPlatformFeatures
LogPluginManager: Mounting plugin MagicLeapLightEstimation
LogPluginManager: Mounting plugin MagicLeapMedia
LogPluginManager: Mounting plugin SpeedTreeImporter
LogPluginManager: Mounting plugin MagicLeap
LogPluginManager: Mounting plugin MagicLeapPassableWorld
LogPluginManager: Mounting plugin PluginBrowser
LogPluginManager: Mounting plugin MLSDK
LogPluginManager: Mounting plugin AndroidMedia
LogPluginManager: Mounting plugin ActorSequence
LogPluginManager: Mounting plugin MatineeToLevelSequence
LogPluginManager: Mounting plugin LevelSequenceEditor
LogPluginManager: Mounting plugin TemplateSequence
LogPluginManager: Mounting plugin MediaCompositing
LogPluginManager: Mounting plugin ImgMedia
LogPluginManager: Mounting plugin AvfMedia
LogPluginManager: Mounting plugin WebMMedia
LogPluginManager: Mounting plugin MediaPlayerEditor
LogPluginManager: Mounting plugin TcpMessaging
LogPluginManager: Mounting plugin UdpMessaging
LogPluginManager: Mounting plugin WmfMedia
LogPluginManager: Mounting plugin LauncherChunkInstaller
LogPluginManager: Mounting plugin OnlineSubsystem
LogPluginManager: Mounting plugin OnlineSubsystemNull
LogPluginManager: Mounting plugin OnlineSubsystemUtils
LogPluginManager: Mounting plugin ActorLayerUtilities
LogPluginManager: Mounting plugin AndroidDeviceProfileSelector
LogPluginManager: Mounting plugin AndroidPermission
LogPluginManager: Mounting plugin AndroidMoviePlayer
LogPluginManager: Mounting plugin AppleMoviePlayer
LogPluginManager: Mounting plugin AppleImageUtils
LogPluginManager: Mounting plugin AudioSynesthesia
LogPluginManager: Mounting plugin AudioCapture
LogPluginManager: Mounting plugin AssetTags
LogPluginManager: Mounting plugin CableComponent
LogPluginManager: Mounting plugin CustomMeshComponent
LogPluginManager: Mounting plugin ChunkDownloader
LogPluginManager: Mounting plugin ArchVisCharacter
LogPluginManager: Mounting plugin EditableMesh
LogPluginManager: Mounting plugin ScreenshotTools
LogPluginManager: Mounting plugin ExampleDeviceProfileSelector
LogPluginManager: Mounting plugin GoogleCloudMessaging
LogPluginManager: Mounting plugin GooglePAD
LogPluginManager: Mounting plugin IOSDeviceProfileSelector
LogPluginManager: Mounting plugin LinuxDeviceProfileSelector
LogPluginManager: Mounting plugin LocationServicesBPLibrary
LogPluginManager: Mounting plugin MobilePatchingUtils
LogPluginManager: Mounting plugin OpenXR
LogPluginManager: Mounting plugin OpenXREyeTracker
LogPluginManager: Mounting plugin OpenXRHandTracking
LogPluginManager: Mounting plugin PhysXVehicles
LogPluginManager: Mounting plugin Takes
LogPluginManager: Mounting plugin PostSplashScreen
LogPluginManager: Mounting plugin PropertyAccessEditor
LogPluginManager: Mounting plugin ProceduralMeshComponent
LogPluginManager: Mounting plugin RuntimePhysXCooking
LogPluginManager: Mounting plugin SignificanceManager
LogPluginManager: Mounting plugin SoundFields
LogPluginManager: Mounting plugin Synthesis
LogPluginManager: Mounting plugin WebMMoviePlayer
LogPluginManager: Mounting plugin WindowsMoviePlayer
LogPluginManager: Mounting plugin Niagara
LogPluginManager: Mounting plugin ContentBrowserFileDataSource
LogPluginManager: Mounting plugin ContentBrowserAssetDataSource
LogPluginManager: Mounting plugin ContentBrowserClassDataSource
LogPluginManager: Mounting plugin OnlineSubsystemGooglePlay
LogPluginManager: Mounting plugin OnlineSubsystemIOS
LogPluginManager: Mounting plugin OculusVR
LogPluginManager: Mounting plugin SteamVR
PixWinPlugin: PIX capture plugin failed to initialize! Check that the process is launched from PIX.
LogInit: Using libcurl 7.55.1-DEV
LogInit:  - built for x86_64-pc-win32
LogInit:  - supports SSL with OpenSSL/1.1.1
LogInit:  - supports HTTP deflate (compression) using libz 1.2.8
LogInit:  - other features:
LogInit:      CURL_VERSION_SSL
LogInit:      CURL_VERSION_LIBZ
LogInit:      CURL_VERSION_IPV6
LogInit:      CURL_VERSION_ASYNCHDNS
LogInit:      CURL_VERSION_LARGEFILE
LogInit:      CURL_VERSION_IDN
LogInit:  CurlRequestOptions (configurable via config and command line):
LogInit:  - bVerifyPeer = true  - Libcurl will verify peer certificate
LogInit:  - bUseHttpProxy = false  - Libcurl will NOT use HTTP proxy
LogInit:  - bDontReuseConnections = false  - Libcurl will reuse connections
LogInit:  - MaxHostConnections = 16  - Libcurl will limit the number of connections to a host
LogInit:  - LocalHostAddr = Default
LogInit:  - BufferSize = 65536
LogOnline: OSS: Creating online subsystem instance for: NULL
LogInit: WinSock: version 1.1 (2.2), MaxSocks=32767, MaxUdp=65467
LogOnline: OSS: TryLoadSubsystemAndSetDefault: Loaded subsystem for module [NULL]
LogOculusPluginWrapper: OculusPlugin initialized successfully
LogHMD: Failed initializing OVRPlugin 1.59.0
LogInit: Build: ++UE4+Release-4.27-CL-18319896
LogInit: Engine Version: 4.27.2-18319896+++UE4+Release-4.27
LogInit: Compatible Engine Version: 4.27.0-17155196+++UE4+Release-4.27
LogInit: Net CL: 17155196
LogInit: OS: Windows 10 (Release 2009) (), CPU: Intel(R) Core(TM) i9-10980XE CPU @ 3.00GHz, GPU: NVIDIA GeForce RTX 3080
LogInit: Compiled (64-bit): Nov 30 2021 07:12:08
LogInit: Compiled with Visual C++: 19.24.28315.00
LogInit: Build Configuration: DebugGame
LogInit: Branch Name: ++UE4+Release-4.27
LogInit: Command Line:  -skipcompile
LogInit: Base Directory: C:/Program Files/Epic Games/UE_4.27_2/Engine/Binaries/Win64/
LogInit: Allocator: TBB
LogInit: Installed Engine Build: 1
LogDevObjectVersion: Number of dev versions registered: 29
LogDevObjectVersion:   Dev-Blueprints (B0D832E4-1F89-4F0D-ACCF-7EB736FD4AA2): 10
LogDevObjectVersion:   Dev-Build (E1C64328-A22C-4D53-A36C-8E866417BD8C): 0
LogDevObjectVersion:   Dev-Core (375EC13C-06E4-48FB-B500-84F0262A717E): 4
LogDevObjectVersion:   Dev-Editor (E4B068ED-F494-42E9-A231-DA0B2E46BB41): 40
LogDevObjectVersion:   Dev-Framework (CFFC743F-43B0-4480-9391-14DF171D2073): 37
LogDevObjectVersion:   Dev-Mobile (B02B49B5-BB20-44E9-A304-32B752E40360): 3
LogDevObjectVersion:   Dev-Networking (A4E4105C-59A1-49B5-A7C5-40C4547EDFEE): 0
LogDevObjectVersion:   Dev-Online (39C831C9-5AE6-47DC-9A44-9C173E1C8E7C): 0
LogDevObjectVersion:   Dev-Physics (78F01B33-EBEA-4F98-B9B4-84EACCB95AA2): 14
LogDevObjectVersion:   Dev-Platform (6631380F-2D4D-43E0-8009-CF276956A95A): 0
LogDevObjectVersion:   Dev-Rendering (12F88B9F-8875-4AFC-A67C-D90C383ABD29): 45
LogDevObjectVersion:   Dev-Sequencer (7B5AE74C-D270-4C10-A958-57980B212A5A): 13
LogDevObjectVersion:   Dev-VR (D7296918-1DD6-4BDD-9DE2-64A83CC13884): 3
LogDevObjectVersion:   Dev-LoadTimes (C2A15278-BFE7-4AFE-6C17-90FF531DF755): 1
LogDevObjectVersion:   Private-Geometry (6EACA3D4-40EC-4CC1-B786-8BED09428FC5): 3
LogDevObjectVersion:   Dev-AnimPhys (29E575DD-E0A3-4627-9D10-D276232CDCEA): 17
LogDevObjectVersion:   Dev-Anim (AF43A65D-7FD3-4947-9873-3E8ED9C1BB05): 15
LogDevObjectVersion:   Dev-ReflectionCapture (6B266CEC-1EC7-4B8F-A30B-E4D90942FC07): 1
LogDevObjectVersion:   Dev-Automation (0DF73D61-A23F-47EA-B727-89E90C41499A): 1
LogDevObjectVersion:   FortniteMain (601D1886-AC64-4F84-AA16-D3DE0DEAC7D6): 47
LogDevObjectVersion:   FortniteRelease (E7086368-6B23-4C58-8439-1B7016265E91): 1
LogDevObjectVersion:   Dev-Enterprise (9DFFBCD6-494F-0158-E221-12823C92A888): 10
LogDevObjectVersion:   Dev-Niagara (F2AED0AC-9AFE-416F-8664-AA7FFA26D6FC): 1
LogDevObjectVersion:   Dev-Destruction (174F1F0B-B4C6-45A5-B13F-2EE8D0FB917D): 10
LogDevObjectVersion:   Dev-Physics-Ext (35F94A83-E258-406C-A318-09F59610247C): 41
LogDevObjectVersion:   Dev-PhysicsMaterial-Chaos (B68FC16E-8B1B-42E2-B453-215C058844FE): 1
LogDevObjectVersion:   Dev-CineCamera (B2E18506-4273-CFC2-A54E-F4BB758BBA07): 1
LogDevObjectVersion:   Dev-VirtualProduction (64F58936-FD1B-42BA-BA96-7289D5D0FA4E): 1
LogDevObjectVersion:   Dev-MediaFramework (6F0ED827-A609-4895-9C91-998D90180EA4): 2
LogInit: Presizing for max 25165824 objects, including 0 objects not considered by GC, pre-allocating 0 bytes for permanent pool.
LogConfig: Applying CVar settings from Section [/Script/Engine.StreamingSettings] File [C:/Users/andres.perez/Documents/GitHub/PruebasNox/NoxIA/Saved/Config/Windows/Engine.ini]
LogConfig: Setting CVar [[s.MinBulkDataSizeForAsyncLoading:131072]]
LogConfig: Setting CVar [[s.AsyncLoadingThreadEnabled:0]]
LogConfig: Setting CVar [[s.EventDrivenLoaderEnabled:1]]
LogConfig: Setting CVar [[s.WarnIfTimeLimitExceeded:0]]
LogConfig: Setting CVar [[s.TimeLimitExceededMultiplier:1.5]]
LogConfig: Setting CVar [[s.TimeLimitExceededMinTime:0.005]]
LogConfig: Setting CVar [[s.UseBackgroundLevelStreaming:1]]
LogConfig: Setting CVar [[s.PriorityAsyncLoadingExtraTime:15.0]]
LogConfig: Setting CVar [[s.LevelStreamingActorsUpdateTimeLimit:5.0]]
LogConfig: Setting CVar [[s.PriorityLevelStreamingActorsUpdateExtraTime:5.0]]
LogConfig: Setting CVar [[s.LevelStreamingComponentsRegistrationGranularity:10]]
LogConfig: Setting CVar [[s.UnregisterComponentsTimeLimit:1.0]]
LogConfig: Setting CVar [[s.LevelStreamingComponentsUnregistrationGranularity:5]]
LogConfig: Setting CVar [[s.FlushStreamingOnExit:1]]
LogInit: Object subsystem initialized
LogConfig: Setting CVar [[con.DebugEarlyDefault:1]]
LogConfig: Setting CVar [[r.setres:1280x720]]
[2022.03.04-17.19.12:594][  0]LogConfig: Setting CVar [[r.VSync:0]]
[2022.03.04-17.19.12:594][  0]LogConfig: Setting CVar [[r.RHICmdBypass:0]]
[2022.03.04-17.19.12:595][  0]LogConfig: Applying CVar settings from Section [/Script/Engine.RendererSettings] File [C:/Users/andres.perez/Documents/GitHub/PruebasNox/NoxIA/Saved/Config/Windows/Engine.ini]
[2022.03.04-17.19.12:595][  0]LogConfig: Setting CVar [[r.GPUCrashDebugging:0]]
[2022.03.04-17.19.12:595][  0]LogConfig: Applying CVar settings from Section [/Script/Engine.RendererOverrideSettings] File [C:/Users/andres.perez/Documents/GitHub/PruebasNox/NoxIA/Saved/Config/Windows/Engine.ini]
[2022.03.04-17.19.12:595][  0]LogConfig: Applying CVar settings from Section [/Script/Engine.StreamingSettings] File [C:/Users/andres.perez/Documents/GitHub/PruebasNox/NoxIA/Saved/Config/Windows/Engine.ini]
[2022.03.04-17.19.12:595][  0]LogConfig: Setting CVar [[s.MinBulkDataSizeForAsyncLoading:131072]]
[2022.03.04-17.19.12:595][  0]LogConfig: Setting CVar [[s.AsyncLoadingThreadEnabled:0]]
[2022.03.04-17.19.12:596][  0]LogConfig: Setting CVar [[s.EventDrivenLoaderEnabled:1]]
[2022.03.04-17.19.12:596][  0]LogConfig: Setting CVar [[s.WarnIfTimeLimitExceeded:0]]
[2022.03.04-17.19.12:596][  0]LogConfig: Setting CVar [[s.TimeLimitExceededMultiplier:1.5]]
[2022.03.04-17.19.12:596][  0]LogConfig: Setting CVar [[s.TimeLimitExceededMinTime:0.005]]
[2022.03.04-17.19.12:596][  0]LogConfig: Setting CVar [[s.UseBackgroundLevelStreaming:1]]
[2022.03.04-17.19.12:596][  0]LogConfig: Setting CVar [[s.PriorityAsyncLoadingExtraTime:15.0]]
[2022.03.04-17.19.12:596][  0]LogConfig: Setting CVar [[s.LevelStreamingActorsUpdateTimeLimit:5.0]]
[2022.03.04-17.19.12:596][  0]LogConfig: Setting CVar [[s.PriorityLevelStreamingActorsUpdateExtraTime:5.0]]
[2022.03.04-17.19.12:597][  0]LogConfig: Setting CVar [[s.LevelStreamingComponentsRegistrationGranularity:10]]
[2022.03.04-17.19.12:597][  0]LogConfig: Setting CVar [[s.UnregisterComponentsTimeLimit:1.0]]
[2022.03.04-17.19.12:597][  0]LogConfig: Setting CVar [[s.LevelStreamingComponentsUnregistrationGranularity:5]]
[2022.03.04-17.19.12:597][  0]LogConfig: Setting CVar [[s.FlushStreamingOnExit:1]]
[2022.03.04-17.19.12:597][  0]LogConfig: Applying CVar settings from Section [/Script/Engine.GarbageCollectionSettings] File [C:/Users/andres.perez/Documents/GitHub/PruebasNox/NoxIA/Saved/Config/Windows/Engine.ini]
[2022.03.04-17.19.12:597][  0]LogConfig: Setting CVar [[gc.MaxObjectsNotConsideredByGC:1]]
[2022.03.04-17.19.12:597][  0]LogConfig: Setting CVar [[gc.SizeOfPermanentObjectPool:0]]
[2022.03.04-17.19.12:597][  0]LogConfig: Setting CVar [[gc.FlushStreamingOnGC:0]]
[2022.03.04-17.19.12:597][  0]LogConfig: Setting CVar [[gc.NumRetriesBeforeForcingGC:10]]
[2022.03.04-17.19.12:597][  0]LogConfig: Setting CVar [[gc.AllowParallelGC:1]]
[2022.03.04-17.19.12:598][  0]LogConfig: Setting CVar [[gc.TimeBetweenPurgingPendingKillObjects:61.1]]
[2022.03.04-17.19.12:598][  0]LogConfig: Setting CVar [[gc.MaxObjectsInEditor:25165824]]
[2022.03.04-17.19.12:598][  0]LogConfig: Setting CVar [[gc.IncrementalBeginDestroyEnabled:1]]
[2022.03.04-17.19.12:598][  0]LogConfig: Setting CVar [[gc.CreateGCClusters:1]]
[2022.03.04-17.19.12:598][  0]LogConfig: Setting CVar [[gc.MinGCClusterSize:5]]
[2022.03.04-17.19.12:598][  0]LogConfig: Setting CVar [[gc.ActorClusteringEnabled:0]]
[2022.03.04-17.19.12:598][  0]LogConfig: Setting CVar [[gc.BlueprintClusteringEnabled:0]]
[2022.03.04-17.19.12:598][  0]LogConfig: Setting CVar [[gc.UseDisregardForGCOnDedicatedServers:0]]
[2022.03.04-17.19.12:598][  0]LogConfig: Setting CVar [[gc.MultithreadedDestructionEnabled:1]]
[2022.03.04-17.19.12:598][  0]LogConfig: Applying CVar settings from Section [/Script/Engine.NetworkSettings] File [C:/Users/andres.perez/Documents/GitHub/PruebasNox/NoxIA/Saved/Config/Windows/Engine.ini]
[2022.03.04-17.19.12:598][  0]LogConfig: Applying CVar settings from Section [/Script/UnrealEd.CookerSettings] File [C:/Users/andres.perez/Documents/GitHub/PruebasNox/NoxIA/Saved/Config/Windows/Engine.ini]
[2022.03.04-17.19.12:606][  0]LogConfig: Applying CVar settings from Section [ViewDistanceQuality@3] File [C:/Users/andres.perez/Documents/GitHub/PruebasNox/NoxIA/Saved/Config/Windows/Scalability.ini]
[2022.03.04-17.19.12:606][  0]LogConfig: Setting CVar [[r.SkeletalMeshLODBias:0]]
[2022.03.04-17.19.12:606][  0]LogConfig: Setting CVar [[r.ViewDistanceScale:1.0]]
[2022.03.04-17.19.12:606][  0]LogConfig: Applying CVar settings from Section [AntiAliasingQuality@3] File [C:/Users/andres.perez/Documents/GitHub/PruebasNox/NoxIA/Saved/Config/Windows/Scalability.ini]
[2022.03.04-17.19.12:607][  0]LogConfig: Setting CVar [[r.PostProcessAAQuality:4]]
[2022.03.04-17.19.12:607][  0]LogConfig: Applying CVar settings from Section [ShadowQuality@3] File [C:/Users/andres.perez/Documents/GitHub/PruebasNox/NoxIA/Saved/Config/Windows/Scalability.ini]
[2022.03.04-17.19.12:607][  0]LogConfig: Setting CVar [[r.LightFunctionQuality:1]]
[2022.03.04-17.19.12:607][  0]LogConfig: Setting CVar [[r.ShadowQuality:5]]
[2022.03.04-17.19.12:607][  0]LogConfig: Setting CVar [[r.Shadow.CSM.MaxCascades:10]]
[2022.03.04-17.19.12:607][  0]LogConfig: Setting CVar [[r.Shadow.MaxResolution:2048]]
[2022.03.04-17.19.12:607][  0]LogConfig: Setting CVar [[r.Shadow.MaxCSMResolution:2048]]
[2022.03.04-17.19.12:607][  0]LogConfig: Setting CVar [[r.Shadow.RadiusThreshold:0.01]]
[2022.03.04-17.19.12:607][  0]LogConfig: Setting CVar [[r.Shadow.DistanceScale:1.0]]
[2022.03.04-17.19.12:607][  0]LogConfig: Setting CVar [[r.Shadow.CSM.TransitionScale:1.0]]
[2022.03.04-17.19.12:607][  0]LogConfig: Setting CVar [[r.Shadow.PreShadowResolutionFactor:1.0]]
[2022.03.04-17.19.12:607][  0]LogConfig: Setting CVar [[r.DistanceFieldShadowing:1]]
[2022.03.04-17.19.12:607][  0]LogConfig: Setting CVar [[r.DistanceFieldAO:1]]
[2022.03.04-17.19.12:607][  0]LogConfig: Setting CVar [[r.AOQuality:2]]
[2022.03.04-17.19.12:608][  0]LogConfig: Setting CVar [[r.VolumetricFog:1]]
[2022.03.04-17.19.12:608][  0]LogConfig: Setting CVar [[r.VolumetricFog.GridPixelSize:8]]
[2022.03.04-17.19.12:608][  0]LogConfig: Setting CVar [[r.VolumetricFog.GridSizeZ:128]]
[2022.03.04-17.19.12:608][  0]LogConfig: Setting CVar [[r.VolumetricFog.HistoryMissSupersampleCount:4]]
[2022.03.04-17.19.12:608][  0]LogConfig: Setting CVar [[r.LightMaxDrawDistanceScale:1]]
[2022.03.04-17.19.12:608][  0]LogConfig: Setting CVar [[r.CapsuleShadows:1]]
[2022.03.04-17.19.12:608][  0]LogConfig: Applying CVar settings from Section [PostProcessQuality@3] File [C:/Users/andres.perez/Documents/GitHub/PruebasNox/NoxIA/Saved/Config/Windows/Scalability.ini]
[2022.03.04-17.19.12:608][  0]LogConfig: Setting CVar [[r.MotionBlurQuality:4]]
[2022.03.04-17.19.12:608][  0]LogConfig: Setting CVar [[r.AmbientOcclusionMipLevelFactor:0.4]]
[2022.03.04-17.19.12:608][  0]LogConfig: Setting CVar [[r.AmbientOcclusionMaxQuality:100]]
[2022.03.04-17.19.12:608][  0]LogConfig: Setting CVar [[r.AmbientOcclusionLevels:-1]]
[2022.03.04-17.19.12:608][  0]LogConfig: Setting CVar [[r.AmbientOcclusionRadiusScale:1.0]]
[2022.03.04-17.19.12:608][  0]LogConfig: Setting CVar [[r.DepthOfFieldQuality:2]]
[2022.03.04-17.19.12:608][  0]LogConfig: Setting CVar [[r.RenderTargetPoolMin:400]]
[2022.03.04-17.19.12:608][  0]LogConfig: Setting CVar [[r.LensFlareQuality:2]]
[2022.03.04-17.19.12:608][  0]LogConfig: Setting CVar [[r.SceneColorFringeQuality:1]]
[2022.03.04-17.19.12:608][  0]LogConfig: Setting CVar [[r.EyeAdaptationQuality:2]]
[2022.03.04-17.19.12:609][  0]LogConfig: Setting CVar [[r.BloomQuality:5]]
[2022.03.04-17.19.12:609][  0]LogConfig: Setting CVar [[r.FastBlurThreshold:100]]
[2022.03.04-17.19.12:609][  0]LogConfig: Setting CVar [[r.Upscale.Quality:3]]
[2022.03.04-17.19.12:609][  0]LogConfig: Setting CVar [[r.Tonemapper.GrainQuantization:1]]
[2022.03.04-17.19.12:609][  0]LogConfig: Setting CVar [[r.LightShaftQuality:1]]
[2022.03.04-17.19.12:609][  0]LogConfig: Setting CVar [[r.Filter.SizeScale:1]]
[2022.03.04-17.19.12:609][  0]LogConfig: Setting CVar [[r.Tonemapper.Quality:5]]
[2022.03.04-17.19.12:609][  0]LogConfig: Setting CVar [[r.DOF.Gather.AccumulatorQuality:1        ; higher gathering accumulator quality]]
[2022.03.04-17.19.12:609][  0]LogConfig: Setting CVar [[r.DOF.Gather.PostfilterMethod:1          ; Median3x3 postfilering method]]
[2022.03.04-17.19.12:609][  0]LogConfig: Setting CVar [[r.DOF.Gather.EnableBokehSettings:0       ; no bokeh simulation when gathering]]
[2022.03.04-17.19.12:609][  0]LogConfig: Setting CVar [[r.DOF.Gather.RingCount:4                 ; medium number of samples when gathering]]
[2022.03.04-17.19.12:609][  0]LogConfig: Setting CVar [[r.DOF.Scatter.ForegroundCompositing:1    ; additive foreground scattering]]
[2022.03.04-17.19.12:609][  0]LogConfig: Setting CVar [[r.DOF.Scatter.BackgroundCompositing:2    ; additive background scattering]]
[2022.03.04-17.19.12:609][  0]LogConfig: Setting CVar [[r.DOF.Scatter.EnableBokehSettings:1      ; bokeh simulation when scattering]]
[2022.03.04-17.19.12:610][  0]LogConfig: Setting CVar [[r.DOF.Scatter.MaxSpriteRatio:0.1         ; only a maximum of 10% of scattered bokeh]]
[2022.03.04-17.19.12:610][  0]LogConfig: Setting CVar [[r.DOF.Recombine.Quality:1                ; cheap slight out of focus]]
[2022.03.04-17.19.12:610][  0]LogConfig: Setting CVar [[r.DOF.Recombine.EnableBokehSettings:0    ; no bokeh simulation on slight out of focus]]
[2022.03.04-17.19.12:610][  0]LogConfig: Setting CVar [[r.DOF.TemporalAAQuality:1                ; more stable temporal accumulation]]
[2022.03.04-17.19.12:610][  0]LogConfig: Setting CVar [[r.DOF.Kernel.MaxForegroundRadius:0.025]]
[2022.03.04-17.19.12:610][  0]LogConfig: Setting CVar [[r.DOF.Kernel.MaxBackgroundRadius:0.025]]
[2022.03.04-17.19.12:610][  0]LogConfig: Applying CVar settings from Section [TextureQuality@3] File [C:/Users/andres.perez/Documents/GitHub/PruebasNox/NoxIA/Saved/Config/Windows/Scalability.ini]
[2022.03.04-17.19.12:610][  0]LogConfig: Setting CVar [[r.Streaming.MipBias:0]]
[2022.03.04-17.19.12:610][  0]LogConfig: Setting CVar [[r.Streaming.AmortizeCPUToGPUCopy:0]]
[2022.03.04-17.19.12:610][  0]LogConfig: Setting CVar [[r.Streaming.MaxNumTexturesToStreamPerFrame:0]]
[2022.03.04-17.19.12:610][  0]LogConfig: Setting CVar [[r.Streaming.Boost:1]]
[2022.03.04-17.19.12:611][  0]LogConfig: Setting CVar [[r.MaxAnisotropy:8]]
[2022.03.04-17.19.12:611][  0]LogConfig: Setting CVar [[r.VT.MaxAnisotropy:8]]
[2022.03.04-17.19.12:611][  0]LogConfig: Setting CVar [[r.Streaming.LimitPoolSizeToVRAM:0]]
[2022.03.04-17.19.12:611][  0]LogConfig: Setting CVar [[r.Streaming.PoolSize:1000]]
[2022.03.04-17.19.12:611][  0]LogConfig: Setting CVar [[r.Streaming.MaxEffectiveScreenSize:0]]
[2022.03.04-17.19.12:611][  0]LogConfig: Applying CVar settings from Section [EffectsQuality@3] File [C:/Users/andres.perez/Documents/GitHub/PruebasNox/NoxIA/Saved/Config/Windows/Scalability.ini]
[2022.03.04-17.19.12:612][  0]LogConfig: Setting CVar [[r.TranslucencyLightingVolumeDim:64]]
[2022.03.04-17.19.12:612][  0]LogConfig: Setting CVar [[r.RefractionQuality:2]]
[2022.03.04-17.19.12:612][  0]LogConfig: Setting CVar [[r.SSR.Quality:3]]
[2022.03.04-17.19.12:612][  0]LogConfig: Setting CVar [[r.SSR.HalfResSceneColor:0]]
[2022.03.04-17.19.12:612][  0]LogConfig: Setting CVar [[r.SceneColorFormat:4]]
[2022.03.04-17.19.12:612][  0]LogConfig: Setting CVar [[r.DetailMode:2]]
[2022.03.04-17.19.12:612][  0]LogConfig: Setting CVar [[r.TranslucencyVolumeBlur:1]]
[2022.03.04-17.19.12:612][  0]LogConfig: Setting CVar [[r.MaterialQualityLevel:1 ; High quality]]
[2022.03.04-17.19.12:612][  0]LogConfig: Setting CVar [[r.AnisotropicMaterials:1]]
[2022.03.04-17.19.12:613][  0]LogConfig: Setting CVar [[r.SSS.Scale:1]]
[2022.03.04-17.19.12:613][  0]LogConfig: Setting CVar [[r.SSS.SampleSet:2]]
[2022.03.04-17.19.12:613][  0]LogConfig: Setting CVar [[r.SSS.Quality:1]]
[2022.03.04-17.19.12:613][  0]LogConfig: Setting CVar [[r.SSS.HalfRes:0]]
[2022.03.04-17.19.12:613][  0]LogConfig: Setting CVar [[r.SSGI.Quality:3]]
[2022.03.04-17.19.12:614][  0]LogConfig: Setting CVar [[r.EmitterSpawnRateScale:1.0]]
[2022.03.04-17.19.12:614][  0]LogConfig: Setting CVar [[r.ParticleLightQuality:2]]
[2022.03.04-17.19.12:614][  0]LogConfig: Setting CVar [[r.SkyAtmosphere.AerialPerspectiveLUT.FastApplyOnOpaque:1 ; Always have FastSkyLUT 1 in this case to avoid wrong sky]]
[2022.03.04-17.19.12:614][  0]LogConfig: Setting CVar [[r.SkyAtmosphere.AerialPerspectiveLUT.SampleCountMaxPerSlice:4]]
[2022.03.04-17.19.12:614][  0]LogConfig: Setting CVar [[r.SkyAtmosphere.AerialPerspectiveLUT.DepthResolution:16.0]]
[2022.03.04-17.19.12:614][  0]LogConfig: Setting CVar [[r.SkyAtmosphere.FastSkyLUT:1]]
[2022.03.04-17.19.12:615][  0]LogConfig: Setting CVar [[r.SkyAtmosphere.FastSkyLUT.SampleCountMin:4.0]]
[2022.03.04-17.19.12:615][  0]LogConfig: Setting CVar [[r.SkyAtmosphere.FastSkyLUT.SampleCountMax:128.0]]
[2022.03.04-17.19.12:615][  0]LogConfig: Setting CVar [[r.SkyAtmosphere.SampleCountMin:4.0]]
[2022.03.04-17.19.12:615][  0]LogConfig: Setting CVar [[r.SkyAtmosphere.SampleCountMax:128.0]]
[2022.03.04-17.19.12:615][  0]LogConfig: Setting CVar [[r.SkyAtmosphere.TransmittanceLUT.UseSmallFormat:0]]
[2022.03.04-17.19.12:615][  0]LogConfig: Setting CVar [[r.SkyAtmosphere.TransmittanceLUT.SampleCount:10.0]]
[2022.03.04-17.19.12:616][  0]LogConfig: Setting CVar [[r.SkyAtmosphere.MultiScatteringLUT.SampleCount:15.0]]
[2022.03.04-17.19.12:616][  0]LogConfig: Setting CVar [[r.SkyLight.RealTimeReflectionCapture:1]]
[2022.03.04-17.19.12:616][  0]LogConfig: Applying CVar settings from Section [FoliageQuality@3] File [C:/Users/andres.perez/Documents/GitHub/PruebasNox/NoxIA/Saved/Config/Windows/Scalability.ini]
[2022.03.04-17.19.12:616][  0]LogConfig: Setting CVar [[foliage.DensityScale:1.0]]
[2022.03.04-17.19.12:616][  0]LogConfig: Setting CVar [[grass.DensityScale:1.0]]
[2022.03.04-17.19.12:616][  0]LogConfig: Applying CVar settings from Section [ShadingQuality@3] File [C:/Users/andres.perez/Documents/GitHub/PruebasNox/NoxIA/Saved/Config/Windows/Scalability.ini]
[2022.03.04-17.19.12:617][  0]LogConfig: Setting CVar [[r.HairStrands.SkyLighting.IntegrationType:2]]
[2022.03.04-17.19.12:617][  0]LogConfig: Setting CVar [[r.HairStrands.SkyAO.SampleCount:4]]
[2022.03.04-17.19.12:617][  0]LogConfig: Setting CVar [[r.HairStrands.Visibility.MSAA.SamplePerPixel:4]]
[2022.03.04-17.19.12:617][  0]LogInit: Selected Device Profile: [Windows]
[2022.03.04-17.19.12:617][  0]LogInit: Applying CVar settings loaded from the selected device profile: [Windows]
[2022.03.04-17.19.12:617][  0]LogHAL: Display: Platform has ~ 32 GB [34055684096 / 34359738368 / 32], which maps to Largest [LargestMinGB=32, LargerMinGB=12, DefaultMinGB=8, SmallerMinGB=6, SmallestMinGB=0)
[2022.03.04-17.19.12:617][  0]LogInit: Going up to parent DeviceProfile []
[2022.03.04-17.19.12:617][  0]LogConfig: Applying CVar settings from Section [ViewDistanceQuality@3] File [C:/Users/andres.perez/Documents/GitHub/PruebasNox/NoxIA/Saved/Config/Windows/Scalability.ini]
[2022.03.04-17.19.12:618][  0]LogConfig: Setting CVar [[r.SkeletalMeshLODBias:0]]
[2022.03.04-17.19.12:618][  0]LogConfig: Setting CVar [[r.ViewDistanceScale:1.0]]
[2022.03.04-17.19.12:618][  0]LogConfig: Applying CVar settings from Section [AntiAliasingQuality@3] File [C:/Users/andres.perez/Documents/GitHub/PruebasNox/NoxIA/Saved/Config/Windows/Scalability.ini]
[2022.03.04-17.19.12:618][  0]LogConfig: Setting CVar [[r.PostProcessAAQuality:4]]
[2022.03.04-17.19.12:618][  0]LogConfig: Applying CVar settings from Section [ShadowQuality@3] File [C:/Users/andres.perez/Documents/GitHub/PruebasNox/NoxIA/Saved/Config/Windows/Scalability.ini]
[2022.03.04-17.19.12:618][  0]LogConfig: Setting CVar [[r.LightFunctionQuality:1]]
[2022.03.04-17.19.12:618][  0]LogConfig: Setting CVar [[r.ShadowQuality:5]]
[2022.03.04-17.19.12:618][  0]LogConfig: Setting CVar [[r.Shadow.CSM.MaxCascades:10]]
[2022.03.04-17.19.12:618][  0]LogConfig: Setting CVar [[r.Shadow.MaxResolution:2048]]
[2022.03.04-17.19.12:619][  0]LogConfig: Setting CVar [[r.Shadow.MaxCSMResolution:2048]]
[2022.03.04-17.19.12:619][  0]LogConfig: Setting CVar [[r.Shadow.RadiusThreshold:0.01]]
[2022.03.04-17.19.12:619][  0]LogConfig: Setting CVar [[r.Shadow.DistanceScale:1.0]]
[2022.03.04-17.19.12:619][  0]LogConfig: Setting CVar [[r.Shadow.CSM.TransitionScale:1.0]]
[2022.03.04-17.19.12:619][  0]LogConfig: Setting CVar [[r.Shadow.PreShadowResolutionFactor:1.0]]
[2022.03.04-17.19.12:619][  0]LogConfig: Setting CVar [[r.DistanceFieldShadowing:1]]
[2022.03.04-17.19.12:620][  0]LogConfig: Setting CVar [[r.DistanceFieldAO:1]]
[2022.03.04-17.19.12:620][  0]LogConfig: Setting CVar [[r.AOQuality:2]]
[2022.03.04-17.19.12:620][  0]LogConfig: Setting CVar [[r.VolumetricFog:1]]
[2022.03.04-17.19.12:620][  0]LogConfig: Setting CVar [[r.VolumetricFog.GridPixelSize:8]]
[2022.03.04-17.19.12:620][  0]LogConfig: Setting CVar [[r.VolumetricFog.GridSizeZ:128]]
[2022.03.04-17.19.12:620][  0]LogConfig: Setting CVar [[r.VolumetricFog.HistoryMissSupersampleCount:4]]
[2022.03.04-17.19.12:620][  0]LogConfig: Setting CVar [[r.LightMaxDrawDistanceScale:1]]
[2022.03.04-17.19.12:620][  0]LogConfig: Setting CVar [[r.CapsuleShadows:1]]
[2022.03.04-17.19.12:620][  0]LogConfig: Applying CVar settings from Section [PostProcessQuality@3] File [C:/Users/andres.perez/Documents/GitHub/PruebasNox/NoxIA/Saved/Config/Windows/Scalability.ini]
[2022.03.04-17.19.12:620][  0]LogConfig: Setting CVar [[r.MotionBlurQuality:4]]
[2022.03.04-17.19.12:621][  0]LogConfig: Setting CVar [[r.AmbientOcclusionMipLevelFactor:0.4]]
[2022.03.04-17.19.12:621][  0]LogConfig: Setting CVar [[r.AmbientOcclusionMaxQuality:100]]
[2022.03.04-17.19.12:621][  0]LogConfig: Setting CVar [[r.AmbientOcclusionLevels:-1]]
[2022.03.04-17.19.12:621][  0]LogConfig: Setting CVar [[r.AmbientOcclusionRadiusScale:1.0]]
[2022.03.04-17.19.12:621][  0]LogConfig: Setting CVar [[r.DepthOfFieldQuality:2]]
[2022.03.04-17.19.12:621][  0]LogConfig: Setting CVar [[r.RenderTargetPoolMin:400]]
[2022.03.04-17.19.12:621][  0]LogConfig: Setting CVar [[r.LensFlareQuality:2]]
[2022.03.04-17.19.12:621][  0]LogConfig: Setting CVar [[r.SceneColorFringeQuality:1]]
[2022.03.04-17.19.12:621][  0]LogConfig: Setting CVar [[r.EyeAdaptationQuality:2]]
[2022.03.04-17.19.12:621][  0]LogConfig: Setting CVar [[r.BloomQuality:5]]
[2022.03.04-17.19.12:621][  0]LogConfig: Setting CVar [[r.FastBlurThreshold:100]]
[2022.03.04-17.19.12:621][  0]LogConfig: Setting CVar [[r.Upscale.Quality:3]]
[2022.03.04-17.19.12:621][  0]LogConfig: Setting CVar [[r.Tonemapper.GrainQuantization:1]]
[2022.03.04-17.19.12:622][  0]LogConfig: Setting CVar [[r.LightShaftQuality:1]]
[2022.03.04-17.19.12:622][  0]LogConfig: Setting CVar [[r.Filter.SizeScale:1]]
[2022.03.04-17.19.12:622][  0]LogConfig: Setting CVar [[r.Tonemapper.Quality:5]]
[2022.03.04-17.19.12:622][  0]LogConfig: Setting CVar [[r.DOF.Gather.AccumulatorQuality:1        ; higher gathering accumulator quality]]
[2022.03.04-17.19.12:622][  0]LogConfig: Setting CVar [[r.DOF.Gather.PostfilterMethod:1          ; Median3x3 postfilering method]]
[2022.03.04-17.19.12:622][  0]LogConfig: Setting CVar [[r.DOF.Gather.EnableBokehSettings:0       ; no bokeh simulation when gathering]]
[2022.03.04-17.19.12:622][  0]LogConfig: Setting CVar [[r.DOF.Gather.RingCount:4                 ; medium number of samples when gathering]]
[2022.03.04-17.19.12:622][  0]LogConfig: Setting CVar [[r.DOF.Scatter.ForegroundCompositing:1    ; additive foreground scattering]]
[2022.03.04-17.19.12:622][  0]LogConfig: Setting CVar [[r.DOF.Scatter.BackgroundCompositing:2    ; additive background scattering]]
[2022.03.04-17.19.12:622][  0]LogConfig: Setting CVar [[r.DOF.Scatter.EnableBokehSettings:1      ; bokeh simulation when scattering]]
[2022.03.04-17.19.12:622][  0]LogConfig: Setting CVar [[r.DOF.Scatter.MaxSpriteRatio:0.1         ; only a maximum of 10% of scattered bokeh]]
[2022.03.04-17.19.12:622][  0]LogConfig: Setting CVar [[r.DOF.Recombine.Quality:1                ; cheap slight out of focus]]
[2022.03.04-17.19.12:622][  0]LogConfig: Setting CVar [[r.DOF.Recombine.EnableBokehSettings:0    ; no bokeh simulation on slight out of focus]]
[2022.03.04-17.19.12:622][  0]LogConfig: Setting CVar [[r.DOF.TemporalAAQuality:1                ; more stable temporal accumulation]]
[2022.03.04-17.19.12:622][  0]LogConfig: Setting CVar [[r.DOF.Kernel.MaxForegroundRadius:0.025]]
[2022.03.04-17.19.12:622][  0]LogConfig: Setting CVar [[r.DOF.Kernel.MaxBackgroundRadius:0.025]]
[2022.03.04-17.19.12:623][  0]LogConfig: Applying CVar settings from Section [TextureQuality@3] File [C:/Users/andres.perez/Documents/GitHub/PruebasNox/NoxIA/Saved/Config/Windows/Scalability.ini]
[2022.03.04-17.19.12:623][  0]LogConfig: Setting CVar [[r.Streaming.MipBias:0]]
[2022.03.04-17.19.12:623][  0]LogConfig: Setting CVar [[r.Streaming.AmortizeCPUToGPUCopy:0]]
[2022.03.04-17.19.12:623][  0]LogConfig: Setting CVar [[r.Streaming.MaxNumTexturesToStreamPerFrame:0]]
[2022.03.04-17.19.12:623][  0]LogConfig: Setting CVar [[r.Streaming.Boost:1]]
[2022.03.04-17.19.12:623][  0]LogConfig: Setting CVar [[r.MaxAnisotropy:8]]
[2022.03.04-17.19.12:623][  0]LogConfig: Setting CVar [[r.VT.MaxAnisotropy:8]]
[2022.03.04-17.19.12:623][  0]LogConfig: Setting CVar [[r.Streaming.LimitPoolSizeToVRAM:0]]
[2022.03.04-17.19.12:623][  0]LogConfig: Setting CVar [[r.Streaming.PoolSize:1000]]
[2022.03.04-17.19.12:623][  0]LogConfig: Setting CVar [[r.Streaming.MaxEffectiveScreenSize:0]]
[2022.03.04-17.19.12:623][  0]LogConfig: Applying CVar settings from Section [EffectsQuality@3] File [C:/Users/andres.perez/Documents/GitHub/PruebasNox/NoxIA/Saved/Config/Windows/Scalability.ini]
[2022.03.04-17.19.12:623][  0]LogConfig: Setting CVar [[r.TranslucencyLightingVolumeDim:64]]
[2022.03.04-17.19.12:623][  0]LogConfig: Setting CVar [[r.RefractionQuality:2]]
[2022.03.04-17.19.12:623][  0]LogConfig: Setting CVar [[r.SSR.Quality:3]]
[2022.03.04-17.19.12:623][  0]LogConfig: Setting CVar [[r.SSR.HalfResSceneColor:0]]
[2022.03.04-17.19.12:623][  0]LogConfig: Setting CVar [[r.SceneColorFormat:4]]
[2022.03.04-17.19.12:623][  0]LogConfig: Setting CVar [[r.DetailMode:2]]
[2022.03.04-17.19.12:624][  0]LogConfig: Setting CVar [[r.TranslucencyVolumeBlur:1]]
[2022.03.04-17.19.12:624][  0]LogConfig: Setting CVar [[r.MaterialQualityLevel:1 ; High quality]]
[2022.03.04-17.19.12:624][  0]LogConfig: Setting CVar [[r.AnisotropicMaterials:1]]
[2022.03.04-17.19.12:624][  0]LogConfig: Setting CVar [[r.SSS.Scale:1]]
[2022.03.04-17.19.12:624][  0]LogConfig: Setting CVar [[r.SSS.SampleSet:2]]
[2022.03.04-17.19.12:624][  0]LogConfig: Setting CVar [[r.SSS.Quality:1]]
[2022.03.04-17.19.12:624][  0]LogConfig: Setting CVar [[r.SSS.HalfRes:0]]
[2022.03.04-17.19.12:624][  0]LogConfig: Setting CVar [[r.SSGI.Quality:3]]
[2022.03.04-17.19.12:624][  0]LogConfig: Setting CVar [[r.EmitterSpawnRateScale:1.0]]
[2022.03.04-17.19.12:624][  0]LogConfig: Setting CVar [[r.ParticleLightQuality:2]]
[2022.03.04-17.19.12:624][  0]LogConfig: Setting CVar [[r.SkyAtmosphere.AerialPerspectiveLUT.FastApplyOnOpaque:1 ; Always have FastSkyLUT 1 in this case to avoid wrong sky]]
[2022.03.04-17.19.12:624][  0]LogConfig: Setting CVar [[r.SkyAtmosphere.AerialPerspectiveLUT.SampleCountMaxPerSlice:4]]
[2022.03.04-17.19.12:624][  0]LogConfig: Setting CVar [[r.SkyAtmosphere.AerialPerspectiveLUT.DepthResolution:16.0]]
[2022.03.04-17.19.12:625][  0]LogConfig: Setting CVar [[r.SkyAtmosphere.FastSkyLUT:1]]
[2022.03.04-17.19.12:625][  0]LogConfig: Setting CVar [[r.SkyAtmosphere.FastSkyLUT.SampleCountMin:4.0]]
[2022.03.04-17.19.12:625][  0]LogConfig: Setting CVar [[r.SkyAtmosphere.FastSkyLUT.SampleCountMax:128.0]]
[2022.03.04-17.19.12:625][  0]LogConfig: Setting CVar [[r.SkyAtmosphere.SampleCountMin:4.0]]
[2022.03.04-17.19.12:625][  0]LogConfig: Setting CVar [[r.SkyAtmosphere.SampleCountMax:128.0]]
[2022.03.04-17.19.12:625][  0]LogConfig: Setting CVar [[r.SkyAtmosphere.TransmittanceLUT.UseSmallFormat:0]]
[2022.03.04-17.19.12:625][  0]LogConfig: Setting CVar [[r.SkyAtmosphere.TransmittanceLUT.SampleCount:10.0]]
[2022.03.04-17.19.12:625][  0]LogConfig: Setting CVar [[r.SkyAtmosphere.MultiScatteringLUT.SampleCount:15.0]]
[2022.03.04-17.19.12:625][  0]LogConfig: Setting CVar [[r.SkyLight.RealTimeReflectionCapture:1]]
[2022.03.04-17.19.12:625][  0]LogConfig: Applying CVar settings from Section [FoliageQuality@3] File [C:/Users/andres.perez/Documents/GitHub/PruebasNox/NoxIA/Saved/Config/Windows/Scalability.ini]
[2022.03.04-17.19.12:625][  0]LogConfig: Setting CVar [[foliage.DensityScale:1.0]]
[2022.03.04-17.19.12:625][  0]LogConfig: Setting CVar [[grass.DensityScale:1.0]]
[2022.03.04-17.19.12:625][  0]LogConfig: Applying CVar settings from Section [ShadingQuality@3] File [C:/Users/andres.perez/Documents/GitHub/PruebasNox/NoxIA/Saved/Config/Windows/Scalability.ini]
[2022.03.04-17.19.12:625][  0]LogConfig: Setting CVar [[r.HairStrands.SkyLighting.IntegrationType:2]]
[2022.03.04-17.19.12:626][  0]LogConfig: Setting CVar [[r.HairStrands.SkyAO.SampleCount:4]]
[2022.03.04-17.19.12:626][  0]LogConfig: Setting CVar [[r.HairStrands.Visibility.MSAA.SamplePerPixel:4]]
[2022.03.04-17.19.12:626][  0]LogConfig: Applying CVar settings from Section [Startup] File [../../../Engine/Config/ConsoleVariables.ini]
[2022.03.04-17.19.12:626][  0]LogConfig: Setting CVar [[net.UseAdaptiveNetUpdateFrequency:0]]
[2022.03.04-17.19.12:626][  0]LogConfig: Setting CVar [[p.chaos.AllowCreatePhysxBodies:1]]
[2022.03.04-17.19.12:626][  0]LogConfig: Setting CVar [[fx.SkipVectorVMBackendOptimizations:1]]
[2022.03.04-17.19.12:626][  0]LogConfig: Applying CVar settings from Section [ConsoleVariables] File [C:/Users/andres.perez/Documents/GitHub/PruebasNox/NoxIA/Saved/Config/Windows/Engine.ini]
[2022.03.04-17.19.12:626][  0]LogConfig: Applying CVar settings from Section [ConsoleVariables] File [C:/Users/andres.perez/Documents/GitHub/PruebasNox/NoxIA/Saved/Config/Windows/Editor.ini]
[2022.03.04-17.19.12:626][  0]LogInit: Computer: UTWKS0871
[2022.03.04-17.19.12:626][  0]LogInit: User: andresperez
[2022.03.04-17.19.12:626][  0]LogInit: CPU Page size=4096, Cores=18
[2022.03.04-17.19.12:627][  0]LogInit: High frequency timer resolution =10.000000 MHz
[2022.03.04-17.19.12:627][  0]LogMemory: Memory total: Physical=31.7GB (32GB approx)
[2022.03.04-17.19.12:627][  0]LogMemory: Platform Memory Stats for Windows
[2022.03.04-17.19.12:627][  0]LogMemory: Process Physical Memory: 152.02 MB used, 152.03 MB peak
[2022.03.04-17.19.12:627][  0]LogMemory: Process Virtual Memory: 129.96 MB used, 129.96 MB peak
[2022.03.04-17.19.12:627][  0]LogMemory: Physical Memory: 11396.98 MB used,  21081.05 MB free, 32478.03 MB total
[2022.03.04-17.19.12:627][  0]LogMemory: Virtual Memory: 134193192.00 MB used,  24539.20 MB free, 134217728.00 MB total
[2022.03.04-17.19.12:643][  0]LogWindows: WindowsPlatformFeatures enabled
[2022.03.04-17.19.12:848][  0]LogInit: Physics initialised using underlying interface: PhysX
[2022.03.04-17.19.12:849][  0]LogInit: Using OS detected language (en-US).
[2022.03.04-17.19.12:849][  0]LogInit: Using OS detected locale (es-ES).
[2022.03.04-17.19.12:854][  0]LogTextLocalizationManager: No specific localization for 'en-US' exists, so the 'en' localization will be used.
[2022.03.04-17.19.13:033][  0]LogInit: Setting process to per monitor DPI aware
[2022.03.04-17.19.13:083][  0]LogWindowsTextInputMethodSystem: Display: IME system deactivated.
[2022.03.04-17.19.13:110][  0]LogSlate: New Slate User Created.  User Index 0, Is Virtual User: 0
[2022.03.04-17.19.13:110][  0]LogSlate: Slate User Registered.  User Index 0, Is Virtual User: 0
[2022.03.04-17.19.13:228][  0]LogD3D11RHI: Loaded GFSDK_Aftermath_Lib.x64.dll
[2022.03.04-17.19.13:237][  0]LogHMD: Failed to initialize OpenVR with code 110
[2022.03.04-17.19.13:237][  0]LogD3D11RHI: D3D11 min allowed feature level: 11_0
[2022.03.04-17.19.13:237][  0]LogD3D11RHI: D3D11 max allowed feature level: 11_0
[2022.03.04-17.19.13:237][  0]LogD3D11RHI: D3D11 adapters:
[2022.03.04-17.19.13:450][  0]LogD3D11RHI:    0. 'NVIDIA GeForce RTX 3080' (Feature Level 11_0)
[2022.03.04-17.19.13:450][  0]LogD3D11RHI:       10078/0/16239 MB DedicatedVideo/DedicatedSystem/SharedSystem, Outputs:1, VendorId:0x10de
[2022.03.04-17.19.13:460][  0]LogD3D11RHI:    1. 'Microsoft Basic Render Driver' (Feature Level 11_0)
[2022.03.04-17.19.13:460][  0]LogD3D11RHI:       0/0/16239 MB DedicatedVideo/DedicatedSystem/SharedSystem, Outputs:0, VendorId:0x1414
[2022.03.04-17.19.13:460][  0]LogD3D11RHI: Chosen D3D11 Adapter:
[2022.03.04-17.19.13:461][  0]LogD3D11RHI:     Description : NVIDIA GeForce RTX 3080
[2022.03.04-17.19.13:461][  0]LogD3D11RHI:     VendorId    : 10de
[2022.03.04-17.19.13:461][  0]LogD3D11RHI:     DeviceId    : 2206
[2022.03.04-17.19.13:461][  0]LogD3D11RHI:     SubSysId    : 38911028
[2022.03.04-17.19.13:461][  0]LogD3D11RHI:     Revision    : 00a1
[2022.03.04-17.19.13:461][  0]LogD3D11RHI:     DedicatedVideoMemory : 10567548928 bytes
[2022.03.04-17.19.13:461][  0]LogD3D11RHI:     DedicatedSystemMemory : 0 bytes
[2022.03.04-17.19.13:462][  0]LogD3D11RHI:     SharedSystemMemory : 17027842048 bytes
[2022.03.04-17.19.13:462][  0]LogD3D11RHI:     AdapterLuid : 0 100838
[2022.03.04-17.19.13:469][  0]LogD3D11RHI: Creating new Direct3DDevice
[2022.03.04-17.19.13:469][  0]LogD3D11RHI:     GPU DeviceId: 0x2206 (for the marketing name, search the web for "GPU Device Id")
[2022.03.04-17.19.13:469][  0]LogWindows: EnumDisplayDevices:
[2022.03.04-17.19.13:470][  0]LogWindows:    0. 'NVIDIA GeForce RTX 3080' (P:1 D:1)
[2022.03.04-17.19.13:470][  0]LogWindows:    1. 'NVIDIA GeForce RTX 3080' (P:0 D:0)
[2022.03.04-17.19.13:471][  0]LogWindows:    2. 'NVIDIA GeForce RTX 3080' (P:0 D:0)
[2022.03.04-17.19.13:472][  0]LogWindows:    3. 'NVIDIA GeForce RTX 3080' (P:0 D:0)
[2022.03.04-17.19.13:472][  0]LogWindows: DebugString: FoundDriverCount:4 
[2022.03.04-17.19.13:472][  0]LogD3D11RHI:     Adapter Name: NVIDIA GeForce RTX 3080
[2022.03.04-17.19.13:472][  0]LogD3D11RHI:   Driver Version: 462.31 (internal:27.21.14.6231, unified:462.31)
[2022.03.04-17.19.13:472][  0]LogD3D11RHI:      Driver Date: 4-8-2021
[2022.03.04-17.19.13:472][  0]LogRHI: Texture pool is 7054 MB (70% of 10078 MB)
[2022.03.04-17.19.13:473][  0]LogD3D11RHI: Creating D3DDevice using adapter:
[2022.03.04-17.19.13:473][  0]LogD3D11RHI:     Description : NVIDIA GeForce RTX 3080
[2022.03.04-17.19.13:473][  0]LogD3D11RHI:     VendorId    : 10de
[2022.03.04-17.19.13:473][  0]LogD3D11RHI:     DeviceId    : 2206
[2022.03.04-17.19.13:473][  0]LogD3D11RHI:     SubSysId    : 38911028
[2022.03.04-17.19.13:473][  0]LogD3D11RHI:     Revision    : 00a1
[2022.03.04-17.19.13:473][  0]LogD3D11RHI:     DedicatedVideoMemory : 10567548928 bytes
[2022.03.04-17.19.13:473][  0]LogD3D11RHI:     DedicatedSystemMemory : 0 bytes
[2022.03.04-17.19.13:473][  0]LogD3D11RHI:     SharedSystemMemory : 17027842048 bytes
[2022.03.04-17.19.13:474][  0]LogD3D11RHI:     AdapterLuid : 0 100838
[2022.03.04-17.19.13:621][  0]LogD3D11RHI: RHI has support for 64 bit atomics
[2022.03.04-17.19.13:621][  0]LogD3D11RHI: Async texture creation enabled
[2022.03.04-17.19.13:621][  0]LogD3D11RHI: Array index from any shader is supported
[2022.03.04-17.19.13:654][  0]LogD3D11RHI: GPU Timing Frequency: 1000.000000 (Debug: 2 1)
[2022.03.04-17.19.13:709][  0]LogRHI: GeForceNow SDK initialized: 1
[2022.03.04-17.19.14:065][  0]LogTargetPlatformManager: Display: Loaded TargetPlatform 'AllDesktop'
[2022.03.04-17.19.14:096][  0]LogTargetPlatformManager: Display: Loaded TargetPlatform 'Android'
[2022.03.04-17.19.14:097][  0]LogTargetPlatformManager: Display: Loaded TargetPlatform 'Android_ASTC'
[2022.03.04-17.19.14:097][  0]LogTargetPlatformManager: Display: Loaded TargetPlatform 'Android_DXT'
[2022.03.04-17.19.14:097][  0]LogTargetPlatformManager: Display: Loaded TargetPlatform 'Android_ETC2'
[2022.03.04-17.19.14:097][  0]LogTargetPlatformManager: Display: Loaded TargetPlatform 'AndroidClient'
[2022.03.04-17.19.14:097][  0]LogTargetPlatformManager: Display: Loaded TargetPlatform 'Android_ASTCClient'
[2022.03.04-17.19.14:098][  0]LogTargetPlatformManager: Display: Loaded TargetPlatform 'Android_DXTClient'
[2022.03.04-17.19.14:098][  0]LogTargetPlatformManager: Display: Loaded TargetPlatform 'Android_ETC2Client'
[2022.03.04-17.19.14:098][  0]LogTargetPlatformManager: Display: Loaded TargetPlatform 'Android_Multi'
[2022.03.04-17.19.14:098][  0]LogTargetPlatformManager: Display: Loaded TargetPlatform 'Android_MultiClient'
[2022.03.04-17.19.14:142][  0]LogTargetPlatformManager: Display: Loaded TargetPlatform 'IOSClient'
[2022.03.04-17.19.14:143][  0]LogTargetPlatformManager: Display: Loaded TargetPlatform 'IOS'
[2022.03.04-17.19.14:156][  0]LogTargetPlatformManager: Display: Loaded TargetPlatform 'Linux'
[2022.03.04-17.19.14:164][  0]LogTargetPlatformManager: Display: Loaded TargetPlatform 'LinuxNoEditor'
[2022.03.04-17.19.14:175][  0]LogTargetPlatformManager: Display: Loaded TargetPlatform 'LinuxClient'
[2022.03.04-17.19.14:182][  0]LogTargetPlatformManager: Display: Loaded TargetPlatform 'LinuxServer'
[2022.03.04-17.19.14:192][  0]LogTargetPlatformManager: Display: Loaded TargetPlatform 'LinuxAArch64NoEditor'
[2022.03.04-17.19.14:204][  0]LogTargetPlatformManager: Display: Loaded TargetPlatform 'LinuxAArch64Client'
[2022.03.04-17.19.14:210][  0]LogTargetPlatformManager: Display: Loaded TargetPlatform 'LinuxAArch64Server'
[2022.03.04-17.19.14:255][  0]LogTargetPlatformManager: Display: Loaded TargetPlatform 'Lumin'
[2022.03.04-17.19.14:255][  0]LogTargetPlatformManager: Display: Loaded TargetPlatform 'LuminClient'
[2022.03.04-17.19.14:273][  0]LogTargetPlatformManager: Display: Loaded TargetPlatform 'MacNoEditor'
[2022.03.04-17.19.14:285][  0]LogTargetPlatformManager: Display: Loaded TargetPlatform 'Mac'
[2022.03.04-17.19.14:297][  0]LogTargetPlatformManager: Display: Loaded TargetPlatform 'MacClient'
[2022.03.04-17.19.14:309][  0]LogTargetPlatformManager: Display: Loaded TargetPlatform 'MacServer'
[2022.03.04-17.19.14:329][  0]LogTargetPlatformManager: Display: Loaded TargetPlatform 'TVOSClient'
[2022.03.04-17.19.14:329][  0]LogTargetPlatformManager: Display: Loaded TargetPlatform 'TVOS'
[2022.03.04-17.19.14:346][  0]LogTargetPlatformManager: Display: Loaded TargetPlatform 'WindowsNoEditor'
[2022.03.04-17.19.14:359][  0]LogTargetPlatformManager: Display: Loaded TargetPlatform 'Windows'
[2022.03.04-17.19.14:372][  0]LogTargetPlatformManager: Display: Loaded TargetPlatform 'WindowsClient'
[2022.03.04-17.19.14:385][  0]LogTargetPlatformManager: Display: Loaded TargetPlatform 'WindowsServer'
[2022.03.04-17.19.14:385][  0]LogTargetPlatformManager: Display: Building Assets For Windows
[2022.03.04-17.19.14:407][  0]LogAudioDebug: Display: Lib vorbis DLL was dynamically loaded.
[2022.03.04-17.19.14:489][  0]LogTextureFormatOodle: Display: Oodle Texture 2.9.0 init RDO Off
[2022.03.04-17.19.14:584][  0]LogRendererCore: Ray tracing is disabled. Reason: r.RayTracing=0.
[2022.03.04-17.19.14:584][  0]LogShaderCompilers: Guid format shader working directory is -17 characters bigger than the processId version (../../../../../../Users/andres.perez/Documents/GitHub/PruebasNox/NoxIA/Intermediate/Shaders/WorkingDirectory/5136/).
[2022.03.04-17.19.14:585][  0]LogShaderCompilers: Cleaned the shader compiler working directory 'C:/Users/andres.perez/AppData/Local/Temp/UnrealShaderWorkingDir/58FA472542910A9FD91084BB151B74B4/'.
[2022.03.04-17.19.14:585][  0]LogXGEController: Cannot use XGE Controller as Incredibuild is not installed on this machine.
[2022.03.04-17.19.14:586][  0]LogShaderCompilers: Cannot use XGE Shader Compiler as Incredibuild is not installed on this machine.
[2022.03.04-17.19.14:586][  0]LogShaderCompilers: Display: Using Local Shader Compiler.
[2022.03.04-17.19.15:283][  0]LogDerivedDataCache: Display: Max Cache Size: 512 MB
[2022.03.04-17.19.15:343][  0]LogDerivedDataCache: Loaded boot cache 0.06s 99MB C:/Users/andres.perez/AppData/Local/UnrealEngine/4.27/DerivedDataCache/Boot.ddc.
[2022.03.04-17.19.15:343][  0]LogDerivedDataCache: Display: Loaded Boot cache: C:/Users/andres.perez/AppData/Local/UnrealEngine/4.27/DerivedDataCache/Boot.ddc
[2022.03.04-17.19.15:344][  0]LogDerivedDataCache: FDerivedDataBackendGraph:  Pak pak cache file ../../../../../../Users/andres.perez/Documents/GitHub/PruebasNox/NoxIA/DerivedDataCache/DDC.ddp not found, will not use a pak cache.
[2022.03.04-17.19.15:344][  0]LogDerivedDataCache: Unable to find inner node Pak for hierarchical cache Hierarchy.
[2022.03.04-17.19.15:344][  0]LogDerivedDataCache: FDerivedDataBackendGraph:  CompressedPak pak cache file ../../../../../../Users/andres.perez/Documents/GitHub/PruebasNox/NoxIA/DerivedDataCache/Compressed.ddp not found, will not use a pak cache.
[2022.03.04-17.19.15:344][  0]LogDerivedDataCache: Unable to find inner node CompressedPak for hierarchical cache Hierarchy.
[2022.03.04-17.19.15:364][  0]LogDerivedDataCache: Display: Pak cache opened for reading ../../../Engine/DerivedDataCache/Compressed.ddp.
[2022.03.04-17.19.15:364][  0]LogDerivedDataCache: FDerivedDataBackendGraph:  EnterprisePak pak cache file ../../../Enterprise/DerivedDataCache/Compressed.ddp not found, will not use a pak cache.
[2022.03.04-17.19.15:364][  0]LogDerivedDataCache: Unable to find inner node EnterprisePak for hierarchical cache Hierarchy.
[2022.03.04-17.19.15:376][  0]LogDerivedDataCache: Speed tests for C:/Users/andres.perez/AppData/Local/UnrealEngine/Common/DerivedDataCache took 0.01 seconds
[2022.03.04-17.19.15:376][  0]LogDerivedDataCache: Display: Performance to C:/Users/andres.perez/AppData/Local/UnrealEngine/Common/DerivedDataCache: Latency=0.05ms. RandomReadSpeed=637.91MBs, RandomWriteSpeed=98.23MBs. Assigned SpeedClass 'Local'
[2022.03.04-17.19.15:380][  0]LogDerivedDataCache: Using Local data cache path C:/Users/andres.perez/AppData/Local/UnrealEngine/Common/DerivedDataCache: Writable
[2022.03.04-17.19.15:380][  0]LogDerivedDataCache: Shared data cache path not found in *engine.ini, will not use an Shared cache.
[2022.03.04-17.19.15:381][  0]LogDerivedDataCache: Unable to find inner node Shared for hierarchical cache Hierarchy.
[2022.03.04-17.19.15:429][  0]LogSlate: Using FreeType 2.10.0
[2022.03.04-17.19.15:429][  0]LogSlate: SlateFontServices - WITH_FREETYPE: 1, WITH_HARFBUZZ: 1
[2022.03.04-17.19.15:479][  0]LogAssetRegistry: FAssetRegistry took 0.0097 seconds to start up
[2022.03.04-17.19.15:740][  0]LogInit: Selected Device Profile: [Windows]
[2022.03.04-17.19.15:740][  0]LogInit: Active device profile: [0000024FF9DCAA00][0000024FF9559740 49] Windows
[2022.03.04-17.19.15:740][  0]LogInit: Profiles: [0000024FF9DCAA00][0000024FF9559740 49] Windows, [0000024FF9D81800][0000024FFAE9D8C0 49] WindowsNoEditor, [0000024FF9DC9800][0000024FED68DA40 49] WindowsServer, [0000024FF9D82200][0000024FED691BC0 49] WindowsClient, [0000024FF9DCA100][0000024FED6981C0 49] IOS, [0000024FF9D81600][0000024FED69C340 49] iPadAir, [0000024FF9DCA600][0000024FED6A04C0 49] iPadAir2, [0000024FF9D0F100][0000024FF94D0740 49] IPadPro, [0000024FF9D0F200][0000024FEE0A4780 49] iPadAir3, [0000024FF9DC9000][0000024FEE0A88C0 49] iPadAir4, [0000024FF9D0F700][0000024FF9544A00 49] iPadMini2, [0000024FF9DC9F00][0000024FF9548B40 49] iPadMini3, [0000024FF9D0D600][0000024FED694CC0 49] iPadMini4, [0000024FF9DC8F00][0000024FEE0B8E40 49] iPadMini5, [0000024FF9D46600][0000024FFAE99100 49] iPhone6, [0000024FF9D46700][0000024FEE0BD140 49] iPodTouch6, [0000024FF9D0D200][0000024FF9661400 49] iPhone7, [0000024FF9D0D100][0000024FF965D440 49] iPodTouch7, [0000024FF9D45C00][0000024FED9735C0 49] iPhone5S, [0000024FF9D0CC00][0000024FED977740 49] iPhone6Plus, [0000024FF9D45600][0000024FEDF858C0 49] iPhone6S, [0000024FF9D0EA00][0000024FEDF89A40 49] iPhone6SPlus, [0000024FF9D46500][0000024FEDF8DBC0 49] iPhone7Plus, [0000024FF9D0CF00][0000024FEDF901C0 49] iPhoneSE, [0000024FF9D45B00][0000024FEDF94340 49] iPhone8, [0000024FF9D0F500][0000024FEDF984C0 49] iPhone8Plus, [0000024FF9D44100][0000024FEDF9C640 49] iPhoneX, [0000024FF9D0F600][0000024FEDFA07C0 49] iPhoneXS, [0000024FF9D46800][0000024FEDFA4940 49] iPhoneXSMax, [0000024FF9D0E900][0000024FEE0A0A80 49] iPhoneXR, [0000024FF9D45E00][0000024FEDFA8BC0 49] iPhone11, [0000024FF9D0C700][0000024FED618D00 49] iPhone11Pro, [0000024FF9D45100][0000024FED620E80 49] iPhone11ProMax, [0000024FF9D0EC00][0000024FED625000 49] iPhoneSE2, [0000024FF9D47B00][0000024FED629180 49] iPhone12Mini, [0000024FF9D0E100][0000024FED62D300 49] iPhone12, [0000024FF9D44A00][0000024FED631480 49] iPhone12Pro, [0000024FF9D0FB00][0000024FED635600 49] iPhone12ProMax, [0000024FF9D47900][0000024FED639780 49] iPadPro105, [0000024FF9D0F800][0000024FED63D900 49] iPadPro129, [0000024FF9D44300][0000024FED641A80 49] iPadPro97, [0000024FF9D0C600][0000024FED645C00 49] iPadPro2_129, [0000024FF9D47600][0000024FED648200 49] iPad5, [0000024FF9D0C100][0000024FED64C380 49] iPad6, [0000024FF9D45800][0000024FED650500 49] iPad7, [0000024FF9D0F300][0000024FF94DE680 49] iPad8, [0000024FF9D46D00][0000024FF94E2800 49] iPadPro11, [0000024FF9D0D300][0000024FF94E6980 49] iPadPro2_11, [0000024FF9D47800][0000024FF94EAB00 49] iPadPro3_129, [0000024FF9D82300][0000024FED61CC40 49] iPadPro4_129, [0000024FF9E28300][0000024FF94EED80 49] AppleTV, [0000024FF9D83600][0000024FF94F2EC0 49] AppleTV4K, [0000024FF9E28200][0000024FF94FB040 49] TVOS, [0000024FF9D82C00][0000024FF94FF1C0 49] Mac, [0000024FF9E29400][0000024FF9503340 49] MacClient, [0000024FF9D80200][0000024FF95074C0 49] MacNoEditor, [0000024FF9E29200][0000024FF950B640 49] MacServer, [0000024FF9D83400][0000024FF950F7C0 49] Linux, [0000024FF9E29600][0000024FF9513940 49] LinuxAArch64, [0000024FF9D82400][0000024FF9517AC0 49] LinuxNoEditor, [0000024FF9E29500][0000024FF951A0C0 49] LinuxAArch64NoEditor, [0000024FF9D83500][0000024FF951E240 49] LinuxClient, [0000024FF9E29800][0000024FF95223C0 49] LinuxAArch64Client, [0000024FF9D44600][0000024FF9526540 49] LinuxServer, [0000024FF9D0F000][0000024FF952A6C0 49] LinuxAArch64Server, [0000024FF9D45200][0000024FF952E840 49] Android, [0000024FF9D0E800][0000024FF95329C0 49] Android_Low, [0000024FF9D45400][0000024FF9536B40 49] Android_Mid, [0000024FF9D0C900][0000024FF953ACC0 49] Android_High, [0000024FF9D44200][0000024FF94F6E00 49] Android_Default, [0000024FF9D0FC00][0000024FF953EF40 49] Android_Adreno4xx, [0000024FF9D44F00][0000024FFAAA1080 49] Android_Adreno5xx_Low, [0000024FF9D0DF00][0000024FFAAA51C0 49] Android_Adreno5xx, [0000024FF9D45F00][0000024FFAAAD340 49] Android_Adreno6xx, [0000024FF9D0EF00][0000024FFAAB14C0 49] Android_Adreno6xx_Vulkan, [0000024FF9D44500][0000024FFAAB5640 49] Android_Mali_T6xx, [0000024FF9D0D500][0000024FFAAB97C0 49] Android_Mali_T7xx, [0000024FF9D47000][0000024FFAABD940 49] Android_Mali_T8xx, [0000024FF9D0E600][0000024FFAAC1AC0 49] Android_Mali_G71, [0000024FF9D47D00][0000024FFAAC40C0 49] Android_Mali_G72, [0000024FF9D0CE00][0000024FFAAC8240 49] Android_Mali_G72_Vulkan, [0000024FF9D46C00][0000024FFAACC3C0 49] Android_Mali_G76, [0000024FF9D0DC00][0000024FFAAD0540 49] Android_Mali_G76_Vulkan, [0000024FF9D44E00][0000024FFAAD46C0 49] Android_Mali_G77, [0000024FF9D0C400][0000024FFAAD8840 49] Android_Mali_G77_Vulkan, [0000024FF9D45700][0000024FFAADC9C0 49] Android_Mali_G78, [0000024FF9E29A00][0000024FFAAE0B40 49] Android_Mali_G78_Vulkan, [0000024FF9D46100][0000024FFAAE4CC0 49] Android_Mali_G710, [0000024FF9E28100][0000024FFAAE8E40 49] Android_Mali_G710_Vulkan, [0000024FF9D44800][0000024FFAAA8F80 49] Android_Vulkan_SM5, [0000024FF9E29300][0000024FFAAED0C0 49] Android_PowerVR_G6xxx, [0000024FF9D47400][0000024FFAAF1200 49] Android_PowerVR_GT7xxx, [0000024FF9D0D900][0000024FFAAF5340 49] Android_PowerVR_GE8xxx, [0000024FF9D47200][0000024FFAAFD4C0 49] Android_PowerVR_GM9xxx, [0000024FF9D0C200][0000024FFAB01640 49] Android_PowerVR_GM9xxx_Vulkan, [0000024FF9D47700][0000024FFAB057C0 49] Android_TegraK1, [0000024FF9D0EE00][0000024FFAB09940 49] Android_Unknown_Vulkan, [0000024FF9D46900][0000024FFAB0DAC0 49] Lumin, [0000024FF9D0ED00][0000024FFAB100C0 49] Lumin_Desktop, [0000024FF9D44D00][0000024FFAB14240 49] HoloLens, 
[2022.03.04-17.19.15:926][  0]LogMeshReduction: Using QuadricMeshReduction for automatic static mesh reduction
[2022.03.04-17.19.15:926][  0]LogMeshReduction: Using SimplygonMeshReduction for automatic skeletal mesh reduction
[2022.03.04-17.19.15:926][  0]LogMeshReduction: Using ProxyLODMeshReduction for automatic mesh merging
[2022.03.04-17.19.15:928][  0]LogMeshReduction: No distributed automatic mesh merging module available
[2022.03.04-17.19.15:928][  0]LogMeshMerging: No distributed automatic mesh merging module available
[2022.03.04-17.19.15:964][  0]LogNetVersion: NoxIA 1.0.0, NetCL: 17155196, EngineNetVer: 17, GameNetVer: 0 (Checksum: 2402441128)
[2022.03.04-17.19.16:603][  0]LogTexture: Default maximum texture size for cubemaps generated from long-lat sources has been changed from 512 to unlimited. In order to preserve old behaiour for '/Engine/MapTemplates/Sky/DaylightAmbientCubemap.DaylightAmbientCubemap', its maximum texture size has been explicitly set to 512.
[2022.03.04-17.19.16:683][  0]LogHMD: PokeAHoleMaterial loaded successfully
[2022.03.04-17.19.16:689][  0]LogUObjectArray: 17178 objects as part of root set at end of initial load.
[2022.03.04-17.19.16:689][  0]LogUObjectAllocator: 4302048 out of 0 bytes used by permanent object pool.
[2022.03.04-17.19.16:689][  0]LogUObjectArray: CloseDisregardForGC: 0/0 objects in disregard for GC pool
[2022.03.04-17.19.17:060][  0]LogPython: Using Python 3.7.7
[2022.03.04-17.19.17:984][  0]LogTcpMessaging: Initializing TcpMessaging bridge
[2022.03.04-17.19.18:001][  0]LogUdpMessaging: Initializing bridge on interface 0.0.0.0:0 to multicast group 230.0.0.1:6666.
[2022.03.04-17.19.18:145][  0]LogNiagaraDebuggerClient: Niagara Debugger Client Initialized | Session: 0670595548AECB687F441EBAF0145872 | Instance: B6987A9D4C9D063E69B2229F3097297B (UTWKS0871-5136).
[2022.03.04-17.19.18:565][  0]SourceControl: Source control is disabled
[2022.03.04-17.19.18:565][  0]SourceControl: Source control is disabled
[2022.03.04-17.19.18:569][  0]SourceControl: Source control is disabled
[2022.03.04-17.19.18:577][  0]SourceControl: Source control is disabled
[2022.03.04-17.19.18:587][  0]LogUProjectInfo: Found projects:
[2022.03.04-17.19.18:601][  0]SourceControl: Source control is disabled
[2022.03.04-17.19.18:815][  0]LogOpenImageDenoise: OIDN starting up
[2022.03.04-17.19.18:978][  0]LogAndroidPermission: UAndroidPermissionCallbackProxy::GetInstance
[2022.03.04-17.19.19:003][  0]LogAudioCaptureCore: Display: No Audio Capture implementations found. Audio input will be silent.
[2022.03.04-17.19.19:004][  0]LogAudioCaptureCore: Display: No Audio Capture implementations found. Audio input will be silent.
[2022.03.04-17.19.19:248][  0]LogCollectionManager: Loaded 0 collections in 0.001718 seconds
[2022.03.04-17.19.19:294][  0]LogFileCache: Scanning file cache for directory 'C:/Users/andres.perez/Documents/GitHub/PruebasNox/NoxIA/Saved/Collections/' took 0.00s
[2022.03.04-17.19.19:294][  0]LogFileCache: Scanning file cache for directory 'C:/Users/andres.perez/Documents/GitHub/PruebasNox/NoxIA/Content/Developers/andresperez/Collections/' took 0.00s
[2022.03.04-17.19.19:294][  0]LogFileCache: Scanning file cache for directory 'C:/Users/andres.perez/Documents/GitHub/PruebasNox/NoxIA/Content/Collections/' took 0.00s
[2022.03.04-17.19.19:295][  0]LogOcInput: OculusInput pre-init called
[2022.03.04-17.19.19:820][  0]LogEngine: Initializing Engine...
[2022.03.04-17.19.19:827][  0]LogHMD: Failed to enumerate extensions. Please check that you have a valid OpenXR runtime installed.
[2022.03.04-17.19.19:828][  0]LogHMD: Failed to initialize OpenVR with code 110
[2022.03.04-17.19.19:828][  0]LogMagicLeap: Warning: VR disabled because ZI is not enabled.  To enable, in the editor, Edit -> Project Settings -> Plugins -> Magic Leap Plugin -> Enable Zero Iteration
[2022.03.04-17.19.19:830][  0]LogStats: UGameplayTagsManager::InitializeManager -  0.000 s
[2022.03.04-17.19.19:958][  0]LogInit: Initializing FReadOnlyCVARCache
[2022.03.04-17.19.19:976][  0]LogAIModule: Creating AISystem for world Untitled
[2022.03.04-17.19.19:983][  0]LogAudio: Display: Initializing Audio Device Manager...
[2022.03.04-17.19.19:990][  0]LogAudio: Display: Loading Default Audio Settings Objects...
[2022.03.04-17.19.19:991][  0]LogAudio: Display: No default SoundConcurrencyObject specified (or failed to load).
[2022.03.04-17.19.19:992][  0]LogAudio: Display: Audio Device Manager Initialized
[2022.03.04-17.19.19:992][  0]LogAudio: Display: Creating Audio Device:                 Id: 1, Scope: Shared, Realtime: True
[2022.03.04-17.19.19:992][  0]LogAudioMixer: Display: Audio Mixer Platform Settings:
[2022.03.04-17.19.19:992][  0]LogAudioMixer: Display: 	Sample Rate:						  48000
[2022.03.04-17.19.19:992][  0]LogAudioMixer: Display: 	Callback Buffer Frame Size Requested: 1024
[2022.03.04-17.19.19:992][  0]LogAudioMixer: Display: 	Callback Buffer Frame Size To Use:	  1024
[2022.03.04-17.19.19:992][  0]LogAudioMixer: Display: 	Number of buffers to queue:			  2
[2022.03.04-17.19.19:992][  0]LogAudioMixer: Display: 	Max Channels (voices):				  32
[2022.03.04-17.19.19:993][  0]LogAudioMixer: Display: 	Number of Async Source Workers:		  0
[2022.03.04-17.19.19:993][  0]LogAudio: Display: AudioDevice MaxSources: 32
[2022.03.04-17.19.19:993][  0]LogAudio: Display: Audio Spatialization Plugin: None (built-in).
[2022.03.04-17.19.19:993][  0]LogAudio: Display: Audio Reverb Plugin: None (built-in).
[2022.03.04-17.19.19:993][  0]LogAudio: Display: Audio Occlusion Plugin: None (built-in).
[2022.03.04-17.19.19:993][  0]LogAudioMixer: Display: Initializing audio mixer.
[2022.03.04-17.19.20:015][  0]LogAudioMixer: Display: 0: FrontLeft
[2022.03.04-17.19.20:016][  0]LogAudioMixer: Display: 1: FrontRight
[2022.03.04-17.19.20:320][  0]LogAudioMixer: Display: Using Audio Device Speakers / Headphones (Realtek Audio)
[2022.03.04-17.19.20:324][  0]LogAudioMixer: Display: Initializing Sound Submixes...
[2022.03.04-17.19.20:326][  0]LogAudioMixer: Display: Creating Master Submix 'MasterSubmixDefault'
[2022.03.04-17.19.20:326][  0]LogAudioMixer: Display: Creating Master Submix 'MasterReverbSubmixDefault'
[2022.03.04-17.19.20:327][  0]LogAudioMixer: Display: Creating Master Submix 'MasterEQSubmixDefault'
[2022.03.04-17.19.20:328][  0]LogAudioMixer: FMixerPlatformXAudio2::StartAudioStream() called
[2022.03.04-17.19.20:328][  0]LogAudioMixer: Display: Output buffers initialized: Frames=1024, Channels=2, Samples=2048
[2022.03.04-17.19.20:333][  0]LogAudioMixer: Display: Starting AudioMixerPlatformInterface::RunInternal()
[2022.03.04-17.19.20:333][  0]LogAudioMixer: Display: FMixerPlatformXAudio2::SubmitBuffer() called for the first time
[2022.03.04-17.19.20:333][  0]LogInit: FAudioDevice initialized.
[2022.03.04-17.19.20:334][  0]LogAudio: Display: Audio Device (ID: 1) registered with world 'Untitled'.
[2022.03.04-17.19.20:334][  0]LogNetVersion: Set ProjectVersion to 1.0.0.0. Version Checksum will be recalculated on next use.
[2022.03.04-17.19.20:391][  0]LogDerivedDataCache: Saved boot cache 0.06s 99MB C:/Users/andres.perez/AppData/Local/UnrealEngine/4.27/DerivedDataCache/Boot.ddc.
[2022.03.04-17.19.20:393][  0]LogInit: Texture streaming: Enabled
[2022.03.04-17.19.20:416][  0]LogAnalytics: Display: [UEEditor.Rocket.Release] APIServer = https://datarouter.ol.epicgames.com/. AppVersion = 4.27.2-18319896+++UE4+Release-4.27
[2022.03.04-17.19.20:423][  0]LogEngineSessionManager: EngineSessionManager initialized
[2022.03.04-17.19.20:423][  0]LogEngineSessionManager: EngineSessionManager sent abnormal shutdown report. Type=Debugger, SessionId={EBDB7B13-4FED-7A40-D340-1DA5C573785B}
[2022.03.04-17.19.20:423][  0]LogEditorSessionSummary: Verbose: Initializing EditorSessionSummaryWriter for editor session tracking
[2022.03.04-17.19.20:424][  0]LogEditorSessionSummary: EditorSessionSummaryWriter initialized
[2022.03.04-17.19.20:452][  0]LogInit: Transaction tracking system initialized
[2022.03.04-17.19.20:504][  0]BlueprintLog: New page: Editor Load
[2022.03.04-17.19.20:678][  0]LocalizationService: Localization service is disabled
[2022.03.04-17.19.20:752][  0]TimingProfiler: Initialize
[2022.03.04-17.19.20:753][  0]TimingProfiler: OnSessionChanged
[2022.03.04-17.19.20:753][  0]LoadingProfiler: Initialize
[2022.03.04-17.19.20:753][  0]LoadingProfiler: OnSessionChanged
[2022.03.04-17.19.20:753][  0]NetworkingProfiler: Initialize
[2022.03.04-17.19.20:754][  0]NetworkingProfiler: OnSessionChanged
[2022.03.04-17.19.20:754][  0]MemoryProfiler: Initialize
[2022.03.04-17.19.20:754][  0]MemoryProfiler: OnSessionChanged
[2022.03.04-17.19.21:041][  0]LogCook: Display: CookSettings for Memory: MemoryMaxUsedVirtual 0MiB, MemoryMaxUsedPhysical 16384MiB, MemoryMinFreeVirtual 0MiB, MemoryMinFreePhysical 1024MiB
[2022.03.04-17.19.21:041][  0]LogCook: Display: Mobile HDR setting 1
[2022.03.04-17.19.21:469][  0]LogFileCache: Scanning file cache for directory 'C:/Users/andres.perez/Documents/GitHub/PruebasNox/NoxIA/Content/' took 0.01s
[2022.03.04-17.19.21:677][  0]LogInit: Display: Engine is initialized. Leaving FEngineLoop::Init()
[2022.03.04-17.19.21:680][  0]SourceControl: Source control is disabled
[2022.03.04-17.19.21:680][  0]LogUnrealEdMisc: Loading editor; pre map load, took 10.648
[2022.03.04-17.19.21:680][  0]Cmd: MAP LOAD FILE="../../../../../../Users/andres.perez/Documents/GitHub/PruebasNox/NoxIA/Content/FirstPersonCPP/Maps/FirstPersonExampleMap.umap" TEMPLATE=0 SHOWPROGRESS=1 FEATURELEVEL=3
[2022.03.04-17.19.21:681][  0]LightingResults: New page: Lighting Build
[2022.03.04-17.19.21:682][  0]LogWorld: UWorld::CleanupWorld for Untitled, bSessionEnded=true, bCleanupResources=true
[2022.03.04-17.19.21:682][  0]LogSlate: InvalidateAllWidgets triggered.  All widgets were invalidated
[2022.03.04-17.19.21:682][  0]MapCheck: New page: Map Check
[2022.03.04-17.19.21:682][  0]LightingResults: New page: Lighting Build
[2022.03.04-17.19.21:693][  0]LogAudio: Display: Audio Device unregistered from world 'None'.
[2022.03.04-17.19.21:699][  0]LogUObjectHash: Compacting FUObjectHashTables data took   0.80ms
[2022.03.04-17.19.21:753][  0]LogAudio: Display: Audio Device (ID: 1) registered with world 'FirstPersonExampleMap'.
[2022.03.04-17.19.21:754][  0]LogAIModule: Creating AISystem for world FirstPersonExampleMap
[2022.03.04-17.19.21:804][  0]LogEditorServer: Finished looking for orphan Actors (0.000 secs)
[2022.03.04-17.19.21:820][  0]LogUObjectHash: Compacting FUObjectHashTables data took   0.88ms
[2022.03.04-17.19.21:820][  0]Cmd: MAP CHECKDEP NOCLEARLOG
[2022.03.04-17.19.21:820][  0]MapCheck: Map check complete: 0 Error(s), 0 Warning(s), took 0,138ms to complete.
[2022.03.04-17.19.21:820][  0]LogFileHelpers: Loading map 'FirstPersonExampleMap' took 0.140
[2022.03.04-17.19.21:823][  0]LogUnrealEdMisc: Total Editor Startup Time, took 10.790
[2022.03.04-17.19.21:988][  0]LogSlate: Updating window title bar state: overlay mode, drag disabled, window buttons hidden, title bar hidden
[2022.03.04-17.19.21:993][  0]LogSlate: Updating window title bar state: overlay mode, drag disabled, window buttons hidden, title bar hidden
[2022.03.04-17.19.22:000][  0]LogSlate: Updating window title bar state: overlay mode, drag disabled, window buttons hidden, title bar hidden
[2022.03.04-17.19.22:005][  0]LogSlate: Updating window title bar state: overlay mode, drag disabled, window buttons hidden, title bar hidden
[2022.03.04-17.19.22:017][  0]LogNativeClassHierarchy: Verbose: Native class hierarchy populated in 0.0086 seconds. Added 3832 classes and 932 folders.
[2022.03.04-17.19.22:020][  0]LogNativeClassHierarchy: Verbose: Native class hierarchy updated for 'WidgetCarousel' in 0.0003 seconds. Added 0 classes and 0 folders.
[2022.03.04-17.19.22:022][  0]LogPakFile: PakFile PrimaryIndexSize=187
[2022.03.04-17.19.22:022][  0]LogPakFile: PakFile PathHashIndexSize=101
[2022.03.04-17.19.22:022][  0]LogPakFile: PakFile FullDirectoryIndexSize=148
[2022.03.04-17.19.22:022][  0]LogShaderLibrary: Display: ShaderCodeLibraryPakFileMountedCallback: PakFile 'C:/Program Files/Epic Games/UE_4.27_2/FeaturePacks/FP_FirstPerson.upack' (chunk index -1, root 'root:/') mounted
[2022.03.04-17.19.22:022][  0]LogShaderLibrary: Display: ShaderCodeLibraryPakFileMountedCallback: pending pak file info (ChunkID:-1 Root:root:/ File:C:/Program Files/Epic Games/UE_4.27_2/FeaturePacks/FP_FirstPerson.upack)
[2022.03.04-17.19.22:022][  0]LogPakFile: OnPakFileMounted2Time == 0.000214
[2022.03.04-17.19.22:023][  0]LogPakFile: PakFile PrimaryIndexSize=189
[2022.03.04-17.19.22:023][  0]LogPakFile: PakFile PathHashIndexSize=101
[2022.03.04-17.19.22:023][  0]LogPakFile: PakFile FullDirectoryIndexSize=152
[2022.03.04-17.19.22:023][  0]LogShaderLibrary: Display: ShaderCodeLibraryPakFileMountedCallback: PakFile 'C:/Program Files/Epic Games/UE_4.27_2/FeaturePacks/FP_FirstPersonBP.upack' (chunk index -1, root 'root:/') mounted
[2022.03.04-17.19.22:023][  0]LogShaderLibrary: Display: ShaderCodeLibraryPakFileMountedCallback: pending pak file info (ChunkID:-1 Root:root:/ File:C:/Program Files/Epic Games/UE_4.27_2/FeaturePacks/FP_FirstPersonBP.upack)
[2022.03.04-17.19.22:023][  0]LogPakFile: OnPakFileMounted2Time == 0.000196
[2022.03.04-17.19.22:024][  0]LogPakFile: PakFile PrimaryIndexSize=191
[2022.03.04-17.19.22:024][  0]LogPakFile: PakFile PathHashIndexSize=101
[2022.03.04-17.19.22:024][  0]LogPakFile: PakFile FullDirectoryIndexSize=160
[2022.03.04-17.19.22:024][  0]LogShaderLibrary: Display: ShaderCodeLibraryPakFileMountedCallback: PakFile 'C:/Program Files/Epic Games/UE_4.27_2/FeaturePacks/MobileStarterContent.upack' (chunk index -1, root 'root:/') mounted
[2022.03.04-17.19.22:024][  0]LogShaderLibrary: Display: ShaderCodeLibraryPakFileMountedCallback: pending pak file info (ChunkID:-1 Root:root:/ File:C:/Program Files/Epic Games/UE_4.27_2/FeaturePacks/MobileStarterContent.upack)
[2022.03.04-17.19.22:024][  0]LogPakFile: OnPakFileMounted2Time == 0.000182
[2022.03.04-17.19.22:026][  0]LogPakFile: PakFile PrimaryIndexSize=185
[2022.03.04-17.19.22:026][  0]LogPakFile: PakFile PathHashIndexSize=101
[2022.03.04-17.19.22:026][  0]LogPakFile: PakFile FullDirectoryIndexSize=148
[2022.03.04-17.19.22:026][  0]LogShaderLibrary: Display: ShaderCodeLibraryPakFileMountedCallback: PakFile 'C:/Program Files/Epic Games/UE_4.27_2/FeaturePacks/StarterContent.upack' (chunk index -1, root 'root:/') mounted
[2022.03.04-17.19.22:026][  0]LogShaderLibrary: Display: ShaderCodeLibraryPakFileMountedCallback: pending pak file info (ChunkID:-1 Root:root:/ File:C:/Program Files/Epic Games/UE_4.27_2/FeaturePacks/StarterContent.upack)
[2022.03.04-17.19.22:026][  0]LogPakFile: OnPakFileMounted2Time == 0.000178
[2022.03.04-17.19.22:027][  0]LogPakFile: PakFile PrimaryIndexSize=190
[2022.03.04-17.19.22:027][  0]LogPakFile: PakFile PathHashIndexSize=101
[2022.03.04-17.19.22:027][  0]LogPakFile: PakFile FullDirectoryIndexSize=154
[2022.03.04-17.19.22:027][  0]LogShaderLibrary: Display: ShaderCodeLibraryPakFileMountedCallback: PakFile 'C:/Program Files/Epic Games/UE_4.27_2/FeaturePacks/TP_2DSideScroller.upack' (chunk index -1, root 'root:/') mounted
[2022.03.04-17.19.22:027][  0]LogShaderLibrary: Display: ShaderCodeLibraryPakFileMountedCallback: pending pak file info (ChunkID:-1 Root:root:/ File:C:/Program Files/Epic Games/UE_4.27_2/FeaturePacks/TP_2DSideScroller.upack)
[2022.03.04-17.19.22:027][  0]LogPakFile: OnPakFileMounted2Time == 0.000183
[2022.03.04-17.19.22:028][  0]LogPakFile: PakFile PrimaryIndexSize=192
[2022.03.04-17.19.22:028][  0]LogPakFile: PakFile PathHashIndexSize=101
[2022.03.04-17.19.22:028][  0]LogPakFile: PakFile FullDirectoryIndexSize=158
[2022.03.04-17.19.22:028][  0]LogShaderLibrary: Display: ShaderCodeLibraryPakFileMountedCallback: PakFile 'C:/Program Files/Epic Games/UE_4.27_2/FeaturePacks/TP_2DSideScrollerBP.upack' (chunk index -1, root 'root:/') mounted
[2022.03.04-17.19.22:028][  0]LogShaderLibrary: Display: ShaderCodeLibraryPakFileMountedCallback: pending pak file info (ChunkID:-1 Root:root:/ File:C:/Program Files/Epic Games/UE_4.27_2/FeaturePacks/TP_2DSideScrollerBP.upack)
[2022.03.04-17.19.22:028][  0]LogPakFile: OnPakFileMounted2Time == 0.000190
[2022.03.04-17.19.22:029][  0]LogPakFile: PakFile PrimaryIndexSize=182
[2022.03.04-17.19.22:029][  0]LogPakFile: PakFile PathHashIndexSize=101
[2022.03.04-17.19.22:029][  0]LogPakFile: PakFile FullDirectoryIndexSize=138
[2022.03.04-17.19.22:029][  0]LogShaderLibrary: Display: ShaderCodeLibraryPakFileMountedCallback: PakFile 'C:/Program Files/Epic Games/UE_4.27_2/FeaturePacks/TP_Flying.upack' (chunk index -1, root 'root:/') mounted
[2022.03.04-17.19.22:029][  0]LogShaderLibrary: Display: ShaderCodeLibraryPakFileMountedCallback: pending pak file info (ChunkID:-1 Root:root:/ File:C:/Program Files/Epic Games/UE_4.27_2/FeaturePacks/TP_Flying.upack)
[2022.03.04-17.19.22:030][  0]LogPakFile: OnPakFileMounted2Time == 0.000479
[2022.03.04-17.19.22:030][  0]LogPakFile: PakFile PrimaryIndexSize=184
[2022.03.04-17.19.22:030][  0]LogPakFile: PakFile PathHashIndexSize=101
[2022.03.04-17.19.22:030][  0]LogPakFile: PakFile FullDirectoryIndexSize=142
[2022.03.04-17.19.22:030][  0]LogShaderLibrary: Display: ShaderCodeLibraryPakFileMountedCallback: PakFile 'C:/Program Files/Epic Games/UE_4.27_2/FeaturePacks/TP_FlyingBP.upack' (chunk index -1, root 'root:/') mounted
[2022.03.04-17.19.22:031][  0]LogShaderLibrary: Display: ShaderCodeLibraryPakFileMountedCallback: pending pak file info (ChunkID:-1 Root:root:/ File:C:/Program Files/Epic Games/UE_4.27_2/FeaturePacks/TP_FlyingBP.upack)
[2022.03.04-17.19.22:031][  0]LogPakFile: OnPakFileMounted2Time == 0.000213
[2022.03.04-17.19.22:031][  0]LogPakFile: PakFile PrimaryIndexSize=188
[2022.03.04-17.19.22:031][  0]LogPakFile: PakFile PathHashIndexSize=101
[2022.03.04-17.19.22:031][  0]LogPakFile: PakFile FullDirectoryIndexSize=150
[2022.03.04-17.19.22:031][  0]LogShaderLibrary: Display: ShaderCodeLibraryPakFileMountedCallback: PakFile 'C:/Program Files/Epic Games/UE_4.27_2/FeaturePacks/TP_HandheldARBP.upack' (chunk index -1, root 'root:/') mounted
[2022.03.04-17.19.22:031][  0]LogShaderLibrary: Display: ShaderCodeLibraryPakFileMountedCallback: pending pak file info (ChunkID:-1 Root:root:/ File:C:/Program Files/Epic Games/UE_4.27_2/FeaturePacks/TP_HandheldARBP.upack)
[2022.03.04-17.19.22:032][  0]LogPakFile: OnPakFileMounted2Time == 0.000169
[2022.03.04-17.19.22:032][  0]LogPakFile: PakFile PrimaryIndexSize=182
[2022.03.04-17.19.22:032][  0]LogPakFile: PakFile PathHashIndexSize=101
[2022.03.04-17.19.22:032][  0]LogPakFile: PakFile FullDirectoryIndexSize=138
[2022.03.04-17.19.22:032][  0]LogShaderLibrary: Display: ShaderCodeLibraryPakFileMountedCallback: PakFile 'C:/Program Files/Epic Games/UE_4.27_2/FeaturePacks/TP_Puzzle.upack' (chunk index -1, root 'root:/') mounted
[2022.03.04-17.19.22:033][  0]LogShaderLibrary: Display: ShaderCodeLibraryPakFileMountedCallback: pending pak file info (ChunkID:-1 Root:root:/ File:C:/Program Files/Epic Games/UE_4.27_2/FeaturePacks/TP_Puzzle.upack)
[2022.03.04-17.19.22:033][  0]LogPakFile: OnPakFileMounted2Time == 0.000166
[2022.03.04-17.19.22:033][  0]LogPakFile: PakFile PrimaryIndexSize=184
[2022.03.04-17.19.22:033][  0]LogPakFile: PakFile PathHashIndexSize=101
[2022.03.04-17.19.22:033][  0]LogPakFile: PakFile FullDirectoryIndexSize=142
[2022.03.04-17.19.22:033][  0]LogShaderLibrary: Display: ShaderCodeLibraryPakFileMountedCallback: PakFile 'C:/Program Files/Epic Games/UE_4.27_2/FeaturePacks/TP_PuzzleBP.upack' (chunk index -1, root 'root:/') mounted
[2022.03.04-17.19.22:033][  0]LogShaderLibrary: Display: ShaderCodeLibraryPakFileMountedCallback: pending pak file info (ChunkID:-1 Root:root:/ File:C:/Program Files/Epic Games/UE_4.27_2/FeaturePacks/TP_PuzzleBP.upack)
[2022.03.04-17.19.22:034][  0]LogPakFile: OnPakFileMounted2Time == 0.000286
[2022.03.04-17.19.22:034][  0]LogPakFile: PakFile PrimaryIndexSize=183
[2022.03.04-17.19.22:034][  0]LogPakFile: PakFile PathHashIndexSize=101
[2022.03.04-17.19.22:034][  0]LogPakFile: PakFile FullDirectoryIndexSize=140
[2022.03.04-17.19.22:034][  0]LogShaderLibrary: Display: ShaderCodeLibraryPakFileMountedCallback: PakFile 'C:/Program Files/Epic Games/UE_4.27_2/FeaturePacks/TP_Rolling.upack' (chunk index -1, root 'root:/') mounted
[2022.03.04-17.19.22:035][  0]LogShaderLibrary: Display: ShaderCodeLibraryPakFileMountedCallback: pending pak file info (ChunkID:-1 Root:root:/ File:C:/Program Files/Epic Games/UE_4.27_2/FeaturePacks/TP_Rolling.upack)
[2022.03.04-17.19.22:036][  0]LogPakFile: OnPakFileMounted2Time == 0.000219
[2022.03.04-17.19.22:036][  0]LogPakFile: PakFile PrimaryIndexSize=185
[2022.03.04-17.19.22:036][  0]LogPakFile: PakFile PathHashIndexSize=101
[2022.03.04-17.19.22:036][  0]LogPakFile: PakFile FullDirectoryIndexSize=144
[2022.03.04-17.19.22:036][  0]LogShaderLibrary: Display: ShaderCodeLibraryPakFileMountedCallback: PakFile 'C:/Program Files/Epic Games/UE_4.27_2/FeaturePacks/TP_RollingBP.upack' (chunk index -1, root 'root:/') mounted
[2022.03.04-17.19.22:036][  0]LogShaderLibrary: Display: ShaderCodeLibraryPakFileMountedCallback: pending pak file info (ChunkID:-1 Root:root:/ File:C:/Program Files/Epic Games/UE_4.27_2/FeaturePacks/TP_RollingBP.upack)
[2022.03.04-17.19.22:036][  0]LogPakFile: OnPakFileMounted2Time == 0.000229
[2022.03.04-17.19.22:036][  0]LogPakFile: PakFile PrimaryIndexSize=188
[2022.03.04-17.19.22:036][  0]LogPakFile: PakFile PathHashIndexSize=101
[2022.03.04-17.19.22:036][  0]LogPakFile: PakFile FullDirectoryIndexSize=150
[2022.03.04-17.19.22:036][  0]LogShaderLibrary: Display: ShaderCodeLibraryPakFileMountedCallback: PakFile 'C:/Program Files/Epic Games/UE_4.27_2/FeaturePacks/TP_SideScroller.upack' (chunk index -1, root 'root:/') mounted
[2022.03.04-17.19.22:036][  0]LogShaderLibrary: Display: ShaderCodeLibraryPakFileMountedCallback: pending pak file info (ChunkID:-1 Root:root:/ File:C:/Program Files/Epic Games/UE_4.27_2/FeaturePacks/TP_SideScroller.upack)
[2022.03.04-17.19.22:036][  0]LogPakFile: OnPakFileMounted2Time == 0.000160
[2022.03.04-17.19.22:037][  0]LogPakFile: PakFile PrimaryIndexSize=190
[2022.03.04-17.19.22:037][  0]LogPakFile: PakFile PathHashIndexSize=101
[2022.03.04-17.19.22:037][  0]LogPakFile: PakFile FullDirectoryIndexSize=154
[2022.03.04-17.19.22:037][  0]LogShaderLibrary: Display: ShaderCodeLibraryPakFileMountedCallback: PakFile 'C:/Program Files/Epic Games/UE_4.27_2/FeaturePacks/TP_SideScrollerBP.upack' (chunk index -1, root 'root:/') mounted
[2022.03.04-17.19.22:037][  0]LogShaderLibrary: Display: ShaderCodeLibraryPakFileMountedCallback: pending pak file info (ChunkID:-1 Root:root:/ File:C:/Program Files/Epic Games/UE_4.27_2/FeaturePacks/TP_SideScrollerBP.upack)
[2022.03.04-17.19.22:037][  0]LogPakFile: OnPakFileMounted2Time == 0.000157
[2022.03.04-17.19.22:039][  0]LogPakFile: PakFile PrimaryIndexSize=187
[2022.03.04-17.19.22:039][  0]LogPakFile: PakFile PathHashIndexSize=101
[2022.03.04-17.19.22:039][  0]LogPakFile: PakFile FullDirectoryIndexSize=148
[2022.03.04-17.19.22:039][  0]LogShaderLibrary: Display: ShaderCodeLibraryPakFileMountedCallback: PakFile 'C:/Program Files/Epic Games/UE_4.27_2/FeaturePacks/TP_ThirdPerson.upack' (chunk index -1, root 'root:/') mounted
[2022.03.04-17.19.22:039][  0]LogShaderLibrary: Display: ShaderCodeLibraryPakFileMountedCallback: pending pak file info (ChunkID:-1 Root:root:/ File:C:/Program Files/Epic Games/UE_4.27_2/FeaturePacks/TP_ThirdPerson.upack)
[2022.03.04-17.19.22:039][  0]LogPakFile: OnPakFileMounted2Time == 0.000157
[2022.03.04-17.19.22:039][  0]LogPakFile: PakFile PrimaryIndexSize=189
[2022.03.04-17.19.22:039][  0]LogPakFile: PakFile PathHashIndexSize=101
[2022.03.04-17.19.22:039][  0]LogPakFile: PakFile FullDirectoryIndexSize=152
[2022.03.04-17.19.22:039][  0]LogShaderLibrary: Display: ShaderCodeLibraryPakFileMountedCallback: PakFile 'C:/Program Files/Epic Games/UE_4.27_2/FeaturePacks/TP_ThirdPersonBP.upack' (chunk index -1, root 'root:/') mounted
[2022.03.04-17.19.22:039][  0]LogShaderLibrary: Display: ShaderCodeLibraryPakFileMountedCallback: pending pak file info (ChunkID:-1 Root:root:/ File:C:/Program Files/Epic Games/UE_4.27_2/FeaturePacks/TP_ThirdPersonBP.upack)
[2022.03.04-17.19.22:039][  0]LogPakFile: OnPakFileMounted2Time == 0.000172
[2022.03.04-17.19.22:040][  0]LogPakFile: PakFile PrimaryIndexSize=183
[2022.03.04-17.19.22:040][  0]LogPakFile: PakFile PathHashIndexSize=101
[2022.03.04-17.19.22:040][  0]LogPakFile: PakFile FullDirectoryIndexSize=140
[2022.03.04-17.19.22:040][  0]LogShaderLibrary: Display: ShaderCodeLibraryPakFileMountedCallback: PakFile 'C:/Program Files/Epic Games/UE_4.27_2/FeaturePacks/TP_TopDown.upack' (chunk index -1, root 'root:/') mounted
[2022.03.04-17.19.22:040][  0]LogShaderLibrary: Display: ShaderCodeLibraryPakFileMountedCallback: pending pak file info (ChunkID:-1 Root:root:/ File:C:/Program Files/Epic Games/UE_4.27_2/FeaturePacks/TP_TopDown.upack)
[2022.03.04-17.19.22:040][  0]LogPakFile: OnPakFileMounted2Time == 0.000176
[2022.03.04-17.19.22:041][  0]LogPakFile: PakFile PrimaryIndexSize=185
[2022.03.04-17.19.22:041][  0]LogPakFile: PakFile PathHashIndexSize=101
[2022.03.04-17.19.22:041][  0]LogPakFile: PakFile FullDirectoryIndexSize=144
[2022.03.04-17.19.22:041][  0]LogShaderLibrary: Display: ShaderCodeLibraryPakFileMountedCallback: PakFile 'C:/Program Files/Epic Games/UE_4.27_2/FeaturePacks/TP_TopDownBP.upack' (chunk index -1, root 'root:/') mounted
[2022.03.04-17.19.22:041][  0]LogShaderLibrary: Display: ShaderCodeLibraryPakFileMountedCallback: pending pak file info (ChunkID:-1 Root:root:/ File:C:/Program Files/Epic Games/UE_4.27_2/FeaturePacks/TP_TopDownBP.upack)
[2022.03.04-17.19.22:041][  0]LogPakFile: OnPakFileMounted2Time == 0.000161
[2022.03.04-17.19.22:041][  0]LogPakFile: PakFile PrimaryIndexSize=185
[2022.03.04-17.19.22:042][  0]LogPakFile: PakFile PathHashIndexSize=101
[2022.03.04-17.19.22:042][  0]LogPakFile: PakFile FullDirectoryIndexSize=144
[2022.03.04-17.19.22:042][  0]LogShaderLibrary: Display: ShaderCodeLibraryPakFileMountedCallback: PakFile 'C:/Program Files/Epic Games/UE_4.27_2/FeaturePacks/TP_TwinStick.upack' (chunk index -1, root 'root:/') mounted
[2022.03.04-17.19.22:042][  0]LogShaderLibrary: Display: ShaderCodeLibraryPakFileMountedCallback: pending pak file info (ChunkID:-1 Root:root:/ File:C:/Program Files/Epic Games/UE_4.27_2/FeaturePacks/TP_TwinStick.upack)
[2022.03.04-17.19.22:042][  0]LogPakFile: OnPakFileMounted2Time == 0.000180
[2022.03.04-17.19.22:042][  0]LogPakFile: PakFile PrimaryIndexSize=187
[2022.03.04-17.19.22:042][  0]LogPakFile: PakFile PathHashIndexSize=101
[2022.03.04-17.19.22:042][  0]LogPakFile: PakFile FullDirectoryIndexSize=148
[2022.03.04-17.19.22:043][  0]LogShaderLibrary: Display: ShaderCodeLibraryPakFileMountedCallback: PakFile 'C:/Program Files/Epic Games/UE_4.27_2/FeaturePacks/TP_TwinStickBP.upack' (chunk index -1, root 'root:/') mounted
[2022.03.04-17.19.22:043][  0]LogShaderLibrary: Display: ShaderCodeLibraryPakFileMountedCallback: pending pak file info (ChunkID:-1 Root:root:/ File:C:/Program Files/Epic Games/UE_4.27_2/FeaturePacks/TP_TwinStickBP.upack)
[2022.03.04-17.19.22:043][  0]LogPakFile: OnPakFileMounted2Time == 0.000163
[2022.03.04-17.19.22:043][  0]LogPakFile: PakFile PrimaryIndexSize=183
[2022.03.04-17.19.22:043][  0]LogPakFile: PakFile PathHashIndexSize=101
[2022.03.04-17.19.22:043][  0]LogPakFile: PakFile FullDirectoryIndexSize=140
[2022.03.04-17.19.22:043][  0]LogShaderLibrary: Display: ShaderCodeLibraryPakFileMountedCallback: PakFile 'C:/Program Files/Epic Games/UE_4.27_2/FeaturePacks/TP_Vehicle.upack' (chunk index -1, root 'root:/') mounted
[2022.03.04-17.19.22:044][  0]LogShaderLibrary: Display: ShaderCodeLibraryPakFileMountedCallback: pending pak file info (ChunkID:-1 Root:root:/ File:C:/Program Files/Epic Games/UE_4.27_2/FeaturePacks/TP_Vehicle.upack)
[2022.03.04-17.19.22:044][  0]LogPakFile: OnPakFileMounted2Time == 0.000197
[2022.03.04-17.19.22:044][  0]LogPakFile: PakFile PrimaryIndexSize=186
[2022.03.04-17.19.22:044][  0]LogPakFile: PakFile PathHashIndexSize=101
[2022.03.04-17.19.22:044][  0]LogPakFile: PakFile FullDirectoryIndexSize=146
[2022.03.04-17.19.22:044][  0]LogShaderLibrary: Display: ShaderCodeLibraryPakFileMountedCallback: PakFile 'C:/Program Files/Epic Games/UE_4.27_2/FeaturePacks/TP_VehicleAdv.upack' (chunk index -1, root 'root:/') mounted
[2022.03.04-17.19.22:044][  0]LogShaderLibrary: Display: ShaderCodeLibraryPakFileMountedCallback: pending pak file info (ChunkID:-1 Root:root:/ File:C:/Program Files/Epic Games/UE_4.27_2/FeaturePacks/TP_VehicleAdv.upack)
[2022.03.04-17.19.22:045][  0]LogPakFile: OnPakFileMounted2Time == 0.000168
[2022.03.04-17.19.22:045][  0]LogPakFile: PakFile PrimaryIndexSize=188
[2022.03.04-17.19.22:045][  0]LogPakFile: PakFile PathHashIndexSize=101
[2022.03.04-17.19.22:045][  0]LogPakFile: PakFile FullDirectoryIndexSize=150
[2022.03.04-17.19.22:045][  0]LogShaderLibrary: Display: ShaderCodeLibraryPakFileMountedCallback: PakFile 'C:/Program Files/Epic Games/UE_4.27_2/FeaturePacks/TP_VehicleAdvBP.upack' (chunk index -1, root 'root:/') mounted
[2022.03.04-17.19.22:045][  0]LogShaderLibrary: Display: ShaderCodeLibraryPakFileMountedCallback: pending pak file info (ChunkID:-1 Root:root:/ File:C:/Program Files/Epic Games/UE_4.27_2/FeaturePacks/TP_VehicleAdvBP.upack)
[2022.03.04-17.19.22:045][  0]LogPakFile: OnPakFileMounted2Time == 0.000159
[2022.03.04-17.19.22:046][  0]LogPakFile: PakFile PrimaryIndexSize=185
[2022.03.04-17.19.22:046][  0]LogPakFile: PakFile PathHashIndexSize=101
[2022.03.04-17.19.22:046][  0]LogPakFile: PakFile FullDirectoryIndexSize=144
[2022.03.04-17.19.22:046][  0]LogShaderLibrary: Display: ShaderCodeLibraryPakFileMountedCallback: PakFile 'C:/Program Files/Epic Games/UE_4.27_2/FeaturePacks/TP_VehicleBP.upack' (chunk index -1, root 'root:/') mounted
[2022.03.04-17.19.22:046][  0]LogShaderLibrary: Display: ShaderCodeLibraryPakFileMountedCallback: pending pak file info (ChunkID:-1 Root:root:/ File:C:/Program Files/Epic Games/UE_4.27_2/FeaturePacks/TP_VehicleBP.upack)
[2022.03.04-17.19.22:046][  0]LogPakFile: OnPakFileMounted2Time == 0.000171
[2022.03.04-17.19.22:047][  0]LogPakFile: PakFile PrimaryIndexSize=192
[2022.03.04-17.19.22:047][  0]LogPakFile: PakFile PathHashIndexSize=101
[2022.03.04-17.19.22:047][  0]LogPakFile: PakFile FullDirectoryIndexSize=158
[2022.03.04-17.19.22:048][  0]LogShaderLibrary: Display: ShaderCodeLibraryPakFileMountedCallback: PakFile 'C:/Program Files/Epic Games/UE_4.27_2/FeaturePacks/TP_VirtualRealityBP.upack' (chunk index -1, root 'root:/') mounted
[2022.03.04-17.19.22:048][  0]LogShaderLibrary: Display: ShaderCodeLibraryPakFileMountedCallback: pending pak file info (ChunkID:-1 Root:root:/ File:C:/Program Files/Epic Games/UE_4.27_2/FeaturePacks/TP_VirtualRealityBP.upack)
[2022.03.04-17.19.22:048][  0]LogPakFile: OnPakFileMounted2Time == 0.000166
[2022.03.04-17.19.22:072][  0]LogNativeClassHierarchy: Verbose: Native class hierarchy updated for 'AddContentDialog' in 0.0003 seconds. Added 0 classes and 0 folders.
[2022.03.04-17.19.22:073][  0]LogNativeClassHierarchy: Verbose: Native class hierarchy updated for 'SceneOutliner' in 0.0003 seconds. Added 2 classes and 0 folders.
[2022.03.04-17.19.22:364][  0]LogSlate: Only BGRA pngs, bmps or icos are supported in by External Image Picker
[2022.03.04-17.19.22:438][  0]LogSlate: Took 0.000147 seconds to synchronously load lazily loaded font '../../../Engine/Content/Slate/Fonts/Roboto-Regular.ttf' (155K)
[2022.03.04-17.19.22:439][  0]LogSlate: Took 0.000118 seconds to synchronously load lazily loaded font '../../../Engine/Content/Editor/Slate/Fonts/FontAwesome.ttf' (139K)
[2022.03.04-17.19.22:440][  0]LogSlate: Took 0.000103 seconds to synchronously load lazily loaded font '../../../Engine/Content/Slate/Fonts/Roboto-Bold.ttf' (160K)
[2022.03.04-17.19.22:520][  0]LogRenderer: Reallocating scene render targets to support 1208x652 Format 10 NumSamples 1 (Frame:1).
[2022.03.04-17.19.22:895][  0]LogSlate: Took 0.000175 seconds to synchronously load lazily loaded font '../../../Engine/Content/Slate/Fonts/Roboto-Light.ttf' (167K)
[2022.03.04-17.19.22:985][  0]LogNativeClassHierarchy: Verbose: Native class hierarchy updated for 'HierarchicalLODOutliner' in 0.0005 seconds. Added 0 classes and 0 folders.
[2022.03.04-17.19.22:985][  0]LogLoad: (Engine Initialization) Total time: 11.95 seconds
[2022.03.04-17.19.22:985][  0]LogLoad: (Engine Initialization) Total Blueprint compile time: 0.00 seconds
[2022.03.04-17.19.23:021][  0]LogAssetRegistry: Asset discovery search completed in 7.5477 seconds
[2022.03.04-17.19.23:026][  0]LogCollectionManager: Fixed up redirectors for 0 collections in 0.000003 seconds (updated 0 objects)
[2022.03.04-17.19.23:027][  0]LogContentStreaming: Texture pool size now 1000 MB
[2022.03.04-17.19.23:747][ 54]LogTemp: Repeating last play command: Selected Viewport
[2022.03.04-17.19.23:751][ 54]LogPlayLevel: PlayLevel: No blueprints needed recompiling
[2022.03.04-17.19.23:752][ 54]PIE: New page: PIE session: FirstPersonExampleMap (4 mar. 2022 19:19:23)
[2022.03.04-17.19.23:794][ 54]LogOnline: OSS: Creating online subsystem instance for: NULL
[2022.03.04-17.19.23:799][ 54]LogOnline: OSS: TryLoadSubsystemAndSetDefault: Loaded subsystem for module [NULL]
[2022.03.04-17.19.23:800][ 54]LogPlayLevel: Creating play world package: /Game/FirstPersonCPP/Maps/UEDPIE_0_FirstPersonExampleMap
[2022.03.04-17.19.23:829][ 54]LogPlayLevel: PIE: StaticDuplicateObject took: (0.028467s)
[2022.03.04-17.19.23:830][ 54]LogAIModule: Creating AISystem for world FirstPersonExampleMap
[2022.03.04-17.19.23:831][ 54]LogPlayLevel: PIE: World Init took: (0.001885s)
[2022.03.04-17.19.23:831][ 54]LogPlayLevel: PIE: Created PIE world by copying editor world from /Game/FirstPersonCPP/Maps/FirstPersonExampleMap.FirstPersonExampleMap to /Game/FirstPersonCPP/Maps/UEDPIE_0_FirstPersonExampleMap.FirstPersonExampleMap (0.031161s)
[2022.03.04-17.19.23:845][ 54]LogUObjectHash: Compacting FUObjectHashTables data took   0.65ms
[2022.03.04-17.19.23:852][ 54]LogAudio: Display: Creating Audio Device:                 Id: 2, Scope: Unique, Realtime: True
[2022.03.04-17.19.23:853][ 54]LogAudioMixer: Display: Audio Mixer Platform Settings:
[2022.03.04-17.19.23:853][ 54]LogAudioMixer: Display: 	Sample Rate:						  48000
[2022.03.04-17.19.23:853][ 54]LogAudioMixer: Display: 	Callback Buffer Frame Size Requested: 1024
[2022.03.04-17.19.23:853][ 54]LogAudioMixer: Display: 	Callback Buffer Frame Size To Use:	  1024
[2022.03.04-17.19.23:853][ 54]LogAudioMixer: Display: 	Number of buffers to queue:			  2
[2022.03.04-17.19.23:854][ 54]LogAudioMixer: Display: 	Max Channels (voices):				  32
[2022.03.04-17.19.23:854][ 54]LogAudioMixer: Display: 	Number of Async Source Workers:		  0
[2022.03.04-17.19.23:854][ 54]LogAudio: Display: AudioDevice MaxSources: 32
[2022.03.04-17.19.23:855][ 54]LogAudio: Display: Audio Spatialization Plugin: None (built-in).
[2022.03.04-17.19.23:855][ 54]LogAudio: Display: Audio Reverb Plugin: None (built-in).
[2022.03.04-17.19.23:855][ 54]LogAudio: Display: Audio Occlusion Plugin: None (built-in).
[2022.03.04-17.19.23:855][ 54]LogAudioMixer: Display: Initializing audio mixer.
[2022.03.04-17.19.23:858][ 54]LogAudioMixer: Display: 0: FrontLeft
[2022.03.04-17.19.23:858][ 54]LogAudioMixer: Display: 1: FrontRight
[2022.03.04-17.19.23:950][ 54]LogAudioMixer: Display: Using Audio Device Speakers / Headphones (Realtek Audio)
[2022.03.04-17.19.23:951][ 54]LogAudioMixer: Display: Initializing Sound Submixes...
[2022.03.04-17.19.23:951][ 54]LogAudioMixer: Display: Creating Master Submix 'MasterSubmixDefault'
[2022.03.04-17.19.23:951][ 54]LogAudioMixer: Display: Creating Master Submix 'MasterReverbSubmixDefault'
[2022.03.04-17.19.23:952][ 54]LogAudioMixer: Display: Creating Master Submix 'MasterEQSubmixDefault'
[2022.03.04-17.19.23:952][ 54]LogAudioMixer: FMixerPlatformXAudio2::StartAudioStream() called
[2022.03.04-17.19.23:952][ 54]LogAudioMixer: Display: Output buffers initialized: Frames=1024, Channels=2, Samples=2048
[2022.03.04-17.19.23:958][ 54]LogAudioMixer: Display: Starting AudioMixerPlatformInterface::RunInternal()
[2022.03.04-17.19.23:958][ 54]LogAudioMixer: Display: FMixerPlatformXAudio2::SubmitBuffer() called for the first time
[2022.03.04-17.19.23:958][ 54]LogInit: FAudioDevice initialized.
[2022.03.04-17.19.23:958][ 54]LogAudio: Display: Audio Device (ID: 2) registered with world 'FirstPersonExampleMap'.
[2022.03.04-17.19.23:973][ 54]LogLoad: Game class is 'NoxIAGameMode'
[2022.03.04-17.19.23:975][ 54]LogWorld: Bringing World /Game/FirstPersonCPP/Maps/UEDPIE_0_FirstPersonExampleMap.FirstPersonExampleMap up for play (max tick rate 0) at 2022.03.04-18.19.23
[2022.03.04-17.19.23:976][ 54]LogWorld: Bringing up level for play took: 0.001884
[2022.03.04-17.19.23:977][ 54]LogOnline: OSS: Creating online subsystem instance for: :Context_2
[2022.03.04-17.19.23:983][ 54]LogNativeClassHierarchy: Verbose: Native class hierarchy updated for 'MovieSceneCapture' in 0.0004 seconds. Added 20 classes and 0 folders.
[2022.03.04-17.19.23:985][ 54]PIE: Server logged in
[2022.03.04-17.19.23:986][ 54]PIE: Play in editor total start time 0,235 seconds.
[2022.03.04-17.19.27:130][ 55]LogAudioMixer: Resetting audio stream to device id 
[2022.03.04-17.19.27:138][ 55]LogAudioMixer: Display: 0: FrontLeft
[2022.03.04-17.19.27:138][ 55]LogAudioMixer: Display: 1: FrontRight
[2022.03.04-17.19.27:250][ 55]LogAudioMixer: Resetting audio stream to device id 
[2022.03.04-17.19.27:262][ 55]LogAudioMixer: Display: 0: FrontLeft
[2022.03.04-17.19.27:263][ 55]LogAudioMixer: Display: 1: FrontRight
[2022.03.04-17.19.55:183][258]LogSlate: Updating window title bar state: overlay mode, drag disabled, window buttons hidden, title bar hidden
[2022.03.04-17.19.55:183][258]LogWorld: BeginTearingDown for /Game/FirstPersonCPP/Maps/UEDPIE_0_FirstPersonExampleMap
[2022.03.04-17.19.55:183][258]LogWorld: UWorld::CleanupWorld for FirstPersonExampleMap, bSessionEnded=true, bCleanupResources=true
[2022.03.04-17.19.55:184][258]LogSlate: InvalidateAllWidgets triggered.  All widgets were invalidated
[2022.03.04-17.19.55:209][258]LogPlayLevel: Display: Shutting down PIE online subsystems
[2022.03.04-17.19.55:212][258]LogSlate: InvalidateAllWidgets triggered.  All widgets were invalidated
[2022.03.04-17.19.55:227][258]LogAudio: Display: Audio Device unregistered from world 'None'.
[2022.03.04-17.19.55:228][258]LogAudioMixer: FMixerPlatformXAudio2::StopAudioStream() called
[2022.03.04-17.19.55:231][258]LogAudioMixer: FMixerPlatformXAudio2::StopAudioStream() called
[2022.03.04-17.19.55:239][258]LogSlate: Updating window title bar state: overlay mode, drag disabled, window buttons hidden, title bar hidden
[2022.03.04-17.19.55:242][258]LogUObjectHash: Compacting FUObjectHashTables data took   1.29ms
[2022.03.04-17.19.55:260][259]LogPlayLevel: Display: Destroying online subsystem :Context_2
