Log file open, 03/04/22 18:12:46
LogWindows: Failed to load 'aqProf.dll' (GetLastError=126)
LogWindows: File 'aqProf.dll' does not exist
LogWindows: Failed to load 'VtuneApi.dll' (GetLastError=126)
LogWindows: File 'VtuneApi.dll' does not exist
LogWindows: Failed to load 'VtuneApi32e.dll' (GetLastError=126)
LogWindows: File 'VtuneApi32e.dll' does not exist
LogConsoleResponse: Display: Failed to find resolution value strings in scalability ini. Falling back to default.
LogConsoleResponse: Display: Failed to find resolution value strings in scalability ini. Falling back to default.
LogInit: Display: Running engine for game: NoxIA
LogPlatformFile: Not using cached read wrapper
LogTaskGraph: Started task graph with 5 named threads and 83 total threads with 3 sets of task threads.
LogStats: Stats thread started at 0.513493
LogICUInternationalization: ICU TimeZone Detection - Raw Offset: +1:00, Platform Override: ''
LogInit: Display: Loading text-based GConfig....
LogPluginManager: Mounting plugin MeshPainting
LogPluginManager: Mounting plugin XGEController
LogPluginManager: Mounting plugin Paper2D
LogPluginManager: Mounting plugin AISupport
LogPluginManager: Mounting plugin EnvironmentQueryEditor
LogPluginManager: Mounting plugin CameraShakePreviewer
LogPluginManager: Mounting plugin LightPropagationVolume
LogPluginManager: Mounting plugin GameplayCameras
LogPluginManager: Mounting plugin OodleData
LogPluginManager: Mounting plugin OodleNetwork
LogPluginManager: Mounting plugin AnimationSharing
LogPluginManager: Mounting plugin LiveLink
LogPluginManager: Mounting plugin CLionSourceCodeAccess
LogPluginManager: Mounting plugin NullSourceCodeAccess
LogPluginManager: Mounting plugin CodeLiteSourceCodeAccess
LogPluginManager: Mounting plugin PerforceSourceControl
LogPluginManager: Mounting plugin KDevelopSourceCodeAccess
LogPluginManager: Mounting plugin GitSourceControl
LogPluginManager: Mounting plugin PixWinPlugin
LogPluginManager: Mounting plugin RiderSourceCodeAccess
LogPluginManager: Mounting plugin PluginUtils
LogPluginManager: Mounting plugin PropertyAccessNode
LogPluginManager: Mounting plugin SubversionSourceControl
LogPluginManager: Mounting plugin TextureFormatOodle
LogPluginManager: Mounting plugin VisualStudioSourceCodeAccess
LogPluginManager: Mounting plugin UObjectPlugin
LogPluginManager: Mounting plugin AssetManagerEditor
LogPluginManager: Mounting plugin PlasticSourceControl
LogPluginManager: Mounting plugin XCodeSourceCodeAccess
LogPluginManager: Mounting plugin CryptoKeys
LogPluginManager: Mounting plugin CurveEditorTools
LogPluginManager: Mounting plugin DataValidation
LogPluginManager: Mounting plugin FacialAnimation
LogPluginManager: Mounting plugin GeometryMode
LogPluginManager: Mounting plugin GameplayTagsEditor
LogPluginManager: Mounting plugin VisualStudioCodeSourceCodeAccess
LogPluginManager: Mounting plugin AlembicImporter
LogPluginManager: Mounting plugin MaterialAnalyzer
LogPluginManager: Mounting plugin MobileLauncherProfileWizard
LogPluginManager: Mounting plugin ChaosCloth
LogPluginManager: Mounting plugin ChaosEditor
LogPluginManager: Mounting plugin ChaosNiagara
LogPluginManager: Mounting plugin ChaosSolverPlugin
LogPluginManager: Mounting plugin MacGraphicsSwitching
LogPluginManager: Mounting plugin ChaosClothEditor
LogPluginManager: Mounting plugin PluginBrowser
LogPluginManager: Mounting plugin SpeedTreeImporter
LogPluginManager: Mounting plugin CharacterAI
LogPluginManager: Mounting plugin BackChannel
LogPluginManager: Mounting plugin GeometryCollectionPlugin
LogPluginManager: Mounting plugin GeometryCache
LogPluginManager: Mounting plugin AutomationUtils
LogPluginManager: Mounting plugin VariantManagerContent
LogPluginManager: Mounting plugin DatasmithContent
LogPluginManager: Mounting plugin GeometryProcessing
LogPluginManager: Mounting plugin PlatformCrypto
LogPluginManager: Mounting plugin ProxyLODPlugin
LogPluginManager: Mounting plugin PlanarCut
LogPluginManager: Mounting plugin MotoSynth
LogPluginManager: Mounting plugin OpenImageDenoise
LogPluginManager: Mounting plugin SkeletalReduction
LogPluginManager: Mounting plugin PythonScriptPlugin
LogPluginManager: Mounting plugin MagicLeapLightEstimation
LogPluginManager: Mounting plugin MagicLeap
LogPluginManager: Mounting plugin MagicLeapPassableWorld
LogPluginManager: Mounting plugin LuminPlatformFeatures
LogPluginManager: Mounting plugin MagicLeapMedia
LogPluginManager: Mounting plugin UdpMessaging
LogPluginManager: Mounting plugin MLSDK
LogPluginManager: Mounting plugin AndroidMedia
LogPluginManager: Mounting plugin AvfMedia
LogPluginManager: Mounting plugin ImgMedia
LogPluginManager: Mounting plugin WmfMedia
LogPluginManager: Mounting plugin ActorSequence
LogPluginManager: Mounting plugin WebMMedia
LogPluginManager: Mounting plugin MediaCompositing
LogPluginManager: Mounting plugin LevelSequenceEditor
LogPluginManager: Mounting plugin MatineeToLevelSequence
LogPluginManager: Mounting plugin TcpMessaging
LogPluginManager: Mounting plugin ActorLayerUtilities
LogPluginManager: Mounting plugin TemplateSequence
LogPluginManager: Mounting plugin AppleImageUtils
LogPluginManager: Mounting plugin AndroidMoviePlayer
LogPluginManager: Mounting plugin AndroidPermission
LogPluginManager: Mounting plugin AndroidDeviceProfileSelector
LogPluginManager: Mounting plugin MediaPlayerEditor
LogPluginManager: Mounting plugin ArchVisCharacter
LogPluginManager: Mounting plugin AppleMoviePlayer
LogPluginManager: Mounting plugin AssetTags
LogPluginManager: Mounting plugin AudioSynesthesia
LogPluginManager: Mounting plugin AudioCapture
LogPluginManager: Mounting plugin CableComponent
LogPluginManager: Mounting plugin ChunkDownloader
LogPluginManager: Mounting plugin CustomMeshComponent
LogPluginManager: Mounting plugin EditableMesh
LogPluginManager: Mounting plugin ExampleDeviceProfileSelector
LogPluginManager: Mounting plugin GooglePAD
LogPluginManager: Mounting plugin GoogleCloudMessaging
LogPluginManager: Mounting plugin LauncherChunkInstaller
LogPluginManager: Mounting plugin LocationServicesBPLibrary
LogPluginManager: Mounting plugin OpenXREyeTracker
LogPluginManager: Mounting plugin IOSDeviceProfileSelector
LogPluginManager: Mounting plugin MobilePatchingUtils
LogPluginManager: Mounting plugin LinuxDeviceProfileSelector
LogPluginManager: Mounting plugin PhysXVehicles
LogPluginManager: Mounting plugin OpenXR
LogPluginManager: Mounting plugin OpenXRHandTracking
LogPluginManager: Mounting plugin SoundFields
LogPluginManager: Mounting plugin PostSplashScreen
LogPluginManager: Mounting plugin PropertyAccessEditor
LogPluginManager: Mounting plugin ProceduralMeshComponent
LogPluginManager: Mounting plugin RuntimePhysXCooking
LogPluginManager: Mounting plugin SignificanceManager
LogPluginManager: Mounting plugin Synthesis
LogPluginManager: Mounting plugin WebMMoviePlayer
LogPluginManager: Mounting plugin WindowsMoviePlayer
LogPluginManager: Mounting plugin OnlineSubsystem
LogPluginManager: Mounting plugin OnlineSubsystemNull
LogPluginManager: Mounting plugin OnlineSubsystemUtils
LogPluginManager: Mounting plugin ScreenshotTools
LogPluginManager: Mounting plugin Takes
LogPluginManager: Mounting plugin Niagara
LogPluginManager: Mounting plugin ContentBrowserAssetDataSource
LogPluginManager: Mounting plugin ContentBrowserFileDataSource
LogPluginManager: Mounting plugin ContentBrowserClassDataSource
LogPluginManager: Mounting plugin OculusVR
LogPluginManager: Mounting plugin SteamVR
LogPluginManager: Mounting plugin OnlineSubsystemIOS
LogPluginManager: Mounting plugin OnlineSubsystemGooglePlay
PixWinPlugin: PIX capture plugin failed to initialize! Check that the process is launched from PIX.
LogLuminAPIImpl: Warning: MLSDK not found.  This likely means the MLSDK environment variable is not set.
LogInit: Using libcurl 7.55.1-DEV
LogInit:  - built for x86_64-pc-win32
LogInit:  - supports SSL with OpenSSL/1.1.1
LogInit:  - supports HTTP deflate (compression) using libz 1.2.8
LogInit:  - other features:
LogInit:      CURL_VERSION_SSL
LogInit:      CURL_VERSION_LIBZ
LogInit:      CURL_VERSION_IPV6
LogInit:      CURL_VERSION_ASYNCHDNS
LogInit:      CURL_VERSION_LARGEFILE
LogInit:      CURL_VERSION_IDN
LogInit:  CurlRequestOptions (configurable via config and command line):
LogInit:  - bVerifyPeer = true  - Libcurl will verify peer certificate
LogInit:  - bUseHttpProxy = false  - Libcurl will NOT use HTTP proxy
LogInit:  - bDontReuseConnections = false  - Libcurl will reuse connections
LogInit:  - MaxHostConnections = 16  - Libcurl will limit the number of connections to a host
LogInit:  - LocalHostAddr = Default
LogInit:  - BufferSize = 65536
LogOnline: OSS: Creating online subsystem instance for: NULL
LogInit: WinSock: version 1.1 (2.2), MaxSocks=32767, MaxUdp=65467
LogOnline: OSS: TryLoadSubsystemAndSetDefault: Loaded subsystem for module [NULL]
LogOculusPluginWrapper: OculusPlugin initialized successfully
LogHMD: Failed initializing OVRPlugin 1.59.0
LogInit: Build: ++UE4+Release-4.27-CL-18319896
LogInit: Engine Version: 4.27.2-18319896+++UE4+Release-4.27
LogInit: Compatible Engine Version: 4.27.0-17155196+++UE4+Release-4.27
LogInit: Net CL: 17155196
LogInit: OS: Windows 10 (Release 2009) (), CPU: Intel(R) Core(TM) i9-10980XE CPU @ 3.00GHz, GPU: NVIDIA GeForce RTX 3080
LogInit: Compiled (64-bit): Nov 30 2021 07:12:08
LogInit: Compiled with Visual C++: 19.24.28315.00
LogInit: Build Configuration: DebugGame
LogInit: Branch Name: ++UE4+Release-4.27
LogInit: Command Line:  -skipcompile
LogInit: Base Directory: C:/Program Files/Epic Games/UE_4.27_2/Engine/Binaries/Win64/
LogInit: Allocator: TBB
LogInit: Installed Engine Build: 1
LogDevObjectVersion: Number of dev versions registered: 29
LogDevObjectVersion:   Dev-Blueprints (B0D832E4-1F89-4F0D-ACCF-7EB736FD4AA2): 10
LogDevObjectVersion:   Dev-Build (E1C64328-A22C-4D53-A36C-8E866417BD8C): 0
LogDevObjectVersion:   Dev-Core (375EC13C-06E4-48FB-B500-84F0262A717E): 4
LogDevObjectVersion:   Dev-Editor (E4B068ED-F494-42E9-A231-DA0B2E46BB41): 40
LogDevObjectVersion:   Dev-Framework (CFFC743F-43B0-4480-9391-14DF171D2073): 37
LogDevObjectVersion:   Dev-Mobile (B02B49B5-BB20-44E9-A304-32B752E40360): 3
LogDevObjectVersion:   Dev-Networking (A4E4105C-59A1-49B5-A7C5-40C4547EDFEE): 0
LogDevObjectVersion:   Dev-Online (39C831C9-5AE6-47DC-9A44-9C173E1C8E7C): 0
LogDevObjectVersion:   Dev-Physics (78F01B33-EBEA-4F98-B9B4-84EACCB95AA2): 14
LogDevObjectVersion:   Dev-Platform (6631380F-2D4D-43E0-8009-CF276956A95A): 0
LogDevObjectVersion:   Dev-Rendering (12F88B9F-8875-4AFC-A67C-D90C383ABD29): 45
LogDevObjectVersion:   Dev-Sequencer (7B5AE74C-D270-4C10-A958-57980B212A5A): 13
LogDevObjectVersion:   Dev-VR (D7296918-1DD6-4BDD-9DE2-64A83CC13884): 3
LogDevObjectVersion:   Dev-LoadTimes (C2A15278-BFE7-4AFE-6C17-90FF531DF755): 1
LogDevObjectVersion:   Private-Geometry (6EACA3D4-40EC-4CC1-B786-8BED09428FC5): 3
LogDevObjectVersion:   Dev-AnimPhys (29E575DD-E0A3-4627-9D10-D276232CDCEA): 17
LogDevObjectVersion:   Dev-Anim (AF43A65D-7FD3-4947-9873-3E8ED9C1BB05): 15
LogDevObjectVersion:   Dev-ReflectionCapture (6B266CEC-1EC7-4B8F-A30B-E4D90942FC07): 1
LogDevObjectVersion:   Dev-Automation (0DF73D61-A23F-47EA-B727-89E90C41499A): 1
LogDevObjectVersion:   FortniteMain (601D1886-AC64-4F84-AA16-D3DE0DEAC7D6): 47
LogDevObjectVersion:   FortniteRelease (E7086368-6B23-4C58-8439-1B7016265E91): 1
LogDevObjectVersion:   Dev-Enterprise (9DFFBCD6-494F-0158-E221-12823C92A888): 10
LogDevObjectVersion:   Dev-Niagara (F2AED0AC-9AFE-416F-8664-AA7FFA26D6FC): 1
LogDevObjectVersion:   Dev-Destruction (174F1F0B-B4C6-45A5-B13F-2EE8D0FB917D): 10
LogDevObjectVersion:   Dev-Physics-Ext (35F94A83-E258-406C-A318-09F59610247C): 41
LogDevObjectVersion:   Dev-PhysicsMaterial-Chaos (B68FC16E-8B1B-42E2-B453-215C058844FE): 1
LogDevObjectVersion:   Dev-CineCamera (B2E18506-4273-CFC2-A54E-F4BB758BBA07): 1
LogDevObjectVersion:   Dev-VirtualProduction (64F58936-FD1B-42BA-BA96-7289D5D0FA4E): 1
LogDevObjectVersion:   Dev-MediaFramework (6F0ED827-A609-4895-9C91-998D90180EA4): 2
LogInit: Presizing for max 25165824 objects, including 0 objects not considered by GC, pre-allocating 0 bytes for permanent pool.
LogConfig: Applying CVar settings from Section [/Script/Engine.StreamingSettings] File [C:/Users/andres.perez/Documents/GitHub/PruebasNox/NoxIA/Saved/Config/Windows/Engine.ini]
LogConfig: Setting CVar [[s.MinBulkDataSizeForAsyncLoading:131072]]
LogConfig: Setting CVar [[s.AsyncLoadingThreadEnabled:0]]
LogConfig: Setting CVar [[s.EventDrivenLoaderEnabled:1]]
LogConfig: Setting CVar [[s.WarnIfTimeLimitExceeded:0]]
LogConfig: Setting CVar [[s.TimeLimitExceededMultiplier:1.5]]
LogConfig: Setting CVar [[s.TimeLimitExceededMinTime:0.005]]
LogConfig: Setting CVar [[s.UseBackgroundLevelStreaming:1]]
LogConfig: Setting CVar [[s.PriorityAsyncLoadingExtraTime:15.0]]
LogConfig: Setting CVar [[s.LevelStreamingActorsUpdateTimeLimit:5.0]]
LogConfig: Setting CVar [[s.PriorityLevelStreamingActorsUpdateExtraTime:5.0]]
LogConfig: Setting CVar [[s.LevelStreamingComponentsRegistrationGranularity:10]]
LogConfig: Setting CVar [[s.UnregisterComponentsTimeLimit:1.0]]
LogConfig: Setting CVar [[s.LevelStreamingComponentsUnregistrationGranularity:5]]
LogConfig: Setting CVar [[s.FlushStreamingOnExit:1]]
LogInit: Object subsystem initialized
LogConfig: Setting CVar [[con.DebugEarlyDefault:1]]
LogConfig: Setting CVar [[r.setres:1280x720]]
[2022.03.04-17.12.47:013][  0]LogConfig: Setting CVar [[r.VSync:0]]
[2022.03.04-17.12.47:014][  0]LogConfig: Setting CVar [[r.RHICmdBypass:0]]
[2022.03.04-17.12.47:014][  0]LogConfig: Applying CVar settings from Section [/Script/Engine.RendererSettings] File [C:/Users/andres.perez/Documents/GitHub/PruebasNox/NoxIA/Saved/Config/Windows/Engine.ini]
[2022.03.04-17.12.47:014][  0]LogConfig: Setting CVar [[r.GPUCrashDebugging:0]]
[2022.03.04-17.12.47:014][  0]LogConfig: Applying CVar settings from Section [/Script/Engine.RendererOverrideSettings] File [C:/Users/andres.perez/Documents/GitHub/PruebasNox/NoxIA/Saved/Config/Windows/Engine.ini]
[2022.03.04-17.12.47:014][  0]LogConfig: Applying CVar settings from Section [/Script/Engine.StreamingSettings] File [C:/Users/andres.perez/Documents/GitHub/PruebasNox/NoxIA/Saved/Config/Windows/Engine.ini]
[2022.03.04-17.12.47:014][  0]LogConfig: Setting CVar [[s.MinBulkDataSizeForAsyncLoading:131072]]
[2022.03.04-17.12.47:014][  0]LogConfig: Setting CVar [[s.AsyncLoadingThreadEnabled:0]]
[2022.03.04-17.12.47:014][  0]LogConfig: Setting CVar [[s.EventDrivenLoaderEnabled:1]]
[2022.03.04-17.12.47:014][  0]LogConfig: Setting CVar [[s.WarnIfTimeLimitExceeded:0]]
[2022.03.04-17.12.47:014][  0]LogConfig: Setting CVar [[s.TimeLimitExceededMultiplier:1.5]]
[2022.03.04-17.12.47:014][  0]LogConfig: Setting CVar [[s.TimeLimitExceededMinTime:0.005]]
[2022.03.04-17.12.47:015][  0]LogConfig: Setting CVar [[s.UseBackgroundLevelStreaming:1]]
[2022.03.04-17.12.47:015][  0]LogConfig: Setting CVar [[s.PriorityAsyncLoadingExtraTime:15.0]]
[2022.03.04-17.12.47:015][  0]LogConfig: Setting CVar [[s.LevelStreamingActorsUpdateTimeLimit:5.0]]
[2022.03.04-17.12.47:015][  0]LogConfig: Setting CVar [[s.PriorityLevelStreamingActorsUpdateExtraTime:5.0]]
[2022.03.04-17.12.47:015][  0]LogConfig: Setting CVar [[s.LevelStreamingComponentsRegistrationGranularity:10]]
[2022.03.04-17.12.47:015][  0]LogConfig: Setting CVar [[s.UnregisterComponentsTimeLimit:1.0]]
[2022.03.04-17.12.47:015][  0]LogConfig: Setting CVar [[s.LevelStreamingComponentsUnregistrationGranularity:5]]
[2022.03.04-17.12.47:015][  0]LogConfig: Setting CVar [[s.FlushStreamingOnExit:1]]
[2022.03.04-17.12.47:015][  0]LogConfig: Applying CVar settings from Section [/Script/Engine.GarbageCollectionSettings] File [C:/Users/andres.perez/Documents/GitHub/PruebasNox/NoxIA/Saved/Config/Windows/Engine.ini]
[2022.03.04-17.12.47:016][  0]LogConfig: Setting CVar [[gc.MaxObjectsNotConsideredByGC:1]]
[2022.03.04-17.12.47:016][  0]LogConfig: Setting CVar [[gc.SizeOfPermanentObjectPool:0]]
[2022.03.04-17.12.47:016][  0]LogConfig: Setting CVar [[gc.FlushStreamingOnGC:0]]
[2022.03.04-17.12.47:016][  0]LogConfig: Setting CVar [[gc.NumRetriesBeforeForcingGC:10]]
[2022.03.04-17.12.47:016][  0]LogConfig: Setting CVar [[gc.AllowParallelGC:1]]
[2022.03.04-17.12.47:016][  0]LogConfig: Setting CVar [[gc.TimeBetweenPurgingPendingKillObjects:61.1]]
[2022.03.04-17.12.47:016][  0]LogConfig: Setting CVar [[gc.MaxObjectsInEditor:25165824]]
[2022.03.04-17.12.47:016][  0]LogConfig: Setting CVar [[gc.IncrementalBeginDestroyEnabled:1]]
[2022.03.04-17.12.47:016][  0]LogConfig: Setting CVar [[gc.CreateGCClusters:1]]
[2022.03.04-17.12.47:016][  0]LogConfig: Setting CVar [[gc.MinGCClusterSize:5]]
[2022.03.04-17.12.47:016][  0]LogConfig: Setting CVar [[gc.ActorClusteringEnabled:0]]
[2022.03.04-17.12.47:016][  0]LogConfig: Setting CVar [[gc.BlueprintClusteringEnabled:0]]
[2022.03.04-17.12.47:016][  0]LogConfig: Setting CVar [[gc.UseDisregardForGCOnDedicatedServers:0]]
[2022.03.04-17.12.47:016][  0]LogConfig: Setting CVar [[gc.MultithreadedDestructionEnabled:1]]
[2022.03.04-17.12.47:016][  0]LogConfig: Applying CVar settings from Section [/Script/Engine.NetworkSettings] File [C:/Users/andres.perez/Documents/GitHub/PruebasNox/NoxIA/Saved/Config/Windows/Engine.ini]
[2022.03.04-17.12.47:016][  0]LogConfig: Applying CVar settings from Section [/Script/UnrealEd.CookerSettings] File [C:/Users/andres.perez/Documents/GitHub/PruebasNox/NoxIA/Saved/Config/Windows/Engine.ini]
[2022.03.04-17.12.47:029][  0]LogConfig: Applying CVar settings from Section [ViewDistanceQuality@3] File [C:/Users/andres.perez/Documents/GitHub/PruebasNox/NoxIA/Saved/Config/Windows/Scalability.ini]
[2022.03.04-17.12.47:029][  0]LogConfig: Setting CVar [[r.SkeletalMeshLODBias:0]]
[2022.03.04-17.12.47:029][  0]LogConfig: Setting CVar [[r.ViewDistanceScale:1.0]]
[2022.03.04-17.12.47:029][  0]LogConfig: Applying CVar settings from Section [AntiAliasingQuality@3] File [C:/Users/andres.perez/Documents/GitHub/PruebasNox/NoxIA/Saved/Config/Windows/Scalability.ini]
[2022.03.04-17.12.47:029][  0]LogConfig: Setting CVar [[r.PostProcessAAQuality:4]]
[2022.03.04-17.12.47:029][  0]LogConfig: Applying CVar settings from Section [ShadowQuality@3] File [C:/Users/andres.perez/Documents/GitHub/PruebasNox/NoxIA/Saved/Config/Windows/Scalability.ini]
[2022.03.04-17.12.47:029][  0]LogConfig: Setting CVar [[r.LightFunctionQuality:1]]
[2022.03.04-17.12.47:029][  0]LogConfig: Setting CVar [[r.ShadowQuality:5]]
[2022.03.04-17.12.47:029][  0]LogConfig: Setting CVar [[r.Shadow.CSM.MaxCascades:10]]
[2022.03.04-17.12.47:030][  0]LogConfig: Setting CVar [[r.Shadow.MaxResolution:2048]]
[2022.03.04-17.12.47:030][  0]LogConfig: Setting CVar [[r.Shadow.MaxCSMResolution:2048]]
[2022.03.04-17.12.47:030][  0]LogConfig: Setting CVar [[r.Shadow.RadiusThreshold:0.01]]
[2022.03.04-17.12.47:030][  0]LogConfig: Setting CVar [[r.Shadow.DistanceScale:1.0]]
[2022.03.04-17.12.47:030][  0]LogConfig: Setting CVar [[r.Shadow.CSM.TransitionScale:1.0]]
[2022.03.04-17.12.47:030][  0]LogConfig: Setting CVar [[r.Shadow.PreShadowResolutionFactor:1.0]]
[2022.03.04-17.12.47:030][  0]LogConfig: Setting CVar [[r.DistanceFieldShadowing:1]]
[2022.03.04-17.12.47:030][  0]LogConfig: Setting CVar [[r.DistanceFieldAO:1]]
[2022.03.04-17.12.47:030][  0]LogConfig: Setting CVar [[r.AOQuality:2]]
[2022.03.04-17.12.47:030][  0]LogConfig: Setting CVar [[r.VolumetricFog:1]]
[2022.03.04-17.12.47:030][  0]LogConfig: Setting CVar [[r.VolumetricFog.GridPixelSize:8]]
[2022.03.04-17.12.47:030][  0]LogConfig: Setting CVar [[r.VolumetricFog.GridSizeZ:128]]
[2022.03.04-17.12.47:030][  0]LogConfig: Setting CVar [[r.VolumetricFog.HistoryMissSupersampleCount:4]]
[2022.03.04-17.12.47:030][  0]LogConfig: Setting CVar [[r.LightMaxDrawDistanceScale:1]]
[2022.03.04-17.12.47:030][  0]LogConfig: Setting CVar [[r.CapsuleShadows:1]]
[2022.03.04-17.12.47:030][  0]LogConfig: Applying CVar settings from Section [PostProcessQuality@3] File [C:/Users/andres.perez/Documents/GitHub/PruebasNox/NoxIA/Saved/Config/Windows/Scalability.ini]
[2022.03.04-17.12.47:031][  0]LogConfig: Setting CVar [[r.MotionBlurQuality:4]]
[2022.03.04-17.12.47:031][  0]LogConfig: Setting CVar [[r.AmbientOcclusionMipLevelFactor:0.4]]
[2022.03.04-17.12.47:031][  0]LogConfig: Setting CVar [[r.AmbientOcclusionMaxQuality:100]]
[2022.03.04-17.12.47:031][  0]LogConfig: Setting CVar [[r.AmbientOcclusionLevels:-1]]
[2022.03.04-17.12.47:031][  0]LogConfig: Setting CVar [[r.AmbientOcclusionRadiusScale:1.0]]
[2022.03.04-17.12.47:031][  0]LogConfig: Setting CVar [[r.DepthOfFieldQuality:2]]
[2022.03.04-17.12.47:031][  0]LogConfig: Setting CVar [[r.RenderTargetPoolMin:400]]
[2022.03.04-17.12.47:031][  0]LogConfig: Setting CVar [[r.LensFlareQuality:2]]
[2022.03.04-17.12.47:031][  0]LogConfig: Setting CVar [[r.SceneColorFringeQuality:1]]
[2022.03.04-17.12.47:031][  0]LogConfig: Setting CVar [[r.EyeAdaptationQuality:2]]
[2022.03.04-17.12.47:031][  0]LogConfig: Setting CVar [[r.BloomQuality:5]]
[2022.03.04-17.12.47:031][  0]LogConfig: Setting CVar [[r.FastBlurThreshold:100]]
[2022.03.04-17.12.47:031][  0]LogConfig: Setting CVar [[r.Upscale.Quality:3]]
[2022.03.04-17.12.47:031][  0]LogConfig: Setting CVar [[r.Tonemapper.GrainQuantization:1]]
[2022.03.04-17.12.47:031][  0]LogConfig: Setting CVar [[r.LightShaftQuality:1]]
[2022.03.04-17.12.47:031][  0]LogConfig: Setting CVar [[r.Filter.SizeScale:1]]
[2022.03.04-17.12.47:032][  0]LogConfig: Setting CVar [[r.Tonemapper.Quality:5]]
[2022.03.04-17.12.47:032][  0]LogConfig: Setting CVar [[r.DOF.Gather.AccumulatorQuality:1        ; higher gathering accumulator quality]]
[2022.03.04-17.12.47:032][  0]LogConfig: Setting CVar [[r.DOF.Gather.PostfilterMethod:1          ; Median3x3 postfilering method]]
[2022.03.04-17.12.47:032][  0]LogConfig: Setting CVar [[r.DOF.Gather.EnableBokehSettings:0       ; no bokeh simulation when gathering]]
[2022.03.04-17.12.47:032][  0]LogConfig: Setting CVar [[r.DOF.Gather.RingCount:4                 ; medium number of samples when gathering]]
[2022.03.04-17.12.47:032][  0]LogConfig: Setting CVar [[r.DOF.Scatter.ForegroundCompositing:1    ; additive foreground scattering]]
[2022.03.04-17.12.47:032][  0]LogConfig: Setting CVar [[r.DOF.Scatter.BackgroundCompositing:2    ; additive background scattering]]
[2022.03.04-17.12.47:032][  0]LogConfig: Setting CVar [[r.DOF.Scatter.EnableBokehSettings:1      ; bokeh simulation when scattering]]
[2022.03.04-17.12.47:032][  0]LogConfig: Setting CVar [[r.DOF.Scatter.MaxSpriteRatio:0.1         ; only a maximum of 10% of scattered bokeh]]
[2022.03.04-17.12.47:032][  0]LogConfig: Setting CVar [[r.DOF.Recombine.Quality:1                ; cheap slight out of focus]]
[2022.03.04-17.12.47:032][  0]LogConfig: Setting CVar [[r.DOF.Recombine.EnableBokehSettings:0    ; no bokeh simulation on slight out of focus]]
[2022.03.04-17.12.47:032][  0]LogConfig: Setting CVar [[r.DOF.TemporalAAQuality:1                ; more stable temporal accumulation]]
[2022.03.04-17.12.47:032][  0]LogConfig: Setting CVar [[r.DOF.Kernel.MaxForegroundRadius:0.025]]
[2022.03.04-17.12.47:033][  0]LogConfig: Setting CVar [[r.DOF.Kernel.MaxBackgroundRadius:0.025]]
[2022.03.04-17.12.47:033][  0]LogConfig: Applying CVar settings from Section [TextureQuality@3] File [C:/Users/andres.perez/Documents/GitHub/PruebasNox/NoxIA/Saved/Config/Windows/Scalability.ini]
[2022.03.04-17.12.47:033][  0]LogConfig: Setting CVar [[r.Streaming.MipBias:0]]
[2022.03.04-17.12.47:033][  0]LogConfig: Setting CVar [[r.Streaming.AmortizeCPUToGPUCopy:0]]
[2022.03.04-17.12.47:033][  0]LogConfig: Setting CVar [[r.Streaming.MaxNumTexturesToStreamPerFrame:0]]
[2022.03.04-17.12.47:033][  0]LogConfig: Setting CVar [[r.Streaming.Boost:1]]
[2022.03.04-17.12.47:033][  0]LogConfig: Setting CVar [[r.MaxAnisotropy:8]]
[2022.03.04-17.12.47:033][  0]LogConfig: Setting CVar [[r.VT.MaxAnisotropy:8]]
[2022.03.04-17.12.47:033][  0]LogConfig: Setting CVar [[r.Streaming.LimitPoolSizeToVRAM:0]]
[2022.03.04-17.12.47:033][  0]LogConfig: Setting CVar [[r.Streaming.PoolSize:1000]]
[2022.03.04-17.12.47:034][  0]LogConfig: Setting CVar [[r.Streaming.MaxEffectiveScreenSize:0]]
[2022.03.04-17.12.47:034][  0]LogConfig: Applying CVar settings from Section [EffectsQuality@3] File [C:/Users/andres.perez/Documents/GitHub/PruebasNox/NoxIA/Saved/Config/Windows/Scalability.ini]
[2022.03.04-17.12.47:034][  0]LogConfig: Setting CVar [[r.TranslucencyLightingVolumeDim:64]]
[2022.03.04-17.12.47:034][  0]LogConfig: Setting CVar [[r.RefractionQuality:2]]
[2022.03.04-17.12.47:034][  0]LogConfig: Setting CVar [[r.SSR.Quality:3]]
[2022.03.04-17.12.47:034][  0]LogConfig: Setting CVar [[r.SSR.HalfResSceneColor:0]]
[2022.03.04-17.12.47:034][  0]LogConfig: Setting CVar [[r.SceneColorFormat:4]]
[2022.03.04-17.12.47:034][  0]LogConfig: Setting CVar [[r.DetailMode:2]]
[2022.03.04-17.12.47:034][  0]LogConfig: Setting CVar [[r.TranslucencyVolumeBlur:1]]
[2022.03.04-17.12.47:034][  0]LogConfig: Setting CVar [[r.MaterialQualityLevel:1 ; High quality]]
[2022.03.04-17.12.47:034][  0]LogConfig: Setting CVar [[r.AnisotropicMaterials:1]]
[2022.03.04-17.12.47:035][  0]LogConfig: Setting CVar [[r.SSS.Scale:1]]
[2022.03.04-17.12.47:035][  0]LogConfig: Setting CVar [[r.SSS.SampleSet:2]]
[2022.03.04-17.12.47:035][  0]LogConfig: Setting CVar [[r.SSS.Quality:1]]
[2022.03.04-17.12.47:035][  0]LogConfig: Setting CVar [[r.SSS.HalfRes:0]]
[2022.03.04-17.12.47:035][  0]LogConfig: Setting CVar [[r.SSGI.Quality:3]]
[2022.03.04-17.12.47:035][  0]LogConfig: Setting CVar [[r.EmitterSpawnRateScale:1.0]]
[2022.03.04-17.12.47:035][  0]LogConfig: Setting CVar [[r.ParticleLightQuality:2]]
[2022.03.04-17.12.47:035][  0]LogConfig: Setting CVar [[r.SkyAtmosphere.AerialPerspectiveLUT.FastApplyOnOpaque:1 ; Always have FastSkyLUT 1 in this case to avoid wrong sky]]
[2022.03.04-17.12.47:035][  0]LogConfig: Setting CVar [[r.SkyAtmosphere.AerialPerspectiveLUT.SampleCountMaxPerSlice:4]]
[2022.03.04-17.12.47:035][  0]LogConfig: Setting CVar [[r.SkyAtmosphere.AerialPerspectiveLUT.DepthResolution:16.0]]
[2022.03.04-17.12.47:035][  0]LogConfig: Setting CVar [[r.SkyAtmosphere.FastSkyLUT:1]]
[2022.03.04-17.12.47:035][  0]LogConfig: Setting CVar [[r.SkyAtmosphere.FastSkyLUT.SampleCountMin:4.0]]
[2022.03.04-17.12.47:036][  0]LogConfig: Setting CVar [[r.SkyAtmosphere.FastSkyLUT.SampleCountMax:128.0]]
[2022.03.04-17.12.47:036][  0]LogConfig: Setting CVar [[r.SkyAtmosphere.SampleCountMin:4.0]]
[2022.03.04-17.12.47:036][  0]LogConfig: Setting CVar [[r.SkyAtmosphere.SampleCountMax:128.0]]
[2022.03.04-17.12.47:036][  0]LogConfig: Setting CVar [[r.SkyAtmosphere.TransmittanceLUT.UseSmallFormat:0]]
[2022.03.04-17.12.47:036][  0]LogConfig: Setting CVar [[r.SkyAtmosphere.TransmittanceLUT.SampleCount:10.0]]
[2022.03.04-17.12.47:036][  0]LogConfig: Setting CVar [[r.SkyAtmosphere.MultiScatteringLUT.SampleCount:15.0]]
[2022.03.04-17.12.47:036][  0]LogConfig: Setting CVar [[r.SkyLight.RealTimeReflectionCapture:1]]
[2022.03.04-17.12.47:036][  0]LogConfig: Applying CVar settings from Section [FoliageQuality@3] File [C:/Users/andres.perez/Documents/GitHub/PruebasNox/NoxIA/Saved/Config/Windows/Scalability.ini]
[2022.03.04-17.12.47:036][  0]LogConfig: Setting CVar [[foliage.DensityScale:1.0]]
[2022.03.04-17.12.47:036][  0]LogConfig: Setting CVar [[grass.DensityScale:1.0]]
[2022.03.04-17.12.47:036][  0]LogConfig: Applying CVar settings from Section [ShadingQuality@3] File [C:/Users/andres.perez/Documents/GitHub/PruebasNox/NoxIA/Saved/Config/Windows/Scalability.ini]
[2022.03.04-17.12.47:037][  0]LogConfig: Setting CVar [[r.HairStrands.SkyLighting.IntegrationType:2]]
[2022.03.04-17.12.47:037][  0]LogConfig: Setting CVar [[r.HairStrands.SkyAO.SampleCount:4]]
[2022.03.04-17.12.47:037][  0]LogConfig: Setting CVar [[r.HairStrands.Visibility.MSAA.SamplePerPixel:4]]
[2022.03.04-17.12.47:037][  0]LogInit: Selected Device Profile: [Windows]
[2022.03.04-17.12.47:037][  0]LogInit: Applying CVar settings loaded from the selected device profile: [Windows]
[2022.03.04-17.12.47:037][  0]LogHAL: Display: Platform has ~ 32 GB [34055684096 / 34359738368 / 32], which maps to Largest [LargestMinGB=32, LargerMinGB=12, DefaultMinGB=8, SmallerMinGB=6, SmallestMinGB=0)
[2022.03.04-17.12.47:037][  0]LogInit: Going up to parent DeviceProfile []
[2022.03.04-17.12.47:037][  0]LogConfig: Applying CVar settings from Section [ViewDistanceQuality@3] File [C:/Users/andres.perez/Documents/GitHub/PruebasNox/NoxIA/Saved/Config/Windows/Scalability.ini]
[2022.03.04-17.12.47:037][  0]LogConfig: Setting CVar [[r.SkeletalMeshLODBias:0]]
[2022.03.04-17.12.47:037][  0]LogConfig: Setting CVar [[r.ViewDistanceScale:1.0]]
[2022.03.04-17.12.47:037][  0]LogConfig: Applying CVar settings from Section [AntiAliasingQuality@3] File [C:/Users/andres.perez/Documents/GitHub/PruebasNox/NoxIA/Saved/Config/Windows/Scalability.ini]
[2022.03.04-17.12.47:037][  0]LogConfig: Setting CVar [[r.PostProcessAAQuality:4]]
[2022.03.04-17.12.47:038][  0]LogConfig: Applying CVar settings from Section [ShadowQuality@3] File [C:/Users/andres.perez/Documents/GitHub/PruebasNox/NoxIA/Saved/Config/Windows/Scalability.ini]
[2022.03.04-17.12.47:038][  0]LogConfig: Setting CVar [[r.LightFunctionQuality:1]]
[2022.03.04-17.12.47:038][  0]LogConfig: Setting CVar [[r.ShadowQuality:5]]
[2022.03.04-17.12.47:038][  0]LogConfig: Setting CVar [[r.Shadow.CSM.MaxCascades:10]]
[2022.03.04-17.12.47:038][  0]LogConfig: Setting CVar [[r.Shadow.MaxResolution:2048]]
[2022.03.04-17.12.47:038][  0]LogConfig: Setting CVar [[r.Shadow.MaxCSMResolution:2048]]
[2022.03.04-17.12.47:038][  0]LogConfig: Setting CVar [[r.Shadow.RadiusThreshold:0.01]]
[2022.03.04-17.12.47:038][  0]LogConfig: Setting CVar [[r.Shadow.DistanceScale:1.0]]
[2022.03.04-17.12.47:038][  0]LogConfig: Setting CVar [[r.Shadow.CSM.TransitionScale:1.0]]
[2022.03.04-17.12.47:038][  0]LogConfig: Setting CVar [[r.Shadow.PreShadowResolutionFactor:1.0]]
[2022.03.04-17.12.47:038][  0]LogConfig: Setting CVar [[r.DistanceFieldShadowing:1]]
[2022.03.04-17.12.47:038][  0]LogConfig: Setting CVar [[r.DistanceFieldAO:1]]
[2022.03.04-17.12.47:038][  0]LogConfig: Setting CVar [[r.AOQuality:2]]
[2022.03.04-17.12.47:038][  0]LogConfig: Setting CVar [[r.VolumetricFog:1]]
[2022.03.04-17.12.47:039][  0]LogConfig: Setting CVar [[r.VolumetricFog.GridPixelSize:8]]
[2022.03.04-17.12.47:039][  0]LogConfig: Setting CVar [[r.VolumetricFog.GridSizeZ:128]]
[2022.03.04-17.12.47:039][  0]LogConfig: Setting CVar [[r.VolumetricFog.HistoryMissSupersampleCount:4]]
[2022.03.04-17.12.47:039][  0]LogConfig: Setting CVar [[r.LightMaxDrawDistanceScale:1]]
[2022.03.04-17.12.47:039][  0]LogConfig: Setting CVar [[r.CapsuleShadows:1]]
[2022.03.04-17.12.47:039][  0]LogConfig: Applying CVar settings from Section [PostProcessQuality@3] File [C:/Users/andres.perez/Documents/GitHub/PruebasNox/NoxIA/Saved/Config/Windows/Scalability.ini]
[2022.03.04-17.12.47:039][  0]LogConfig: Setting CVar [[r.MotionBlurQuality:4]]
[2022.03.04-17.12.47:039][  0]LogConfig: Setting CVar [[r.AmbientOcclusionMipLevelFactor:0.4]]
[2022.03.04-17.12.47:039][  0]LogConfig: Setting CVar [[r.AmbientOcclusionMaxQuality:100]]
[2022.03.04-17.12.47:039][  0]LogConfig: Setting CVar [[r.AmbientOcclusionLevels:-1]]
[2022.03.04-17.12.47:039][  0]LogConfig: Setting CVar [[r.AmbientOcclusionRadiusScale:1.0]]
[2022.03.04-17.12.47:039][  0]LogConfig: Setting CVar [[r.DepthOfFieldQuality:2]]
[2022.03.04-17.12.47:039][  0]LogConfig: Setting CVar [[r.RenderTargetPoolMin:400]]
[2022.03.04-17.12.47:039][  0]LogConfig: Setting CVar [[r.LensFlareQuality:2]]
[2022.03.04-17.12.47:040][  0]LogConfig: Setting CVar [[r.SceneColorFringeQuality:1]]
[2022.03.04-17.12.47:040][  0]LogConfig: Setting CVar [[r.EyeAdaptationQuality:2]]
[2022.03.04-17.12.47:040][  0]LogConfig: Setting CVar [[r.BloomQuality:5]]
[2022.03.04-17.12.47:040][  0]LogConfig: Setting CVar [[r.FastBlurThreshold:100]]
[2022.03.04-17.12.47:040][  0]LogConfig: Setting CVar [[r.Upscale.Quality:3]]
[2022.03.04-17.12.47:040][  0]LogConfig: Setting CVar [[r.Tonemapper.GrainQuantization:1]]
[2022.03.04-17.12.47:040][  0]LogConfig: Setting CVar [[r.LightShaftQuality:1]]
[2022.03.04-17.12.47:040][  0]LogConfig: Setting CVar [[r.Filter.SizeScale:1]]
[2022.03.04-17.12.47:040][  0]LogConfig: Setting CVar [[r.Tonemapper.Quality:5]]
[2022.03.04-17.12.47:040][  0]LogConfig: Setting CVar [[r.DOF.Gather.AccumulatorQuality:1        ; higher gathering accumulator quality]]
[2022.03.04-17.12.47:040][  0]LogConfig: Setting CVar [[r.DOF.Gather.PostfilterMethod:1          ; Median3x3 postfilering method]]
[2022.03.04-17.12.47:040][  0]LogConfig: Setting CVar [[r.DOF.Gather.EnableBokehSettings:0       ; no bokeh simulation when gathering]]
[2022.03.04-17.12.47:040][  0]LogConfig: Setting CVar [[r.DOF.Gather.RingCount:4                 ; medium number of samples when gathering]]
[2022.03.04-17.12.47:040][  0]LogConfig: Setting CVar [[r.DOF.Scatter.ForegroundCompositing:1    ; additive foreground scattering]]
[2022.03.04-17.12.47:041][  0]LogConfig: Setting CVar [[r.DOF.Scatter.BackgroundCompositing:2    ; additive background scattering]]
[2022.03.04-17.12.47:041][  0]LogConfig: Setting CVar [[r.DOF.Scatter.EnableBokehSettings:1      ; bokeh simulation when scattering]]
[2022.03.04-17.12.47:041][  0]LogConfig: Setting CVar [[r.DOF.Scatter.MaxSpriteRatio:0.1         ; only a maximum of 10% of scattered bokeh]]
[2022.03.04-17.12.47:041][  0]LogConfig: Setting CVar [[r.DOF.Recombine.Quality:1                ; cheap slight out of focus]]
[2022.03.04-17.12.47:041][  0]LogConfig: Setting CVar [[r.DOF.Recombine.EnableBokehSettings:0    ; no bokeh simulation on slight out of focus]]
[2022.03.04-17.12.47:041][  0]LogConfig: Setting CVar [[r.DOF.TemporalAAQuality:1                ; more stable temporal accumulation]]
[2022.03.04-17.12.47:041][  0]LogConfig: Setting CVar [[r.DOF.Kernel.MaxForegroundRadius:0.025]]
[2022.03.04-17.12.47:041][  0]LogConfig: Setting CVar [[r.DOF.Kernel.MaxBackgroundRadius:0.025]]
[2022.03.04-17.12.47:041][  0]LogConfig: Applying CVar settings from Section [TextureQuality@3] File [C:/Users/andres.perez/Documents/GitHub/PruebasNox/NoxIA/Saved/Config/Windows/Scalability.ini]
[2022.03.04-17.12.47:041][  0]LogConfig: Setting CVar [[r.Streaming.MipBias:0]]
[2022.03.04-17.12.47:041][  0]LogConfig: Setting CVar [[r.Streaming.AmortizeCPUToGPUCopy:0]]
[2022.03.04-17.12.47:041][  0]LogConfig: Setting CVar [[r.Streaming.MaxNumTexturesToStreamPerFrame:0]]
[2022.03.04-17.12.47:042][  0]LogConfig: Setting CVar [[r.Streaming.Boost:1]]
[2022.03.04-17.12.47:042][  0]LogConfig: Setting CVar [[r.MaxAnisotropy:8]]
[2022.03.04-17.12.47:042][  0]LogConfig: Setting CVar [[r.VT.MaxAnisotropy:8]]
[2022.03.04-17.12.47:042][  0]LogConfig: Setting CVar [[r.Streaming.LimitPoolSizeToVRAM:0]]
[2022.03.04-17.12.47:042][  0]LogConfig: Setting CVar [[r.Streaming.PoolSize:1000]]
[2022.03.04-17.12.47:042][  0]LogConfig: Setting CVar [[r.Streaming.MaxEffectiveScreenSize:0]]
[2022.03.04-17.12.47:042][  0]LogConfig: Applying CVar settings from Section [EffectsQuality@3] File [C:/Users/andres.perez/Documents/GitHub/PruebasNox/NoxIA/Saved/Config/Windows/Scalability.ini]
[2022.03.04-17.12.47:043][  0]LogConfig: Setting CVar [[r.TranslucencyLightingVolumeDim:64]]
[2022.03.04-17.12.47:043][  0]LogConfig: Setting CVar [[r.RefractionQuality:2]]
[2022.03.04-17.12.47:043][  0]LogConfig: Setting CVar [[r.SSR.Quality:3]]
[2022.03.04-17.12.47:043][  0]LogConfig: Setting CVar [[r.SSR.HalfResSceneColor:0]]
[2022.03.04-17.12.47:043][  0]LogConfig: Setting CVar [[r.SceneColorFormat:4]]
[2022.03.04-17.12.47:043][  0]LogConfig: Setting CVar [[r.DetailMode:2]]
[2022.03.04-17.12.47:043][  0]LogConfig: Setting CVar [[r.TranslucencyVolumeBlur:1]]
[2022.03.04-17.12.47:043][  0]LogConfig: Setting CVar [[r.MaterialQualityLevel:1 ; High quality]]
[2022.03.04-17.12.47:044][  0]LogConfig: Setting CVar [[r.AnisotropicMaterials:1]]
[2022.03.04-17.12.47:044][  0]LogConfig: Setting CVar [[r.SSS.Scale:1]]
[2022.03.04-17.12.47:044][  0]LogConfig: Setting CVar [[r.SSS.SampleSet:2]]
[2022.03.04-17.12.47:044][  0]LogConfig: Setting CVar [[r.SSS.Quality:1]]
[2022.03.04-17.12.47:044][  0]LogConfig: Setting CVar [[r.SSS.HalfRes:0]]
[2022.03.04-17.12.47:044][  0]LogConfig: Setting CVar [[r.SSGI.Quality:3]]
[2022.03.04-17.12.47:044][  0]LogConfig: Setting CVar [[r.EmitterSpawnRateScale:1.0]]
[2022.03.04-17.12.47:044][  0]LogConfig: Setting CVar [[r.ParticleLightQuality:2]]
[2022.03.04-17.12.47:044][  0]LogConfig: Setting CVar [[r.SkyAtmosphere.AerialPerspectiveLUT.FastApplyOnOpaque:1 ; Always have FastSkyLUT 1 in this case to avoid wrong sky]]
[2022.03.04-17.12.47:044][  0]LogConfig: Setting CVar [[r.SkyAtmosphere.AerialPerspectiveLUT.SampleCountMaxPerSlice:4]]
[2022.03.04-17.12.47:044][  0]LogConfig: Setting CVar [[r.SkyAtmosphere.AerialPerspectiveLUT.DepthResolution:16.0]]
[2022.03.04-17.12.47:044][  0]LogConfig: Setting CVar [[r.SkyAtmosphere.FastSkyLUT:1]]
[2022.03.04-17.12.47:044][  0]LogConfig: Setting CVar [[r.SkyAtmosphere.FastSkyLUT.SampleCountMin:4.0]]
[2022.03.04-17.12.47:045][  0]LogConfig: Setting CVar [[r.SkyAtmosphere.FastSkyLUT.SampleCountMax:128.0]]
[2022.03.04-17.12.47:045][  0]LogConfig: Setting CVar [[r.SkyAtmosphere.SampleCountMin:4.0]]
[2022.03.04-17.12.47:045][  0]LogConfig: Setting CVar [[r.SkyAtmosphere.SampleCountMax:128.0]]
[2022.03.04-17.12.47:045][  0]LogConfig: Setting CVar [[r.SkyAtmosphere.TransmittanceLUT.UseSmallFormat:0]]
[2022.03.04-17.12.47:045][  0]LogConfig: Setting CVar [[r.SkyAtmosphere.TransmittanceLUT.SampleCount:10.0]]
[2022.03.04-17.12.47:045][  0]LogConfig: Setting CVar [[r.SkyAtmosphere.MultiScatteringLUT.SampleCount:15.0]]
[2022.03.04-17.12.47:045][  0]LogConfig: Setting CVar [[r.SkyLight.RealTimeReflectionCapture:1]]
[2022.03.04-17.12.47:045][  0]LogConfig: Applying CVar settings from Section [FoliageQuality@3] File [C:/Users/andres.perez/Documents/GitHub/PruebasNox/NoxIA/Saved/Config/Windows/Scalability.ini]
[2022.03.04-17.12.47:045][  0]LogConfig: Setting CVar [[foliage.DensityScale:1.0]]
[2022.03.04-17.12.47:045][  0]LogConfig: Setting CVar [[grass.DensityScale:1.0]]
[2022.03.04-17.12.47:045][  0]LogConfig: Applying CVar settings from Section [ShadingQuality@3] File [C:/Users/andres.perez/Documents/GitHub/PruebasNox/NoxIA/Saved/Config/Windows/Scalability.ini]
[2022.03.04-17.12.47:045][  0]LogConfig: Setting CVar [[r.HairStrands.SkyLighting.IntegrationType:2]]
[2022.03.04-17.12.47:045][  0]LogConfig: Setting CVar [[r.HairStrands.SkyAO.SampleCount:4]]
[2022.03.04-17.12.47:045][  0]LogConfig: Setting CVar [[r.HairStrands.Visibility.MSAA.SamplePerPixel:4]]
[2022.03.04-17.12.47:045][  0]LogConfig: Applying CVar settings from Section [Startup] File [../../../Engine/Config/ConsoleVariables.ini]
[2022.03.04-17.12.47:046][  0]LogConfig: Setting CVar [[net.UseAdaptiveNetUpdateFrequency:0]]
[2022.03.04-17.12.47:046][  0]LogConfig: Setting CVar [[p.chaos.AllowCreatePhysxBodies:1]]
[2022.03.04-17.12.47:046][  0]LogConfig: Setting CVar [[fx.SkipVectorVMBackendOptimizations:1]]
[2022.03.04-17.12.47:046][  0]LogConfig: Applying CVar settings from Section [ConsoleVariables] File [C:/Users/andres.perez/Documents/GitHub/PruebasNox/NoxIA/Saved/Config/Windows/Engine.ini]
[2022.03.04-17.12.47:046][  0]LogConfig: Applying CVar settings from Section [ConsoleVariables] File [C:/Users/andres.perez/Documents/GitHub/PruebasNox/NoxIA/Saved/Config/Windows/Editor.ini]
[2022.03.04-17.12.47:046][  0]LogInit: Computer: UTWKS0871
[2022.03.04-17.12.47:046][  0]LogInit: User: andresperez
[2022.03.04-17.12.47:046][  0]LogInit: CPU Page size=4096, Cores=18
[2022.03.04-17.12.47:046][  0]LogInit: High frequency timer resolution =10.000000 MHz
[2022.03.04-17.12.47:046][  0]LogMemory: Memory total: Physical=31.7GB (32GB approx)
[2022.03.04-17.12.47:047][  0]LogMemory: Platform Memory Stats for Windows
[2022.03.04-17.12.47:047][  0]LogMemory: Process Physical Memory: 151.50 MB used, 151.50 MB peak
[2022.03.04-17.12.47:047][  0]LogMemory: Process Virtual Memory: 127.69 MB used, 127.69 MB peak
[2022.03.04-17.12.47:047][  0]LogMemory: Physical Memory: 9696.04 MB used,  22782.00 MB free, 32478.03 MB total
[2022.03.04-17.12.47:047][  0]LogMemory: Virtual Memory: 134192936.00 MB used,  24791.38 MB free, 134217728.00 MB total
[2022.03.04-17.12.47:081][  0]LogWindows: WindowsPlatformFeatures enabled
[2022.03.04-17.12.47:232][  0]LogInit: Physics initialised using underlying interface: PhysX
[2022.03.04-17.12.47:233][  0]LogInit: Using OS detected language (en-US).
[2022.03.04-17.12.47:233][  0]LogInit: Using OS detected locale (es-ES).
[2022.03.04-17.12.47:237][  0]LogTextLocalizationManager: No specific localization for 'en-US' exists, so the 'en' localization will be used.
[2022.03.04-17.12.47:424][  0]LogInit: Setting process to per monitor DPI aware
[2022.03.04-17.12.47:477][  0]LogWindowsTextInputMethodSystem: Display: IME system deactivated.
[2022.03.04-17.12.47:504][  0]LogSlate: New Slate User Created.  User Index 0, Is Virtual User: 0
[2022.03.04-17.12.47:504][  0]LogSlate: Slate User Registered.  User Index 0, Is Virtual User: 0
[2022.03.04-17.12.47:619][  0]LogD3D11RHI: Loaded GFSDK_Aftermath_Lib.x64.dll
[2022.03.04-17.12.47:632][  0]LogHMD: Failed to initialize OpenVR with code 110
[2022.03.04-17.12.47:632][  0]LogD3D11RHI: D3D11 min allowed feature level: 11_0
[2022.03.04-17.12.47:633][  0]LogD3D11RHI: D3D11 max allowed feature level: 11_0
[2022.03.04-17.12.47:633][  0]LogD3D11RHI: D3D11 adapters:
[2022.03.04-17.12.47:856][  0]LogD3D11RHI:    0. 'NVIDIA GeForce RTX 3080' (Feature Level 11_0)
[2022.03.04-17.12.47:856][  0]LogD3D11RHI:       10078/0/16239 MB DedicatedVideo/DedicatedSystem/SharedSystem, Outputs:1, VendorId:0x10de
[2022.03.04-17.12.47:867][  0]LogD3D11RHI:    1. 'Microsoft Basic Render Driver' (Feature Level 11_0)
[2022.03.04-17.12.47:867][  0]LogD3D11RHI:       0/0/16239 MB DedicatedVideo/DedicatedSystem/SharedSystem, Outputs:0, VendorId:0x1414
[2022.03.04-17.12.47:867][  0]LogD3D11RHI: Chosen D3D11 Adapter:
[2022.03.04-17.12.47:867][  0]LogD3D11RHI:     Description : NVIDIA GeForce RTX 3080
[2022.03.04-17.12.47:868][  0]LogD3D11RHI:     VendorId    : 10de
[2022.03.04-17.12.47:868][  0]LogD3D11RHI:     DeviceId    : 2206
[2022.03.04-17.12.47:868][  0]LogD3D11RHI:     SubSysId    : 38911028
[2022.03.04-17.12.47:868][  0]LogD3D11RHI:     Revision    : 00a1
[2022.03.04-17.12.47:868][  0]LogD3D11RHI:     DedicatedVideoMemory : 10567548928 bytes
[2022.03.04-17.12.47:868][  0]LogD3D11RHI:     DedicatedSystemMemory : 0 bytes
[2022.03.04-17.12.47:868][  0]LogD3D11RHI:     SharedSystemMemory : 17027842048 bytes
[2022.03.04-17.12.47:869][  0]LogD3D11RHI:     AdapterLuid : 0 100838
[2022.03.04-17.12.47:880][  0]LogD3D11RHI: Creating new Direct3DDevice
[2022.03.04-17.12.47:881][  0]LogD3D11RHI:     GPU DeviceId: 0x2206 (for the marketing name, search the web for "GPU Device Id")
[2022.03.04-17.12.47:881][  0]LogWindows: EnumDisplayDevices:
[2022.03.04-17.12.47:881][  0]LogWindows:    0. 'NVIDIA GeForce RTX 3080' (P:1 D:1)
[2022.03.04-17.12.47:882][  0]LogWindows:    1. 'NVIDIA GeForce RTX 3080' (P:0 D:0)
[2022.03.04-17.12.47:883][  0]LogWindows:    2. 'NVIDIA GeForce RTX 3080' (P:0 D:0)
[2022.03.04-17.12.47:883][  0]LogWindows:    3. 'NVIDIA GeForce RTX 3080' (P:0 D:0)
[2022.03.04-17.12.47:884][  0]LogWindows: DebugString: FoundDriverCount:4 
[2022.03.04-17.12.47:884][  0]LogD3D11RHI:     Adapter Name: NVIDIA GeForce RTX 3080
[2022.03.04-17.12.47:884][  0]LogD3D11RHI:   Driver Version: 462.31 (internal:27.21.14.6231, unified:462.31)
[2022.03.04-17.12.47:884][  0]LogD3D11RHI:      Driver Date: 4-8-2021
[2022.03.04-17.12.47:884][  0]LogRHI: Texture pool is 7054 MB (70% of 10078 MB)
[2022.03.04-17.12.47:885][  0]LogD3D11RHI: Creating D3DDevice using adapter:
[2022.03.04-17.12.47:885][  0]LogD3D11RHI:     Description : NVIDIA GeForce RTX 3080
[2022.03.04-17.12.47:885][  0]LogD3D11RHI:     VendorId    : 10de
[2022.03.04-17.12.47:885][  0]LogD3D11RHI:     DeviceId    : 2206
[2022.03.04-17.12.47:885][  0]LogD3D11RHI:     SubSysId    : 38911028
[2022.03.04-17.12.47:885][  0]LogD3D11RHI:     Revision    : 00a1
[2022.03.04-17.12.47:885][  0]LogD3D11RHI:     DedicatedVideoMemory : 10567548928 bytes
[2022.03.04-17.12.47:886][  0]LogD3D11RHI:     DedicatedSystemMemory : 0 bytes
[2022.03.04-17.12.47:886][  0]LogD3D11RHI:     SharedSystemMemory : 17027842048 bytes
[2022.03.04-17.12.47:886][  0]LogD3D11RHI:     AdapterLuid : 0 100838
[2022.03.04-17.12.48:045][  0]LogD3D11RHI: RHI has support for 64 bit atomics
[2022.03.04-17.12.48:046][  0]LogD3D11RHI: Async texture creation enabled
[2022.03.04-17.12.48:046][  0]LogD3D11RHI: Array index from any shader is supported
[2022.03.04-17.12.48:077][  0]LogD3D11RHI: GPU Timing Frequency: 1000.000000 (Debug: 2 1)
[2022.03.04-17.12.48:158][  0]LogRHI: GeForceNow SDK initialized: 1
[2022.03.04-17.12.48:500][  0]LogTargetPlatformManager: Display: Loaded TargetPlatform 'AllDesktop'
[2022.03.04-17.12.48:529][  0]LogTargetPlatformManager: Display: Loaded TargetPlatform 'Android'
[2022.03.04-17.12.48:530][  0]LogTargetPlatformManager: Display: Loaded TargetPlatform 'Android_ASTC'
[2022.03.04-17.12.48:530][  0]LogTargetPlatformManager: Display: Loaded TargetPlatform 'Android_DXT'
[2022.03.04-17.12.48:530][  0]LogTargetPlatformManager: Display: Loaded TargetPlatform 'Android_ETC2'
[2022.03.04-17.12.48:530][  0]LogTargetPlatformManager: Display: Loaded TargetPlatform 'AndroidClient'
[2022.03.04-17.12.48:530][  0]LogTargetPlatformManager: Display: Loaded TargetPlatform 'Android_ASTCClient'
[2022.03.04-17.12.48:530][  0]LogTargetPlatformManager: Display: Loaded TargetPlatform 'Android_DXTClient'
[2022.03.04-17.12.48:530][  0]LogTargetPlatformManager: Display: Loaded TargetPlatform 'Android_ETC2Client'
[2022.03.04-17.12.48:531][  0]LogTargetPlatformManager: Display: Loaded TargetPlatform 'Android_Multi'
[2022.03.04-17.12.48:531][  0]LogTargetPlatformManager: Display: Loaded TargetPlatform 'Android_MultiClient'
[2022.03.04-17.12.48:564][  0]LogTargetPlatformManager: Display: Loaded TargetPlatform 'IOSClient'
[2022.03.04-17.12.48:564][  0]LogTargetPlatformManager: Display: Loaded TargetPlatform 'IOS'
[2022.03.04-17.12.48:586][  0]LogTargetPlatformManager: Display: Loaded TargetPlatform 'Linux'
[2022.03.04-17.12.48:595][  0]LogTargetPlatformManager: Display: Loaded TargetPlatform 'LinuxNoEditor'
[2022.03.04-17.12.48:604][  0]LogTargetPlatformManager: Display: Loaded TargetPlatform 'LinuxClient'
[2022.03.04-17.12.48:612][  0]LogTargetPlatformManager: Display: Loaded TargetPlatform 'LinuxServer'
[2022.03.04-17.12.48:629][  0]LogTargetPlatformManager: Display: Loaded TargetPlatform 'LinuxAArch64NoEditor'
[2022.03.04-17.12.48:637][  0]LogTargetPlatformManager: Display: Loaded TargetPlatform 'LinuxAArch64Client'
[2022.03.04-17.12.48:642][  0]LogTargetPlatformManager: Display: Loaded TargetPlatform 'LinuxAArch64Server'
[2022.03.04-17.12.48:691][  0]LogTargetPlatformManager: Display: Loaded TargetPlatform 'Lumin'
[2022.03.04-17.12.48:691][  0]LogTargetPlatformManager: Display: Loaded TargetPlatform 'LuminClient'
[2022.03.04-17.12.48:970][  0]LogTargetPlatformManager: Display: Loaded TargetPlatform 'MacNoEditor'
[2022.03.04-17.12.48:983][  0]LogTargetPlatformManager: Display: Loaded TargetPlatform 'Mac'
[2022.03.04-17.12.48:996][  0]LogTargetPlatformManager: Display: Loaded TargetPlatform 'MacClient'
[2022.03.04-17.12.49:007][  0]LogTargetPlatformManager: Display: Loaded TargetPlatform 'MacServer'
[2022.03.04-17.12.49:026][  0]LogTargetPlatformManager: Display: Loaded TargetPlatform 'TVOSClient'
[2022.03.04-17.12.49:026][  0]LogTargetPlatformManager: Display: Loaded TargetPlatform 'TVOS'
[2022.03.04-17.12.49:043][  0]LogTargetPlatformManager: Display: Loaded TargetPlatform 'WindowsNoEditor'
[2022.03.04-17.12.49:055][  0]LogTargetPlatformManager: Display: Loaded TargetPlatform 'Windows'
[2022.03.04-17.12.49:068][  0]LogTargetPlatformManager: Display: Loaded TargetPlatform 'WindowsClient'
[2022.03.04-17.12.49:080][  0]LogTargetPlatformManager: Display: Loaded TargetPlatform 'WindowsServer'
[2022.03.04-17.12.49:082][  0]LogTargetPlatformManager: Display: Building Assets For Windows
[2022.03.04-17.12.49:110][  0]LogAudioDebug: Display: Lib vorbis DLL was dynamically loaded.
[2022.03.04-17.12.49:199][  0]LogTextureFormatOodle: Display: Oodle Texture 2.9.0 init RDO Off
[2022.03.04-17.12.49:279][  0]LogRendererCore: Ray tracing is disabled. Reason: r.RayTracing=0.
[2022.03.04-17.12.49:279][  0]LogShaderCompilers: Guid format shader working directory is -18 characters bigger than the processId version (../../../../../../Users/andres.perez/Documents/GitHub/PruebasNox/NoxIA/Intermediate/Shaders/WorkingDirectory/19940/).
[2022.03.04-17.12.49:280][  0]LogShaderCompilers: Cleaned the shader compiler working directory 'C:/Users/andres.perez/AppData/Local/Temp/UnrealShaderWorkingDir/A4558FE14CD4CA2ABA227AA23ADDD40D/'.
[2022.03.04-17.12.49:280][  0]LogXGEController: Cannot use XGE Controller as Incredibuild is not installed on this machine.
[2022.03.04-17.12.49:280][  0]LogShaderCompilers: Cannot use XGE Shader Compiler as Incredibuild is not installed on this machine.
[2022.03.04-17.12.49:280][  0]LogShaderCompilers: Display: Using Local Shader Compiler.
[2022.03.04-17.12.50:006][  0]LogDerivedDataCache: Display: Max Cache Size: 512 MB
[2022.03.04-17.12.50:065][  0]LogDerivedDataCache: Loaded boot cache 0.06s 99MB C:/Users/andres.perez/AppData/Local/UnrealEngine/4.27/DerivedDataCache/Boot.ddc.
[2022.03.04-17.12.50:066][  0]LogDerivedDataCache: Display: Loaded Boot cache: C:/Users/andres.perez/AppData/Local/UnrealEngine/4.27/DerivedDataCache/Boot.ddc
[2022.03.04-17.12.50:066][  0]LogDerivedDataCache: FDerivedDataBackendGraph:  Pak pak cache file ../../../../../../Users/andres.perez/Documents/GitHub/PruebasNox/NoxIA/DerivedDataCache/DDC.ddp not found, will not use a pak cache.
[2022.03.04-17.12.50:066][  0]LogDerivedDataCache: Unable to find inner node Pak for hierarchical cache Hierarchy.
[2022.03.04-17.12.50:066][  0]LogDerivedDataCache: FDerivedDataBackendGraph:  CompressedPak pak cache file ../../../../../../Users/andres.perez/Documents/GitHub/PruebasNox/NoxIA/DerivedDataCache/Compressed.ddp not found, will not use a pak cache.
[2022.03.04-17.12.50:066][  0]LogDerivedDataCache: Unable to find inner node CompressedPak for hierarchical cache Hierarchy.
[2022.03.04-17.12.50:085][  0]LogDerivedDataCache: Display: Pak cache opened for reading ../../../Engine/DerivedDataCache/Compressed.ddp.
[2022.03.04-17.12.50:085][  0]LogDerivedDataCache: FDerivedDataBackendGraph:  EnterprisePak pak cache file ../../../Enterprise/DerivedDataCache/Compressed.ddp not found, will not use a pak cache.
[2022.03.04-17.12.50:085][  0]LogDerivedDataCache: Unable to find inner node EnterprisePak for hierarchical cache Hierarchy.
[2022.03.04-17.12.50:097][  0]LogDerivedDataCache: Speed tests for C:/Users/andres.perez/AppData/Local/UnrealEngine/Common/DerivedDataCache took 0.01 seconds
[2022.03.04-17.12.50:097][  0]LogDerivedDataCache: Display: Performance to C:/Users/andres.perez/AppData/Local/UnrealEngine/Common/DerivedDataCache: Latency=0.04ms. RandomReadSpeed=714.10MBs, RandomWriteSpeed=100.31MBs. Assigned SpeedClass 'Local'
[2022.03.04-17.12.50:101][  0]LogDerivedDataCache: Using Local data cache path C:/Users/andres.perez/AppData/Local/UnrealEngine/Common/DerivedDataCache: Writable
[2022.03.04-17.12.50:101][  0]LogDerivedDataCache: Shared data cache path not found in *engine.ini, will not use an Shared cache.
[2022.03.04-17.12.50:101][  0]LogDerivedDataCache: Unable to find inner node Shared for hierarchical cache Hierarchy.
[2022.03.04-17.12.50:148][  0]LogSlate: Using FreeType 2.10.0
[2022.03.04-17.12.50:148][  0]LogSlate: SlateFontServices - WITH_FREETYPE: 1, WITH_HARFBUZZ: 1
[2022.03.04-17.12.50:204][  0]LogAssetRegistry: FAssetRegistry took 0.0108 seconds to start up
[2022.03.04-17.12.50:448][  0]LogInit: Selected Device Profile: [Windows]
[2022.03.04-17.12.50:448][  0]LogInit: Active device profile: [0000023EDA031400][0000023ED484B440 49] Windows
[2022.03.04-17.12.50:448][  0]LogInit: Profiles: [0000023EDA031400][0000023ED484B440 49] Windows, [0000023ED9FC8100][0000023ED48595C0 49] WindowsNoEditor, [0000023ED9FB0200][0000023ED485D740 49] WindowsServer, [0000023ED9FCA100][0000023ED48618C0 49] WindowsClient, [0000023ED9FB1F00][0000023ED4865A40 49] IOS, [0000023ED9FC8600][0000023ED4869BC0 49] iPadAir, [0000023ED9FB3B00][0000023ED486C1C0 49] iPadAir2, [0000023ED9F78800][0000023ED4874480 49] IPadPro, [0000023ED9F78900][0000023ED48704C0 49] iPadAir3, [0000023ED9FB0500][0000023ED84AC640 49] iPadAir4, [0000023ED9F78600][0000023ED484E780 49] iPadMini2, [0000023ED9FB2000][0000023ED84B08C0 49] iPadMini3, [0000023ED9F79500][0000023ED84B4A00 49] iPadMini4, [0000023ED9FB2900][0000023ED84B8B40 49] iPadMini5, [0000023ED9FCB900][0000023ED84C4E00 49] iPhone6, [0000023ED9FC9000][0000023ED84C0E40 49] iPodTouch6, [0000023ED9F4FE00][0000023ED84CD100 49] iPhone7, [0000023ED9F4FF00][0000023ED84C9140 49] iPodTouch7, [0000023ED9FCBE00][0000023ED84D12C0 49] iPhone5S, [0000023ED9F4C800][0000023ED84D5440 49] iPhone6Plus, [0000023ED9FC8C00][0000023ED84D95C0 49] iPhone6S, [0000023ED9F4F100][0000023ED84DD740 49] iPhone6SPlus, [0000023ED9FCAA00][0000023ED84E18C0 49] iPhone7Plus, [0000023ED9F4D000][0000023ED84E5A40 49] iPhoneSE, [0000023ED9FCA000][0000023ED84E9BC0 49] iPhone8, [0000023ED9F4E900][0000023ED84EC1C0 49] iPhone8Plus, [0000023ED9FCAC00][0000023ED84F0340 49] iPhoneX, [0000023ED9F4D800][0000023ED84F44C0 49] iPhoneXS, [0000023ED9FC8900][0000023ED84F8640 49] iPhoneXSMax, [0000023ED9F4E100][0000023ED84FC7C0 49] iPhoneXR, [0000023ED9FC9C00][0000023ED8500940 49] iPhone11, [0000023ED9F4C600][0000023ED84BCA80 49] iPhone11Pro, [0000023ED9FCB000][0000023ED8504BC0 49] iPhone11ProMax, [0000023ED9F4FB00][0000023ED8508D00 49] iPhoneSE2, [0000023ED9FCB800][0000023ED8510E80 49] iPhone12Mini, [0000023ED9F4C400][0000023ED8515000 49] iPhone12, [0000023ED9FCA800][0000023ED8519180 49] iPhone12Pro, [0000023ED9F4F200][0000023ED851D300 49] iPhone12ProMax, [0000023ED9FCB100][0000023ED8521480 49] iPadPro105, [0000023ED9F4FD00][0000023ED8525600 49] iPadPro129, [0000023ED9FC8B00][0000023ED8529780 49] iPadPro97, [0000023ED9F4E600][0000023ED852D900 49] iPadPro2_129, [0000023ED9FCA700][0000023ED8F1FA80 49] iPad5, [0000023ED9F4E300][0000023ED8F23C00 49] iPad6, [0000023ED9FC8800][0000023ED8F26200 49] iPad7, [0000023ED9F4FA00][0000023ED8F2A380 49] iPad8, [0000023ED9FC8D00][0000023ED8F2E500 49] iPadPro11, [0000023ED9F4F900][0000023ED8F32680 49] iPadPro2_11, [0000023ED9FCA900][0000023ED8F36800 49] iPadPro3_129, [0000023ED9F4EF00][0000023ED8F3A980 49] iPadPro4_129, [0000023ED9FCB700][0000023ED8F3EB00 49] AppleTV, [0000023ED9F4CA00][0000023ED850CC40 49] AppleTV4K, [0000023ED9FCA400][0000023ED8F42D80 49] TVOS, [0000023ED9F4DA00][0000023ED8F46EC0 49] Mac, [0000023ED9FCBD00][0000023ED8F4F040 49] MacClient, [0000023ED9F4DC00][0000023ED8F531C0 49] MacNoEditor, [0000023ED9FC8E00][0000023ED8F57340 49] MacServer, [0000023ED9F4C100][0000023ED8F5B4C0 49] Linux, [0000023ED9FC9100][0000023ED8F5F640 49] LinuxAArch64, [0000023ED9F4F600][0000023ED8F637C0 49] LinuxNoEditor, [0000023ED9FCAE00][0000023ED8F67940 49] LinuxAArch64NoEditor, [0000023ED9F4F300][0000023ED8F6BAC0 49] LinuxClient, [0000023ED9FCBC00][0000023ED8F6E0C0 49] LinuxAArch64Client, [0000023ED9F4E000][0000023ED8F72240 49] LinuxServer, [0000023ED9FCB500][0000023ED8F763C0 49] LinuxAArch64Server, [0000023ED9F4FC00][0000023ED8F7A540 49] Android, [0000023ED9FC9A00][0000023ED8F7E6C0 49] Android_Low, [0000023ED9F4F400][0000023ED8F82840 49] Android_Mid, [0000023ED9FCAF00][0000023ED8F869C0 49] Android_High, [0000023ED9F78100][0000023ED8F8AB40 49] Android_Default, [0000023EDA031300][0000023ED8F8ECC0 49] Android_Adreno4xx, [0000023ED9F7BB00][0000023ED8F4AE00 49] Android_Adreno5xx_Low, [0000023EDA031100][0000023ED8F92F40 49] Android_Adreno5xx, [0000023ED9F7AE00][0000023ED8F97080 49] Android_Adreno6xx, [0000023EDA031D00][0000023ED8F9B1C0 49] Android_Adreno6xx_Vulkan, [0000023ED9F7B200][0000023ED8FA3340 49] Android_Mali_T6xx, [0000023EDA032400][0000023ED8FA74C0 49] Android_Mali_T7xx, [0000023ED9F7B400][0000023ED8FAB640 49] Android_Mali_T8xx, [0000023EDA030300][0000023ED8FAF7C0 49] Android_Mali_G71, [0000023ED9F7BE00][0000023ED8FB3940 49] Android_Mali_G72, [0000023EDA030A00][0000023ED8FB7AC0 49] Android_Mali_G72_Vulkan, [0000023ED9F79100][0000023ED8FBA0C0 49] Android_Mali_G76, [0000023EDA032700][0000023ED8FBE240 49] Android_Mali_G76_Vulkan, [0000023ED9F7A800][0000023ED8FC23C0 49] Android_Mali_G77, [0000023EDA032B00][0000023ED8FC6540 49] Android_Mali_G77_Vulkan, [0000023ED9F79800][0000023ED8FCA6C0 49] Android_Mali_G78, [0000023EDA030900][0000023ED8FCE840 49] Android_Mali_G78_Vulkan, [0000023ED9F7B000][0000023ED8FD29C0 49] Android_Mali_G710, [0000023EDA030D00][0000023ED8FD6B40 49] Android_Mali_G710_Vulkan, [0000023ED9F78B00][0000023ED8FDACC0 49] Android_Vulkan_SM5, [0000023EDA031200][0000023ED8FDEE40 49] Android_PowerVR_G6xxx, [0000023ED9F7A700][0000023ED8F9EF80 49] Android_PowerVR_GT7xxx, [0000023EDA032200][0000023ED8FE30C0 49] Android_PowerVR_GE8xxx, [0000023ED9F7BD00][0000023ED8FE7200 49] Android_PowerVR_GM9xxx, [0000023EDA032600][0000023ED8FEB340 49] Android_PowerVR_GM9xxx_Vulkan, [0000023ED9F7BA00][0000023ED8FF34C0 49] Android_TegraK1, [0000023EDA032A00][0000023ED8FF7640 49] Android_Unknown_Vulkan, [0000023ED9F78700][0000023ED8FFB7C0 49] Lumin, [0000023EDA033000][0000023ED8FFF940 49] Lumin_Desktop, [0000023ED9FCA200][0000023ED9003AC0 49] HoloLens, 
[2022.03.04-17.12.50:660][  0]LogMeshReduction: Using QuadricMeshReduction for automatic static mesh reduction
[2022.03.04-17.12.50:660][  0]LogMeshReduction: Using SimplygonMeshReduction for automatic skeletal mesh reduction
[2022.03.04-17.12.50:660][  0]LogMeshReduction: Using ProxyLODMeshReduction for automatic mesh merging
[2022.03.04-17.12.50:661][  0]LogMeshReduction: No distributed automatic mesh merging module available
[2022.03.04-17.12.50:661][  0]LogMeshMerging: No distributed automatic mesh merging module available
[2022.03.04-17.12.50:689][  0]LogNetVersion: NoxIA 1.0.0, NetCL: 17155196, EngineNetVer: 17, GameNetVer: 0 (Checksum: 2402441128)
[2022.03.04-17.12.51:219][  0]LogTexture: Default maximum texture size for cubemaps generated from long-lat sources has been changed from 512 to unlimited. In order to preserve old behaiour for '/Engine/MapTemplates/Sky/DaylightAmbientCubemap.DaylightAmbientCubemap', its maximum texture size has been explicitly set to 512.
[2022.03.04-17.12.51:298][  0]LogHMD: PokeAHoleMaterial loaded successfully
[2022.03.04-17.12.51:304][  0]LogUObjectArray: 17178 objects as part of root set at end of initial load.
[2022.03.04-17.12.51:304][  0]LogUObjectAllocator: 4302048 out of 0 bytes used by permanent object pool.
[2022.03.04-17.12.51:304][  0]LogUObjectArray: CloseDisregardForGC: 0/0 objects in disregard for GC pool
[2022.03.04-17.12.51:927][  0]LogPython: Using Python 3.7.7
[2022.03.04-17.12.52:630][  0]LogUdpMessaging: Initializing bridge on interface 0.0.0.0:0 to multicast group 230.0.0.1:6666.
[2022.03.04-17.12.52:680][  0]LogTcpMessaging: Initializing TcpMessaging bridge
[2022.03.04-17.12.52:832][  0]LogNiagaraDebuggerClient: Niagara Debugger Client Initialized | Session: 31332D53469A50AB67F84ABD89BF45BB | Instance: 14FB4F1A41F5C29E7A2D0ABED2A51BB0 (UTWKS0871-19940).
[2022.03.04-17.12.53:363][  0]SourceControl: Source control is disabled
[2022.03.04-17.12.53:363][  0]SourceControl: Source control is disabled
[2022.03.04-17.12.53:373][  0]SourceControl: Source control is disabled
[2022.03.04-17.12.53:403][  0]SourceControl: Source control is disabled
[2022.03.04-17.12.53:410][  0]LogUProjectInfo: Found projects:
[2022.03.04-17.12.53:438][  0]SourceControl: Source control is disabled
[2022.03.04-17.12.53:936][  0]LogOpenImageDenoise: OIDN starting up
[2022.03.04-17.12.54:064][  0]LogAndroidPermission: UAndroidPermissionCallbackProxy::GetInstance
[2022.03.04-17.12.54:098][  0]LogAudioCaptureCore: Display: No Audio Capture implementations found. Audio input will be silent.
[2022.03.04-17.12.54:099][  0]LogAudioCaptureCore: Display: No Audio Capture implementations found. Audio input will be silent.
[2022.03.04-17.12.54:314][  0]LogCollectionManager: Loaded 0 collections in 0.002108 seconds
[2022.03.04-17.12.54:382][  0]LogFileCache: Scanning file cache for directory 'C:/Users/andres.perez/Documents/GitHub/PruebasNox/NoxIA/Saved/Collections/' took 0.00s
[2022.03.04-17.12.54:383][  0]LogFileCache: Scanning file cache for directory 'C:/Users/andres.perez/Documents/GitHub/PruebasNox/NoxIA/Content/Developers/andresperez/Collections/' took 0.00s
[2022.03.04-17.12.54:383][  0]LogFileCache: Scanning file cache for directory 'C:/Users/andres.perez/Documents/GitHub/PruebasNox/NoxIA/Content/Collections/' took 0.01s
[2022.03.04-17.12.54:383][  0]LogOcInput: OculusInput pre-init called
[2022.03.04-17.12.55:024][  0]LogEngine: Initializing Engine...
[2022.03.04-17.12.55:031][  0]LogHMD: Failed to enumerate extensions. Please check that you have a valid OpenXR runtime installed.
[2022.03.04-17.12.55:032][  0]LogHMD: Failed to initialize OpenVR with code 110
[2022.03.04-17.12.55:032][  0]LogMagicLeap: Warning: VR disabled because ZI is not enabled.  To enable, in the editor, Edit -> Project Settings -> Plugins -> Magic Leap Plugin -> Enable Zero Iteration
[2022.03.04-17.12.55:035][  0]LogStats: UGameplayTagsManager::InitializeManager -  0.000 s
[2022.03.04-17.12.55:158][  0]LogInit: Initializing FReadOnlyCVARCache
[2022.03.04-17.12.55:177][  0]LogAIModule: Creating AISystem for world Untitled
[2022.03.04-17.12.55:183][  0]LogAudio: Display: Initializing Audio Device Manager...
[2022.03.04-17.12.55:193][  0]LogAudio: Display: Loading Default Audio Settings Objects...
[2022.03.04-17.12.55:194][  0]LogAudio: Display: No default SoundConcurrencyObject specified (or failed to load).
[2022.03.04-17.12.55:195][  0]LogAudio: Display: Audio Device Manager Initialized
[2022.03.04-17.12.55:195][  0]LogAudio: Display: Creating Audio Device:                 Id: 1, Scope: Shared, Realtime: True
[2022.03.04-17.12.55:196][  0]LogAudioMixer: Display: Audio Mixer Platform Settings:
[2022.03.04-17.12.55:196][  0]LogAudioMixer: Display: 	Sample Rate:						  48000
[2022.03.04-17.12.55:196][  0]LogAudioMixer: Display: 	Callback Buffer Frame Size Requested: 1024
[2022.03.04-17.12.55:196][  0]LogAudioMixer: Display: 	Callback Buffer Frame Size To Use:	  1024
[2022.03.04-17.12.55:197][  0]LogAudioMixer: Display: 	Number of buffers to queue:			  2
[2022.03.04-17.12.55:197][  0]LogAudioMixer: Display: 	Max Channels (voices):				  32
[2022.03.04-17.12.55:197][  0]LogAudioMixer: Display: 	Number of Async Source Workers:		  0
[2022.03.04-17.12.55:197][  0]LogAudio: Display: AudioDevice MaxSources: 32
[2022.03.04-17.12.55:197][  0]LogAudio: Display: Audio Spatialization Plugin: None (built-in).
[2022.03.04-17.12.55:197][  0]LogAudio: Display: Audio Reverb Plugin: None (built-in).
[2022.03.04-17.12.55:197][  0]LogAudio: Display: Audio Occlusion Plugin: None (built-in).
[2022.03.04-17.12.55:198][  0]LogAudioMixer: Display: Initializing audio mixer.
[2022.03.04-17.12.55:230][  0]LogAudioMixer: Display: 0: FrontLeft
[2022.03.04-17.12.55:230][  0]LogAudioMixer: Display: 1: FrontRight
[2022.03.04-17.12.55:622][  0]LogAudioMixer: Display: Using Audio Device Speakers / Headphones (Realtek Audio)
[2022.03.04-17.12.55:625][  0]LogAudioMixer: Display: Initializing Sound Submixes...
[2022.03.04-17.12.55:628][  0]LogAudioMixer: Display: Creating Master Submix 'MasterSubmixDefault'
[2022.03.04-17.12.55:628][  0]LogAudioMixer: Display: Creating Master Submix 'MasterReverbSubmixDefault'
[2022.03.04-17.12.55:629][  0]LogAudioMixer: Display: Creating Master Submix 'MasterEQSubmixDefault'
[2022.03.04-17.12.55:629][  0]LogAudioMixer: FMixerPlatformXAudio2::StartAudioStream() called
[2022.03.04-17.12.55:629][  0]LogAudioMixer: Display: Output buffers initialized: Frames=1024, Channels=2, Samples=2048
[2022.03.04-17.12.55:632][  0]LogAudioMixer: Display: Starting AudioMixerPlatformInterface::RunInternal()
[2022.03.04-17.12.55:632][  0]LogAudioMixer: Display: FMixerPlatformXAudio2::SubmitBuffer() called for the first time
[2022.03.04-17.12.55:632][  0]LogInit: FAudioDevice initialized.
[2022.03.04-17.12.55:632][  0]LogAudio: Display: Audio Device (ID: 1) registered with world 'Untitled'.
[2022.03.04-17.12.55:633][  0]LogNetVersion: Set ProjectVersion to 1.0.0.0. Version Checksum will be recalculated on next use.
[2022.03.04-17.12.55:696][  0]LogDerivedDataCache: Saved boot cache 0.06s 99MB C:/Users/andres.perez/AppData/Local/UnrealEngine/4.27/DerivedDataCache/Boot.ddc.
[2022.03.04-17.12.55:697][  0]LogInit: Texture streaming: Enabled
[2022.03.04-17.12.55:722][  0]LogAnalytics: Display: [UEEditor.Rocket.Release] APIServer = https://datarouter.ol.epicgames.com/. AppVersion = 4.27.2-18319896+++UE4+Release-4.27
[2022.03.04-17.12.55:732][  0]LogEngineSessionManager: EngineSessionManager initialized
[2022.03.04-17.12.55:732][  0]LogEditorSessionSummary: Verbose: Initializing EditorSessionSummaryWriter for editor session tracking
[2022.03.04-17.12.55:736][  0]LogEditorSessionSummary: EditorSessionSummaryWriter initialized
[2022.03.04-17.12.55:760][  0]LogInit: Transaction tracking system initialized
[2022.03.04-17.12.55:818][  0]BlueprintLog: New page: Editor Load
[2022.03.04-17.12.56:003][  0]LocalizationService: Localization service is disabled
[2022.03.04-17.12.56:091][  0]TimingProfiler: Initialize
[2022.03.04-17.12.56:092][  0]TimingProfiler: OnSessionChanged
[2022.03.04-17.12.56:092][  0]LoadingProfiler: Initialize
[2022.03.04-17.12.56:093][  0]LoadingProfiler: OnSessionChanged
[2022.03.04-17.12.56:093][  0]NetworkingProfiler: Initialize
[2022.03.04-17.12.56:093][  0]NetworkingProfiler: OnSessionChanged
[2022.03.04-17.12.56:094][  0]MemoryProfiler: Initialize
[2022.03.04-17.12.56:094][  0]MemoryProfiler: OnSessionChanged
[2022.03.04-17.12.56:354][  0]LogCook: Display: CookSettings for Memory: MemoryMaxUsedVirtual 0MiB, MemoryMaxUsedPhysical 16384MiB, MemoryMinFreeVirtual 0MiB, MemoryMinFreePhysical 1024MiB
[2022.03.04-17.12.56:354][  0]LogCook: Display: Mobile HDR setting 1
[2022.03.04-17.12.56:742][  0]LogFileCache: Scanning file cache for directory 'C:/Users/andres.perez/Documents/GitHub/PruebasNox/NoxIA/Content/' took 0.00s
[2022.03.04-17.12.56:939][  0]LogInit: Display: Engine is initialized. Leaving FEngineLoop::Init()
[2022.03.04-17.12.56:943][  0]SourceControl: Source control is disabled
[2022.03.04-17.12.56:943][  0]LogUnrealEdMisc: Loading editor; pre map load, took 11.622
[2022.03.04-17.12.56:943][  0]Cmd: MAP LOAD FILE="../../../../../../Users/andres.perez/Documents/GitHub/PruebasNox/NoxIA/Content/FirstPersonCPP/Maps/FirstPersonExampleMap.umap" TEMPLATE=0 SHOWPROGRESS=1 FEATURELEVEL=3
[2022.03.04-17.12.56:943][  0]LightingResults: New page: Lighting Build
[2022.03.04-17.12.56:945][  0]LogWorld: UWorld::CleanupWorld for Untitled, bSessionEnded=true, bCleanupResources=true
[2022.03.04-17.12.56:945][  0]LogSlate: InvalidateAllWidgets triggered.  All widgets were invalidated
[2022.03.04-17.12.56:945][  0]MapCheck: New page: Map Check
[2022.03.04-17.12.56:945][  0]LightingResults: New page: Lighting Build
[2022.03.04-17.12.56:953][  0]LogAudio: Display: Audio Device unregistered from world 'None'.
[2022.03.04-17.12.56:959][  0]LogUObjectHash: Compacting FUObjectHashTables data took   1.08ms
[2022.03.04-17.12.57:016][  0]LogAudio: Display: Audio Device (ID: 1) registered with world 'FirstPersonExampleMap'.
[2022.03.04-17.12.57:017][  0]LogAIModule: Creating AISystem for world FirstPersonExampleMap
[2022.03.04-17.12.57:064][  0]LogEditorServer: Finished looking for orphan Actors (0.000 secs)
[2022.03.04-17.12.57:079][  0]LogUObjectHash: Compacting FUObjectHashTables data took   0.90ms
[2022.03.04-17.12.57:079][  0]Cmd: MAP CHECKDEP NOCLEARLOG
[2022.03.04-17.12.57:080][  0]MapCheck: Map check complete: 0 Error(s), 0 Warning(s), took 0,141ms to complete.
[2022.03.04-17.12.57:080][  0]LogFileHelpers: Loading map 'FirstPersonExampleMap' took 0.136
[2022.03.04-17.12.57:082][  0]LogUnrealEdMisc: Total Editor Startup Time, took 11.761
[2022.03.04-17.12.57:269][  0]LogSlate: Updating window title bar state: overlay mode, drag disabled, window buttons hidden, title bar hidden
[2022.03.04-17.12.57:275][  0]LogSlate: Updating window title bar state: overlay mode, drag disabled, window buttons hidden, title bar hidden
[2022.03.04-17.12.57:280][  0]LogSlate: Updating window title bar state: overlay mode, drag disabled, window buttons hidden, title bar hidden
[2022.03.04-17.12.57:285][  0]LogSlate: Updating window title bar state: overlay mode, drag disabled, window buttons hidden, title bar hidden
[2022.03.04-17.12.57:314][  0]LogNativeClassHierarchy: Verbose: Native class hierarchy populated in 0.0201 seconds. Added 3832 classes and 932 folders.
[2022.03.04-17.12.57:318][  0]LogNativeClassHierarchy: Verbose: Native class hierarchy updated for 'WidgetCarousel' in 0.0003 seconds. Added 0 classes and 0 folders.
[2022.03.04-17.12.57:320][  0]LogPakFile: PakFile PrimaryIndexSize=187
[2022.03.04-17.12.57:320][  0]LogPakFile: PakFile PathHashIndexSize=101
[2022.03.04-17.12.57:320][  0]LogPakFile: PakFile FullDirectoryIndexSize=148
[2022.03.04-17.12.57:320][  0]LogShaderLibrary: Display: ShaderCodeLibraryPakFileMountedCallback: PakFile 'C:/Program Files/Epic Games/UE_4.27_2/FeaturePacks/FP_FirstPerson.upack' (chunk index -1, root 'root:/') mounted
[2022.03.04-17.12.57:320][  0]LogShaderLibrary: Display: ShaderCodeLibraryPakFileMountedCallback: pending pak file info (ChunkID:-1 Root:root:/ File:C:/Program Files/Epic Games/UE_4.27_2/FeaturePacks/FP_FirstPerson.upack)
[2022.03.04-17.12.57:321][  0]LogPakFile: OnPakFileMounted2Time == 0.000301
[2022.03.04-17.12.57:321][  0]LogPakFile: PakFile PrimaryIndexSize=189
[2022.03.04-17.12.57:321][  0]LogPakFile: PakFile PathHashIndexSize=101
[2022.03.04-17.12.57:321][  0]LogPakFile: PakFile FullDirectoryIndexSize=152
[2022.03.04-17.12.57:322][  0]LogShaderLibrary: Display: ShaderCodeLibraryPakFileMountedCallback: PakFile 'C:/Program Files/Epic Games/UE_4.27_2/FeaturePacks/FP_FirstPersonBP.upack' (chunk index -1, root 'root:/') mounted
[2022.03.04-17.12.57:322][  0]LogShaderLibrary: Display: ShaderCodeLibraryPakFileMountedCallback: pending pak file info (ChunkID:-1 Root:root:/ File:C:/Program Files/Epic Games/UE_4.27_2/FeaturePacks/FP_FirstPersonBP.upack)
[2022.03.04-17.12.57:322][  0]LogPakFile: OnPakFileMounted2Time == 0.000191
[2022.03.04-17.12.57:322][  0]LogPakFile: PakFile PrimaryIndexSize=191
[2022.03.04-17.12.57:322][  0]LogPakFile: PakFile PathHashIndexSize=101
[2022.03.04-17.12.57:322][  0]LogPakFile: PakFile FullDirectoryIndexSize=160
[2022.03.04-17.12.57:323][  0]LogShaderLibrary: Display: ShaderCodeLibraryPakFileMountedCallback: PakFile 'C:/Program Files/Epic Games/UE_4.27_2/FeaturePacks/MobileStarterContent.upack' (chunk index -1, root 'root:/') mounted
[2022.03.04-17.12.57:323][  0]LogShaderLibrary: Display: ShaderCodeLibraryPakFileMountedCallback: pending pak file info (ChunkID:-1 Root:root:/ File:C:/Program Files/Epic Games/UE_4.27_2/FeaturePacks/MobileStarterContent.upack)
[2022.03.04-17.12.57:323][  0]LogPakFile: OnPakFileMounted2Time == 0.000230
[2022.03.04-17.12.57:323][  0]LogPakFile: PakFile PrimaryIndexSize=185
[2022.03.04-17.12.57:323][  0]LogPakFile: PakFile PathHashIndexSize=101
[2022.03.04-17.12.57:324][  0]LogPakFile: PakFile FullDirectoryIndexSize=148
[2022.03.04-17.12.57:324][  0]LogShaderLibrary: Display: ShaderCodeLibraryPakFileMountedCallback: PakFile 'C:/Program Files/Epic Games/UE_4.27_2/FeaturePacks/StarterContent.upack' (chunk index -1, root 'root:/') mounted
[2022.03.04-17.12.57:324][  0]LogShaderLibrary: Display: ShaderCodeLibraryPakFileMountedCallback: pending pak file info (ChunkID:-1 Root:root:/ File:C:/Program Files/Epic Games/UE_4.27_2/FeaturePacks/StarterContent.upack)
[2022.03.04-17.12.57:324][  0]LogPakFile: OnPakFileMounted2Time == 0.000420
[2022.03.04-17.12.57:326][  0]LogPakFile: PakFile PrimaryIndexSize=190
[2022.03.04-17.12.57:326][  0]LogPakFile: PakFile PathHashIndexSize=101
[2022.03.04-17.12.57:326][  0]LogPakFile: PakFile FullDirectoryIndexSize=154
[2022.03.04-17.12.57:326][  0]LogShaderLibrary: Display: ShaderCodeLibraryPakFileMountedCallback: PakFile 'C:/Program Files/Epic Games/UE_4.27_2/FeaturePacks/TP_2DSideScroller.upack' (chunk index -1, root 'root:/') mounted
[2022.03.04-17.12.57:326][  0]LogShaderLibrary: Display: ShaderCodeLibraryPakFileMountedCallback: pending pak file info (ChunkID:-1 Root:root:/ File:C:/Program Files/Epic Games/UE_4.27_2/FeaturePacks/TP_2DSideScroller.upack)
[2022.03.04-17.12.57:326][  0]LogPakFile: OnPakFileMounted2Time == 0.000189
[2022.03.04-17.12.57:327][  0]LogPakFile: PakFile PrimaryIndexSize=192
[2022.03.04-17.12.57:327][  0]LogPakFile: PakFile PathHashIndexSize=101
[2022.03.04-17.12.57:327][  0]LogPakFile: PakFile FullDirectoryIndexSize=158
[2022.03.04-17.12.57:327][  0]LogShaderLibrary: Display: ShaderCodeLibraryPakFileMountedCallback: PakFile 'C:/Program Files/Epic Games/UE_4.27_2/FeaturePacks/TP_2DSideScrollerBP.upack' (chunk index -1, root 'root:/') mounted
[2022.03.04-17.12.57:327][  0]LogShaderLibrary: Display: ShaderCodeLibraryPakFileMountedCallback: pending pak file info (ChunkID:-1 Root:root:/ File:C:/Program Files/Epic Games/UE_4.27_2/FeaturePacks/TP_2DSideScrollerBP.upack)
[2022.03.04-17.12.57:327][  0]LogPakFile: OnPakFileMounted2Time == 0.000180
[2022.03.04-17.12.57:328][  0]LogPakFile: PakFile PrimaryIndexSize=182
[2022.03.04-17.12.57:328][  0]LogPakFile: PakFile PathHashIndexSize=101
[2022.03.04-17.12.57:328][  0]LogPakFile: PakFile FullDirectoryIndexSize=138
[2022.03.04-17.12.57:328][  0]LogShaderLibrary: Display: ShaderCodeLibraryPakFileMountedCallback: PakFile 'C:/Program Files/Epic Games/UE_4.27_2/FeaturePacks/TP_Flying.upack' (chunk index -1, root 'root:/') mounted
[2022.03.04-17.12.57:328][  0]LogShaderLibrary: Display: ShaderCodeLibraryPakFileMountedCallback: pending pak file info (ChunkID:-1 Root:root:/ File:C:/Program Files/Epic Games/UE_4.27_2/FeaturePacks/TP_Flying.upack)
[2022.03.04-17.12.57:328][  0]LogPakFile: OnPakFileMounted2Time == 0.000178
[2022.03.04-17.12.57:328][  0]LogPakFile: PakFile PrimaryIndexSize=184
[2022.03.04-17.12.57:329][  0]LogPakFile: PakFile PathHashIndexSize=101
[2022.03.04-17.12.57:329][  0]LogPakFile: PakFile FullDirectoryIndexSize=142
[2022.03.04-17.12.57:329][  0]LogShaderLibrary: Display: ShaderCodeLibraryPakFileMountedCallback: PakFile 'C:/Program Files/Epic Games/UE_4.27_2/FeaturePacks/TP_FlyingBP.upack' (chunk index -1, root 'root:/') mounted
[2022.03.04-17.12.57:329][  0]LogShaderLibrary: Display: ShaderCodeLibraryPakFileMountedCallback: pending pak file info (ChunkID:-1 Root:root:/ File:C:/Program Files/Epic Games/UE_4.27_2/FeaturePacks/TP_FlyingBP.upack)
[2022.03.04-17.12.57:329][  0]LogPakFile: OnPakFileMounted2Time == 0.000182
[2022.03.04-17.12.57:330][  0]LogPakFile: PakFile PrimaryIndexSize=188
[2022.03.04-17.12.57:330][  0]LogPakFile: PakFile PathHashIndexSize=101
[2022.03.04-17.12.57:330][  0]LogPakFile: PakFile FullDirectoryIndexSize=150
[2022.03.04-17.12.57:330][  0]LogShaderLibrary: Display: ShaderCodeLibraryPakFileMountedCallback: PakFile 'C:/Program Files/Epic Games/UE_4.27_2/FeaturePacks/TP_HandheldARBP.upack' (chunk index -1, root 'root:/') mounted
[2022.03.04-17.12.57:330][  0]LogShaderLibrary: Display: ShaderCodeLibraryPakFileMountedCallback: pending pak file info (ChunkID:-1 Root:root:/ File:C:/Program Files/Epic Games/UE_4.27_2/FeaturePacks/TP_HandheldARBP.upack)
[2022.03.04-17.12.57:330][  0]LogPakFile: OnPakFileMounted2Time == 0.000195
[2022.03.04-17.12.57:331][  0]LogPakFile: PakFile PrimaryIndexSize=182
[2022.03.04-17.12.57:331][  0]LogPakFile: PakFile PathHashIndexSize=101
[2022.03.04-17.12.57:331][  0]LogPakFile: PakFile FullDirectoryIndexSize=138
[2022.03.04-17.12.57:331][  0]LogShaderLibrary: Display: ShaderCodeLibraryPakFileMountedCallback: PakFile 'C:/Program Files/Epic Games/UE_4.27_2/FeaturePacks/TP_Puzzle.upack' (chunk index -1, root 'root:/') mounted
[2022.03.04-17.12.57:331][  0]LogShaderLibrary: Display: ShaderCodeLibraryPakFileMountedCallback: pending pak file info (ChunkID:-1 Root:root:/ File:C:/Program Files/Epic Games/UE_4.27_2/FeaturePacks/TP_Puzzle.upack)
[2022.03.04-17.12.57:331][  0]LogPakFile: OnPakFileMounted2Time == 0.000176
[2022.03.04-17.12.57:332][  0]LogPakFile: PakFile PrimaryIndexSize=184
[2022.03.04-17.12.57:332][  0]LogPakFile: PakFile PathHashIndexSize=101
[2022.03.04-17.12.57:332][  0]LogPakFile: PakFile FullDirectoryIndexSize=142
[2022.03.04-17.12.57:332][  0]LogShaderLibrary: Display: ShaderCodeLibraryPakFileMountedCallback: PakFile 'C:/Program Files/Epic Games/UE_4.27_2/FeaturePacks/TP_PuzzleBP.upack' (chunk index -1, root 'root:/') mounted
[2022.03.04-17.12.57:332][  0]LogShaderLibrary: Display: ShaderCodeLibraryPakFileMountedCallback: pending pak file info (ChunkID:-1 Root:root:/ File:C:/Program Files/Epic Games/UE_4.27_2/FeaturePacks/TP_PuzzleBP.upack)
[2022.03.04-17.12.57:332][  0]LogPakFile: OnPakFileMounted2Time == 0.000190
[2022.03.04-17.12.57:333][  0]LogPakFile: PakFile PrimaryIndexSize=183
[2022.03.04-17.12.57:333][  0]LogPakFile: PakFile PathHashIndexSize=101
[2022.03.04-17.12.57:333][  0]LogPakFile: PakFile FullDirectoryIndexSize=140
[2022.03.04-17.12.57:333][  0]LogShaderLibrary: Display: ShaderCodeLibraryPakFileMountedCallback: PakFile 'C:/Program Files/Epic Games/UE_4.27_2/FeaturePacks/TP_Rolling.upack' (chunk index -1, root 'root:/') mounted
[2022.03.04-17.12.57:333][  0]LogShaderLibrary: Display: ShaderCodeLibraryPakFileMountedCallback: pending pak file info (ChunkID:-1 Root:root:/ File:C:/Program Files/Epic Games/UE_4.27_2/FeaturePacks/TP_Rolling.upack)
[2022.03.04-17.12.57:333][  0]LogPakFile: OnPakFileMounted2Time == 0.000164
[2022.03.04-17.12.57:334][  0]LogPakFile: PakFile PrimaryIndexSize=185
[2022.03.04-17.12.57:334][  0]LogPakFile: PakFile PathHashIndexSize=101
[2022.03.04-17.12.57:334][  0]LogPakFile: PakFile FullDirectoryIndexSize=144
[2022.03.04-17.12.57:334][  0]LogShaderLibrary: Display: ShaderCodeLibraryPakFileMountedCallback: PakFile 'C:/Program Files/Epic Games/UE_4.27_2/FeaturePacks/TP_RollingBP.upack' (chunk index -1, root 'root:/') mounted
[2022.03.04-17.12.57:334][  0]LogShaderLibrary: Display: ShaderCodeLibraryPakFileMountedCallback: pending pak file info (ChunkID:-1 Root:root:/ File:C:/Program Files/Epic Games/UE_4.27_2/FeaturePacks/TP_RollingBP.upack)
[2022.03.04-17.12.57:334][  0]LogPakFile: OnPakFileMounted2Time == 0.000165
[2022.03.04-17.12.57:335][  0]LogPakFile: PakFile PrimaryIndexSize=188
[2022.03.04-17.12.57:335][  0]LogPakFile: PakFile PathHashIndexSize=101
[2022.03.04-17.12.57:335][  0]LogPakFile: PakFile FullDirectoryIndexSize=150
[2022.03.04-17.12.57:335][  0]LogShaderLibrary: Display: ShaderCodeLibraryPakFileMountedCallback: PakFile 'C:/Program Files/Epic Games/UE_4.27_2/FeaturePacks/TP_SideScroller.upack' (chunk index -1, root 'root:/') mounted
[2022.03.04-17.12.57:335][  0]LogShaderLibrary: Display: ShaderCodeLibraryPakFileMountedCallback: pending pak file info (ChunkID:-1 Root:root:/ File:C:/Program Files/Epic Games/UE_4.27_2/FeaturePacks/TP_SideScroller.upack)
[2022.03.04-17.12.57:335][  0]LogPakFile: OnPakFileMounted2Time == 0.000168
[2022.03.04-17.12.57:336][  0]LogPakFile: PakFile PrimaryIndexSize=190
[2022.03.04-17.12.57:336][  0]LogPakFile: PakFile PathHashIndexSize=101
[2022.03.04-17.12.57:336][  0]LogPakFile: PakFile FullDirectoryIndexSize=154
[2022.03.04-17.12.57:336][  0]LogShaderLibrary: Display: ShaderCodeLibraryPakFileMountedCallback: PakFile 'C:/Program Files/Epic Games/UE_4.27_2/FeaturePacks/TP_SideScrollerBP.upack' (chunk index -1, root 'root:/') mounted
[2022.03.04-17.12.57:336][  0]LogShaderLibrary: Display: ShaderCodeLibraryPakFileMountedCallback: pending pak file info (ChunkID:-1 Root:root:/ File:C:/Program Files/Epic Games/UE_4.27_2/FeaturePacks/TP_SideScrollerBP.upack)
[2022.03.04-17.12.57:336][  0]LogPakFile: OnPakFileMounted2Time == 0.000185
[2022.03.04-17.12.57:336][  0]LogPakFile: PakFile PrimaryIndexSize=187
[2022.03.04-17.12.57:337][  0]LogPakFile: PakFile PathHashIndexSize=101
[2022.03.04-17.12.57:337][  0]LogPakFile: PakFile FullDirectoryIndexSize=148
[2022.03.04-17.12.57:337][  0]LogShaderLibrary: Display: ShaderCodeLibraryPakFileMountedCallback: PakFile 'C:/Program Files/Epic Games/UE_4.27_2/FeaturePacks/TP_ThirdPerson.upack' (chunk index -1, root 'root:/') mounted
[2022.03.04-17.12.57:337][  0]LogShaderLibrary: Display: ShaderCodeLibraryPakFileMountedCallback: pending pak file info (ChunkID:-1 Root:root:/ File:C:/Program Files/Epic Games/UE_4.27_2/FeaturePacks/TP_ThirdPerson.upack)
[2022.03.04-17.12.57:337][  0]LogPakFile: OnPakFileMounted2Time == 0.000179
[2022.03.04-17.12.57:337][  0]LogPakFile: PakFile PrimaryIndexSize=189
[2022.03.04-17.12.57:338][  0]LogPakFile: PakFile PathHashIndexSize=101
[2022.03.04-17.12.57:338][  0]LogPakFile: PakFile FullDirectoryIndexSize=152
[2022.03.04-17.12.57:338][  0]LogShaderLibrary: Display: ShaderCodeLibraryPakFileMountedCallback: PakFile 'C:/Program Files/Epic Games/UE_4.27_2/FeaturePacks/TP_ThirdPersonBP.upack' (chunk index -1, root 'root:/') mounted
[2022.03.04-17.12.57:338][  0]LogShaderLibrary: Display: ShaderCodeLibraryPakFileMountedCallback: pending pak file info (ChunkID:-1 Root:root:/ File:C:/Program Files/Epic Games/UE_4.27_2/FeaturePacks/TP_ThirdPersonBP.upack)
[2022.03.04-17.12.57:338][  0]LogPakFile: OnPakFileMounted2Time == 0.000164
[2022.03.04-17.12.57:338][  0]LogPakFile: PakFile PrimaryIndexSize=183
[2022.03.04-17.12.57:338][  0]LogPakFile: PakFile PathHashIndexSize=101
[2022.03.04-17.12.57:339][  0]LogPakFile: PakFile FullDirectoryIndexSize=140
[2022.03.04-17.12.57:339][  0]LogShaderLibrary: Display: ShaderCodeLibraryPakFileMountedCallback: PakFile 'C:/Program Files/Epic Games/UE_4.27_2/FeaturePacks/TP_TopDown.upack' (chunk index -1, root 'root:/') mounted
[2022.03.04-17.12.57:339][  0]LogShaderLibrary: Display: ShaderCodeLibraryPakFileMountedCallback: pending pak file info (ChunkID:-1 Root:root:/ File:C:/Program Files/Epic Games/UE_4.27_2/FeaturePacks/TP_TopDown.upack)
[2022.03.04-17.12.57:339][  0]LogPakFile: OnPakFileMounted2Time == 0.000218
[2022.03.04-17.12.57:339][  0]LogPakFile: PakFile PrimaryIndexSize=185
[2022.03.04-17.12.57:339][  0]LogPakFile: PakFile PathHashIndexSize=101
[2022.03.04-17.12.57:339][  0]LogPakFile: PakFile FullDirectoryIndexSize=144
[2022.03.04-17.12.57:340][  0]LogShaderLibrary: Display: ShaderCodeLibraryPakFileMountedCallback: PakFile 'C:/Program Files/Epic Games/UE_4.27_2/FeaturePacks/TP_TopDownBP.upack' (chunk index -1, root 'root:/') mounted
[2022.03.04-17.12.57:340][  0]LogShaderLibrary: Display: ShaderCodeLibraryPakFileMountedCallback: pending pak file info (ChunkID:-1 Root:root:/ File:C:/Program Files/Epic Games/UE_4.27_2/FeaturePacks/TP_TopDownBP.upack)
[2022.03.04-17.12.57:340][  0]LogPakFile: OnPakFileMounted2Time == 0.000162
[2022.03.04-17.12.57:340][  0]LogPakFile: PakFile PrimaryIndexSize=185
[2022.03.04-17.12.57:340][  0]LogPakFile: PakFile PathHashIndexSize=101
[2022.03.04-17.12.57:340][  0]LogPakFile: PakFile FullDirectoryIndexSize=144
[2022.03.04-17.12.57:340][  0]LogShaderLibrary: Display: ShaderCodeLibraryPakFileMountedCallback: PakFile 'C:/Program Files/Epic Games/UE_4.27_2/FeaturePacks/TP_TwinStick.upack' (chunk index -1, root 'root:/') mounted
[2022.03.04-17.12.57:341][  0]LogShaderLibrary: Display: ShaderCodeLibraryPakFileMountedCallback: pending pak file info (ChunkID:-1 Root:root:/ File:C:/Program Files/Epic Games/UE_4.27_2/FeaturePacks/TP_TwinStick.upack)
[2022.03.04-17.12.57:341][  0]LogPakFile: OnPakFileMounted2Time == 0.000193
[2022.03.04-17.12.57:341][  0]LogPakFile: PakFile PrimaryIndexSize=187
[2022.03.04-17.12.57:341][  0]LogPakFile: PakFile PathHashIndexSize=101
[2022.03.04-17.12.57:341][  0]LogPakFile: PakFile FullDirectoryIndexSize=148
[2022.03.04-17.12.57:341][  0]LogShaderLibrary: Display: ShaderCodeLibraryPakFileMountedCallback: PakFile 'C:/Program Files/Epic Games/UE_4.27_2/FeaturePacks/TP_TwinStickBP.upack' (chunk index -1, root 'root:/') mounted
[2022.03.04-17.12.57:341][  0]LogShaderLibrary: Display: ShaderCodeLibraryPakFileMountedCallback: pending pak file info (ChunkID:-1 Root:root:/ File:C:/Program Files/Epic Games/UE_4.27_2/FeaturePacks/TP_TwinStickBP.upack)
[2022.03.04-17.12.57:342][  0]LogPakFile: OnPakFileMounted2Time == 0.000239
[2022.03.04-17.12.57:342][  0]LogPakFile: PakFile PrimaryIndexSize=183
[2022.03.04-17.12.57:342][  0]LogPakFile: PakFile PathHashIndexSize=101
[2022.03.04-17.12.57:342][  0]LogPakFile: PakFile FullDirectoryIndexSize=140
[2022.03.04-17.12.57:342][  0]LogShaderLibrary: Display: ShaderCodeLibraryPakFileMountedCallback: PakFile 'C:/Program Files/Epic Games/UE_4.27_2/FeaturePacks/TP_Vehicle.upack' (chunk index -1, root 'root:/') mounted
[2022.03.04-17.12.57:342][  0]LogShaderLibrary: Display: ShaderCodeLibraryPakFileMountedCallback: pending pak file info (ChunkID:-1 Root:root:/ File:C:/Program Files/Epic Games/UE_4.27_2/FeaturePacks/TP_Vehicle.upack)
[2022.03.04-17.12.57:343][  0]LogPakFile: OnPakFileMounted2Time == 0.000163
[2022.03.04-17.12.57:343][  0]LogPakFile: PakFile PrimaryIndexSize=186
[2022.03.04-17.12.57:343][  0]LogPakFile: PakFile PathHashIndexSize=101
[2022.03.04-17.12.57:343][  0]LogPakFile: PakFile FullDirectoryIndexSize=146
[2022.03.04-17.12.57:343][  0]LogShaderLibrary: Display: ShaderCodeLibraryPakFileMountedCallback: PakFile 'C:/Program Files/Epic Games/UE_4.27_2/FeaturePacks/TP_VehicleAdv.upack' (chunk index -1, root 'root:/') mounted
[2022.03.04-17.12.57:343][  0]LogShaderLibrary: Display: ShaderCodeLibraryPakFileMountedCallback: pending pak file info (ChunkID:-1 Root:root:/ File:C:/Program Files/Epic Games/UE_4.27_2/FeaturePacks/TP_VehicleAdv.upack)
[2022.03.04-17.12.57:343][  0]LogPakFile: OnPakFileMounted2Time == 0.000164
[2022.03.04-17.12.57:344][  0]LogPakFile: PakFile PrimaryIndexSize=188
[2022.03.04-17.12.57:344][  0]LogPakFile: PakFile PathHashIndexSize=101
[2022.03.04-17.12.57:344][  0]LogPakFile: PakFile FullDirectoryIndexSize=150
[2022.03.04-17.12.57:344][  0]LogShaderLibrary: Display: ShaderCodeLibraryPakFileMountedCallback: PakFile 'C:/Program Files/Epic Games/UE_4.27_2/FeaturePacks/TP_VehicleAdvBP.upack' (chunk index -1, root 'root:/') mounted
[2022.03.04-17.12.57:344][  0]LogShaderLibrary: Display: ShaderCodeLibraryPakFileMountedCallback: pending pak file info (ChunkID:-1 Root:root:/ File:C:/Program Files/Epic Games/UE_4.27_2/FeaturePacks/TP_VehicleAdvBP.upack)
[2022.03.04-17.12.57:344][  0]LogPakFile: OnPakFileMounted2Time == 0.000160
[2022.03.04-17.12.57:345][  0]LogPakFile: PakFile PrimaryIndexSize=185
[2022.03.04-17.12.57:345][  0]LogPakFile: PakFile PathHashIndexSize=101
[2022.03.04-17.12.57:345][  0]LogPakFile: PakFile FullDirectoryIndexSize=144
[2022.03.04-17.12.57:345][  0]LogShaderLibrary: Display: ShaderCodeLibraryPakFileMountedCallback: PakFile 'C:/Program Files/Epic Games/UE_4.27_2/FeaturePacks/TP_VehicleBP.upack' (chunk index -1, root 'root:/') mounted
[2022.03.04-17.12.57:345][  0]LogShaderLibrary: Display: ShaderCodeLibraryPakFileMountedCallback: pending pak file info (ChunkID:-1 Root:root:/ File:C:/Program Files/Epic Games/UE_4.27_2/FeaturePacks/TP_VehicleBP.upack)
[2022.03.04-17.12.57:345][  0]LogPakFile: OnPakFileMounted2Time == 0.000169
[2022.03.04-17.12.57:346][  0]LogPakFile: PakFile PrimaryIndexSize=192
[2022.03.04-17.12.57:346][  0]LogPakFile: PakFile PathHashIndexSize=101
[2022.03.04-17.12.57:346][  0]LogPakFile: PakFile FullDirectoryIndexSize=158
[2022.03.04-17.12.57:346][  0]LogShaderLibrary: Display: ShaderCodeLibraryPakFileMountedCallback: PakFile 'C:/Program Files/Epic Games/UE_4.27_2/FeaturePacks/TP_VirtualRealityBP.upack' (chunk index -1, root 'root:/') mounted
[2022.03.04-17.12.57:346][  0]LogShaderLibrary: Display: ShaderCodeLibraryPakFileMountedCallback: pending pak file info (ChunkID:-1 Root:root:/ File:C:/Program Files/Epic Games/UE_4.27_2/FeaturePacks/TP_VirtualRealityBP.upack)
[2022.03.04-17.12.57:346][  0]LogPakFile: OnPakFileMounted2Time == 0.000161
[2022.03.04-17.12.57:375][  0]LogNativeClassHierarchy: Verbose: Native class hierarchy updated for 'AddContentDialog' in 0.0003 seconds. Added 0 classes and 0 folders.
[2022.03.04-17.12.57:376][  0]LogNativeClassHierarchy: Verbose: Native class hierarchy updated for 'SceneOutliner' in 0.0003 seconds. Added 2 classes and 0 folders.
[2022.03.04-17.12.57:671][  0]LogSlate: Only BGRA pngs, bmps or icos are supported in by External Image Picker
[2022.03.04-17.12.57:751][  0]LogSlate: Took 0.000256 seconds to synchronously load lazily loaded font '../../../Engine/Content/Slate/Fonts/Roboto-Regular.ttf' (155K)
[2022.03.04-17.12.57:753][  0]LogSlate: Took 0.000173 seconds to synchronously load lazily loaded font '../../../Engine/Content/Editor/Slate/Fonts/FontAwesome.ttf' (139K)
[2022.03.04-17.12.57:755][  0]LogSlate: Took 0.000159 seconds to synchronously load lazily loaded font '../../../Engine/Content/Slate/Fonts/Roboto-Bold.ttf' (160K)
[2022.03.04-17.12.57:833][  0]LogRenderer: Reallocating scene render targets to support 1208x652 Format 10 NumSamples 1 (Frame:1).
[2022.03.04-17.12.58:202][  0]LogSlate: Took 0.000164 seconds to synchronously load lazily loaded font '../../../Engine/Content/Slate/Fonts/Roboto-Light.ttf' (167K)
[2022.03.04-17.12.58:299][  0]LogNativeClassHierarchy: Verbose: Native class hierarchy updated for 'HierarchicalLODOutliner' in 0.0003 seconds. Added 0 classes and 0 folders.
[2022.03.04-17.12.58:299][  0]LogLoad: (Engine Initialization) Total time: 12.98 seconds
[2022.03.04-17.12.58:300][  0]LogLoad: (Engine Initialization) Total Blueprint compile time: 0.00 seconds
[2022.03.04-17.12.58:368][  0]LogAssetRegistry: Asset discovery search completed in 8.1701 seconds
[2022.03.04-17.12.58:373][  0]LogCollectionManager: Fixed up redirectors for 0 collections in 0.000003 seconds (updated 0 objects)
[2022.03.04-17.12.58:374][  0]LogContentStreaming: Texture pool size now 1000 MB
