Log file open, 03/04/22 18:23:21
LogWindows: Failed to load 'aqProf.dll' (GetLastError=126)
LogWindows: File 'aqProf.dll' does not exist
LogWindows: Failed to load 'VtuneApi.dll' (GetLastError=126)
LogWindows: File 'VtuneApi.dll' does not exist
LogWindows: Failed to load 'VtuneApi32e.dll' (GetLastError=126)
LogWindows: File 'VtuneApi32e.dll' does not exist
LogConsoleResponse: Display: Failed to find resolution value strings in scalability ini. Falling back to default.
LogConsoleResponse: Display: Failed to find resolution value strings in scalability ini. Falling back to default.
LogInit: Display: Running engine for game: NoxIA
LogPlatformFile: Not using cached read wrapper
LogTaskGraph: Started task graph with 5 named threads and 83 total threads with 3 sets of task threads.
LogStats: Stats thread started at 0.457842
LogICUInternationalization: ICU TimeZone Detection - Raw Offset: +1:00, Platform Override: ''
LogInit: Display: Loading text-based GConfig....
LogPluginManager: Mounting plugin MeshPainting
LogPluginManager: Mounting plugin XGEController
LogPluginManager: Mounting plugin Paper2D
LogPluginManager: Mounting plugin LiveLink
LogPluginManager: Mounting plugin AISupport
LogPluginManager: Mounting plugin EnvironmentQueryEditor
LogPluginManager: Mounting plugin OodleData
LogPluginManager: Mounting plugin CameraShakePreviewer
LogPluginManager: Mounting plugin AnimationSharing
LogPluginManager: Mounting plugin OodleNetwork
LogPluginManager: Mounting plugin GitSourceControl
LogPluginManager: Mounting plugin KDevelopSourceCodeAccess
LogPluginManager: Mounting plugin NullSourceCodeAccess
LogPluginManager: Mounting plugin GameplayCameras
LogPluginManager: Mounting plugin PixWinPlugin
LogPluginManager: Mounting plugin LightPropagationVolume
LogPluginManager: Mounting plugin CLionSourceCodeAccess
LogPluginManager: Mounting plugin PlasticSourceControl
LogPluginManager: Mounting plugin PluginUtils
LogPluginManager: Mounting plugin SubversionSourceControl
LogPluginManager: Mounting plugin CodeLiteSourceCodeAccess
LogPluginManager: Mounting plugin RiderSourceCodeAccess
LogPluginManager: Mounting plugin TextureFormatOodle
LogPluginManager: Mounting plugin UObjectPlugin
LogPluginManager: Mounting plugin XCodeSourceCodeAccess
LogPluginManager: Mounting plugin PerforceSourceControl
LogPluginManager: Mounting plugin VisualStudioCodeSourceCodeAccess
LogPluginManager: Mounting plugin VisualStudioSourceCodeAccess
LogPluginManager: Mounting plugin PropertyAccessNode
LogPluginManager: Mounting plugin CurveEditorTools
LogPluginManager: Mounting plugin AssetManagerEditor
LogPluginManager: Mounting plugin CryptoKeys
LogPluginManager: Mounting plugin MacGraphicsSwitching
LogPluginManager: Mounting plugin DataValidation
LogPluginManager: Mounting plugin FacialAnimation
LogPluginManager: Mounting plugin GeometryMode
LogPluginManager: Mounting plugin GameplayTagsEditor
LogPluginManager: Mounting plugin MobileLauncherProfileWizard
LogPluginManager: Mounting plugin AutomationUtils
LogPluginManager: Mounting plugin PluginBrowser
LogPluginManager: Mounting plugin MaterialAnalyzer
LogPluginManager: Mounting plugin AlembicImporter
LogPluginManager: Mounting plugin SpeedTreeImporter
LogPluginManager: Mounting plugin ChaosSolverPlugin
LogPluginManager: Mounting plugin ChaosCloth
LogPluginManager: Mounting plugin ChaosClothEditor
LogPluginManager: Mounting plugin ChaosEditor
LogPluginManager: Mounting plugin ChaosNiagara
LogPluginManager: Mounting plugin CharacterAI
LogPluginManager: Mounting plugin GeometryCollectionPlugin
LogPluginManager: Mounting plugin BackChannel
LogPluginManager: Mounting plugin GeometryCache
LogPluginManager: Mounting plugin GeometryProcessing
LogPluginManager: Mounting plugin PlanarCut
LogPluginManager: Mounting plugin ProxyLODPlugin
LogPluginManager: Mounting plugin PlatformCrypto
LogPluginManager: Mounting plugin MotoSynth
LogPluginManager: Mounting plugin OpenImageDenoise
LogPluginManager: Mounting plugin PythonScriptPlugin
LogPluginManager: Mounting plugin SkeletalReduction
LogPluginManager: Mounting plugin LuminPlatformFeatures
LogPluginManager: Mounting plugin MagicLeapLightEstimation
LogPluginManager: Mounting plugin MagicLeapMedia
LogPluginManager: Mounting plugin ActorSequence
LogPluginManager: Mounting plugin MagicLeapPassableWorld
LogPluginManager: Mounting plugin Niagara
LogPluginManager: Mounting plugin MLSDK
LogPluginManager: Mounting plugin LevelSequenceEditor
LogPluginManager: Mounting plugin UdpMessaging
LogPluginManager: Mounting plugin MagicLeap
LogPluginManager: Mounting plugin TcpMessaging
LogPluginManager: Mounting plugin MatineeToLevelSequence
LogPluginManager: Mounting plugin TemplateSequence
LogPluginManager: Mounting plugin OnlineSubsystem
LogPluginManager: Mounting plugin OnlineSubsystemUtils
LogPluginManager: Mounting plugin AvfMedia
LogPluginManager: Mounting plugin LauncherChunkInstaller
LogPluginManager: Mounting plugin AndroidMedia
LogPluginManager: Mounting plugin OnlineSubsystemNull
LogPluginManager: Mounting plugin ActorLayerUtilities
LogPluginManager: Mounting plugin ImgMedia
LogPluginManager: Mounting plugin AndroidPermission
LogPluginManager: Mounting plugin AppleMoviePlayer
LogPluginManager: Mounting plugin MediaCompositing
LogPluginManager: Mounting plugin AndroidDeviceProfileSelector
LogPluginManager: Mounting plugin AppleImageUtils
LogPluginManager: Mounting plugin AudioCapture
LogPluginManager: Mounting plugin AssetTags
LogPluginManager: Mounting plugin CustomMeshComponent
LogPluginManager: Mounting plugin ArchVisCharacter
LogPluginManager: Mounting plugin AudioSynesthesia
LogPluginManager: Mounting plugin AndroidMoviePlayer
LogPluginManager: Mounting plugin CableComponent
LogPluginManager: Mounting plugin ChunkDownloader
LogPluginManager: Mounting plugin EditableMesh
LogPluginManager: Mounting plugin ExampleDeviceProfileSelector
LogPluginManager: Mounting plugin GoogleCloudMessaging
LogPluginManager: Mounting plugin GooglePAD
LogPluginManager: Mounting plugin IOSDeviceProfileSelector
LogPluginManager: Mounting plugin LocationServicesBPLibrary
LogPluginManager: Mounting plugin LinuxDeviceProfileSelector
LogPluginManager: Mounting plugin MobilePatchingUtils
LogPluginManager: Mounting plugin OpenXR
LogPluginManager: Mounting plugin PhysXVehicles
LogPluginManager: Mounting plugin OpenXRHandTracking
LogPluginManager: Mounting plugin PostSplashScreen
LogPluginManager: Mounting plugin OpenXREyeTracker
LogPluginManager: Mounting plugin RuntimePhysXCooking
LogPluginManager: Mounting plugin SoundFields
LogPluginManager: Mounting plugin ProceduralMeshComponent
LogPluginManager: Mounting plugin PropertyAccessEditor
LogPluginManager: Mounting plugin SignificanceManager
LogPluginManager: Mounting plugin Synthesis
LogPluginManager: Mounting plugin WebMMoviePlayer
LogPluginManager: Mounting plugin WindowsMoviePlayer
LogPluginManager: Mounting plugin MediaPlayerEditor
LogPluginManager: Mounting plugin WebMMedia
LogPluginManager: Mounting plugin WmfMedia
LogPluginManager: Mounting plugin ScreenshotTools
LogPluginManager: Mounting plugin Takes
LogPluginManager: Mounting plugin DatasmithContent
LogPluginManager: Mounting plugin VariantManagerContent
LogPluginManager: Mounting plugin ContentBrowserFileDataSource
LogPluginManager: Mounting plugin ContentBrowserClassDataSource
LogPluginManager: Mounting plugin ContentBrowserAssetDataSource
LogPluginManager: Mounting plugin OnlineSubsystemGooglePlay
LogPluginManager: Mounting plugin OnlineSubsystemIOS
LogPluginManager: Mounting plugin OculusVR
LogPluginManager: Mounting plugin SteamVR
PixWinPlugin: PIX capture plugin failed to initialize! Check that the process is launched from PIX.
LogInit: Using libcurl 7.55.1-DEV
LogInit:  - built for x86_64-pc-win32
LogInit:  - supports SSL with OpenSSL/1.1.1
LogInit:  - supports HTTP deflate (compression) using libz 1.2.8
LogInit:  - other features:
LogInit:      CURL_VERSION_SSL
LogInit:      CURL_VERSION_LIBZ
LogInit:      CURL_VERSION_IPV6
LogInit:      CURL_VERSION_ASYNCHDNS
LogInit:      CURL_VERSION_LARGEFILE
LogInit:      CURL_VERSION_IDN
LogInit:  CurlRequestOptions (configurable via config and command line):
LogInit:  - bVerifyPeer = true  - Libcurl will verify peer certificate
LogInit:  - bUseHttpProxy = false  - Libcurl will NOT use HTTP proxy
LogInit:  - bDontReuseConnections = false  - Libcurl will reuse connections
LogInit:  - MaxHostConnections = 16  - Libcurl will limit the number of connections to a host
LogInit:  - LocalHostAddr = Default
LogInit:  - BufferSize = 65536
LogOnline: OSS: Creating online subsystem instance for: NULL
LogInit: WinSock: version 1.1 (2.2), MaxSocks=32767, MaxUdp=65467
LogOnline: OSS: TryLoadSubsystemAndSetDefault: Loaded subsystem for module [NULL]
LogOculusPluginWrapper: OculusPlugin initialized successfully
LogHMD: Failed initializing OVRPlugin 1.59.0
LogInit: Build: ++UE4+Release-4.27-CL-18319896
LogInit: Engine Version: 4.27.2-18319896+++UE4+Release-4.27
LogInit: Compatible Engine Version: 4.27.0-17155196+++UE4+Release-4.27
LogInit: Net CL: 17155196
LogInit: OS: Windows 10 (Release 2009) (), CPU: Intel(R) Core(TM) i9-10980XE CPU @ 3.00GHz, GPU: NVIDIA GeForce RTX 3080
LogInit: Compiled (64-bit): Nov 30 2021 07:12:08
LogInit: Compiled with Visual C++: 19.24.28315.00
LogInit: Build Configuration: DebugGame
LogInit: Branch Name: ++UE4+Release-4.27
LogInit: Command Line:  -skipcompile
LogInit: Base Directory: C:/Program Files/Epic Games/UE_4.27_2/Engine/Binaries/Win64/
LogInit: Allocator: TBB
LogInit: Installed Engine Build: 1
LogDevObjectVersion: Number of dev versions registered: 29
LogDevObjectVersion:   Dev-Blueprints (B0D832E4-1F89-4F0D-ACCF-7EB736FD4AA2): 10
LogDevObjectVersion:   Dev-Build (E1C64328-A22C-4D53-A36C-8E866417BD8C): 0
LogDevObjectVersion:   Dev-Core (375EC13C-06E4-48FB-B500-84F0262A717E): 4
LogDevObjectVersion:   Dev-Editor (E4B068ED-F494-42E9-A231-DA0B2E46BB41): 40
LogDevObjectVersion:   Dev-Framework (CFFC743F-43B0-4480-9391-14DF171D2073): 37
LogDevObjectVersion:   Dev-Mobile (B02B49B5-BB20-44E9-A304-32B752E40360): 3
LogDevObjectVersion:   Dev-Networking (A4E4105C-59A1-49B5-A7C5-40C4547EDFEE): 0
LogDevObjectVersion:   Dev-Online (39C831C9-5AE6-47DC-9A44-9C173E1C8E7C): 0
LogDevObjectVersion:   Dev-Physics (78F01B33-EBEA-4F98-B9B4-84EACCB95AA2): 14
LogDevObjectVersion:   Dev-Platform (6631380F-2D4D-43E0-8009-CF276956A95A): 0
LogDevObjectVersion:   Dev-Rendering (12F88B9F-8875-4AFC-A67C-D90C383ABD29): 45
LogDevObjectVersion:   Dev-Sequencer (7B5AE74C-D270-4C10-A958-57980B212A5A): 13
LogDevObjectVersion:   Dev-VR (D7296918-1DD6-4BDD-9DE2-64A83CC13884): 3
LogDevObjectVersion:   Dev-LoadTimes (C2A15278-BFE7-4AFE-6C17-90FF531DF755): 1
LogDevObjectVersion:   Private-Geometry (6EACA3D4-40EC-4CC1-B786-8BED09428FC5): 3
LogDevObjectVersion:   Dev-AnimPhys (29E575DD-E0A3-4627-9D10-D276232CDCEA): 17
LogDevObjectVersion:   Dev-Anim (AF43A65D-7FD3-4947-9873-3E8ED9C1BB05): 15
LogDevObjectVersion:   Dev-ReflectionCapture (6B266CEC-1EC7-4B8F-A30B-E4D90942FC07): 1
LogDevObjectVersion:   Dev-Automation (0DF73D61-A23F-47EA-B727-89E90C41499A): 1
LogDevObjectVersion:   FortniteMain (601D1886-AC64-4F84-AA16-D3DE0DEAC7D6): 47
LogDevObjectVersion:   FortniteRelease (E7086368-6B23-4C58-8439-1B7016265E91): 1
LogDevObjectVersion:   Dev-Enterprise (9DFFBCD6-494F-0158-E221-12823C92A888): 10
LogDevObjectVersion:   Dev-Niagara (F2AED0AC-9AFE-416F-8664-AA7FFA26D6FC): 1
LogDevObjectVersion:   Dev-Destruction (174F1F0B-B4C6-45A5-B13F-2EE8D0FB917D): 10
LogDevObjectVersion:   Dev-Physics-Ext (35F94A83-E258-406C-A318-09F59610247C): 41
LogDevObjectVersion:   Dev-PhysicsMaterial-Chaos (B68FC16E-8B1B-42E2-B453-215C058844FE): 1
LogDevObjectVersion:   Dev-CineCamera (B2E18506-4273-CFC2-A54E-F4BB758BBA07): 1
LogDevObjectVersion:   Dev-VirtualProduction (64F58936-FD1B-42BA-BA96-7289D5D0FA4E): 1
LogDevObjectVersion:   Dev-MediaFramework (6F0ED827-A609-4895-9C91-998D90180EA4): 2
LogInit: Presizing for max 25165824 objects, including 0 objects not considered by GC, pre-allocating 0 bytes for permanent pool.
LogConfig: Applying CVar settings from Section [/Script/Engine.StreamingSettings] File [C:/Users/andres.perez/Documents/GitHub/PruebasNox/NoxIA/Saved/Config/Windows/Engine.ini]
LogConfig: Setting CVar [[s.MinBulkDataSizeForAsyncLoading:131072]]
LogConfig: Setting CVar [[s.AsyncLoadingThreadEnabled:0]]
LogConfig: Setting CVar [[s.EventDrivenLoaderEnabled:1]]
LogConfig: Setting CVar [[s.WarnIfTimeLimitExceeded:0]]
LogConfig: Setting CVar [[s.TimeLimitExceededMultiplier:1.5]]
LogConfig: Setting CVar [[s.TimeLimitExceededMinTime:0.005]]
LogConfig: Setting CVar [[s.UseBackgroundLevelStreaming:1]]
LogConfig: Setting CVar [[s.PriorityAsyncLoadingExtraTime:15.0]]
LogConfig: Setting CVar [[s.LevelStreamingActorsUpdateTimeLimit:5.0]]
LogConfig: Setting CVar [[s.PriorityLevelStreamingActorsUpdateExtraTime:5.0]]
LogConfig: Setting CVar [[s.LevelStreamingComponentsRegistrationGranularity:10]]
LogConfig: Setting CVar [[s.UnregisterComponentsTimeLimit:1.0]]
LogConfig: Setting CVar [[s.LevelStreamingComponentsUnregistrationGranularity:5]]
LogConfig: Setting CVar [[s.FlushStreamingOnExit:1]]
LogInit: Object subsystem initialized
LogConfig: Setting CVar [[con.DebugEarlyDefault:1]]
LogConfig: Setting CVar [[r.setres:1280x720]]
[2022.03.04-17.23.22:786][  0]LogConfig: Setting CVar [[r.VSync:0]]
[2022.03.04-17.23.22:786][  0]LogConfig: Setting CVar [[r.RHICmdBypass:0]]
[2022.03.04-17.23.22:786][  0]LogConfig: Applying CVar settings from Section [/Script/Engine.RendererSettings] File [C:/Users/andres.perez/Documents/GitHub/PruebasNox/NoxIA/Saved/Config/Windows/Engine.ini]
[2022.03.04-17.23.22:786][  0]LogConfig: Setting CVar [[r.GPUCrashDebugging:0]]
[2022.03.04-17.23.22:786][  0]LogConfig: Applying CVar settings from Section [/Script/Engine.RendererOverrideSettings] File [C:/Users/andres.perez/Documents/GitHub/PruebasNox/NoxIA/Saved/Config/Windows/Engine.ini]
[2022.03.04-17.23.22:786][  0]LogConfig: Applying CVar settings from Section [/Script/Engine.StreamingSettings] File [C:/Users/andres.perez/Documents/GitHub/PruebasNox/NoxIA/Saved/Config/Windows/Engine.ini]
[2022.03.04-17.23.22:787][  0]LogConfig: Setting CVar [[s.MinBulkDataSizeForAsyncLoading:131072]]
[2022.03.04-17.23.22:787][  0]LogConfig: Setting CVar [[s.AsyncLoadingThreadEnabled:0]]
[2022.03.04-17.23.22:787][  0]LogConfig: Setting CVar [[s.EventDrivenLoaderEnabled:1]]
[2022.03.04-17.23.22:787][  0]LogConfig: Setting CVar [[s.WarnIfTimeLimitExceeded:0]]
[2022.03.04-17.23.22:787][  0]LogConfig: Setting CVar [[s.TimeLimitExceededMultiplier:1.5]]
[2022.03.04-17.23.22:787][  0]LogConfig: Setting CVar [[s.TimeLimitExceededMinTime:0.005]]
[2022.03.04-17.23.22:788][  0]LogConfig: Setting CVar [[s.UseBackgroundLevelStreaming:1]]
[2022.03.04-17.23.22:788][  0]LogConfig: Setting CVar [[s.PriorityAsyncLoadingExtraTime:15.0]]
[2022.03.04-17.23.22:788][  0]LogConfig: Setting CVar [[s.LevelStreamingActorsUpdateTimeLimit:5.0]]
[2022.03.04-17.23.22:788][  0]LogConfig: Setting CVar [[s.PriorityLevelStreamingActorsUpdateExtraTime:5.0]]
[2022.03.04-17.23.22:788][  0]LogConfig: Setting CVar [[s.LevelStreamingComponentsRegistrationGranularity:10]]
[2022.03.04-17.23.22:788][  0]LogConfig: Setting CVar [[s.UnregisterComponentsTimeLimit:1.0]]
[2022.03.04-17.23.22:789][  0]LogConfig: Setting CVar [[s.LevelStreamingComponentsUnregistrationGranularity:5]]
[2022.03.04-17.23.22:789][  0]LogConfig: Setting CVar [[s.FlushStreamingOnExit:1]]
[2022.03.04-17.23.22:789][  0]LogConfig: Applying CVar settings from Section [/Script/Engine.GarbageCollectionSettings] File [C:/Users/andres.perez/Documents/GitHub/PruebasNox/NoxIA/Saved/Config/Windows/Engine.ini]
[2022.03.04-17.23.22:789][  0]LogConfig: Setting CVar [[gc.MaxObjectsNotConsideredByGC:1]]
[2022.03.04-17.23.22:789][  0]LogConfig: Setting CVar [[gc.SizeOfPermanentObjectPool:0]]
[2022.03.04-17.23.22:789][  0]LogConfig: Setting CVar [[gc.FlushStreamingOnGC:0]]
[2022.03.04-17.23.22:789][  0]LogConfig: Setting CVar [[gc.NumRetriesBeforeForcingGC:10]]
[2022.03.04-17.23.22:790][  0]LogConfig: Setting CVar [[gc.AllowParallelGC:1]]
[2022.03.04-17.23.22:790][  0]LogConfig: Setting CVar [[gc.TimeBetweenPurgingPendingKillObjects:61.1]]
[2022.03.04-17.23.22:790][  0]LogConfig: Setting CVar [[gc.MaxObjectsInEditor:25165824]]
[2022.03.04-17.23.22:790][  0]LogConfig: Setting CVar [[gc.IncrementalBeginDestroyEnabled:1]]
[2022.03.04-17.23.22:790][  0]LogConfig: Setting CVar [[gc.CreateGCClusters:1]]
[2022.03.04-17.23.22:790][  0]LogConfig: Setting CVar [[gc.MinGCClusterSize:5]]
[2022.03.04-17.23.22:790][  0]LogConfig: Setting CVar [[gc.ActorClusteringEnabled:0]]
[2022.03.04-17.23.22:790][  0]LogConfig: Setting CVar [[gc.BlueprintClusteringEnabled:0]]
[2022.03.04-17.23.22:791][  0]LogConfig: Setting CVar [[gc.UseDisregardForGCOnDedicatedServers:0]]
[2022.03.04-17.23.22:791][  0]LogConfig: Setting CVar [[gc.MultithreadedDestructionEnabled:1]]
[2022.03.04-17.23.22:791][  0]LogConfig: Applying CVar settings from Section [/Script/Engine.NetworkSettings] File [C:/Users/andres.perez/Documents/GitHub/PruebasNox/NoxIA/Saved/Config/Windows/Engine.ini]
[2022.03.04-17.23.22:791][  0]LogConfig: Applying CVar settings from Section [/Script/UnrealEd.CookerSettings] File [C:/Users/andres.perez/Documents/GitHub/PruebasNox/NoxIA/Saved/Config/Windows/Engine.ini]
[2022.03.04-17.23.22:807][  0]LogConfig: Applying CVar settings from Section [ViewDistanceQuality@3] File [C:/Users/andres.perez/Documents/GitHub/PruebasNox/NoxIA/Saved/Config/Windows/Scalability.ini]
[2022.03.04-17.23.22:807][  0]LogConfig: Setting CVar [[r.SkeletalMeshLODBias:0]]
[2022.03.04-17.23.22:807][  0]LogConfig: Setting CVar [[r.ViewDistanceScale:1.0]]
[2022.03.04-17.23.22:807][  0]LogConfig: Applying CVar settings from Section [AntiAliasingQuality@3] File [C:/Users/andres.perez/Documents/GitHub/PruebasNox/NoxIA/Saved/Config/Windows/Scalability.ini]
[2022.03.04-17.23.22:807][  0]LogConfig: Setting CVar [[r.PostProcessAAQuality:4]]
[2022.03.04-17.23.22:807][  0]LogConfig: Applying CVar settings from Section [ShadowQuality@3] File [C:/Users/andres.perez/Documents/GitHub/PruebasNox/NoxIA/Saved/Config/Windows/Scalability.ini]
[2022.03.04-17.23.22:807][  0]LogConfig: Setting CVar [[r.LightFunctionQuality:1]]
[2022.03.04-17.23.22:807][  0]LogConfig: Setting CVar [[r.ShadowQuality:5]]
[2022.03.04-17.23.22:808][  0]LogConfig: Setting CVar [[r.Shadow.CSM.MaxCascades:10]]
[2022.03.04-17.23.22:808][  0]LogConfig: Setting CVar [[r.Shadow.MaxResolution:2048]]
[2022.03.04-17.23.22:808][  0]LogConfig: Setting CVar [[r.Shadow.MaxCSMResolution:2048]]
[2022.03.04-17.23.22:808][  0]LogConfig: Setting CVar [[r.Shadow.RadiusThreshold:0.01]]
[2022.03.04-17.23.22:808][  0]LogConfig: Setting CVar [[r.Shadow.DistanceScale:1.0]]
[2022.03.04-17.23.22:808][  0]LogConfig: Setting CVar [[r.Shadow.CSM.TransitionScale:1.0]]
[2022.03.04-17.23.22:808][  0]LogConfig: Setting CVar [[r.Shadow.PreShadowResolutionFactor:1.0]]
[2022.03.04-17.23.22:808][  0]LogConfig: Setting CVar [[r.DistanceFieldShadowing:1]]
[2022.03.04-17.23.22:808][  0]LogConfig: Setting CVar [[r.DistanceFieldAO:1]]
[2022.03.04-17.23.22:808][  0]LogConfig: Setting CVar [[r.AOQuality:2]]
[2022.03.04-17.23.22:808][  0]LogConfig: Setting CVar [[r.VolumetricFog:1]]
[2022.03.04-17.23.22:808][  0]LogConfig: Setting CVar [[r.VolumetricFog.GridPixelSize:8]]
[2022.03.04-17.23.22:808][  0]LogConfig: Setting CVar [[r.VolumetricFog.GridSizeZ:128]]
[2022.03.04-17.23.22:809][  0]LogConfig: Setting CVar [[r.VolumetricFog.HistoryMissSupersampleCount:4]]
[2022.03.04-17.23.22:809][  0]LogConfig: Setting CVar [[r.LightMaxDrawDistanceScale:1]]
[2022.03.04-17.23.22:809][  0]LogConfig: Setting CVar [[r.CapsuleShadows:1]]
[2022.03.04-17.23.22:809][  0]LogConfig: Applying CVar settings from Section [PostProcessQuality@3] File [C:/Users/andres.perez/Documents/GitHub/PruebasNox/NoxIA/Saved/Config/Windows/Scalability.ini]
[2022.03.04-17.23.22:809][  0]LogConfig: Setting CVar [[r.MotionBlurQuality:4]]
[2022.03.04-17.23.22:809][  0]LogConfig: Setting CVar [[r.AmbientOcclusionMipLevelFactor:0.4]]
[2022.03.04-17.23.22:809][  0]LogConfig: Setting CVar [[r.AmbientOcclusionMaxQuality:100]]
[2022.03.04-17.23.22:809][  0]LogConfig: Setting CVar [[r.AmbientOcclusionLevels:-1]]
[2022.03.04-17.23.22:809][  0]LogConfig: Setting CVar [[r.AmbientOcclusionRadiusScale:1.0]]
[2022.03.04-17.23.22:809][  0]LogConfig: Setting CVar [[r.DepthOfFieldQuality:2]]
[2022.03.04-17.23.22:809][  0]LogConfig: Setting CVar [[r.RenderTargetPoolMin:400]]
[2022.03.04-17.23.22:809][  0]LogConfig: Setting CVar [[r.LensFlareQuality:2]]
[2022.03.04-17.23.22:809][  0]LogConfig: Setting CVar [[r.SceneColorFringeQuality:1]]
[2022.03.04-17.23.22:810][  0]LogConfig: Setting CVar [[r.EyeAdaptationQuality:2]]
[2022.03.04-17.23.22:810][  0]LogConfig: Setting CVar [[r.BloomQuality:5]]
[2022.03.04-17.23.22:810][  0]LogConfig: Setting CVar [[r.FastBlurThreshold:100]]
[2022.03.04-17.23.22:810][  0]LogConfig: Setting CVar [[r.Upscale.Quality:3]]
[2022.03.04-17.23.22:810][  0]LogConfig: Setting CVar [[r.Tonemapper.GrainQuantization:1]]
[2022.03.04-17.23.22:810][  0]LogConfig: Setting CVar [[r.LightShaftQuality:1]]
[2022.03.04-17.23.22:810][  0]LogConfig: Setting CVar [[r.Filter.SizeScale:1]]
[2022.03.04-17.23.22:810][  0]LogConfig: Setting CVar [[r.Tonemapper.Quality:5]]
[2022.03.04-17.23.22:810][  0]LogConfig: Setting CVar [[r.DOF.Gather.AccumulatorQuality:1        ; higher gathering accumulator quality]]
[2022.03.04-17.23.22:810][  0]LogConfig: Setting CVar [[r.DOF.Gather.PostfilterMethod:1          ; Median3x3 postfilering method]]
[2022.03.04-17.23.22:810][  0]LogConfig: Setting CVar [[r.DOF.Gather.EnableBokehSettings:0       ; no bokeh simulation when gathering]]
[2022.03.04-17.23.22:810][  0]LogConfig: Setting CVar [[r.DOF.Gather.RingCount:4                 ; medium number of samples when gathering]]
[2022.03.04-17.23.22:810][  0]LogConfig: Setting CVar [[r.DOF.Scatter.ForegroundCompositing:1    ; additive foreground scattering]]
[2022.03.04-17.23.22:811][  0]LogConfig: Setting CVar [[r.DOF.Scatter.BackgroundCompositing:2    ; additive background scattering]]
[2022.03.04-17.23.22:811][  0]LogConfig: Setting CVar [[r.DOF.Scatter.EnableBokehSettings:1      ; bokeh simulation when scattering]]
[2022.03.04-17.23.22:811][  0]LogConfig: Setting CVar [[r.DOF.Scatter.MaxSpriteRatio:0.1         ; only a maximum of 10% of scattered bokeh]]
[2022.03.04-17.23.22:811][  0]LogConfig: Setting CVar [[r.DOF.Recombine.Quality:1                ; cheap slight out of focus]]
[2022.03.04-17.23.22:811][  0]LogConfig: Setting CVar [[r.DOF.Recombine.EnableBokehSettings:0    ; no bokeh simulation on slight out of focus]]
[2022.03.04-17.23.22:811][  0]LogConfig: Setting CVar [[r.DOF.TemporalAAQuality:1                ; more stable temporal accumulation]]
[2022.03.04-17.23.22:811][  0]LogConfig: Setting CVar [[r.DOF.Kernel.MaxForegroundRadius:0.025]]
[2022.03.04-17.23.22:811][  0]LogConfig: Setting CVar [[r.DOF.Kernel.MaxBackgroundRadius:0.025]]
[2022.03.04-17.23.22:811][  0]LogConfig: Applying CVar settings from Section [TextureQuality@3] File [C:/Users/andres.perez/Documents/GitHub/PruebasNox/NoxIA/Saved/Config/Windows/Scalability.ini]
[2022.03.04-17.23.22:811][  0]LogConfig: Setting CVar [[r.Streaming.MipBias:0]]
[2022.03.04-17.23.22:811][  0]LogConfig: Setting CVar [[r.Streaming.AmortizeCPUToGPUCopy:0]]
[2022.03.04-17.23.22:812][  0]LogConfig: Setting CVar [[r.Streaming.MaxNumTexturesToStreamPerFrame:0]]
[2022.03.04-17.23.22:812][  0]LogConfig: Setting CVar [[r.Streaming.Boost:1]]
[2022.03.04-17.23.22:812][  0]LogConfig: Setting CVar [[r.MaxAnisotropy:8]]
[2022.03.04-17.23.22:812][  0]LogConfig: Setting CVar [[r.VT.MaxAnisotropy:8]]
[2022.03.04-17.23.22:812][  0]LogConfig: Setting CVar [[r.Streaming.LimitPoolSizeToVRAM:0]]
[2022.03.04-17.23.22:812][  0]LogConfig: Setting CVar [[r.Streaming.PoolSize:1000]]
[2022.03.04-17.23.22:812][  0]LogConfig: Setting CVar [[r.Streaming.MaxEffectiveScreenSize:0]]
[2022.03.04-17.23.22:812][  0]LogConfig: Applying CVar settings from Section [EffectsQuality@3] File [C:/Users/andres.perez/Documents/GitHub/PruebasNox/NoxIA/Saved/Config/Windows/Scalability.ini]
[2022.03.04-17.23.22:813][  0]LogConfig: Setting CVar [[r.TranslucencyLightingVolumeDim:64]]
[2022.03.04-17.23.22:813][  0]LogConfig: Setting CVar [[r.RefractionQuality:2]]
[2022.03.04-17.23.22:813][  0]LogConfig: Setting CVar [[r.SSR.Quality:3]]
[2022.03.04-17.23.22:813][  0]LogConfig: Setting CVar [[r.SSR.HalfResSceneColor:0]]
[2022.03.04-17.23.22:813][  0]LogConfig: Setting CVar [[r.SceneColorFormat:4]]
[2022.03.04-17.23.22:813][  0]LogConfig: Setting CVar [[r.DetailMode:2]]
[2022.03.04-17.23.22:813][  0]LogConfig: Setting CVar [[r.TranslucencyVolumeBlur:1]]
[2022.03.04-17.23.22:813][  0]LogConfig: Setting CVar [[r.MaterialQualityLevel:1 ; High quality]]
[2022.03.04-17.23.22:813][  0]LogConfig: Setting CVar [[r.AnisotropicMaterials:1]]
[2022.03.04-17.23.22:813][  0]LogConfig: Setting CVar [[r.SSS.Scale:1]]
[2022.03.04-17.23.22:814][  0]LogConfig: Setting CVar [[r.SSS.SampleSet:2]]
[2022.03.04-17.23.22:814][  0]LogConfig: Setting CVar [[r.SSS.Quality:1]]
[2022.03.04-17.23.22:814][  0]LogConfig: Setting CVar [[r.SSS.HalfRes:0]]
[2022.03.04-17.23.22:814][  0]LogConfig: Setting CVar [[r.SSGI.Quality:3]]
[2022.03.04-17.23.22:814][  0]LogConfig: Setting CVar [[r.EmitterSpawnRateScale:1.0]]
[2022.03.04-17.23.22:814][  0]LogConfig: Setting CVar [[r.ParticleLightQuality:2]]
[2022.03.04-17.23.22:814][  0]LogConfig: Setting CVar [[r.SkyAtmosphere.AerialPerspectiveLUT.FastApplyOnOpaque:1 ; Always have FastSkyLUT 1 in this case to avoid wrong sky]]
[2022.03.04-17.23.22:815][  0]LogConfig: Setting CVar [[r.SkyAtmosphere.AerialPerspectiveLUT.SampleCountMaxPerSlice:4]]
[2022.03.04-17.23.22:815][  0]LogConfig: Setting CVar [[r.SkyAtmosphere.AerialPerspectiveLUT.DepthResolution:16.0]]
[2022.03.04-17.23.22:815][  0]LogConfig: Setting CVar [[r.SkyAtmosphere.FastSkyLUT:1]]
[2022.03.04-17.23.22:815][  0]LogConfig: Setting CVar [[r.SkyAtmosphere.FastSkyLUT.SampleCountMin:4.0]]
[2022.03.04-17.23.22:815][  0]LogConfig: Setting CVar [[r.SkyAtmosphere.FastSkyLUT.SampleCountMax:128.0]]
[2022.03.04-17.23.22:815][  0]LogConfig: Setting CVar [[r.SkyAtmosphere.SampleCountMin:4.0]]
[2022.03.04-17.23.22:815][  0]LogConfig: Setting CVar [[r.SkyAtmosphere.SampleCountMax:128.0]]
[2022.03.04-17.23.22:816][  0]LogConfig: Setting CVar [[r.SkyAtmosphere.TransmittanceLUT.UseSmallFormat:0]]
[2022.03.04-17.23.22:816][  0]LogConfig: Setting CVar [[r.SkyAtmosphere.TransmittanceLUT.SampleCount:10.0]]
[2022.03.04-17.23.22:816][  0]LogConfig: Setting CVar [[r.SkyAtmosphere.MultiScatteringLUT.SampleCount:15.0]]
[2022.03.04-17.23.22:816][  0]LogConfig: Setting CVar [[r.SkyLight.RealTimeReflectionCapture:1]]
[2022.03.04-17.23.22:816][  0]LogConfig: Applying CVar settings from Section [FoliageQuality@3] File [C:/Users/andres.perez/Documents/GitHub/PruebasNox/NoxIA/Saved/Config/Windows/Scalability.ini]
[2022.03.04-17.23.22:816][  0]LogConfig: Setting CVar [[foliage.DensityScale:1.0]]
[2022.03.04-17.23.22:817][  0]LogConfig: Setting CVar [[grass.DensityScale:1.0]]
[2022.03.04-17.23.22:817][  0]LogConfig: Applying CVar settings from Section [ShadingQuality@3] File [C:/Users/andres.perez/Documents/GitHub/PruebasNox/NoxIA/Saved/Config/Windows/Scalability.ini]
[2022.03.04-17.23.22:817][  0]LogConfig: Setting CVar [[r.HairStrands.SkyLighting.IntegrationType:2]]
[2022.03.04-17.23.22:817][  0]LogConfig: Setting CVar [[r.HairStrands.SkyAO.SampleCount:4]]
[2022.03.04-17.23.22:817][  0]LogConfig: Setting CVar [[r.HairStrands.Visibility.MSAA.SamplePerPixel:4]]
[2022.03.04-17.23.22:818][  0]LogInit: Selected Device Profile: [Windows]
[2022.03.04-17.23.22:818][  0]LogInit: Applying CVar settings loaded from the selected device profile: [Windows]
[2022.03.04-17.23.22:818][  0]LogHAL: Display: Platform has ~ 32 GB [34055684096 / 34359738368 / 32], which maps to Largest [LargestMinGB=32, LargerMinGB=12, DefaultMinGB=8, SmallerMinGB=6, SmallestMinGB=0)
[2022.03.04-17.23.22:818][  0]LogInit: Going up to parent DeviceProfile []
[2022.03.04-17.23.22:819][  0]LogConfig: Applying CVar settings from Section [ViewDistanceQuality@3] File [C:/Users/andres.perez/Documents/GitHub/PruebasNox/NoxIA/Saved/Config/Windows/Scalability.ini]
[2022.03.04-17.23.22:819][  0]LogConfig: Setting CVar [[r.SkeletalMeshLODBias:0]]
[2022.03.04-17.23.22:819][  0]LogConfig: Setting CVar [[r.ViewDistanceScale:1.0]]
[2022.03.04-17.23.22:819][  0]LogConfig: Applying CVar settings from Section [AntiAliasingQuality@3] File [C:/Users/andres.perez/Documents/GitHub/PruebasNox/NoxIA/Saved/Config/Windows/Scalability.ini]
[2022.03.04-17.23.22:819][  0]LogConfig: Setting CVar [[r.PostProcessAAQuality:4]]
[2022.03.04-17.23.22:819][  0]LogConfig: Applying CVar settings from Section [ShadowQuality@3] File [C:/Users/andres.perez/Documents/GitHub/PruebasNox/NoxIA/Saved/Config/Windows/Scalability.ini]
[2022.03.04-17.23.22:820][  0]LogConfig: Setting CVar [[r.LightFunctionQuality:1]]
[2022.03.04-17.23.22:820][  0]LogConfig: Setting CVar [[r.ShadowQuality:5]]
[2022.03.04-17.23.22:820][  0]LogConfig: Setting CVar [[r.Shadow.CSM.MaxCascades:10]]
[2022.03.04-17.23.22:820][  0]LogConfig: Setting CVar [[r.Shadow.MaxResolution:2048]]
[2022.03.04-17.23.22:820][  0]LogConfig: Setting CVar [[r.Shadow.MaxCSMResolution:2048]]
[2022.03.04-17.23.22:820][  0]LogConfig: Setting CVar [[r.Shadow.RadiusThreshold:0.01]]
[2022.03.04-17.23.22:820][  0]LogConfig: Setting CVar [[r.Shadow.DistanceScale:1.0]]
[2022.03.04-17.23.22:821][  0]LogConfig: Setting CVar [[r.Shadow.CSM.TransitionScale:1.0]]
[2022.03.04-17.23.22:821][  0]LogConfig: Setting CVar [[r.Shadow.PreShadowResolutionFactor:1.0]]
[2022.03.04-17.23.22:821][  0]LogConfig: Setting CVar [[r.DistanceFieldShadowing:1]]
[2022.03.04-17.23.22:821][  0]LogConfig: Setting CVar [[r.DistanceFieldAO:1]]
[2022.03.04-17.23.22:821][  0]LogConfig: Setting CVar [[r.AOQuality:2]]
[2022.03.04-17.23.22:821][  0]LogConfig: Setting CVar [[r.VolumetricFog:1]]
[2022.03.04-17.23.22:821][  0]LogConfig: Setting CVar [[r.VolumetricFog.GridPixelSize:8]]
[2022.03.04-17.23.22:821][  0]LogConfig: Setting CVar [[r.VolumetricFog.GridSizeZ:128]]
[2022.03.04-17.23.22:821][  0]LogConfig: Setting CVar [[r.VolumetricFog.HistoryMissSupersampleCount:4]]
[2022.03.04-17.23.22:822][  0]LogConfig: Setting CVar [[r.LightMaxDrawDistanceScale:1]]
[2022.03.04-17.23.22:822][  0]LogConfig: Setting CVar [[r.CapsuleShadows:1]]
[2022.03.04-17.23.22:822][  0]LogConfig: Applying CVar settings from Section [PostProcessQuality@3] File [C:/Users/andres.perez/Documents/GitHub/PruebasNox/NoxIA/Saved/Config/Windows/Scalability.ini]
[2022.03.04-17.23.22:822][  0]LogConfig: Setting CVar [[r.MotionBlurQuality:4]]
[2022.03.04-17.23.22:822][  0]LogConfig: Setting CVar [[r.AmbientOcclusionMipLevelFactor:0.4]]
[2022.03.04-17.23.22:822][  0]LogConfig: Setting CVar [[r.AmbientOcclusionMaxQuality:100]]
[2022.03.04-17.23.22:822][  0]LogConfig: Setting CVar [[r.AmbientOcclusionLevels:-1]]
[2022.03.04-17.23.22:822][  0]LogConfig: Setting CVar [[r.AmbientOcclusionRadiusScale:1.0]]
[2022.03.04-17.23.22:822][  0]LogConfig: Setting CVar [[r.DepthOfFieldQuality:2]]
[2022.03.04-17.23.22:822][  0]LogConfig: Setting CVar [[r.RenderTargetPoolMin:400]]
[2022.03.04-17.23.22:822][  0]LogConfig: Setting CVar [[r.LensFlareQuality:2]]
[2022.03.04-17.23.22:822][  0]LogConfig: Setting CVar [[r.SceneColorFringeQuality:1]]
[2022.03.04-17.23.22:822][  0]LogConfig: Setting CVar [[r.EyeAdaptationQuality:2]]
[2022.03.04-17.23.22:823][  0]LogConfig: Setting CVar [[r.BloomQuality:5]]
[2022.03.04-17.23.22:823][  0]LogConfig: Setting CVar [[r.FastBlurThreshold:100]]
[2022.03.04-17.23.22:823][  0]LogConfig: Setting CVar [[r.Upscale.Quality:3]]
[2022.03.04-17.23.22:823][  0]LogConfig: Setting CVar [[r.Tonemapper.GrainQuantization:1]]
[2022.03.04-17.23.22:823][  0]LogConfig: Setting CVar [[r.LightShaftQuality:1]]
[2022.03.04-17.23.22:823][  0]LogConfig: Setting CVar [[r.Filter.SizeScale:1]]
[2022.03.04-17.23.22:823][  0]LogConfig: Setting CVar [[r.Tonemapper.Quality:5]]
[2022.03.04-17.23.22:823][  0]LogConfig: Setting CVar [[r.DOF.Gather.AccumulatorQuality:1        ; higher gathering accumulator quality]]
[2022.03.04-17.23.22:823][  0]LogConfig: Setting CVar [[r.DOF.Gather.PostfilterMethod:1          ; Median3x3 postfilering method]]
[2022.03.04-17.23.22:823][  0]LogConfig: Setting CVar [[r.DOF.Gather.EnableBokehSettings:0       ; no bokeh simulation when gathering]]
[2022.03.04-17.23.22:824][  0]LogConfig: Setting CVar [[r.DOF.Gather.RingCount:4                 ; medium number of samples when gathering]]
[2022.03.04-17.23.22:824][  0]LogConfig: Setting CVar [[r.DOF.Scatter.ForegroundCompositing:1    ; additive foreground scattering]]
[2022.03.04-17.23.22:824][  0]LogConfig: Setting CVar [[r.DOF.Scatter.BackgroundCompositing:2    ; additive background scattering]]
[2022.03.04-17.23.22:824][  0]LogConfig: Setting CVar [[r.DOF.Scatter.EnableBokehSettings:1      ; bokeh simulation when scattering]]
[2022.03.04-17.23.22:824][  0]LogConfig: Setting CVar [[r.DOF.Scatter.MaxSpriteRatio:0.1         ; only a maximum of 10% of scattered bokeh]]
[2022.03.04-17.23.22:824][  0]LogConfig: Setting CVar [[r.DOF.Recombine.Quality:1                ; cheap slight out of focus]]
[2022.03.04-17.23.22:824][  0]LogConfig: Setting CVar [[r.DOF.Recombine.EnableBokehSettings:0    ; no bokeh simulation on slight out of focus]]
[2022.03.04-17.23.22:824][  0]LogConfig: Setting CVar [[r.DOF.TemporalAAQuality:1                ; more stable temporal accumulation]]
[2022.03.04-17.23.22:824][  0]LogConfig: Setting CVar [[r.DOF.Kernel.MaxForegroundRadius:0.025]]
[2022.03.04-17.23.22:825][  0]LogConfig: Setting CVar [[r.DOF.Kernel.MaxBackgroundRadius:0.025]]
[2022.03.04-17.23.22:825][  0]LogConfig: Applying CVar settings from Section [TextureQuality@3] File [C:/Users/andres.perez/Documents/GitHub/PruebasNox/NoxIA/Saved/Config/Windows/Scalability.ini]
[2022.03.04-17.23.22:825][  0]LogConfig: Setting CVar [[r.Streaming.MipBias:0]]
[2022.03.04-17.23.22:825][  0]LogConfig: Setting CVar [[r.Streaming.AmortizeCPUToGPUCopy:0]]
[2022.03.04-17.23.22:825][  0]LogConfig: Setting CVar [[r.Streaming.MaxNumTexturesToStreamPerFrame:0]]
[2022.03.04-17.23.22:825][  0]LogConfig: Setting CVar [[r.Streaming.Boost:1]]
[2022.03.04-17.23.22:825][  0]LogConfig: Setting CVar [[r.MaxAnisotropy:8]]
[2022.03.04-17.23.22:825][  0]LogConfig: Setting CVar [[r.VT.MaxAnisotropy:8]]
[2022.03.04-17.23.22:826][  0]LogConfig: Setting CVar [[r.Streaming.LimitPoolSizeToVRAM:0]]
[2022.03.04-17.23.22:826][  0]LogConfig: Setting CVar [[r.Streaming.PoolSize:1000]]
[2022.03.04-17.23.22:826][  0]LogConfig: Setting CVar [[r.Streaming.MaxEffectiveScreenSize:0]]
[2022.03.04-17.23.22:826][  0]LogConfig: Applying CVar settings from Section [EffectsQuality@3] File [C:/Users/andres.perez/Documents/GitHub/PruebasNox/NoxIA/Saved/Config/Windows/Scalability.ini]
[2022.03.04-17.23.22:826][  0]LogConfig: Setting CVar [[r.TranslucencyLightingVolumeDim:64]]
[2022.03.04-17.23.22:826][  0]LogConfig: Setting CVar [[r.RefractionQuality:2]]
[2022.03.04-17.23.22:826][  0]LogConfig: Setting CVar [[r.SSR.Quality:3]]
[2022.03.04-17.23.22:826][  0]LogConfig: Setting CVar [[r.SSR.HalfResSceneColor:0]]
[2022.03.04-17.23.22:826][  0]LogConfig: Setting CVar [[r.SceneColorFormat:4]]
[2022.03.04-17.23.22:826][  0]LogConfig: Setting CVar [[r.DetailMode:2]]
[2022.03.04-17.23.22:827][  0]LogConfig: Setting CVar [[r.TranslucencyVolumeBlur:1]]
[2022.03.04-17.23.22:827][  0]LogConfig: Setting CVar [[r.MaterialQualityLevel:1 ; High quality]]
[2022.03.04-17.23.22:827][  0]LogConfig: Setting CVar [[r.AnisotropicMaterials:1]]
[2022.03.04-17.23.22:827][  0]LogConfig: Setting CVar [[r.SSS.Scale:1]]
[2022.03.04-17.23.22:827][  0]LogConfig: Setting CVar [[r.SSS.SampleSet:2]]
[2022.03.04-17.23.22:827][  0]LogConfig: Setting CVar [[r.SSS.Quality:1]]
[2022.03.04-17.23.22:827][  0]LogConfig: Setting CVar [[r.SSS.HalfRes:0]]
[2022.03.04-17.23.22:827][  0]LogConfig: Setting CVar [[r.SSGI.Quality:3]]
[2022.03.04-17.23.22:827][  0]LogConfig: Setting CVar [[r.EmitterSpawnRateScale:1.0]]
[2022.03.04-17.23.22:827][  0]LogConfig: Setting CVar [[r.ParticleLightQuality:2]]
[2022.03.04-17.23.22:827][  0]LogConfig: Setting CVar [[r.SkyAtmosphere.AerialPerspectiveLUT.FastApplyOnOpaque:1 ; Always have FastSkyLUT 1 in this case to avoid wrong sky]]
[2022.03.04-17.23.22:828][  0]LogConfig: Setting CVar [[r.SkyAtmosphere.AerialPerspectiveLUT.SampleCountMaxPerSlice:4]]
[2022.03.04-17.23.22:828][  0]LogConfig: Setting CVar [[r.SkyAtmosphere.AerialPerspectiveLUT.DepthResolution:16.0]]
[2022.03.04-17.23.22:828][  0]LogConfig: Setting CVar [[r.SkyAtmosphere.FastSkyLUT:1]]
[2022.03.04-17.23.22:828][  0]LogConfig: Setting CVar [[r.SkyAtmosphere.FastSkyLUT.SampleCountMin:4.0]]
[2022.03.04-17.23.22:828][  0]LogConfig: Setting CVar [[r.SkyAtmosphere.FastSkyLUT.SampleCountMax:128.0]]
[2022.03.04-17.23.22:828][  0]LogConfig: Setting CVar [[r.SkyAtmosphere.SampleCountMin:4.0]]
[2022.03.04-17.23.22:828][  0]LogConfig: Setting CVar [[r.SkyAtmosphere.SampleCountMax:128.0]]
[2022.03.04-17.23.22:828][  0]LogConfig: Setting CVar [[r.SkyAtmosphere.TransmittanceLUT.UseSmallFormat:0]]
[2022.03.04-17.23.22:828][  0]LogConfig: Setting CVar [[r.SkyAtmosphere.TransmittanceLUT.SampleCount:10.0]]
[2022.03.04-17.23.22:828][  0]LogConfig: Setting CVar [[r.SkyAtmosphere.MultiScatteringLUT.SampleCount:15.0]]
[2022.03.04-17.23.22:828][  0]LogConfig: Setting CVar [[r.SkyLight.RealTimeReflectionCapture:1]]
[2022.03.04-17.23.22:829][  0]LogConfig: Applying CVar settings from Section [FoliageQuality@3] File [C:/Users/andres.perez/Documents/GitHub/PruebasNox/NoxIA/Saved/Config/Windows/Scalability.ini]
[2022.03.04-17.23.22:829][  0]LogConfig: Setting CVar [[foliage.DensityScale:1.0]]
[2022.03.04-17.23.22:829][  0]LogConfig: Setting CVar [[grass.DensityScale:1.0]]
[2022.03.04-17.23.22:829][  0]LogConfig: Applying CVar settings from Section [ShadingQuality@3] File [C:/Users/andres.perez/Documents/GitHub/PruebasNox/NoxIA/Saved/Config/Windows/Scalability.ini]
[2022.03.04-17.23.22:829][  0]LogConfig: Setting CVar [[r.HairStrands.SkyLighting.IntegrationType:2]]
[2022.03.04-17.23.22:829][  0]LogConfig: Setting CVar [[r.HairStrands.SkyAO.SampleCount:4]]
[2022.03.04-17.23.22:829][  0]LogConfig: Setting CVar [[r.HairStrands.Visibility.MSAA.SamplePerPixel:4]]
[2022.03.04-17.23.22:829][  0]LogConfig: Applying CVar settings from Section [Startup] File [../../../Engine/Config/ConsoleVariables.ini]
[2022.03.04-17.23.22:830][  0]LogConfig: Setting CVar [[net.UseAdaptiveNetUpdateFrequency:0]]
[2022.03.04-17.23.22:830][  0]LogConfig: Setting CVar [[p.chaos.AllowCreatePhysxBodies:1]]
[2022.03.04-17.23.22:830][  0]LogConfig: Setting CVar [[fx.SkipVectorVMBackendOptimizations:1]]
[2022.03.04-17.23.22:830][  0]LogConfig: Applying CVar settings from Section [ConsoleVariables] File [C:/Users/andres.perez/Documents/GitHub/PruebasNox/NoxIA/Saved/Config/Windows/Engine.ini]
[2022.03.04-17.23.22:831][  0]LogConfig: Applying CVar settings from Section [ConsoleVariables] File [C:/Users/andres.perez/Documents/GitHub/PruebasNox/NoxIA/Saved/Config/Windows/Editor.ini]
[2022.03.04-17.23.22:831][  0]LogInit: Computer: UTWKS0871
[2022.03.04-17.23.22:831][  0]LogInit: User: andresperez
[2022.03.04-17.23.22:831][  0]LogInit: CPU Page size=4096, Cores=18
[2022.03.04-17.23.22:831][  0]LogInit: High frequency timer resolution =10.000000 MHz
[2022.03.04-17.23.22:831][  0]LogMemory: Memory total: Physical=31.7GB (32GB approx)
[2022.03.04-17.23.22:831][  0]LogMemory: Platform Memory Stats for Windows
[2022.03.04-17.23.22:832][  0]LogMemory: Process Physical Memory: 151.68 MB used, 151.69 MB peak
[2022.03.04-17.23.22:832][  0]LogMemory: Process Virtual Memory: 129.75 MB used, 129.75 MB peak
[2022.03.04-17.23.22:832][  0]LogMemory: Physical Memory: 9847.91 MB used,  22630.12 MB free, 32478.03 MB total
[2022.03.04-17.23.22:832][  0]LogMemory: Virtual Memory: 134193136.00 MB used,  24590.71 MB free, 134217728.00 MB total
[2022.03.04-17.23.22:842][  0]LogWindows: WindowsPlatformFeatures enabled
[2022.03.04-17.23.23:051][  0]LogInit: Physics initialised using underlying interface: PhysX
[2022.03.04-17.23.23:053][  0]LogInit: Using OS detected language (en-US).
[2022.03.04-17.23.23:053][  0]LogInit: Using OS detected locale (es-ES).
[2022.03.04-17.23.23:058][  0]LogTextLocalizationManager: No specific localization for 'en-US' exists, so the 'en' localization will be used.
[2022.03.04-17.23.23:237][  0]LogInit: Setting process to per monitor DPI aware
[2022.03.04-17.23.23:292][  0]LogWindowsTextInputMethodSystem: Display: IME system deactivated.
[2022.03.04-17.23.23:335][  0]LogSlate: New Slate User Created.  User Index 0, Is Virtual User: 0
[2022.03.04-17.23.23:335][  0]LogSlate: Slate User Registered.  User Index 0, Is Virtual User: 0
[2022.03.04-17.23.23:459][  0]LogD3D11RHI: Loaded GFSDK_Aftermath_Lib.x64.dll
[2022.03.04-17.23.23:468][  0]LogHMD: Failed to initialize OpenVR with code 110
[2022.03.04-17.23.23:468][  0]LogD3D11RHI: D3D11 min allowed feature level: 11_0
[2022.03.04-17.23.23:468][  0]LogD3D11RHI: D3D11 max allowed feature level: 11_0
[2022.03.04-17.23.23:469][  0]LogD3D11RHI: D3D11 adapters:
[2022.03.04-17.23.23:701][  0]LogD3D11RHI:    0. 'NVIDIA GeForce RTX 3080' (Feature Level 11_0)
[2022.03.04-17.23.23:701][  0]LogD3D11RHI:       10078/0/16239 MB DedicatedVideo/DedicatedSystem/SharedSystem, Outputs:1, VendorId:0x10de
[2022.03.04-17.23.23:713][  0]LogD3D11RHI:    1. 'Microsoft Basic Render Driver' (Feature Level 11_0)
[2022.03.04-17.23.23:713][  0]LogD3D11RHI:       0/0/16239 MB DedicatedVideo/DedicatedSystem/SharedSystem, Outputs:0, VendorId:0x1414
[2022.03.04-17.23.23:713][  0]LogD3D11RHI: Chosen D3D11 Adapter:
[2022.03.04-17.23.23:714][  0]LogD3D11RHI:     Description : NVIDIA GeForce RTX 3080
[2022.03.04-17.23.23:714][  0]LogD3D11RHI:     VendorId    : 10de
[2022.03.04-17.23.23:714][  0]LogD3D11RHI:     DeviceId    : 2206
[2022.03.04-17.23.23:714][  0]LogD3D11RHI:     SubSysId    : 38911028
[2022.03.04-17.23.23:714][  0]LogD3D11RHI:     Revision    : 00a1
[2022.03.04-17.23.23:715][  0]LogD3D11RHI:     DedicatedVideoMemory : 10567548928 bytes
[2022.03.04-17.23.23:715][  0]LogD3D11RHI:     DedicatedSystemMemory : 0 bytes
[2022.03.04-17.23.23:715][  0]LogD3D11RHI:     SharedSystemMemory : 17027842048 bytes
[2022.03.04-17.23.23:715][  0]LogD3D11RHI:     AdapterLuid : 0 100838
[2022.03.04-17.23.23:729][  0]LogD3D11RHI: Creating new Direct3DDevice
[2022.03.04-17.23.23:729][  0]LogD3D11RHI:     GPU DeviceId: 0x2206 (for the marketing name, search the web for "GPU Device Id")
[2022.03.04-17.23.23:730][  0]LogWindows: EnumDisplayDevices:
[2022.03.04-17.23.23:730][  0]LogWindows:    0. 'NVIDIA GeForce RTX 3080' (P:1 D:1)
[2022.03.04-17.23.23:731][  0]LogWindows:    1. 'NVIDIA GeForce RTX 3080' (P:0 D:0)
[2022.03.04-17.23.23:731][  0]LogWindows:    2. 'NVIDIA GeForce RTX 3080' (P:0 D:0)
[2022.03.04-17.23.23:732][  0]LogWindows:    3. 'NVIDIA GeForce RTX 3080' (P:0 D:0)
[2022.03.04-17.23.23:733][  0]LogWindows: DebugString: FoundDriverCount:4 
[2022.03.04-17.23.23:733][  0]LogD3D11RHI:     Adapter Name: NVIDIA GeForce RTX 3080
[2022.03.04-17.23.23:733][  0]LogD3D11RHI:   Driver Version: 462.31 (internal:27.21.14.6231, unified:462.31)
[2022.03.04-17.23.23:733][  0]LogD3D11RHI:      Driver Date: 4-8-2021
[2022.03.04-17.23.23:733][  0]LogRHI: Texture pool is 7054 MB (70% of 10078 MB)
[2022.03.04-17.23.23:734][  0]LogD3D11RHI: Creating D3DDevice using adapter:
[2022.03.04-17.23.23:734][  0]LogD3D11RHI:     Description : NVIDIA GeForce RTX 3080
[2022.03.04-17.23.23:734][  0]LogD3D11RHI:     VendorId    : 10de
[2022.03.04-17.23.23:734][  0]LogD3D11RHI:     DeviceId    : 2206
[2022.03.04-17.23.23:734][  0]LogD3D11RHI:     SubSysId    : 38911028
[2022.03.04-17.23.23:734][  0]LogD3D11RHI:     Revision    : 00a1
[2022.03.04-17.23.23:735][  0]LogD3D11RHI:     DedicatedVideoMemory : 10567548928 bytes
[2022.03.04-17.23.23:735][  0]LogD3D11RHI:     DedicatedSystemMemory : 0 bytes
[2022.03.04-17.23.23:735][  0]LogD3D11RHI:     SharedSystemMemory : 17027842048 bytes
[2022.03.04-17.23.23:735][  0]LogD3D11RHI:     AdapterLuid : 0 100838
[2022.03.04-17.23.23:901][  0]LogD3D11RHI: RHI has support for 64 bit atomics
[2022.03.04-17.23.23:901][  0]LogD3D11RHI: Async texture creation enabled
[2022.03.04-17.23.23:901][  0]LogD3D11RHI: Array index from any shader is supported
[2022.03.04-17.23.23:932][  0]LogD3D11RHI: GPU Timing Frequency: 1000.000000 (Debug: 2 1)
[2022.03.04-17.23.24:012][  0]LogRHI: GeForceNow SDK initialized: 1
[2022.03.04-17.23.24:364][  0]LogTargetPlatformManager: Display: Loaded TargetPlatform 'AllDesktop'
[2022.03.04-17.23.24:401][  0]LogTargetPlatformManager: Display: Loaded TargetPlatform 'Android'
[2022.03.04-17.23.24:402][  0]LogTargetPlatformManager: Display: Loaded TargetPlatform 'Android_ASTC'
[2022.03.04-17.23.24:402][  0]LogTargetPlatformManager: Display: Loaded TargetPlatform 'Android_DXT'
[2022.03.04-17.23.24:402][  0]LogTargetPlatformManager: Display: Loaded TargetPlatform 'Android_ETC2'
[2022.03.04-17.23.24:402][  0]LogTargetPlatformManager: Display: Loaded TargetPlatform 'AndroidClient'
[2022.03.04-17.23.24:402][  0]LogTargetPlatformManager: Display: Loaded TargetPlatform 'Android_ASTCClient'
[2022.03.04-17.23.24:402][  0]LogTargetPlatformManager: Display: Loaded TargetPlatform 'Android_DXTClient'
[2022.03.04-17.23.24:402][  0]LogTargetPlatformManager: Display: Loaded TargetPlatform 'Android_ETC2Client'
[2022.03.04-17.23.24:403][  0]LogTargetPlatformManager: Display: Loaded TargetPlatform 'Android_Multi'
[2022.03.04-17.23.24:403][  0]LogTargetPlatformManager: Display: Loaded TargetPlatform 'Android_MultiClient'
[2022.03.04-17.23.24:450][  0]LogTargetPlatformManager: Display: Loaded TargetPlatform 'IOSClient'
[2022.03.04-17.23.24:450][  0]LogTargetPlatformManager: Display: Loaded TargetPlatform 'IOS'
[2022.03.04-17.23.24:476][  0]LogTargetPlatformManager: Display: Loaded TargetPlatform 'Linux'
[2022.03.04-17.23.24:489][  0]LogTargetPlatformManager: Display: Loaded TargetPlatform 'LinuxNoEditor'
[2022.03.04-17.23.24:503][  0]LogTargetPlatformManager: Display: Loaded TargetPlatform 'LinuxClient'
[2022.03.04-17.23.24:516][  0]LogTargetPlatformManager: Display: Loaded TargetPlatform 'LinuxServer'
[2022.03.04-17.23.24:539][  0]LogTargetPlatformManager: Display: Loaded TargetPlatform 'LinuxAArch64NoEditor'
[2022.03.04-17.23.24:553][  0]LogTargetPlatformManager: Display: Loaded TargetPlatform 'LinuxAArch64Client'
[2022.03.04-17.23.24:562][  0]LogTargetPlatformManager: Display: Loaded TargetPlatform 'LinuxAArch64Server'
[2022.03.04-17.23.24:606][  0]LogTargetPlatformManager: Display: Loaded TargetPlatform 'Lumin'
[2022.03.04-17.23.24:606][  0]LogTargetPlatformManager: Display: Loaded TargetPlatform 'LuminClient'
[2022.03.04-17.23.24:622][  0]LogTargetPlatformManager: Display: Loaded TargetPlatform 'MacNoEditor'
[2022.03.04-17.23.24:634][  0]LogTargetPlatformManager: Display: Loaded TargetPlatform 'Mac'
[2022.03.04-17.23.24:646][  0]LogTargetPlatformManager: Display: Loaded TargetPlatform 'MacClient'
[2022.03.04-17.23.24:657][  0]LogTargetPlatformManager: Display: Loaded TargetPlatform 'MacServer'
[2022.03.04-17.23.24:682][  0]LogTargetPlatformManager: Display: Loaded TargetPlatform 'TVOSClient'
[2022.03.04-17.23.24:682][  0]LogTargetPlatformManager: Display: Loaded TargetPlatform 'TVOS'
[2022.03.04-17.23.24:708][  0]LogTargetPlatformManager: Display: Loaded TargetPlatform 'WindowsNoEditor'
[2022.03.04-17.23.24:722][  0]LogTargetPlatformManager: Display: Loaded TargetPlatform 'Windows'
[2022.03.04-17.23.24:735][  0]LogTargetPlatformManager: Display: Loaded TargetPlatform 'WindowsClient'
[2022.03.04-17.23.24:749][  0]LogTargetPlatformManager: Display: Loaded TargetPlatform 'WindowsServer'
[2022.03.04-17.23.24:751][  0]LogTargetPlatformManager: Display: Building Assets For Windows
[2022.03.04-17.23.24:781][  0]LogAudioDebug: Display: Lib vorbis DLL was dynamically loaded.
[2022.03.04-17.23.24:860][  0]LogTextureFormatOodle: Display: Oodle Texture 2.9.0 init RDO Off
[2022.03.04-17.23.24:985][  0]LogRendererCore: Ray tracing is disabled. Reason: r.RayTracing=0.
[2022.03.04-17.23.24:987][  0]LogShaderCompilers: Guid format shader working directory is -17 characters bigger than the processId version (../../../../../../Users/andres.perez/Documents/GitHub/PruebasNox/NoxIA/Intermediate/Shaders/WorkingDirectory/6716/).
[2022.03.04-17.23.24:987][  0]LogShaderCompilers: Cleaned the shader compiler working directory 'C:/Users/andres.perez/AppData/Local/Temp/UnrealShaderWorkingDir/AB0EAEC442BBADEB15CFECA219EC62B5/'.
[2022.03.04-17.23.24:987][  0]LogXGEController: Cannot use XGE Controller as Incredibuild is not installed on this machine.
[2022.03.04-17.23.24:988][  0]LogShaderCompilers: Cannot use XGE Shader Compiler as Incredibuild is not installed on this machine.
[2022.03.04-17.23.24:988][  0]LogShaderCompilers: Display: Using Local Shader Compiler.
[2022.03.04-17.23.25:678][  0]LogDerivedDataCache: Display: Max Cache Size: 512 MB
[2022.03.04-17.23.25:734][  0]LogDerivedDataCache: Loaded boot cache 0.06s 99MB C:/Users/andres.perez/AppData/Local/UnrealEngine/4.27/DerivedDataCache/Boot.ddc.
[2022.03.04-17.23.25:734][  0]LogDerivedDataCache: Display: Loaded Boot cache: C:/Users/andres.perez/AppData/Local/UnrealEngine/4.27/DerivedDataCache/Boot.ddc
[2022.03.04-17.23.25:734][  0]LogDerivedDataCache: FDerivedDataBackendGraph:  Pak pak cache file ../../../../../../Users/andres.perez/Documents/GitHub/PruebasNox/NoxIA/DerivedDataCache/DDC.ddp not found, will not use a pak cache.
[2022.03.04-17.23.25:735][  0]LogDerivedDataCache: Unable to find inner node Pak for hierarchical cache Hierarchy.
[2022.03.04-17.23.25:735][  0]LogDerivedDataCache: FDerivedDataBackendGraph:  CompressedPak pak cache file ../../../../../../Users/andres.perez/Documents/GitHub/PruebasNox/NoxIA/DerivedDataCache/Compressed.ddp not found, will not use a pak cache.
[2022.03.04-17.23.25:735][  0]LogDerivedDataCache: Unable to find inner node CompressedPak for hierarchical cache Hierarchy.
[2022.03.04-17.23.25:753][  0]LogDerivedDataCache: Display: Pak cache opened for reading ../../../Engine/DerivedDataCache/Compressed.ddp.
[2022.03.04-17.23.25:753][  0]LogDerivedDataCache: FDerivedDataBackendGraph:  EnterprisePak pak cache file ../../../Enterprise/DerivedDataCache/Compressed.ddp not found, will not use a pak cache.
[2022.03.04-17.23.25:753][  0]LogDerivedDataCache: Unable to find inner node EnterprisePak for hierarchical cache Hierarchy.
[2022.03.04-17.23.25:768][  0]LogDerivedDataCache: Speed tests for C:/Users/andres.perez/AppData/Local/UnrealEngine/Common/DerivedDataCache took 0.01 seconds
[2022.03.04-17.23.25:769][  0]LogDerivedDataCache: Display: Performance to C:/Users/andres.perez/AppData/Local/UnrealEngine/Common/DerivedDataCache: Latency=0.04ms. RandomReadSpeed=721.86MBs, RandomWriteSpeed=72.24MBs. Assigned SpeedClass 'Local'
[2022.03.04-17.23.25:772][  0]LogDerivedDataCache: Using Local data cache path C:/Users/andres.perez/AppData/Local/UnrealEngine/Common/DerivedDataCache: Writable
[2022.03.04-17.23.25:773][  0]LogDerivedDataCache: Shared data cache path not found in *engine.ini, will not use an Shared cache.
[2022.03.04-17.23.25:773][  0]LogDerivedDataCache: Unable to find inner node Shared for hierarchical cache Hierarchy.
[2022.03.04-17.23.25:821][  0]LogSlate: Using FreeType 2.10.0
[2022.03.04-17.23.25:822][  0]LogSlate: SlateFontServices - WITH_FREETYPE: 1, WITH_HARFBUZZ: 1
[2022.03.04-17.23.25:875][  0]LogAssetRegistry: FAssetRegistry took 0.0093 seconds to start up
[2022.03.04-17.23.26:087][  0]LogInit: Selected Device Profile: [Windows]
[2022.03.04-17.23.26:087][  0]LogInit: Active device profile: [00000181E678EA00][00000181E5E4DB00 49] Windows
[2022.03.04-17.23.26:087][  0]LogInit: Profiles: [00000181E678EA00][00000181E5E4DB00 49] Windows, [00000181E67AD800][00000181E7050100 49] WindowsNoEditor, [00000181E678D800][00000181E7094280 49] WindowsServer, [00000181E67AE200][00000181E7098400 49] WindowsClient, [00000181E678E100][00000181E70A0580 49] IOS, [00000181E67AD600][00000181E70A4700 49] iPadAir, [00000181E678E600][00000181E0E44840 49] iPadAir2, [00000181E666B100][00000181E70C4A80 49] IPadPro, [00000181E666B200][00000181E70C0AC0 49] iPadAir3, [00000181E678D000][00000181DEE76C40 49] iPadAir4, [00000181E666B700][00000181DEE7ADC0 49] iPadMini2, [00000181E678DF00][00000181DEE7EF40 49] iPadMini3, [00000181E6669600][00000181DEE830C0 49] iPadMini4, [00000181E678CF00][00000181E7217240 49] iPadMini5, [00000181E66A6600][00000181E7223500 49] iPhone6, [00000181E66A6700][00000181E721F540 49] iPodTouch6, [00000181E6669200][00000181E7237800 49] iPhone7, [00000181E6669100][00000181E7233840 49] iPodTouch7, [00000181E66A5C00][00000181E723B9C0 49] iPhone5S, [00000181E6668C00][00000181E723FB40 49] iPhone6Plus, [00000181E66A5600][00000181E7242140 49] iPhone6S, [00000181E666AA00][00000181E72462C0 49] iPhone6SPlus, [00000181E66A6500][00000181E724A440 49] iPhone7Plus, [00000181E6668F00][00000181E724E5C0 49] iPhoneSE, [00000181E66A5B00][00000181E7252740 49] iPhone8, [00000181E666B500][00000181E725A8C0 49] iPhone8Plus, [00000181E66A4100][00000181DEE72A00 49] iPhoneX, [00000181E666B600][00000181DEEB0B40 49] iPhoneXS, [00000181E66A6800][00000181DEEDCC80 49] iPhoneXSMax, [00000181E666A900][00000181DEEE0DC0 49] iPhoneXR, [00000181E66A5E00][00000181DF46EF40 49] iPhone11, [00000181E6668700][00000181DF47D0C0 49] iPhone11Pro, [00000181E66A5100][00000181DF481240 49] iPhone11ProMax, [00000181E666AC00][00000181DF4853C0 49] iPhoneSE2, [00000181E66A7B00][00000181DF489540 49] iPhone12Mini, [00000181E666A100][00000181DF48D6C0 49] iPhone12, [00000181E66A4A00][00000181DF491840 49] iPhone12Pro, [00000181E666BB00][00000181E089F9C0 49] iPhone12ProMax, [00000181E66A7900][00000181DF495B40 49] iPadPro105, [00000181E666B800][00000181DF498140 49] iPadPro129, [00000181E66A4300][00000181DF49C2C0 49] iPadPro97, [00000181E6668600][00000181DF4A0440 49] iPadPro2_129, [00000181E66A7600][00000181DF4A45C0 49] iPad5, [00000181E6668100][00000181DF4A8740 49] iPad6, [00000181E66A5800][00000181E703C8C0 49] iPad7, [00000181E666B300][00000181E7040A40 49] iPad8, [00000181E66A6D00][00000181DF46AB80 49] iPadPro11, [00000181E6669300][00000181E7044CC0 49] iPadPro2_11, [00000181E66A7800][00000181E7048E00 49] iPadPro3_129, [00000181E67AE300][00000181DAF92F40 49] iPadPro4_129, [00000181E68B4300][00000181DAF9B0C0 49] AppleTV, [00000181E67AF600][00000181DAF9F240 49] AppleTV4K, [00000181E68B4200][00000181DAFA33C0 49] TVOS, [00000181E67AEC00][00000181DAFA7540 49] Mac, [00000181E68B5400][00000181E6EB16C0 49] MacClient, [00000181E67AC200][00000181E6EB5840 49] MacNoEditor, [00000181E68B5200][00000181E6EC19C0 49] MacServer, [00000181E67AF400][00000181E6EC5B40 49] Linux, [00000181E68B5600][00000181E6EC8140 49] LinuxAArch64, [00000181E67AE400][00000181E765C2C0 49] LinuxNoEditor, [00000181E68B5500][00000181E7660440 49] LinuxAArch64NoEditor, [00000181E67AF500][00000181E76685C0 49] LinuxClient, [00000181E68B5800][00000181E766C740 49] LinuxAArch64Client, [00000181E66A4600][00000181E71E28C0 49] LinuxServer, [00000181E666B000][00000181E71E6A40 49] LinuxAArch64Server, [00000181E66A5200][00000181E71EABC0 49] Android, [00000181E666A800][00000181E71EED40 49] Android_Low, [00000181E66A5400][00000181DAF96E80 49] Android_Mid, [00000181E6668900][00000181E71F2FC0 49] Android_High, [00000181E66A4200][00000181E71F7100 49] Android_Default, [00000181E666BC00][00000181E0891280 49] Android_Adreno4xx, [00000181E66A4F00][00000181E7207400 49] Android_Adreno5xx_Low, [00000181E6669F00][00000181DEE45580 49] Android_Adreno5xx, [00000181E66A5F00][00000181E7275700 49] Android_Adreno6xx, [00000181E666AF00][00000181E7279880 49] Android_Adreno6xx_Vulkan, [00000181E66A4500][00000181E727DA00 49] Android_Mali_T6xx, [00000181E6669500][00000181E7285B80 49] Android_Mali_T7xx, [00000181E66A7000][00000181E72C2180 49] Android_Mali_T8xx, [00000181E666A600][00000181E72C6300 49] Android_Mali_G71, [00000181E66A7D00][00000181E72F6480 49] Android_Mali_G72, [00000181E6668E00][00000181E72FA600 49] Android_Mali_G72_Vulkan, [00000181E66A6C00][00000181E72FE780 49] Android_Mali_G76, [00000181E6669C00][00000181E6E60900 49] Android_Mali_G76_Vulkan, [00000181E66A4E00][00000181E6E64A80 49] Android_Mali_G77, [00000181E6668400][00000181E6E68C00 49] Android_Mali_G77_Vulkan, [00000181E66A5700][00000181E7034D80 49] Android_Mali_G78, [00000181E68B5A00][00000181E7038F00 49] Android_Mali_G78_Vulkan, [00000181E66A6100][00000181E088D040 49] Android_Mali_G710, [00000181E68B4100][00000181E7281180 49] Android_Mali_G710_Vulkan, [00000181E66A4800][00000181E6E792C0 49] Android_Vulkan_SM5, [00000181E68B5300][00000181DAF89440 49] Android_PowerVR_G6xxx, [00000181E66A7400][00000181E72715C0 49] Android_PowerVR_GT7xxx, [00000181E6669900][00000181E72F3740 49] Android_PowerVR_GE8xxx, [00000181E66A7200][00000181DAF8D8C0 49] Android_PowerVR_GM9xxx, [00000181E6668200][00000181E7319A40 49] Android_PowerVR_GM9xxx_Vulkan, [00000181E66A7700][00000181E731DBC0 49] Android_TegraK1, [00000181E666AE00][00000181E73201C0 49] Android_Unknown_Vulkan, [00000181E66A6900][00000181E7324340 49] Lumin, [00000181E666AD00][00000181E73284C0 49] Lumin_Desktop, [00000181E66A4D00][00000181E732C640 49] HoloLens, 
[2022.03.04-17.23.26:263][  0]LogMeshReduction: Using QuadricMeshReduction for automatic static mesh reduction
[2022.03.04-17.23.26:263][  0]LogMeshReduction: Using SimplygonMeshReduction for automatic skeletal mesh reduction
[2022.03.04-17.23.26:263][  0]LogMeshReduction: Using ProxyLODMeshReduction for automatic mesh merging
[2022.03.04-17.23.26:263][  0]LogMeshReduction: No distributed automatic mesh merging module available
[2022.03.04-17.23.26:264][  0]LogMeshMerging: No distributed automatic mesh merging module available
[2022.03.04-17.23.26:294][  0]LogNetVersion: NoxIA 1.0.0, NetCL: 17155196, EngineNetVer: 17, GameNetVer: 0 (Checksum: 2402441128)
[2022.03.04-17.23.26:879][  0]LogTexture: Default maximum texture size for cubemaps generated from long-lat sources has been changed from 512 to unlimited. In order to preserve old behaiour for '/Engine/MapTemplates/Sky/DaylightAmbientCubemap.DaylightAmbientCubemap', its maximum texture size has been explicitly set to 512.
[2022.03.04-17.23.26:968][  0]LogHMD: PokeAHoleMaterial loaded successfully
[2022.03.04-17.23.26:975][  0]LogUObjectArray: 17178 objects as part of root set at end of initial load.
[2022.03.04-17.23.26:975][  0]LogUObjectAllocator: 4302048 out of 0 bytes used by permanent object pool.
[2022.03.04-17.23.26:975][  0]LogUObjectArray: CloseDisregardForGC: 0/0 objects in disregard for GC pool
[2022.03.04-17.23.27:608][  0]LogPython: Using Python 3.7.7
[2022.03.04-17.23.28:126][  0]LogNiagaraDebuggerClient: Niagara Debugger Client Initialized | Session: FA38DC904C0C9804D588CF98752A35B1 | Instance: F8A67A9B46C22AC69DF1E19A13A04FFF (UTWKS0871-6716).
[2022.03.04-17.23.28:220][  0]LogUdpMessaging: Initializing bridge on interface 0.0.0.0:0 to multicast group 230.0.0.1:6666.
[2022.03.04-17.23.28:405][  0]LogTcpMessaging: Initializing TcpMessaging bridge
[2022.03.04-17.23.28:911][  0]SourceControl: Source control is disabled
[2022.03.04-17.23.28:911][  0]SourceControl: Source control is disabled
[2022.03.04-17.23.28:931][  0]SourceControl: Source control is disabled
[2022.03.04-17.23.28:943][  0]SourceControl: Source control is disabled
[2022.03.04-17.23.28:964][  0]SourceControl: Source control is disabled
[2022.03.04-17.23.28:969][  0]LogUProjectInfo: Found projects:
[2022.03.04-17.23.29:270][  0]LogOpenImageDenoise: OIDN starting up
[2022.03.04-17.23.29:357][  0]LogAndroidPermission: UAndroidPermissionCallbackProxy::GetInstance
[2022.03.04-17.23.29:383][  0]LogAudioCaptureCore: Display: No Audio Capture implementations found. Audio input will be silent.
[2022.03.04-17.23.29:383][  0]LogAudioCaptureCore: Display: No Audio Capture implementations found. Audio input will be silent.
[2022.03.04-17.23.29:620][  0]LogCollectionManager: Loaded 0 collections in 0.002785 seconds
[2022.03.04-17.23.29:662][  0]LogFileCache: Scanning file cache for directory 'C:/Users/andres.perez/Documents/GitHub/PruebasNox/NoxIA/Saved/Collections/' took 0.00s
[2022.03.04-17.23.29:662][  0]LogFileCache: Scanning file cache for directory 'C:/Users/andres.perez/Documents/GitHub/PruebasNox/NoxIA/Content/Developers/andresperez/Collections/' took 0.01s
[2022.03.04-17.23.29:662][  0]LogFileCache: Scanning file cache for directory 'C:/Users/andres.perez/Documents/GitHub/PruebasNox/NoxIA/Content/Collections/' took 0.00s
[2022.03.04-17.23.29:663][  0]LogOcInput: OculusInput pre-init called
[2022.03.04-17.23.30:140][  0]LogEngine: Initializing Engine...
[2022.03.04-17.23.30:146][  0]LogHMD: Failed to enumerate extensions. Please check that you have a valid OpenXR runtime installed.
[2022.03.04-17.23.30:147][  0]LogHMD: Failed to initialize OpenVR with code 110
[2022.03.04-17.23.30:147][  0]LogMagicLeap: Warning: VR disabled because ZI is not enabled.  To enable, in the editor, Edit -> Project Settings -> Plugins -> Magic Leap Plugin -> Enable Zero Iteration
[2022.03.04-17.23.30:149][  0]LogStats: UGameplayTagsManager::InitializeManager -  0.000 s
[2022.03.04-17.23.30:274][  0]LogInit: Initializing FReadOnlyCVARCache
[2022.03.04-17.23.30:298][  0]LogAIModule: Creating AISystem for world Untitled
[2022.03.04-17.23.30:299][  0]LogAudio: Display: Initializing Audio Device Manager...
[2022.03.04-17.23.30:309][  0]LogAudio: Display: Loading Default Audio Settings Objects...
[2022.03.04-17.23.30:311][  0]LogAudio: Display: No default SoundConcurrencyObject specified (or failed to load).
[2022.03.04-17.23.30:312][  0]LogAudio: Display: Audio Device Manager Initialized
[2022.03.04-17.23.30:312][  0]LogAudio: Display: Creating Audio Device:                 Id: 1, Scope: Shared, Realtime: True
[2022.03.04-17.23.30:312][  0]LogAudioMixer: Display: Audio Mixer Platform Settings:
[2022.03.04-17.23.30:312][  0]LogAudioMixer: Display: 	Sample Rate:						  48000
[2022.03.04-17.23.30:313][  0]LogAudioMixer: Display: 	Callback Buffer Frame Size Requested: 1024
[2022.03.04-17.23.30:313][  0]LogAudioMixer: Display: 	Callback Buffer Frame Size To Use:	  1024
[2022.03.04-17.23.30:313][  0]LogAudioMixer: Display: 	Number of buffers to queue:			  2
[2022.03.04-17.23.30:313][  0]LogAudioMixer: Display: 	Max Channels (voices):				  32
[2022.03.04-17.23.30:314][  0]LogAudioMixer: Display: 	Number of Async Source Workers:		  0
[2022.03.04-17.23.30:314][  0]LogAudio: Display: AudioDevice MaxSources: 32
[2022.03.04-17.23.30:315][  0]LogAudio: Display: Audio Spatialization Plugin: None (built-in).
[2022.03.04-17.23.30:315][  0]LogAudio: Display: Audio Reverb Plugin: None (built-in).
[2022.03.04-17.23.30:315][  0]LogAudio: Display: Audio Occlusion Plugin: None (built-in).
[2022.03.04-17.23.30:315][  0]LogAudioMixer: Display: Initializing audio mixer.
[2022.03.04-17.23.30:343][  0]LogAudioMixer: Display: 0: FrontLeft
[2022.03.04-17.23.30:343][  0]LogAudioMixer: Display: 1: FrontRight
[2022.03.04-17.23.30:701][  0]LogAudioMixer: Display: Using Audio Device Speakers / Headphones (Realtek Audio)
[2022.03.04-17.23.30:703][  0]LogAudioMixer: Display: Initializing Sound Submixes...
[2022.03.04-17.23.30:705][  0]LogAudioMixer: Display: Creating Master Submix 'MasterSubmixDefault'
[2022.03.04-17.23.30:705][  0]LogAudioMixer: Display: Creating Master Submix 'MasterReverbSubmixDefault'
[2022.03.04-17.23.30:706][  0]LogAudioMixer: Display: Creating Master Submix 'MasterEQSubmixDefault'
[2022.03.04-17.23.30:707][  0]LogAudioMixer: FMixerPlatformXAudio2::StartAudioStream() called
[2022.03.04-17.23.30:707][  0]LogAudioMixer: Display: Output buffers initialized: Frames=1024, Channels=2, Samples=2048
[2022.03.04-17.23.30:710][  0]LogAudioMixer: Display: Starting AudioMixerPlatformInterface::RunInternal()
[2022.03.04-17.23.30:710][  0]LogAudioMixer: Display: FMixerPlatformXAudio2::SubmitBuffer() called for the first time
[2022.03.04-17.23.30:710][  0]LogInit: FAudioDevice initialized.
[2022.03.04-17.23.30:710][  0]LogAudio: Display: Audio Device (ID: 1) registered with world 'Untitled'.
[2022.03.04-17.23.30:710][  0]LogNetVersion: Set ProjectVersion to 1.0.0.0. Version Checksum will be recalculated on next use.
[2022.03.04-17.23.30:773][  0]LogDerivedDataCache: Saved boot cache 0.06s 99MB C:/Users/andres.perez/AppData/Local/UnrealEngine/4.27/DerivedDataCache/Boot.ddc.
[2022.03.04-17.23.30:774][  0]LogInit: Texture streaming: Enabled
[2022.03.04-17.23.30:806][  0]LogAnalytics: Display: [UEEditor.Rocket.Release] APIServer = https://datarouter.ol.epicgames.com/. AppVersion = 4.27.2-18319896+++UE4+Release-4.27
[2022.03.04-17.23.30:813][  0]LogEngineSessionManager: EngineSessionManager initialized
[2022.03.04-17.23.30:814][  0]LogEngineSessionManager: EngineSessionManager sent abnormal shutdown report. Type=Debugger, SessionId={B765A331-49C5-F0CA-AA94-5EBAAD9F5BBB}
[2022.03.04-17.23.30:814][  0]LogEngineSessionManager: EngineSessionManager sent abnormal shutdown report. Type=Debugger, SessionId={C464388C-4B53-D08D-B0B0-10ADB7B3DD5C}
[2022.03.04-17.23.30:814][  0]LogEditorSessionSummary: Verbose: Initializing EditorSessionSummaryWriter for editor session tracking
[2022.03.04-17.23.30:815][  0]LogEditorSessionSummary: EditorSessionSummaryWriter initialized
[2022.03.04-17.23.30:845][  0]LogInit: Transaction tracking system initialized
[2022.03.04-17.23.30:893][  0]BlueprintLog: New page: Editor Load
[2022.03.04-17.23.31:030][  0]LocalizationService: Localization service is disabled
[2022.03.04-17.23.31:092][  0]TimingProfiler: Initialize
[2022.03.04-17.23.31:092][  0]TimingProfiler: OnSessionChanged
[2022.03.04-17.23.31:093][  0]LoadingProfiler: Initialize
[2022.03.04-17.23.31:093][  0]LoadingProfiler: OnSessionChanged
[2022.03.04-17.23.31:093][  0]NetworkingProfiler: Initialize
[2022.03.04-17.23.31:093][  0]NetworkingProfiler: OnSessionChanged
[2022.03.04-17.23.31:094][  0]MemoryProfiler: Initialize
[2022.03.04-17.23.31:094][  0]MemoryProfiler: OnSessionChanged
[2022.03.04-17.23.31:319][  0]LogCook: Display: CookSettings for Memory: MemoryMaxUsedVirtual 0MiB, MemoryMaxUsedPhysical 16384MiB, MemoryMinFreeVirtual 0MiB, MemoryMinFreePhysical 1024MiB
[2022.03.04-17.23.31:319][  0]LogCook: Display: Mobile HDR setting 1
[2022.03.04-17.23.31:392][  0]LogFileCache: Scanning file cache for directory 'C:/Users/andres.perez/Documents/GitHub/PruebasNox/NoxIA/Content/' took 0.00s
[2022.03.04-17.23.31:935][  0]LogInit: Display: Engine is initialized. Leaving FEngineLoop::Init()
[2022.03.04-17.23.31:938][  0]SourceControl: Source control is disabled
[2022.03.04-17.23.31:938][  0]LogUnrealEdMisc: Loading editor; pre map load, took 10.800
[2022.03.04-17.23.31:938][  0]Cmd: MAP LOAD FILE="../../../../../../Users/andres.perez/Documents/GitHub/PruebasNox/NoxIA/Content/FirstPersonCPP/Maps/FirstPersonExampleMap.umap" TEMPLATE=0 SHOWPROGRESS=1 FEATURELEVEL=3
[2022.03.04-17.23.31:939][  0]LightingResults: New page: Lighting Build
[2022.03.04-17.23.31:940][  0]LogWorld: UWorld::CleanupWorld for Untitled, bSessionEnded=true, bCleanupResources=true
[2022.03.04-17.23.31:940][  0]LogSlate: InvalidateAllWidgets triggered.  All widgets were invalidated
[2022.03.04-17.23.31:940][  0]MapCheck: New page: Map Check
[2022.03.04-17.23.31:940][  0]LightingResults: New page: Lighting Build
[2022.03.04-17.23.31:951][  0]LogAudio: Display: Audio Device unregistered from world 'None'.
[2022.03.04-17.23.31:957][  0]LogUObjectHash: Compacting FUObjectHashTables data took   0.81ms
[2022.03.04-17.23.32:009][  0]LogAudio: Display: Audio Device (ID: 1) registered with world 'FirstPersonExampleMap'.
[2022.03.04-17.23.32:010][  0]LogAIModule: Creating AISystem for world FirstPersonExampleMap
[2022.03.04-17.23.32:065][  0]LogEditorServer: Finished looking for orphan Actors (0.000 secs)
[2022.03.04-17.23.32:079][  0]LogUObjectHash: Compacting FUObjectHashTables data took   0.88ms
[2022.03.04-17.23.32:080][  0]Cmd: MAP CHECKDEP NOCLEARLOG
[2022.03.04-17.23.32:080][  0]MapCheck: Map check complete: 0 Error(s), 0 Warning(s), took 0,128ms to complete.
[2022.03.04-17.23.32:080][  0]LogFileHelpers: Loading map 'FirstPersonExampleMap' took 0.143
[2022.03.04-17.23.32:083][  0]LogUnrealEdMisc: Total Editor Startup Time, took 10.945
[2022.03.04-17.23.32:259][  0]LogSlate: Updating window title bar state: overlay mode, drag disabled, window buttons hidden, title bar hidden
[2022.03.04-17.23.32:265][  0]LogSlate: Updating window title bar state: overlay mode, drag disabled, window buttons hidden, title bar hidden
[2022.03.04-17.23.32:271][  0]LogSlate: Updating window title bar state: overlay mode, drag disabled, window buttons hidden, title bar hidden
[2022.03.04-17.23.32:276][  0]LogSlate: Updating window title bar state: overlay mode, drag disabled, window buttons hidden, title bar hidden
[2022.03.04-17.23.32:289][  0]LogNativeClassHierarchy: Verbose: Native class hierarchy populated in 0.0094 seconds. Added 3832 classes and 932 folders.
[2022.03.04-17.23.32:294][  0]LogNativeClassHierarchy: Verbose: Native class hierarchy updated for 'WidgetCarousel' in 0.0003 seconds. Added 0 classes and 0 folders.
[2022.03.04-17.23.32:296][  0]LogPakFile: PakFile PrimaryIndexSize=187
[2022.03.04-17.23.32:296][  0]LogPakFile: PakFile PathHashIndexSize=101
[2022.03.04-17.23.32:297][  0]LogPakFile: PakFile FullDirectoryIndexSize=148
[2022.03.04-17.23.32:297][  0]LogShaderLibrary: Display: ShaderCodeLibraryPakFileMountedCallback: PakFile 'C:/Program Files/Epic Games/UE_4.27_2/FeaturePacks/FP_FirstPerson.upack' (chunk index -1, root 'root:/') mounted
[2022.03.04-17.23.32:297][  0]LogShaderLibrary: Display: ShaderCodeLibraryPakFileMountedCallback: pending pak file info (ChunkID:-1 Root:root:/ File:C:/Program Files/Epic Games/UE_4.27_2/FeaturePacks/FP_FirstPerson.upack)
[2022.03.04-17.23.32:297][  0]LogPakFile: OnPakFileMounted2Time == 0.000196
[2022.03.04-17.23.32:297][  0]LogPakFile: PakFile PrimaryIndexSize=189
[2022.03.04-17.23.32:298][  0]LogPakFile: PakFile PathHashIndexSize=101
[2022.03.04-17.23.32:298][  0]LogPakFile: PakFile FullDirectoryIndexSize=152
[2022.03.04-17.23.32:298][  0]LogShaderLibrary: Display: ShaderCodeLibraryPakFileMountedCallback: PakFile 'C:/Program Files/Epic Games/UE_4.27_2/FeaturePacks/FP_FirstPersonBP.upack' (chunk index -1, root 'root:/') mounted
[2022.03.04-17.23.32:298][  0]LogShaderLibrary: Display: ShaderCodeLibraryPakFileMountedCallback: pending pak file info (ChunkID:-1 Root:root:/ File:C:/Program Files/Epic Games/UE_4.27_2/FeaturePacks/FP_FirstPersonBP.upack)
[2022.03.04-17.23.32:298][  0]LogPakFile: OnPakFileMounted2Time == 0.000173
[2022.03.04-17.23.32:299][  0]LogPakFile: PakFile PrimaryIndexSize=191
[2022.03.04-17.23.32:299][  0]LogPakFile: PakFile PathHashIndexSize=101
[2022.03.04-17.23.32:299][  0]LogPakFile: PakFile FullDirectoryIndexSize=160
[2022.03.04-17.23.32:299][  0]LogShaderLibrary: Display: ShaderCodeLibraryPakFileMountedCallback: PakFile 'C:/Program Files/Epic Games/UE_4.27_2/FeaturePacks/MobileStarterContent.upack' (chunk index -1, root 'root:/') mounted
[2022.03.04-17.23.32:299][  0]LogShaderLibrary: Display: ShaderCodeLibraryPakFileMountedCallback: pending pak file info (ChunkID:-1 Root:root:/ File:C:/Program Files/Epic Games/UE_4.27_2/FeaturePacks/MobileStarterContent.upack)
[2022.03.04-17.23.32:299][  0]LogPakFile: OnPakFileMounted2Time == 0.000189
[2022.03.04-17.23.32:299][  0]LogPakFile: PakFile PrimaryIndexSize=185
[2022.03.04-17.23.32:300][  0]LogPakFile: PakFile PathHashIndexSize=101
[2022.03.04-17.23.32:300][  0]LogPakFile: PakFile FullDirectoryIndexSize=148
[2022.03.04-17.23.32:300][  0]LogShaderLibrary: Display: ShaderCodeLibraryPakFileMountedCallback: PakFile 'C:/Program Files/Epic Games/UE_4.27_2/FeaturePacks/StarterContent.upack' (chunk index -1, root 'root:/') mounted
[2022.03.04-17.23.32:300][  0]LogShaderLibrary: Display: ShaderCodeLibraryPakFileMountedCallback: pending pak file info (ChunkID:-1 Root:root:/ File:C:/Program Files/Epic Games/UE_4.27_2/FeaturePacks/StarterContent.upack)
[2022.03.04-17.23.32:300][  0]LogPakFile: OnPakFileMounted2Time == 0.000168
[2022.03.04-17.23.32:300][  0]LogPakFile: PakFile PrimaryIndexSize=190
[2022.03.04-17.23.32:301][  0]LogPakFile: PakFile PathHashIndexSize=101
[2022.03.04-17.23.32:301][  0]LogPakFile: PakFile FullDirectoryIndexSize=154
[2022.03.04-17.23.32:301][  0]LogShaderLibrary: Display: ShaderCodeLibraryPakFileMountedCallback: PakFile 'C:/Program Files/Epic Games/UE_4.27_2/FeaturePacks/TP_2DSideScroller.upack' (chunk index -1, root 'root:/') mounted
[2022.03.04-17.23.32:301][  0]LogShaderLibrary: Display: ShaderCodeLibraryPakFileMountedCallback: pending pak file info (ChunkID:-1 Root:root:/ File:C:/Program Files/Epic Games/UE_4.27_2/FeaturePacks/TP_2DSideScroller.upack)
[2022.03.04-17.23.32:301][  0]LogPakFile: OnPakFileMounted2Time == 0.000194
[2022.03.04-17.23.32:301][  0]LogPakFile: PakFile PrimaryIndexSize=192
[2022.03.04-17.23.32:302][  0]LogPakFile: PakFile PathHashIndexSize=101
[2022.03.04-17.23.32:302][  0]LogPakFile: PakFile FullDirectoryIndexSize=158
[2022.03.04-17.23.32:302][  0]LogShaderLibrary: Display: ShaderCodeLibraryPakFileMountedCallback: PakFile 'C:/Program Files/Epic Games/UE_4.27_2/FeaturePacks/TP_2DSideScrollerBP.upack' (chunk index -1, root 'root:/') mounted
[2022.03.04-17.23.32:302][  0]LogShaderLibrary: Display: ShaderCodeLibraryPakFileMountedCallback: pending pak file info (ChunkID:-1 Root:root:/ File:C:/Program Files/Epic Games/UE_4.27_2/FeaturePacks/TP_2DSideScrollerBP.upack)
[2022.03.04-17.23.32:302][  0]LogPakFile: OnPakFileMounted2Time == 0.000169
[2022.03.04-17.23.32:302][  0]LogPakFile: PakFile PrimaryIndexSize=182
[2022.03.04-17.23.32:302][  0]LogPakFile: PakFile PathHashIndexSize=101
[2022.03.04-17.23.32:303][  0]LogPakFile: PakFile FullDirectoryIndexSize=138
[2022.03.04-17.23.32:303][  0]LogShaderLibrary: Display: ShaderCodeLibraryPakFileMountedCallback: PakFile 'C:/Program Files/Epic Games/UE_4.27_2/FeaturePacks/TP_Flying.upack' (chunk index -1, root 'root:/') mounted
[2022.03.04-17.23.32:303][  0]LogShaderLibrary: Display: ShaderCodeLibraryPakFileMountedCallback: pending pak file info (ChunkID:-1 Root:root:/ File:C:/Program Files/Epic Games/UE_4.27_2/FeaturePacks/TP_Flying.upack)
[2022.03.04-17.23.32:303][  0]LogPakFile: OnPakFileMounted2Time == 0.000161
[2022.03.04-17.23.32:303][  0]LogPakFile: PakFile PrimaryIndexSize=184
[2022.03.04-17.23.32:303][  0]LogPakFile: PakFile PathHashIndexSize=101
[2022.03.04-17.23.32:303][  0]LogPakFile: PakFile FullDirectoryIndexSize=142
[2022.03.04-17.23.32:304][  0]LogShaderLibrary: Display: ShaderCodeLibraryPakFileMountedCallback: PakFile 'C:/Program Files/Epic Games/UE_4.27_2/FeaturePacks/TP_FlyingBP.upack' (chunk index -1, root 'root:/') mounted
[2022.03.04-17.23.32:304][  0]LogShaderLibrary: Display: ShaderCodeLibraryPakFileMountedCallback: pending pak file info (ChunkID:-1 Root:root:/ File:C:/Program Files/Epic Games/UE_4.27_2/FeaturePacks/TP_FlyingBP.upack)
[2022.03.04-17.23.32:304][  0]LogPakFile: OnPakFileMounted2Time == 0.000173
[2022.03.04-17.23.32:304][  0]LogPakFile: PakFile PrimaryIndexSize=188
[2022.03.04-17.23.32:304][  0]LogPakFile: PakFile PathHashIndexSize=101
[2022.03.04-17.23.32:304][  0]LogPakFile: PakFile FullDirectoryIndexSize=150
[2022.03.04-17.23.32:305][  0]LogShaderLibrary: Display: ShaderCodeLibraryPakFileMountedCallback: PakFile 'C:/Program Files/Epic Games/UE_4.27_2/FeaturePacks/TP_HandheldARBP.upack' (chunk index -1, root 'root:/') mounted
[2022.03.04-17.23.32:305][  0]LogShaderLibrary: Display: ShaderCodeLibraryPakFileMountedCallback: pending pak file info (ChunkID:-1 Root:root:/ File:C:/Program Files/Epic Games/UE_4.27_2/FeaturePacks/TP_HandheldARBP.upack)
[2022.03.04-17.23.32:305][  0]LogPakFile: OnPakFileMounted2Time == 0.000231
[2022.03.04-17.23.32:305][  0]LogPakFile: PakFile PrimaryIndexSize=182
[2022.03.04-17.23.32:305][  0]LogPakFile: PakFile PathHashIndexSize=101
[2022.03.04-17.23.32:306][  0]LogPakFile: PakFile FullDirectoryIndexSize=138
[2022.03.04-17.23.32:306][  0]LogShaderLibrary: Display: ShaderCodeLibraryPakFileMountedCallback: PakFile 'C:/Program Files/Epic Games/UE_4.27_2/FeaturePacks/TP_Puzzle.upack' (chunk index -1, root 'root:/') mounted
[2022.03.04-17.23.32:306][  0]LogShaderLibrary: Display: ShaderCodeLibraryPakFileMountedCallback: pending pak file info (ChunkID:-1 Root:root:/ File:C:/Program Files/Epic Games/UE_4.27_2/FeaturePacks/TP_Puzzle.upack)
[2022.03.04-17.23.32:306][  0]LogPakFile: OnPakFileMounted2Time == 0.000158
[2022.03.04-17.23.32:306][  0]LogPakFile: PakFile PrimaryIndexSize=184
[2022.03.04-17.23.32:306][  0]LogPakFile: PakFile PathHashIndexSize=101
[2022.03.04-17.23.32:306][  0]LogPakFile: PakFile FullDirectoryIndexSize=142
[2022.03.04-17.23.32:307][  0]LogShaderLibrary: Display: ShaderCodeLibraryPakFileMountedCallback: PakFile 'C:/Program Files/Epic Games/UE_4.27_2/FeaturePacks/TP_PuzzleBP.upack' (chunk index -1, root 'root:/') mounted
[2022.03.04-17.23.32:307][  0]LogShaderLibrary: Display: ShaderCodeLibraryPakFileMountedCallback: pending pak file info (ChunkID:-1 Root:root:/ File:C:/Program Files/Epic Games/UE_4.27_2/FeaturePacks/TP_PuzzleBP.upack)
[2022.03.04-17.23.32:307][  0]LogPakFile: OnPakFileMounted2Time == 0.000176
[2022.03.04-17.23.32:307][  0]LogPakFile: PakFile PrimaryIndexSize=183
[2022.03.04-17.23.32:307][  0]LogPakFile: PakFile PathHashIndexSize=101
[2022.03.04-17.23.32:307][  0]LogPakFile: PakFile FullDirectoryIndexSize=140
[2022.03.04-17.23.32:307][  0]LogShaderLibrary: Display: ShaderCodeLibraryPakFileMountedCallback: PakFile 'C:/Program Files/Epic Games/UE_4.27_2/FeaturePacks/TP_Rolling.upack' (chunk index -1, root 'root:/') mounted
[2022.03.04-17.23.32:307][  0]LogShaderLibrary: Display: ShaderCodeLibraryPakFileMountedCallback: pending pak file info (ChunkID:-1 Root:root:/ File:C:/Program Files/Epic Games/UE_4.27_2/FeaturePacks/TP_Rolling.upack)
[2022.03.04-17.23.32:308][  0]LogPakFile: OnPakFileMounted2Time == 0.000187
[2022.03.04-17.23.32:308][  0]LogPakFile: PakFile PrimaryIndexSize=185
[2022.03.04-17.23.32:308][  0]LogPakFile: PakFile PathHashIndexSize=101
[2022.03.04-17.23.32:308][  0]LogPakFile: PakFile FullDirectoryIndexSize=144
[2022.03.04-17.23.32:308][  0]LogShaderLibrary: Display: ShaderCodeLibraryPakFileMountedCallback: PakFile 'C:/Program Files/Epic Games/UE_4.27_2/FeaturePacks/TP_RollingBP.upack' (chunk index -1, root 'root:/') mounted
[2022.03.04-17.23.32:308][  0]LogShaderLibrary: Display: ShaderCodeLibraryPakFileMountedCallback: pending pak file info (ChunkID:-1 Root:root:/ File:C:/Program Files/Epic Games/UE_4.27_2/FeaturePacks/TP_RollingBP.upack)
[2022.03.04-17.23.32:308][  0]LogPakFile: OnPakFileMounted2Time == 0.000158
[2022.03.04-17.23.32:309][  0]LogPakFile: PakFile PrimaryIndexSize=188
[2022.03.04-17.23.32:309][  0]LogPakFile: PakFile PathHashIndexSize=101
[2022.03.04-17.23.32:309][  0]LogPakFile: PakFile FullDirectoryIndexSize=150
[2022.03.04-17.23.32:309][  0]LogShaderLibrary: Display: ShaderCodeLibraryPakFileMountedCallback: PakFile 'C:/Program Files/Epic Games/UE_4.27_2/FeaturePacks/TP_SideScroller.upack' (chunk index -1, root 'root:/') mounted
[2022.03.04-17.23.32:309][  0]LogShaderLibrary: Display: ShaderCodeLibraryPakFileMountedCallback: pending pak file info (ChunkID:-1 Root:root:/ File:C:/Program Files/Epic Games/UE_4.27_2/FeaturePacks/TP_SideScroller.upack)
[2022.03.04-17.23.32:309][  0]LogPakFile: OnPakFileMounted2Time == 0.000191
[2022.03.04-17.23.32:310][  0]LogPakFile: PakFile PrimaryIndexSize=190
[2022.03.04-17.23.32:310][  0]LogPakFile: PakFile PathHashIndexSize=101
[2022.03.04-17.23.32:310][  0]LogPakFile: PakFile FullDirectoryIndexSize=154
[2022.03.04-17.23.32:310][  0]LogShaderLibrary: Display: ShaderCodeLibraryPakFileMountedCallback: PakFile 'C:/Program Files/Epic Games/UE_4.27_2/FeaturePacks/TP_SideScrollerBP.upack' (chunk index -1, root 'root:/') mounted
[2022.03.04-17.23.32:310][  0]LogShaderLibrary: Display: ShaderCodeLibraryPakFileMountedCallback: pending pak file info (ChunkID:-1 Root:root:/ File:C:/Program Files/Epic Games/UE_4.27_2/FeaturePacks/TP_SideScrollerBP.upack)
[2022.03.04-17.23.32:310][  0]LogPakFile: OnPakFileMounted2Time == 0.000162
[2022.03.04-17.23.32:311][  0]LogPakFile: PakFile PrimaryIndexSize=187
[2022.03.04-17.23.32:311][  0]LogPakFile: PakFile PathHashIndexSize=101
[2022.03.04-17.23.32:311][  0]LogPakFile: PakFile FullDirectoryIndexSize=148
[2022.03.04-17.23.32:311][  0]LogShaderLibrary: Display: ShaderCodeLibraryPakFileMountedCallback: PakFile 'C:/Program Files/Epic Games/UE_4.27_2/FeaturePacks/TP_ThirdPerson.upack' (chunk index -1, root 'root:/') mounted
[2022.03.04-17.23.32:311][  0]LogShaderLibrary: Display: ShaderCodeLibraryPakFileMountedCallback: pending pak file info (ChunkID:-1 Root:root:/ File:C:/Program Files/Epic Games/UE_4.27_2/FeaturePacks/TP_ThirdPerson.upack)
[2022.03.04-17.23.32:311][  0]LogPakFile: OnPakFileMounted2Time == 0.000158
[2022.03.04-17.23.32:312][  0]LogPakFile: PakFile PrimaryIndexSize=189
[2022.03.04-17.23.32:312][  0]LogPakFile: PakFile PathHashIndexSize=101
[2022.03.04-17.23.32:312][  0]LogPakFile: PakFile FullDirectoryIndexSize=152
[2022.03.04-17.23.32:312][  0]LogShaderLibrary: Display: ShaderCodeLibraryPakFileMountedCallback: PakFile 'C:/Program Files/Epic Games/UE_4.27_2/FeaturePacks/TP_ThirdPersonBP.upack' (chunk index -1, root 'root:/') mounted
[2022.03.04-17.23.32:312][  0]LogShaderLibrary: Display: ShaderCodeLibraryPakFileMountedCallback: pending pak file info (ChunkID:-1 Root:root:/ File:C:/Program Files/Epic Games/UE_4.27_2/FeaturePacks/TP_ThirdPersonBP.upack)
[2022.03.04-17.23.32:312][  0]LogPakFile: OnPakFileMounted2Time == 0.000160
[2022.03.04-17.23.32:313][  0]LogPakFile: PakFile PrimaryIndexSize=183
[2022.03.04-17.23.32:313][  0]LogPakFile: PakFile PathHashIndexSize=101
[2022.03.04-17.23.32:313][  0]LogPakFile: PakFile FullDirectoryIndexSize=140
[2022.03.04-17.23.32:313][  0]LogShaderLibrary: Display: ShaderCodeLibraryPakFileMountedCallback: PakFile 'C:/Program Files/Epic Games/UE_4.27_2/FeaturePacks/TP_TopDown.upack' (chunk index -1, root 'root:/') mounted
[2022.03.04-17.23.32:313][  0]LogShaderLibrary: Display: ShaderCodeLibraryPakFileMountedCallback: pending pak file info (ChunkID:-1 Root:root:/ File:C:/Program Files/Epic Games/UE_4.27_2/FeaturePacks/TP_TopDown.upack)
[2022.03.04-17.23.32:313][  0]LogPakFile: OnPakFileMounted2Time == 0.000165
[2022.03.04-17.23.32:313][  0]LogPakFile: PakFile PrimaryIndexSize=185
[2022.03.04-17.23.32:313][  0]LogPakFile: PakFile PathHashIndexSize=101
[2022.03.04-17.23.32:314][  0]LogPakFile: PakFile FullDirectoryIndexSize=144
[2022.03.04-17.23.32:314][  0]LogShaderLibrary: Display: ShaderCodeLibraryPakFileMountedCallback: PakFile 'C:/Program Files/Epic Games/UE_4.27_2/FeaturePacks/TP_TopDownBP.upack' (chunk index -1, root 'root:/') mounted
[2022.03.04-17.23.32:314][  0]LogShaderLibrary: Display: ShaderCodeLibraryPakFileMountedCallback: pending pak file info (ChunkID:-1 Root:root:/ File:C:/Program Files/Epic Games/UE_4.27_2/FeaturePacks/TP_TopDownBP.upack)
[2022.03.04-17.23.32:314][  0]LogPakFile: OnPakFileMounted2Time == 0.000185
[2022.03.04-17.23.32:314][  0]LogPakFile: PakFile PrimaryIndexSize=185
[2022.03.04-17.23.32:314][  0]LogPakFile: PakFile PathHashIndexSize=101
[2022.03.04-17.23.32:315][  0]LogPakFile: PakFile FullDirectoryIndexSize=144
[2022.03.04-17.23.32:315][  0]LogShaderLibrary: Display: ShaderCodeLibraryPakFileMountedCallback: PakFile 'C:/Program Files/Epic Games/UE_4.27_2/FeaturePacks/TP_TwinStick.upack' (chunk index -1, root 'root:/') mounted
[2022.03.04-17.23.32:315][  0]LogShaderLibrary: Display: ShaderCodeLibraryPakFileMountedCallback: pending pak file info (ChunkID:-1 Root:root:/ File:C:/Program Files/Epic Games/UE_4.27_2/FeaturePacks/TP_TwinStick.upack)
[2022.03.04-17.23.32:315][  0]LogPakFile: OnPakFileMounted2Time == 0.000180
[2022.03.04-17.23.32:315][  0]LogPakFile: PakFile PrimaryIndexSize=187
[2022.03.04-17.23.32:315][  0]LogPakFile: PakFile PathHashIndexSize=101
[2022.03.04-17.23.32:315][  0]LogPakFile: PakFile FullDirectoryIndexSize=148
[2022.03.04-17.23.32:316][  0]LogShaderLibrary: Display: ShaderCodeLibraryPakFileMountedCallback: PakFile 'C:/Program Files/Epic Games/UE_4.27_2/FeaturePacks/TP_TwinStickBP.upack' (chunk index -1, root 'root:/') mounted
[2022.03.04-17.23.32:316][  0]LogShaderLibrary: Display: ShaderCodeLibraryPakFileMountedCallback: pending pak file info (ChunkID:-1 Root:root:/ File:C:/Program Files/Epic Games/UE_4.27_2/FeaturePacks/TP_TwinStickBP.upack)
[2022.03.04-17.23.32:316][  0]LogPakFile: OnPakFileMounted2Time == 0.000304
[2022.03.04-17.23.32:316][  0]LogPakFile: PakFile PrimaryIndexSize=183
[2022.03.04-17.23.32:317][  0]LogPakFile: PakFile PathHashIndexSize=101
[2022.03.04-17.23.32:317][  0]LogPakFile: PakFile FullDirectoryIndexSize=140
[2022.03.04-17.23.32:317][  0]LogShaderLibrary: Display: ShaderCodeLibraryPakFileMountedCallback: PakFile 'C:/Program Files/Epic Games/UE_4.27_2/FeaturePacks/TP_Vehicle.upack' (chunk index -1, root 'root:/') mounted
[2022.03.04-17.23.32:317][  0]LogShaderLibrary: Display: ShaderCodeLibraryPakFileMountedCallback: pending pak file info (ChunkID:-1 Root:root:/ File:C:/Program Files/Epic Games/UE_4.27_2/FeaturePacks/TP_Vehicle.upack)
[2022.03.04-17.23.32:317][  0]LogPakFile: OnPakFileMounted2Time == 0.000213
[2022.03.04-17.23.32:318][  0]LogPakFile: PakFile PrimaryIndexSize=186
[2022.03.04-17.23.32:318][  0]LogPakFile: PakFile PathHashIndexSize=101
[2022.03.04-17.23.32:318][  0]LogPakFile: PakFile FullDirectoryIndexSize=146
[2022.03.04-17.23.32:318][  0]LogShaderLibrary: Display: ShaderCodeLibraryPakFileMountedCallback: PakFile 'C:/Program Files/Epic Games/UE_4.27_2/FeaturePacks/TP_VehicleAdv.upack' (chunk index -1, root 'root:/') mounted
[2022.03.04-17.23.32:318][  0]LogShaderLibrary: Display: ShaderCodeLibraryPakFileMountedCallback: pending pak file info (ChunkID:-1 Root:root:/ File:C:/Program Files/Epic Games/UE_4.27_2/FeaturePacks/TP_VehicleAdv.upack)
[2022.03.04-17.23.32:318][  0]LogPakFile: OnPakFileMounted2Time == 0.000175
[2022.03.04-17.23.32:319][  0]LogPakFile: PakFile PrimaryIndexSize=188
[2022.03.04-17.23.32:319][  0]LogPakFile: PakFile PathHashIndexSize=101
[2022.03.04-17.23.32:319][  0]LogPakFile: PakFile FullDirectoryIndexSize=150
[2022.03.04-17.23.32:319][  0]LogShaderLibrary: Display: ShaderCodeLibraryPakFileMountedCallback: PakFile 'C:/Program Files/Epic Games/UE_4.27_2/FeaturePacks/TP_VehicleAdvBP.upack' (chunk index -1, root 'root:/') mounted
[2022.03.04-17.23.32:319][  0]LogShaderLibrary: Display: ShaderCodeLibraryPakFileMountedCallback: pending pak file info (ChunkID:-1 Root:root:/ File:C:/Program Files/Epic Games/UE_4.27_2/FeaturePacks/TP_VehicleAdvBP.upack)
[2022.03.04-17.23.32:319][  0]LogPakFile: OnPakFileMounted2Time == 0.000199
[2022.03.04-17.23.32:320][  0]LogPakFile: PakFile PrimaryIndexSize=185
[2022.03.04-17.23.32:320][  0]LogPakFile: PakFile PathHashIndexSize=101
[2022.03.04-17.23.32:320][  0]LogPakFile: PakFile FullDirectoryIndexSize=144
[2022.03.04-17.23.32:320][  0]LogShaderLibrary: Display: ShaderCodeLibraryPakFileMountedCallback: PakFile 'C:/Program Files/Epic Games/UE_4.27_2/FeaturePacks/TP_VehicleBP.upack' (chunk index -1, root 'root:/') mounted
[2022.03.04-17.23.32:320][  0]LogShaderLibrary: Display: ShaderCodeLibraryPakFileMountedCallback: pending pak file info (ChunkID:-1 Root:root:/ File:C:/Program Files/Epic Games/UE_4.27_2/FeaturePacks/TP_VehicleBP.upack)
[2022.03.04-17.23.32:320][  0]LogPakFile: OnPakFileMounted2Time == 0.000184
[2022.03.04-17.23.32:321][  0]LogPakFile: PakFile PrimaryIndexSize=192
[2022.03.04-17.23.32:321][  0]LogPakFile: PakFile PathHashIndexSize=101
[2022.03.04-17.23.32:321][  0]LogPakFile: PakFile FullDirectoryIndexSize=158
[2022.03.04-17.23.32:321][  0]LogShaderLibrary: Display: ShaderCodeLibraryPakFileMountedCallback: PakFile 'C:/Program Files/Epic Games/UE_4.27_2/FeaturePacks/TP_VirtualRealityBP.upack' (chunk index -1, root 'root:/') mounted
[2022.03.04-17.23.32:321][  0]LogShaderLibrary: Display: ShaderCodeLibraryPakFileMountedCallback: pending pak file info (ChunkID:-1 Root:root:/ File:C:/Program Files/Epic Games/UE_4.27_2/FeaturePacks/TP_VirtualRealityBP.upack)
[2022.03.04-17.23.32:321][  0]LogPakFile: OnPakFileMounted2Time == 0.000167
[2022.03.04-17.23.32:345][  0]LogNativeClassHierarchy: Verbose: Native class hierarchy updated for 'AddContentDialog' in 0.0003 seconds. Added 0 classes and 0 folders.
[2022.03.04-17.23.32:347][  0]LogNativeClassHierarchy: Verbose: Native class hierarchy updated for 'SceneOutliner' in 0.0003 seconds. Added 2 classes and 0 folders.
[2022.03.04-17.23.32:657][  0]LogSlate: Only BGRA pngs, bmps or icos are supported in by External Image Picker
[2022.03.04-17.23.32:731][  0]LogSlate: Took 0.000256 seconds to synchronously load lazily loaded font '../../../Engine/Content/Slate/Fonts/Roboto-Regular.ttf' (155K)
[2022.03.04-17.23.32:734][  0]LogSlate: Took 0.000228 seconds to synchronously load lazily loaded font '../../../Engine/Content/Editor/Slate/Fonts/FontAwesome.ttf' (139K)
[2022.03.04-17.23.32:737][  0]LogSlate: Took 0.000215 seconds to synchronously load lazily loaded font '../../../Engine/Content/Slate/Fonts/Roboto-Bold.ttf' (160K)
[2022.03.04-17.23.32:821][  0]LogRenderer: Reallocating scene render targets to support 1208x652 Format 10 NumSamples 1 (Frame:1).
[2022.03.04-17.23.33:207][  0]LogSlate: Took 0.000171 seconds to synchronously load lazily loaded font '../../../Engine/Content/Slate/Fonts/Roboto-Light.ttf' (167K)
[2022.03.04-17.23.33:281][  0]LogNativeClassHierarchy: Verbose: Native class hierarchy updated for 'HierarchicalLODOutliner' in 0.0003 seconds. Added 0 classes and 0 folders.
[2022.03.04-17.23.33:282][  0]LogLoad: (Engine Initialization) Total time: 12.14 seconds
[2022.03.04-17.23.33:282][  0]LogLoad: (Engine Initialization) Total Blueprint compile time: 0.00 seconds
[2022.03.04-17.23.33:378][  0]LogAssetRegistry: Asset discovery search completed in 7.5090 seconds
[2022.03.04-17.23.33:383][  0]LogCollectionManager: Fixed up redirectors for 0 collections in 0.000004 seconds (updated 0 objects)
[2022.03.04-17.23.33:383][  0]LogContentStreaming: Texture pool size now 1000 MB
[2022.03.04-17.23.35:088][146]LogTemp: Repeating last play command: Selected Viewport
[2022.03.04-17.23.35:093][146]LogPlayLevel: PlayLevel: No blueprints needed recompiling
[2022.03.04-17.23.35:093][146]PIE: New page: PIE session: FirstPersonExampleMap (4 mar. 2022 19:23:35)
[2022.03.04-17.23.35:095][146]LogOnline: OSS: Creating online subsystem instance for: NULL
[2022.03.04-17.23.35:098][146]LogOnline: OSS: TryLoadSubsystemAndSetDefault: Loaded subsystem for module [NULL]
[2022.03.04-17.23.35:098][146]LogPlayLevel: Creating play world package: /Game/FirstPersonCPP/Maps/UEDPIE_0_FirstPersonExampleMap
[2022.03.04-17.23.35:113][146]LogPlayLevel: PIE: StaticDuplicateObject took: (0.014639s)
[2022.03.04-17.23.35:114][146]LogAIModule: Creating AISystem for world FirstPersonExampleMap
[2022.03.04-17.23.35:115][146]LogPlayLevel: PIE: World Init took: (0.001206s)
[2022.03.04-17.23.35:115][146]LogPlayLevel: PIE: Created PIE world by copying editor world from /Game/FirstPersonCPP/Maps/FirstPersonExampleMap.FirstPersonExampleMap to /Game/FirstPersonCPP/Maps/UEDPIE_0_FirstPersonExampleMap.FirstPersonExampleMap (0.016541s)
[2022.03.04-17.23.35:123][146]LogUObjectHash: Compacting FUObjectHashTables data took   0.66ms
[2022.03.04-17.23.35:124][146]LogAudio: Display: Creating Audio Device:                 Id: 2, Scope: Unique, Realtime: True
[2022.03.04-17.23.35:125][146]LogAudioMixer: Display: Audio Mixer Platform Settings:
[2022.03.04-17.23.35:125][146]LogAudioMixer: Display: 	Sample Rate:						  48000
[2022.03.04-17.23.35:125][146]LogAudioMixer: Display: 	Callback Buffer Frame Size Requested: 1024
[2022.03.04-17.23.35:125][146]LogAudioMixer: Display: 	Callback Buffer Frame Size To Use:	  1024
[2022.03.04-17.23.35:125][146]LogAudioMixer: Display: 	Number of buffers to queue:			  2
[2022.03.04-17.23.35:125][146]LogAudioMixer: Display: 	Max Channels (voices):				  32
[2022.03.04-17.23.35:125][146]LogAudioMixer: Display: 	Number of Async Source Workers:		  0
[2022.03.04-17.23.35:125][146]LogAudio: Display: AudioDevice MaxSources: 32
[2022.03.04-17.23.35:126][146]LogAudio: Display: Audio Spatialization Plugin: None (built-in).
[2022.03.04-17.23.35:126][146]LogAudio: Display: Audio Reverb Plugin: None (built-in).
[2022.03.04-17.23.35:126][146]LogAudio: Display: Audio Occlusion Plugin: None (built-in).
[2022.03.04-17.23.35:126][146]LogAudioMixer: Display: Initializing audio mixer.
[2022.03.04-17.23.35:127][146]LogAudioMixer: Display: 0: FrontLeft
[2022.03.04-17.23.35:127][146]LogAudioMixer: Display: 1: FrontRight
[2022.03.04-17.23.35:226][146]LogAudioMixer: Display: Using Audio Device Speakers / Headphones (Realtek Audio)
[2022.03.04-17.23.35:226][146]LogAudioMixer: Display: Initializing Sound Submixes...
[2022.03.04-17.23.35:226][146]LogAudioMixer: Display: Creating Master Submix 'MasterSubmixDefault'
[2022.03.04-17.23.35:227][146]LogAudioMixer: Display: Creating Master Submix 'MasterReverbSubmixDefault'
[2022.03.04-17.23.35:227][146]LogAudioMixer: Display: Creating Master Submix 'MasterEQSubmixDefault'
[2022.03.04-17.23.35:227][146]LogAudioMixer: FMixerPlatformXAudio2::StartAudioStream() called
[2022.03.04-17.23.35:227][146]LogAudioMixer: Display: Output buffers initialized: Frames=1024, Channels=2, Samples=2048
[2022.03.04-17.23.35:234][146]LogAudioMixer: Display: Starting AudioMixerPlatformInterface::RunInternal()
[2022.03.04-17.23.35:234][146]LogAudioMixer: Display: FMixerPlatformXAudio2::SubmitBuffer() called for the first time
[2022.03.04-17.23.35:234][146]LogInit: FAudioDevice initialized.
[2022.03.04-17.23.35:234][146]LogAudio: Display: Audio Device (ID: 2) registered with world 'FirstPersonExampleMap'.
[2022.03.04-17.23.35:255][146]LogLoad: Game class is 'NoxIAGameMode'
[2022.03.04-17.23.35:259][146]LogWorld: Bringing World /Game/FirstPersonCPP/Maps/UEDPIE_0_FirstPersonExampleMap.FirstPersonExampleMap up for play (max tick rate 0) at 2022.03.04-18.23.35
[2022.03.04-17.23.35:261][146]LogWorld: Bringing up level for play took: 0.003956
[2022.03.04-17.23.35:262][146]LogOnline: OSS: Creating online subsystem instance for: :Context_2
[2022.03.04-17.23.35:271][146]LogNativeClassHierarchy: Verbose: Native class hierarchy updated for 'MovieSceneCapture' in 0.0008 seconds. Added 20 classes and 0 folders.
[2022.03.04-17.23.35:274][146]PIE: Server logged in
[2022.03.04-17.23.35:277][146]PIE: Play in editor total start time 0,184 seconds.
[2022.03.04-17.23.37:903][147]LogAudioMixer: Resetting audio stream to device id 
[2022.03.04-17.23.37:908][147]LogAudioMixer: Display: 0: FrontLeft
[2022.03.04-17.23.37:908][147]LogAudioMixer: Display: 1: FrontRight
[2022.03.04-17.23.38:011][147]LogAudioMixer: Resetting audio stream to device id 
[2022.03.04-17.23.38:018][147]LogAudioMixer: Display: 0: FrontLeft
[2022.03.04-17.23.38:019][147]LogAudioMixer: Display: 1: FrontRight
[2022.03.04-17.24.05:751][324]LogSlate: Updating window title bar state: overlay mode, drag disabled, window buttons hidden, title bar hidden
[2022.03.04-17.24.05:751][324]LogWorld: BeginTearingDown for /Game/FirstPersonCPP/Maps/UEDPIE_0_FirstPersonExampleMap
[2022.03.04-17.24.05:752][324]LogWorld: UWorld::CleanupWorld for FirstPersonExampleMap, bSessionEnded=true, bCleanupResources=true
[2022.03.04-17.24.05:752][324]LogSlate: InvalidateAllWidgets triggered.  All widgets were invalidated
[2022.03.04-17.24.05:777][324]LogPlayLevel: Display: Shutting down PIE online subsystems
[2022.03.04-17.24.05:781][324]LogSlate: InvalidateAllWidgets triggered.  All widgets were invalidated
[2022.03.04-17.24.05:797][324]LogAudio: Display: Audio Device unregistered from world 'None'.
[2022.03.04-17.24.05:798][324]LogAudioMixer: FMixerPlatformXAudio2::StopAudioStream() called
[2022.03.04-17.24.05:801][324]LogAudioMixer: FMixerPlatformXAudio2::StopAudioStream() called
[2022.03.04-17.24.05:813][324]LogSlate: Updating window title bar state: overlay mode, drag disabled, window buttons hidden, title bar hidden
[2022.03.04-17.24.05:819][324]LogUObjectHash: Compacting FUObjectHashTables data took   1.79ms
[2022.03.04-17.24.05:841][325]LogPlayLevel: Display: Destroying online subsystem :Context_2
